#
# There is insufficient memory for the Java Runtime Environment to continue.
# Native memory allocation (malloc) failed to allocate 740736 bytes for Chunk::new
# Possible reasons:
#   The system is out of physical RAM or swap space
#   The process is running with CompressedOops enabled, and the Java Heap may be blocking the growth of the native heap
# Possible solutions:
#   Reduce memory load on the system
#   Increase physical memory or swap space
#   Check if swap backing store is full
#   Decrease Java heap size (-Xmx/-Xms)
#   Decrease number of Java threads
#   Decrease Java thread stack sizes (-Xss)
#   Set larger code cache with -XX:ReservedCodeCacheSize=
#   JVM is running with Unscaled Compressed Oops mode in which the Java heap is
#     placed in the first 4GB address space. The Java Heap base address is the
#     maximum limit for the native heap growth. Please use -XX:HeapBaseMinAddress
#     to set the Java Heap base and to place the Java Heap above 4GB virtual address.
# This output file may be truncated or incomplete.
#
#  Out of Memory Error (allocation.cpp:389), pid=13172, tid=0x0000000000003208
#
# JRE version: OpenJDK Runtime Environment (8.0_242-b01) (build 1.8.0_242-release-1644-b01)
# Java VM: OpenJDK 64-Bit Server VM (25.242-b01 mixed mode windows-amd64 compressed oops)
# Failed to write core dump. Minidumps are not enabled by default on client versions of Windows
#

---------------  T H R E A D  ---------------

Current thread (0x0000000017f4c000):  JavaThread "C2 CompilerThread1" daemon [_thread_in_native, id=12808, stack(0x000000001a700000,0x000000001a800000)]

Stack: [0x000000001a700000,0x000000001a800000]
[error occurred during error reporting (printing stack bounds), id 0xc0000005]

Native frames: (J=compiled Java code, j=interpreted, Vv=VM code, C=native code)


Current CompileTask:
C2:   3884 2735   !   4       java.net.URLClassLoader$1::run (63 bytes)


---------------  P R O C E S S  ---------------

Java Threads: ( => current thread )
  0x000000001d354000 JavaThread "Cache worker for file content cache (C:\Users\Lenovo\.gradle\caches\7.0.2\fileContent)" [_thread_blocked, id=7004, stack(0x0000000023920000,0x0000000023a20000)]
  0x000000001d34f000 JavaThread "Cache worker for execution history cache (C:\Users\Lenovo\.gradle\caches\7.0.2\executionHistory)" [_thread_blocked, id=21256, stack(0x0000000023120000,0x0000000023220000)]
  0x000000001d352800 JavaThread "Cache worker for cache directory md-rule (C:\Users\Lenovo\.gradle\caches\7.0.2\md-rule)" [_thread_blocked, id=17532, stack(0x0000000023020000,0x0000000023120000)]
  0x000000001d34f800 JavaThread "Cache worker for cache directory md-supplier (C:\Users\Lenovo\.gradle\caches\7.0.2\md-supplier)" [_thread_blocked, id=19768, stack(0x0000000022d20000,0x0000000022e20000)]
  0x000000001d34e000 JavaThread "Cache worker for checksums cache (D:\semester-5\pemrograman-perangkat-bergerak\GPS\.gradle\checksums)" [_thread_blocked, id=7576, stack(0x0000000022c20000,0x0000000022d20000)]
  0x000000001d351000 JavaThread "jar transforms Thread 8" [_thread_blocked, id=9504, stack(0x0000000022920000,0x0000000022a20000)]
  0x000000001d352000 JavaThread "jar transforms Thread 7" [_thread_blocked, id=21208, stack(0x0000000022820000,0x0000000022920000)]
  0x000000001d350800 JavaThread "jar transforms Thread 6" [_thread_blocked, id=11412, stack(0x0000000022720000,0x0000000022820000)]
  0x000000001d353800 JavaThread "jar transforms Thread 5" [_thread_blocked, id=19420, stack(0x0000000022620000,0x0000000022720000)]
  0x000000001bde5000 JavaThread "jar transforms Thread 4" [_thread_blocked, id=17748, stack(0x0000000020fd0000,0x00000000210d0000)]
  0x000000001bde4800 JavaThread "jar transforms Thread 3" [_thread_blocked, id=2300, stack(0x0000000020ed0000,0x0000000020fd0000)]
  0x000000001bde3800 JavaThread "jar transforms Thread 2" [_thread_blocked, id=21060, stack(0x0000000020dd0000,0x0000000020ed0000)]
  0x000000001bde2000 JavaThread "jar transforms" [_thread_blocked, id=20108, stack(0x0000000020cd0000,0x0000000020dd0000)]
  0x000000001bde0000 JavaThread "File watcher consumer" daemon [_thread_blocked, id=10588, stack(0x0000000022520000,0x0000000022620000)]
  0x000000001bdde800 JavaThread "File watcher server" daemon [_thread_in_native, id=2372, stack(0x0000000022420000,0x0000000022520000)]
  0x000000001bddf000 JavaThread "Cache worker for file hash cache (D:\semester-5\pemrograman-perangkat-bergerak\GPS\.gradle\7.0.2\fileHashes)" [_thread_blocked, id=15256, stack(0x0000000022320000,0x0000000022420000)]
  0x000000001bde3000 JavaThread "Cache worker for journal cache (C:\Users\Lenovo\.gradle\caches\journal-1)" [_thread_blocked, id=19808, stack(0x000000001fc00000,0x000000001fd00000)]
  0x000000001bde1800 JavaThread "File lock request listener" [_thread_in_native, id=5912, stack(0x000000001e930000,0x000000001ea30000)]
  0x000000001bde0800 JavaThread "Cache worker for file hash cache (C:\Users\Lenovo\.gradle\caches\7.0.2\fileHashes)" [_thread_blocked, id=17100, stack(0x000000001e830000,0x000000001e930000)]
  0x000000001af73800 JavaThread "Daemon client event forwarder" [_thread_blocked, id=15796, stack(0x000000001e530000,0x000000001e630000)]
  0x000000001b1aa800 JavaThread "Stdin handler" [_thread_blocked, id=19424, stack(0x000000001e430000,0x000000001e530000)]
  0x000000001b1a9800 JavaThread "Asynchronous log dispatcher for DefaultDaemonConnection: socket connection from /127.0.0.1:64006 to /127.0.0.1:64007" [_thread_blocked, id=1444, stack(0x000000001e330000,0x000000001e430000)]
  0x000000001aee3000 JavaThread "Daemon worker" [_thread_in_Java, id=13804, stack(0x000000001e230000,0x000000001e330000)]
  0x000000001aee2000 JavaThread "Cancel handler" [_thread_blocked, id=20884, stack(0x000000001e130000,0x000000001e230000)]
  0x000000001ae2f000 JavaThread "Handler for socket connection from /127.0.0.1:64006 to /127.0.0.1:64007" [_thread_in_native, id=9372, stack(0x000000001e030000,0x000000001e130000)]
  0x000000001acd9800 JavaThread "Daemon" [_thread_blocked, id=14820, stack(0x000000001df30000,0x000000001e030000)]
  0x000000001acd6800 JavaThread "Daemon periodic checks" [_thread_blocked, id=16720, stack(0x000000001dc30000,0x000000001dd30000)]
  0x000000001b961800 JavaThread "Incoming local TCP Connector on port 64006" [_thread_in_native, id=12672, stack(0x000000001d9e0000,0x000000001dae0000)]
  0x000000001caea000 JavaThread "Daemon health stats" [_thread_blocked, id=1944, stack(0x000000001d5a0000,0x000000001d6a0000)]
  0x0000000019dcf800 JavaThread "Service Thread" daemon [_thread_blocked, id=18472, stack(0x000000001aa00000,0x000000001ab00000)]
  0x0000000019d4a800 JavaThread "C1 CompilerThread3" daemon [_thread_blocked, id=9068, stack(0x000000001a900000,0x000000001aa00000)]
  0x0000000019d3a000 JavaThread "C2 CompilerThread2" daemon [_thread_in_native, id=13156, stack(0x000000001a800000,0x000000001a900000)]
=>0x0000000017f4c000 JavaThread "C2 CompilerThread1" daemon [_thread_in_native, id=12808, stack(0x000000001a700000,0x000000001a800000)]
  0x0000000017f49000 JavaThread "C2 CompilerThread0" daemon [_thread_in_native, id=8288, stack(0x000000001a600000,0x000000001a700000)]
  0x0000000019d33000 JavaThread "Attach Listener" daemon [_thread_blocked, id=3592, stack(0x000000001a500000,0x000000001a600000)]
  0x0000000019d36000 JavaThread "Signal Dispatcher" daemon [_thread_blocked, id=3012, stack(0x000000001a400000,0x000000001a500000)]
  0x0000000002ecc800 JavaThread "Finalizer" daemon [_thread_blocked, id=1208, stack(0x000000001a200000,0x000000001a300000)]
  0x0000000019d20800 JavaThread "Reference Handler" daemon [_thread_blocked, id=18404, stack(0x000000001a100000,0x000000001a200000)]
  0x000000000140e000 JavaThread "main" [_thread_blocked, id=19984, stack(0x0000000002c80000,0x0000000002d80000)]

Other Threads:
  0x0000000017f38000 VMThread [stack: 0x0000000019c00000,0x0000000019d00000] [id=13744]
  0x0000000019dd0800 WatcherThread [stack: 0x000000001ab00000,0x000000001ac00000] [id=11852]

VM state:not at safepoint (normal execution)

VM Mutex/Monitor currently owned by a thread: None

heap address: 0x0000000080000000, size: 2048 MB, Compressed Oops mode: 32-bit
Narrow klass base: 0x0000000000000000, Narrow klass shift: 3
Compressed class space size: 1073741824 Address: 0x0000000100000000

Heap:
 PSYoungGen      total 101376K, used 44555K [0x00000000d5580000, 0x00000000e0280000, 0x0000000100000000)
  eden space 93696K, 39% used [0x00000000d5580000,0x00000000d7989068,0x00000000db100000)
  from space 7680K, 99% used [0x00000000dbd00000,0x00000000dc479ea8,0x00000000dc480000)
  to   space 12288K, 0% used [0x00000000db100000,0x00000000db100000,0x00000000dbd00000)
 ParOldGen       total 81408K, used 11867K [0x0000000080000000, 0x0000000084f80000, 0x00000000d5580000)
  object space 81408K, 14% used [0x0000000080000000,0x0000000080b96dc0,0x0000000084f80000)
 Metaspace       used 32609K, capacity 34108K, committed 34432K, reserved 1079296K
  class space    used 4551K, capacity 4905K, committed 4992K, reserved 1048576K

Card table byte_map: [0x0000000012290000,0x00000000126a0000] byte_map_base: 0x0000000011e90000

Marking Bits: (ParMarkBitMap*) 0x0000000071f0f030
 Begin Bits: [0x0000000013150000, 0x0000000015150000)
 End Bits:   [0x0000000015150000, 0x0000000017150000)

Polling page: 0x00000000013e0000

CodeCache: size=245760Kb used=10446Kb max_used=10446Kb free=235313Kb
 bounds [0x0000000002ed0000, 0x0000000003910000, 0x0000000011ed0000]
 total_blobs=3446 nmethods=2748 adapters=610
 compilation: enabled

Compilation events (10 events):
Event: 3.864 Thread 0x0000000019d4a800 2744       3       java.lang.StringBuilder::getChars (10 bytes)
Event: 3.865 Thread 0x0000000019d4a800 nmethod 2744 0x00000000039053d0 code [0x0000000003905540, 0x00000000039056c8]
Event: 3.865 Thread 0x0000000019d4a800 2745       3       java.lang.AbstractStringBuilder::getChars (64 bytes)
Event: 3.865 Thread 0x0000000019d4a800 nmethod 2745 0x0000000003905750 code [0x0000000003905900, 0x0000000003905d78]
Event: 3.867 Thread 0x0000000019d4a800 2747       3       java.lang.invoke.LambdaForm::returnType (26 bytes)
Event: 3.867 Thread 0x0000000019d4a800 nmethod 2747 0x0000000003905f50 code [0x00000000039060c0, 0x0000000003906290]
Event: 3.867 Thread 0x0000000019d4a800 2748       3       java.lang.invoke.MethodType::changeReturnType (20 bytes)
Event: 3.868 Thread 0x0000000019d4a800 nmethod 2748 0x0000000003906390 code [0x0000000003906500, 0x0000000003906788]
Event: 3.877 Thread 0x0000000019d4a800 2752       3       java.lang.invoke.Invokers::checkGenericType (16 bytes)
Event: 3.877 Thread 0x0000000019d4a800 nmethod 2752 0x0000000003906a50 code [0x0000000003906be0, 0x00000000039071e8]

GC Heap History (10 events):
Event: 1.812 GC heap before
{Heap before GC invocations=3 (full 0):
 PSYoungGen      total 56832K, used 54839K [0x00000000d5580000, 0x00000000dc480000, 0x0000000100000000)
  eden space 49152K, 100% used [0x00000000d5580000,0x00000000d8580000,0x00000000d8580000)
  from space 7680K, 74% used [0x00000000d8d00000,0x00000000d928de60,0x00000000d9480000)
  to   space 7680K, 0% used [0x00000000d8580000,0x00000000d8580000,0x00000000d8d00000)
 ParOldGen       total 130048K, used 24K [0x0000000080000000, 0x0000000087f00000, 0x00000000d5580000)
  object space 130048K, 0% used [0x0000000080000000,0x0000000080006000,0x0000000087f00000)
 Metaspace       used 14579K, capacity 15142K, committed 15360K, reserved 1062912K
  class space    used 2013K, capacity 2177K, committed 2304K, reserved 1048576K
Event: 1.819 GC heap after
Heap after GC invocations=3 (full 0):
 PSYoungGen      total 56832K, used 7671K [0x00000000d5580000, 0x00000000dc480000, 0x0000000100000000)
  eden space 49152K, 0% used [0x00000000d5580000,0x00000000d5580000,0x00000000d8580000)
  from space 7680K, 99% used [0x00000000d8580000,0x00000000d8cfdca8,0x00000000d8d00000)
  to   space 7680K, 0% used [0x00000000dbd00000,0x00000000dbd00000,0x00000000dc480000)
 ParOldGen       total 130048K, used 981K [0x0000000080000000, 0x0000000087f00000, 0x00000000d5580000)
  object space 130048K, 0% used [0x0000000080000000,0x00000000800f5740,0x0000000087f00000)
 Metaspace       used 14579K, capacity 15142K, committed 15360K, reserved 1062912K
  class space    used 2013K, capacity 2177K, committed 2304K, reserved 1048576K
}
Event: 2.182 GC heap before
{Heap before GC invocations=4 (full 0):
 PSYoungGen      total 56832K, used 56823K [0x00000000d5580000, 0x00000000dc480000, 0x0000000100000000)
  eden space 49152K, 100% used [0x00000000d5580000,0x00000000d8580000,0x00000000d8580000)
  from space 7680K, 99% used [0x00000000d8580000,0x00000000d8cfdca8,0x00000000d8d00000)
  to   space 7680K, 0% used [0x00000000dbd00000,0x00000000dbd00000,0x00000000dc480000)
 ParOldGen       total 130048K, used 981K [0x0000000080000000, 0x0000000087f00000, 0x00000000d5580000)
  object space 130048K, 0% used [0x0000000080000000,0x00000000800f5740,0x0000000087f00000)
 Metaspace       used 18207K, capacity 18960K, committed 19200K, reserved 1064960K
  class space    used 2572K, capacity 2794K, committed 2816K, reserved 1048576K
Event: 2.191 GC heap after
Heap after GC invocations=4 (full 0):
 PSYoungGen      total 105984K, used 7654K [0x00000000d5580000, 0x00000000dc480000, 0x0000000100000000)
  eden space 98304K, 0% used [0x00000000d5580000,0x00000000d5580000,0x00000000db580000)
  from space 7680K, 99% used [0x00000000dbd00000,0x00000000dc4798e8,0x00000000dc480000)
  to   space 7680K, 0% used [0x00000000db580000,0x00000000db580000,0x00000000dbd00000)
 ParOldGen       total 130048K, used 2974K [0x0000000080000000, 0x0000000087f00000, 0x00000000d5580000)
  object space 130048K, 2% used [0x0000000080000000,0x00000000802e7a08,0x0000000087f00000)
 Metaspace       used 18207K, capacity 18960K, committed 19200K, reserved 1064960K
  class space    used 2572K, capacity 2794K, committed 2816K, reserved 1048576K
}
Event: 2.474 GC heap before
{Heap before GC invocations=5 (full 0):
 PSYoungGen      total 105984K, used 41344K [0x00000000d5580000, 0x00000000dc480000, 0x0000000100000000)
  eden space 98304K, 34% used [0x00000000d5580000,0x00000000d76669e0,0x00000000db580000)
  from space 7680K, 99% used [0x00000000dbd00000,0x00000000dc4798e8,0x00000000dc480000)
  to   space 7680K, 0% used [0x00000000db580000,0x00000000db580000,0x00000000dbd00000)
 ParOldGen       total 130048K, used 2974K [0x0000000080000000, 0x0000000087f00000, 0x00000000d5580000)
  object space 130048K, 2% used [0x0000000080000000,0x00000000802e7a08,0x0000000087f00000)
 Metaspace       used 20367K, capacity 21220K, committed 21296K, reserved 1067008K
  class space    used 2948K, capacity 3184K, committed 3200K, reserved 1048576K
Event: 2.482 GC heap after
Heap after GC invocations=5 (full 0):
 PSYoungGen      total 105984K, used 7669K [0x00000000d5580000, 0x00000000dc480000, 0x0000000100000000)
  eden space 98304K, 0% used [0x00000000d5580000,0x00000000d5580000,0x00000000db580000)
  from space 7680K, 99% used [0x00000000db580000,0x00000000dbcfd6b8,0x00000000dbd00000)
  to   space 7680K, 0% used [0x00000000dbd00000,0x00000000dbd00000,0x00000000dc480000)
 ParOldGen       total 130048K, used 4683K [0x0000000080000000, 0x0000000087f00000, 0x00000000d5580000)
  object space 130048K, 3% used [0x0000000080000000,0x0000000080492f00,0x0000000087f00000)
 Metaspace       used 20367K, capacity 21220K, committed 21296K, reserved 1067008K
  class space    used 2948K, capacity 3184K, committed 3200K, reserved 1048576K
}
Event: 2.482 GC heap before
{Heap before GC invocations=6 (full 1):
 PSYoungGen      total 105984K, used 7669K [0x00000000d5580000, 0x00000000dc480000, 0x0000000100000000)
  eden space 98304K, 0% used [0x00000000d5580000,0x00000000d5580000,0x00000000db580000)
  from space 7680K, 99% used [0x00000000db580000,0x00000000dbcfd6b8,0x00000000dbd00000)
  to   space 7680K, 0% used [0x00000000dbd00000,0x00000000dbd00000,0x00000000dc480000)
 ParOldGen       total 130048K, used 4683K [0x0000000080000000, 0x0000000087f00000, 0x00000000d5580000)
  object space 130048K, 3% used [0x0000000080000000,0x0000000080492f00,0x0000000087f00000)
 Metaspace       used 20367K, capacity 21220K, committed 21296K, reserved 1067008K
  class space    used 2948K, capacity 3184K, committed 3200K, reserved 1048576K
Event: 2.513 GC heap after
Heap after GC invocations=6 (full 1):
 PSYoungGen      total 105984K, used 0K [0x00000000d5580000, 0x00000000dc480000, 0x0000000100000000)
  eden space 98304K, 0% used [0x00000000d5580000,0x00000000d5580000,0x00000000db580000)
  from space 7680K, 0% used [0x00000000db580000,0x00000000db580000,0x00000000dbd00000)
  to   space 7680K, 0% used [0x00000000dbd00000,0x00000000dbd00000,0x00000000dc480000)
 ParOldGen       total 81408K, used 9153K [0x0000000080000000, 0x0000000084f80000, 0x00000000d5580000)
  object space 81408K, 11% used [0x0000000080000000,0x00000000808f0450,0x0000000084f80000)
 Metaspace       used 20367K, capacity 21220K, committed 21296K, reserved 1067008K
  class space    used 2948K, capacity 3184K, committed 3200K, reserved 1048576K
}
Event: 3.577 GC heap before
{Heap before GC invocations=7 (full 1):
 PSYoungGen      total 105984K, used 98304K [0x00000000d5580000, 0x00000000dc480000, 0x0000000100000000)
  eden space 98304K, 100% used [0x00000000d5580000,0x00000000db580000,0x00000000db580000)
  from space 7680K, 0% used [0x00000000db580000,0x00000000db580000,0x00000000dbd00000)
  to   space 7680K, 0% used [0x00000000dbd00000,0x00000000dbd00000,0x00000000dc480000)
 ParOldGen       total 81408K, used 9153K [0x0000000080000000, 0x0000000084f80000, 0x00000000d5580000)
  object space 81408K, 11% used [0x0000000080000000,0x00000000808f0450,0x0000000084f80000)
 Metaspace       used 29746K, capacity 31094K, committed 31232K, reserved 1075200K
  class space    used 4236K, capacity 4552K, committed 4608K, reserved 1048576K
Event: 3.585 GC heap after
Heap after GC invocations=7 (full 1):
 PSYoungGen      total 101376K, used 7655K [0x00000000d5580000, 0x00000000e0280000, 0x0000000100000000)
  eden space 93696K, 0% used [0x00000000d5580000,0x00000000d5580000,0x00000000db100000)
  from space 7680K, 99% used [0x00000000dbd00000,0x00000000dc479ea8,0x00000000dc480000)
  to   space 12288K, 0% used [0x00000000db100000,0x00000000db100000,0x00000000dbd00000)
 ParOldGen       total 81408K, used 11867K [0x0000000080000000, 0x0000000084f80000, 0x00000000d5580000)
  object space 81408K, 14% used [0x0000000080000000,0x0000000080b96dc0,0x0000000084f80000)
 Metaspace       used 29746K, capacity 31094K, committed 31232K, reserved 1075200K
  class space    used 4236K, capacity 4552K, committed 4608K, reserved 1048576K
}

Deoptimization events (10 events):
Event: 3.124 Thread 0x000000001bde3800 Uncommon trap: reason=unstable_if action=reinterpret pc=0x0000000003314970 method=java.lang.String.regionMatches(ZILjava/lang/String;II)Z @ 123
Event: 3.124 Thread 0x000000001bde3800 Uncommon trap: reason=unstable_if action=reinterpret pc=0x00000000033ed164 method=java.lang.String.regionMatches(ZILjava/lang/String;II)Z @ 123
Event: 3.187 Thread 0x000000001aee3000 Uncommon trap: reason=unstable_if action=reinterpret pc=0x00000000035a9c8c method=java.lang.ClassLoader.getClassLoadingLock(Ljava/lang/String;)Ljava/lang/Object; @ 6
Event: 3.219 Thread 0x000000001aee3000 Uncommon trap: reason=bimorphic action=maybe_recompile pc=0x000000000356c790 method=java.io.BufferedInputStream.read([BII)I @ 101
Event: 3.219 Thread 0x000000001aee3000 Uncommon trap: reason=bimorphic action=maybe_recompile pc=0x000000000356c790 method=java.io.BufferedInputStream.read([BII)I @ 101
Event: 3.220 Thread 0x000000001aee3000 Uncommon trap: reason=bimorphic action=maybe_recompile pc=0x000000000356c790 method=java.io.BufferedInputStream.read([BII)I @ 101
Event: 3.221 Thread 0x000000001aee3000 Uncommon trap: reason=bimorphic action=maybe_recompile pc=0x000000000356c790 method=java.io.BufferedInputStream.read([BII)I @ 101
Event: 3.242 Thread 0x000000001aee3000 Uncommon trap: reason=unstable_if action=reinterpret pc=0x000000000320b9e8 method=sun.misc.MetaIndex.mayContain(Ljava/lang/String;)Z @ 38
Event: 3.549 Thread 0x000000001aee3000 Uncommon trap: reason=unstable_if action=reinterpret pc=0x00000000032f2b3c method=sun.misc.URLClassPath$JarLoader.getResource(Ljava/lang/String;ZLjava/util/Set;)Lsun/misc/Resource; @ 17
Event: 3.586 Thread 0x0000000019d20800 Uncommon trap: reason=unstable_if action=reinterpret pc=0x0000000003411e7c method=java.lang.ref.Reference.tryHandlePending(Z)Z @ 104

Classes redefined (0 events):
No events

Internal exceptions (10 events):
Event: 3.641 Thread 0x000000001aee3000 Exception <a 'java/lang/ClassNotFoundException': groovy/lang/ClosureCustomizer> (0x00000000d5e42288) thrown at [C:\src\AOSP-openjdk-git\hotspot\src\share\vm\classfile\systemDictionary.cpp, line 210]
Event: 3.643 Thread 0x000000001aee3000 Exception <a 'java/lang/ClassNotFoundException': groovy/lang/Closure$1Customizer> (0x00000000d5eedcb8) thrown at [C:\src\AOSP-openjdk-git\hotspot\src\share\vm\classfile\systemDictionary.cpp, line 210]
Event: 3.708 Thread 0x000000001aee3000 Exception <a 'java/lang/ClassNotFoundException': org/gradle/internal/metaobject/ConfigureDelegateBeanInfo> (0x00000000d645d930) thrown at [C:\src\AOSP-openjdk-git\hotspot\src\share\vm\classfile\systemDictionary.cpp, line 210]
Event: 3.709 Thread 0x000000001aee3000 Exception <a 'java/lang/ClassNotFoundException': org/gradle/internal/metaobject/ConfigureDelegateCustomizer> (0x00000000d6493c08) thrown at [C:\src\AOSP-openjdk-git\hotspot\src\share\vm\classfile\systemDictionary.cpp, line 210]
Event: 3.713 Thread 0x000000001aee3000 Exception <a 'java/lang/ClassNotFoundException': org/gradle/api/internal/initialization/DefaultScriptHandlerBeanInfo> (0x00000000d6538da0) thrown at [C:\src\AOSP-openjdk-git\hotspot\src\share\vm\classfile\systemDictionary.cpp, line 210]
Event: 3.714 Thread 0x000000001aee3000 Exception <a 'java/lang/ClassNotFoundException': org/gradle/api/internal/initialization/DefaultScriptHandlerCustomizer> (0x00000000d65784b0) thrown at [C:\src\AOSP-openjdk-git\hotspot\src\share\vm\classfile\systemDictionary.cpp, line 210]
Event: 3.801 Thread 0x000000001aee3000 Exception <a 'java/lang/ClassNotFoundException': org/gradle/api/internal/artifacts/dsl/dependencies/DefaultDependencyHandler_DecoratedBeanInfo> (0x00000000d7188e50) thrown at [C:\src\AOSP-openjdk-git\hotspot\src\share\vm\classfile\systemDictionary.cpp, li
Event: 3.803 Thread 0x000000001aee3000 Exception <a 'java/lang/ClassNotFoundException': org/gradle/api/internal/artifacts/dsl/dependencies/DefaultDependencyHandlerBeanInfo> (0x00000000d71eb600) thrown at [C:\src\AOSP-openjdk-git\hotspot\src\share\vm\classfile\systemDictionary.cpp, line 210]
Event: 3.804 Thread 0x000000001aee3000 Exception <a 'java/lang/ClassNotFoundException': org/gradle/api/internal/artifacts/dsl/dependencies/DefaultDependencyHandlerCustomizer> (0x00000000d724ed70) thrown at [C:\src\AOSP-openjdk-git\hotspot\src\share\vm\classfile\systemDictionary.cpp, line 210]
Event: 3.806 Thread 0x000000001aee3000 Exception <a 'java/lang/ClassNotFoundException': org/gradle/api/internal/artifacts/dsl/dependencies/DefaultDependencyHandler_DecoratedCustomizer> (0x00000000d72f2118) thrown at [C:\src\AOSP-openjdk-git\hotspot\src\share\vm\classfile\systemDictionary.cpp, 

Events (10 events):
Event: 3.879 loading class org/gradle/api/internal/artifacts/configurations/ResolveConfigurationDependenciesBuildOperationType$Repository
Event: 3.879 loading class org/gradle/api/internal/artifacts/configurations/ResolveConfigurationDependenciesBuildOperationType$Repository done
Event: 3.880 loading class org/gradle/api/internal/artifacts/repositories/ResolutionAwareRepository
Event: 3.880 loading class org/gradle/api/internal/artifacts/repositories/ResolutionAwareRepository done
Event: 3.880 loading class org/gradle/api/internal/artifacts/repositories/ResolutionAwareRepository
Event: 3.880 loading class org/gradle/api/internal/artifacts/repositories/ResolutionAwareRepository done
Event: 3.880 loading class org/gradle/api/Transformer
Event: 3.880 loading class org/gradle/api/Transformer done
Event: 3.881 loading class org/gradle/api/internal/attributes/ImmutableAttributeContainerWithErrorMessage
Event: 3.881 loading class org/gradle/api/internal/attributes/ImmutableAttributeContainerWithErrorMessage done


Dynamic libraries:
0x00007ff727fa0000 - 0x00007ff727fd1000 	C:\Program Files\Android\Android Studio\jre\bin\java.exe
0x00007ffbc8800000 - 0x00007ffbc8a07000 	C:\WINDOWS\SYSTEM32\ntdll.dll
0x00007ffbc7fe0000 - 0x00007ffbc809d000 	C:\WINDOWS\System32\KERNEL32.DLL
0x00007ffbc6310000 - 0x00007ffbc6684000 	C:\WINDOWS\System32\KERNELBASE.dll
0x00007ffbc6f20000 - 0x00007ffbc6fcc000 	C:\WINDOWS\System32\ADVAPI32.dll
0x00007ffbc82d0000 - 0x00007ffbc8373000 	C:\WINDOWS\System32\msvcrt.dll
0x00007ffbc8170000 - 0x00007ffbc820d000 	C:\WINDOWS\System32\sechost.dll
0x00007ffbc84f0000 - 0x00007ffbc8611000 	C:\WINDOWS\System32\RPCRT4.dll
0x00007ffbc67d0000 - 0x00007ffbc697c000 	C:\WINDOWS\System32\USER32.dll
0x00007ffbc5d80000 - 0x00007ffbc5da6000 	C:\WINDOWS\System32\win32u.dll
0x00007ffbc6ef0000 - 0x00007ffbc6f19000 	C:\WINDOWS\System32\GDI32.dll
0x00007ffbc6130000 - 0x00007ffbc6242000 	C:\WINDOWS\System32\gdi32full.dll
0x00007ffbc5ce0000 - 0x00007ffbc5d7d000 	C:\WINDOWS\System32\msvcp_win.dll
0x00007ffbc5fa0000 - 0x00007ffbc60b1000 	C:\WINDOWS\System32\ucrtbase.dll
0x00007ffbc1e70000 - 0x00007ffbc2115000 	C:\WINDOWS\WinSxS\amd64_microsoft.windows.common-controls_6595b64144ccf1df_6.0.22000.120_none_9d947278b86cc467\COMCTL32.dll
0x00007ffbc70f0000 - 0x00007ffbc7121000 	C:\WINDOWS\System32\IMM32.DLL
0x0000000071550000 - 0x0000000071622000 	C:\Program Files\Android\Android Studio\jre\jre\bin\msvcr100.dll
0x0000000071740000 - 0x0000000071f8b000 	C:\Program Files\Android\Android Studio\jre\jre\bin\server\jvm.dll
0x00007ffbc7fb0000 - 0x00007ffbc7fb8000 	C:\WINDOWS\System32\PSAPI.DLL
0x00007ffbb6ad0000 - 0x00007ffbb6b03000 	C:\WINDOWS\SYSTEM32\WINMM.dll
0x00007ffbba5f0000 - 0x00007ffbba5f9000 	C:\WINDOWS\SYSTEM32\WSOCK32.dll
0x00007ffbbb5e0000 - 0x00007ffbbb5ea000 	C:\WINDOWS\SYSTEM32\VERSION.dll
0x00007ffbc7f40000 - 0x00007ffbc7faf000 	C:\WINDOWS\System32\WS2_32.dll
0x00007ffbba2a0000 - 0x00007ffbba2af000 	C:\Program Files\Android\Android Studio\jre\jre\bin\verify.dll
0x00007ffbb8460000 - 0x00007ffbb8489000 	C:\Program Files\Android\Android Studio\jre\jre\bin\java.dll
0x00007ffbb85d0000 - 0x00007ffbb85e6000 	C:\Program Files\Android\Android Studio\jre\jre\bin\zip.dll
0x00007ffbc72f0000 - 0x00007ffbc7a99000 	C:\WINDOWS\System32\SHELL32.dll
0x00007ffbc3e10000 - 0x00007ffbc4672000 	C:\WINDOWS\SYSTEM32\windows.storage.dll
0x00007ffbc7aa0000 - 0x00007ffbc7e18000 	C:\WINDOWS\System32\combase.dll
0x00007ffbc3ca0000 - 0x00007ffbc3e06000 	C:\WINDOWS\SYSTEM32\wintypes.dll
0x00007ffbc8400000 - 0x00007ffbc84ea000 	C:\WINDOWS\System32\SHCORE.dll
0x00007ffbc6770000 - 0x00007ffbc67cd000 	C:\WINDOWS\System32\shlwapi.dll
0x00007ffbc5c10000 - 0x00007ffbc5c31000 	C:\WINDOWS\SYSTEM32\profapi.dll
0x00007ffbb85a0000 - 0x00007ffbb85ba000 	C:\Program Files\Android\Android Studio\jre\jre\bin\net.dll
0x00007ffbc5220000 - 0x00007ffbc5287000 	C:\WINDOWS\system32\mswsock.dll
0x00007ffbb7440000 - 0x00007ffbb7453000 	C:\Program Files\Android\Android Studio\jre\jre\bin\nio.dll
0x00007ffbb6c60000 - 0x00007ffbb6c87000 	C:\Users\Lenovo\.gradle\native\8bec1ad78214c89d9ad589b4d07fe93259594b29d510b10fafb7a158f7737e5d\windows-amd64\native-platform.dll
0x00007ffb91930000 - 0x00007ffb91a6d000 	C:\Users\Lenovo\.gradle\native\53dbd7edfb1c66fb8903c78663c9afc45aea4f116125fa6feffd364cf09443e8\windows-amd64\native-platform-file-events.dll
0x00007ffbba240000 - 0x00007ffbba24d000 	C:\Program Files\Android\Android Studio\jre\jre\bin\management.dll
0x00007ffbc5460000 - 0x00007ffbc5478000 	C:\WINDOWS\SYSTEM32\CRYPTSP.dll
0x00007ffbc4d40000 - 0x00007ffbc4d75000 	C:\WINDOWS\system32\rsaenh.dll
0x00007ffbc5310000 - 0x00007ffbc5339000 	C:\WINDOWS\SYSTEM32\USERENV.dll
0x00007ffbc55e0000 - 0x00007ffbc5607000 	C:\WINDOWS\SYSTEM32\bcrypt.dll
0x00007ffbc5db0000 - 0x00007ffbc5e30000 	C:\WINDOWS\System32\bcryptprimitives.dll
0x00007ffbc5480000 - 0x00007ffbc548c000 	C:\WINDOWS\SYSTEM32\CRYPTBASE.dll
0x00007ffbc4900000 - 0x00007ffbc492d000 	C:\WINDOWS\SYSTEM32\IPHLPAPI.DLL
0x00007ffbc7e20000 - 0x00007ffbc7e29000 	C:\WINDOWS\System32\NSI.dll
0x00007ffbba570000 - 0x00007ffbba589000 	C:\WINDOWS\SYSTEM32\dhcpcsvc6.DLL
0x00007ffbba550000 - 0x00007ffbba56e000 	C:\WINDOWS\SYSTEM32\dhcpcsvc.DLL
0x00007ffbc4930000 - 0x00007ffbc4a17000 	C:\WINDOWS\SYSTEM32\DNSAPI.dll

VM Arguments:
jvm_args: -Xmx2048m -Dfile.encoding=UTF-8 -Duser.country=ID -Duser.language=en -Duser.variant 
java_command: org.gradle.launcher.daemon.bootstrap.GradleDaemon 7.0.2
java_class_path (initial): C:\Users\Lenovo\.gradle\wrapper\dists\gradle-7.0.2-all\7era6s5ay7zsbhuvl0oc9g94s\gradle-7.0.2\lib\gradle-launcher-7.0.2.jar
Launcher Type: SUN_STANDARD

Environment Variables:
PATH=C:\Program Files\ImageMagick-7.0.11-Q16-HDRI;C:\Program Files (x86)\VMware\VMware Player\bin\;C:\Windows\system32;C:\Windows;C:\Windows\System32\Wbem;C:\Windows\System32\WindowsPowerShell\v1.0\;C:\Windows\System32\OpenSSH\;C:\Program Files (x86)\NVIDIA Corporation\PhysX\Common;C:\Program Files\NVIDIA Corporation\NVIDIA NvDLISR;C:\src\flutter\bin;C:\Program Files\Git\cmd;C:\xampp\php;C:\ProgramData\ComposerSetup\bin;C:\Program Files\nodejs\;C:\Program Files\Docker\Docker\resources\bin;C:\ProgramData\DockerDesktop\version-bin;C:\Program Files\MongoDB\Server\4.4\bin;C:\MinGW\bin;C:\Program Files\dotnet\;C:\xampp\apache\bin;;%SystemRoot%\system32;%SystemRoot%;%SystemRoot%\System32\Wbem;%SYSTEMROOT%\System32\WindowsPowerShell\v1.0\;%SYSTEMROOT%\System32\OpenSSH\;C:\Users\Lenovo\AppData\Local\Programs\Python\Python39\Scripts\;C:\Users\Lenovo\AppData\Local\Programs\Python\Python39\;C:\Users\Lenovo\AppData\Local\Microsoft\WindowsApps;;C:\Users\Lenovo\AppData\Local\Programs\Microsoft VS Code\bin;C:\Users\Lenovo\AppData\Roaming\Composer\vendor\bin;C:\Program Files\heroku\bin;C:\Users\Lenovo\AppData\Roaming\npm
USERNAME=Lenovo
OS=Windows_NT
PROCESSOR_IDENTIFIER=Intel64 Family 6 Model 142 Stepping 11, GenuineIntel



---------------  S Y S T E M  ---------------

OS: Windows 10.0 , 64 bit Build 22000 (10.0.22000.120)

CPU:total 8 (initial active 8) (4 cores per cpu, 2 threads per core) family 6 model 142 stepping 11, cmov, cx8, fxsr, mmx, sse, sse2, sse3, ssse3, sse4.1, sse4.2, popcnt, avx, avx2, aes, clmul, erms, 3dnowpref, lzcnt, ht, tsc, tscinvbit, bmi1, bmi2, adx

Memory: 4k page, physical 12392180k(591124k free), swap 12392180k(5336k free)

vm_info: OpenJDK 64-Bit Server VM (25.242-b01) for windows-amd64 JRE (1.8.0_242-release-1644-b01), built by "builder" with MS VC++ 10.0 (VS2010)

time: Thu Nov 04 08:59:47 2021
timezone: SE Asia Standard Time
elapsed time: 3 seconds (0d 0h 0m 3s)

