#
# There is insufficient memory for the Java Runtime Environment to continue.
# Native memory allocation (malloc) failed to allocate 1046576 bytes for Chunk::new
# Possible reasons:
#   The system is out of physical RAM or swap space
#   The process is running with CompressedOops enabled, and the Java Heap may be blocking the growth of the native heap
# Possible solutions:
#   Reduce memory load on the system
#   Increase physical memory or swap space
#   Check if swap backing store is full
#   Decrease Java heap size (-Xmx/-Xms)
#   Decrease number of Java threads
#   Decrease Java thread stack sizes (-Xss)
#   Set larger code cache with -XX:ReservedCodeCacheSize=
#   JVM is running with Unscaled Compressed Oops mode in which the Java heap is
#     placed in the first 4GB address space. The Java Heap base address is the
#     maximum limit for the native heap growth. Please use -XX:HeapBaseMinAddress
#     to set the Java Heap base and to place the Java Heap above 4GB virtual address.
# This output file may be truncated or incomplete.
#
#  Out of Memory Error (allocation.cpp:389), pid=14268, tid=0x0000000000003ef4
#
# JRE version: OpenJDK Runtime Environment (8.0_242-b01) (build 1.8.0_242-release-1644-b01)
# Java VM: OpenJDK 64-Bit Server VM (25.242-b01 mixed mode windows-amd64 compressed oops)
# Failed to write core dump. Minidumps are not enabled by default on client versions of Windows
#

---------------  T H R E A D  ---------------

Current thread (0x0000000019de8000):  JavaThread "C2 CompilerThread2" daemon [_thread_in_native, id=16116, stack(0x000000001a8d0000,0x000000001a9d0000)]

Stack: [0x000000001a8d0000,0x000000001a9d0000]
[error occurred during error reporting (printing stack bounds), id 0xc0000005]

Native frames: (J=compiled Java code, j=interpreted, Vv=VM code, C=native code)


Current CompileTask:
C2:   7020 4871       4       java.lang.Class::getMethod0 (40 bytes)


---------------  P R O C E S S  ---------------

Java Threads: ( => current thread )
  0x0000000021fb0000 JavaThread "Memory manager" [_thread_blocked, id=9472, stack(0x00000000257d0000,0x00000000258d0000)]
  0x0000000021fb1800 JavaThread "jar transforms Thread 8" [_thread_blocked, id=18492, stack(0x0000000025bf0000,0x0000000025cf0000)]
  0x0000000021fb2000 JavaThread "jar transforms Thread 7" [_thread_blocked, id=18736, stack(0x0000000025af0000,0x0000000025bf0000)]
  0x0000000021fb3800 JavaThread "jar transforms Thread 6" [_thread_blocked, id=8512, stack(0x00000000259f0000,0x0000000025af0000)]
  0x000000001d295800 JavaThread "jar transforms Thread 5" [_thread_blocked, id=20848, stack(0x00000000258f0000,0x00000000259f0000)]
  0x000000001d294800 JavaThread "jar transforms Thread 4" [_thread_blocked, id=13992, stack(0x0000000024dc0000,0x0000000024ec0000)]
  0x000000001d294000 JavaThread "Build operations Thread 8" [_thread_blocked, id=17808, stack(0x00000000256d0000,0x00000000257d0000)]
  0x000000001d292800 JavaThread "Build operations Thread 7" [_thread_blocked, id=15596, stack(0x00000000255d0000,0x00000000256d0000)]
  0x000000001d290000 JavaThread "Build operations Thread 6" [_thread_blocked, id=3772, stack(0x00000000254d0000,0x00000000255d0000)]
  0x000000001d293000 JavaThread "Build operations Thread 5" [_thread_blocked, id=12176, stack(0x00000000253d0000,0x00000000254d0000)]
  0x000000001d291000 JavaThread "Build operations Thread 4" [_thread_blocked, id=11144, stack(0x00000000252d0000,0x00000000253d0000)]
  0x000000001d291800 JavaThread "Build operations Thread 3" [_thread_blocked, id=16892, stack(0x00000000251d0000,0x00000000252d0000)]
  0x000000001d28f800 JavaThread "Build operations Thread 2" [_thread_blocked, id=5720, stack(0x0000000024fd0000,0x00000000250d0000)]
  0x000000001d288000 JavaThread "Build operations" [_thread_blocked, id=14500, stack(0x0000000024ed0000,0x0000000024fd0000)]
  0x000000001d28e800 JavaThread "Cache worker for Build Output Cleanup Cache (D:\semester-5\pemrograman-perangkat-bergerak\GPS\.gradle\buildOutputCleanup)" [_thread_blocked, id=2176, stack(0x0000000024ac0000,0x0000000024bc0000)]
  0x000000001d28e000 JavaThread "jar transforms Thread 3" [_thread_blocked, id=19900, stack(0x00000000239f0000,0x0000000023af0000)]
  0x000000001d286800 JavaThread "Cache worker for dependencies-accessors (D:\semester-5\pemrograman-perangkat-bergerak\GPS\.gradle\7.0.2\dependencies-accessors)" [_thread_blocked, id=10760, stack(0x00000000232e0000,0x00000000233e0000)]
  0x000000001d287000 JavaThread "Cache worker for file content cache (C:\Users\Lenovo\.gradle\caches\7.0.2\fileContent)" [_thread_blocked, id=12536, stack(0x00000000231e0000,0x00000000232e0000)]
  0x000000001d28d000 JavaThread "jar transforms Thread 2" [_thread_blocked, id=17164, stack(0x00000000230e0000,0x00000000231e0000)]
  0x000000001d28b800 JavaThread "jar transforms" [_thread_blocked, id=7436, stack(0x0000000022fe0000,0x00000000230e0000)]
  0x000000001bfe8000 JavaThread "Cache worker for execution history cache (C:\Users\Lenovo\.gradle\caches\7.0.2\executionHistory)" [_thread_blocked, id=4656, stack(0x00000000228e0000,0x00000000229e0000)]
  0x000000001bfe6800 JavaThread "Cache worker for cache directory md-rule (C:\Users\Lenovo\.gradle\caches\7.0.2\md-rule)" [_thread_blocked, id=9732, stack(0x00000000227e0000,0x00000000228e0000)]
  0x000000001bfe4000 JavaThread "Cache worker for cache directory md-supplier (C:\Users\Lenovo\.gradle\caches\7.0.2\md-supplier)" [_thread_blocked, id=10424, stack(0x00000000210a0000,0x00000000211a0000)]
  0x000000001bfe3800 JavaThread "Cache worker for checksums cache (D:\semester-5\pemrograman-perangkat-bergerak\GPS\.gradle\checksums)" [_thread_blocked, id=15672, stack(0x0000000020fa0000,0x00000000210a0000)]
  0x000000001bfe2000 JavaThread "File watcher consumer" daemon [_thread_blocked, id=3924, stack(0x00000000223f0000,0x00000000224f0000)]
  0x000000001bfe7000 JavaThread "File watcher server" daemon [_thread_in_native, id=12384, stack(0x00000000222f0000,0x00000000223f0000)]
  0x000000001bfe5800 JavaThread "Cache worker for file hash cache (D:\semester-5\pemrograman-perangkat-bergerak\GPS\.gradle\7.0.2\fileHashes)" [_thread_blocked, id=4520, stack(0x00000000221f0000,0x00000000222f0000)]
  0x000000001bfe5000 JavaThread "Cache worker for journal cache (C:\Users\Lenovo\.gradle\caches\journal-1)" [_thread_blocked, id=4804, stack(0x000000001ed00000,0x000000001ee00000)]
  0x000000001bfe2800 JavaThread "File lock request listener" [_thread_in_native, id=10616, stack(0x000000001ea00000,0x000000001eb00000)]
  0x000000001bfe8800 JavaThread "Cache worker for file hash cache (C:\Users\Lenovo\.gradle\caches\7.0.2\fileHashes)" [_thread_blocked, id=13952, stack(0x000000001e900000,0x000000001ea00000)]
  0x000000001b25c000 JavaThread "Daemon client event forwarder" [_thread_blocked, id=16420, stack(0x000000001e600000,0x000000001e700000)]
  0x000000001b230800 JavaThread "Stdin handler" [_thread_blocked, id=20156, stack(0x000000001e500000,0x000000001e600000)]
  0x000000001b22f800 JavaThread "Asynchronous log dispatcher for DefaultDaemonConnection: socket connection from /127.0.0.1:63967 to /127.0.0.1:63968" [_thread_blocked, id=14000, stack(0x000000001e400000,0x000000001e500000)]
  0x000000001b193800 JavaThread "Daemon worker" [_thread_in_vm, id=21500, stack(0x000000001e300000,0x000000001e400000)]
  0x000000001b191000 JavaThread "Cancel handler" [_thread_blocked, id=20208, stack(0x000000001e200000,0x000000001e300000)]
  0x000000001af52800 JavaThread "Handler for socket connection from /127.0.0.1:63967 to /127.0.0.1:63968" [_thread_in_native, id=9184, stack(0x000000001e100000,0x000000001e200000)]
  0x000000001af51800 JavaThread "Daemon" [_thread_blocked, id=16416, stack(0x000000001e000000,0x000000001e100000)]
  0x000000001add6800 JavaThread "Daemon periodic checks" [_thread_blocked, id=716, stack(0x000000001dd00000,0x000000001de00000)]
  0x000000001b8a7800 JavaThread "Incoming local TCP Connector on port 63967" [_thread_in_native, id=7588, stack(0x000000001dab0000,0x000000001dbb0000)]
  0x000000001caf2800 JavaThread "Daemon health stats" [_thread_blocked, id=5496, stack(0x000000001d670000,0x000000001d770000)]
  0x0000000019e6c800 JavaThread "Service Thread" daemon [_thread_blocked, id=3724, stack(0x000000001aad0000,0x000000001abd0000)]
  0x0000000019def000 JavaThread "C1 CompilerThread3" daemon [_thread_blocked, id=6440, stack(0x000000001a9d0000,0x000000001aad0000)]
=>0x0000000019de8000 JavaThread "C2 CompilerThread2" daemon [_thread_in_native, id=16116, stack(0x000000001a8d0000,0x000000001a9d0000)]
  0x0000000019de4800 JavaThread "C2 CompilerThread1" daemon [_thread_in_native, id=1972, stack(0x000000001a7d0000,0x000000001a8d0000)]
  0x0000000019de2000 JavaThread "C2 CompilerThread0" daemon [_thread_in_native, id=16904, stack(0x000000001a6d0000,0x000000001a7d0000)]
  0x0000000019de1000 JavaThread "Attach Listener" daemon [_thread_blocked, id=19284, stack(0x000000001a5d0000,0x000000001a6d0000)]
  0x0000000019ddf000 JavaThread "Signal Dispatcher" daemon [_thread_blocked, id=9480, stack(0x000000001a4d0000,0x000000001a5d0000)]
  0x0000000002f38800 JavaThread "Finalizer" daemon [_thread_blocked, id=5000, stack(0x000000001a2b0000,0x000000001a3b0000)]
  0x0000000019dd0800 JavaThread "Reference Handler" daemon [_thread_blocked, id=19760, stack(0x000000001a1b0000,0x000000001a2b0000)]
  0x0000000002e3e000 JavaThread "main" [_thread_blocked, id=3928, stack(0x0000000002ce0000,0x0000000002de0000)]

Other Threads:
  0x0000000017fd8800 VMThread [stack: 0x0000000019cb0000,0x0000000019db0000] [id=20516]
  0x0000000019e6d000 WatcherThread [stack: 0x000000001abd0000,0x000000001acd0000] [id=7380]

VM state:not at safepoint (normal execution)

VM Mutex/Monitor currently owned by a thread: None

heap address: 0x0000000080000000, size: 2048 MB, Compressed Oops mode: 32-bit
Narrow klass base: 0x0000000000000000, Narrow klass shift: 3
Compressed class space size: 1073741824 Address: 0x0000000100000000

Heap:
 PSYoungGen      total 163840K, used 50281K [0x00000000d5580000, 0x00000000e0d80000, 0x0000000100000000)
  eden space 150528K, 24% used [0x00000000d5580000,0x00000000d799f9c8,0x00000000de880000)
  from space 13312K, 99% used [0x00000000df980000,0x00000000e067ab38,0x00000000e0680000)
  to   space 17408K, 0% used [0x00000000de880000,0x00000000de880000,0x00000000df980000)
 ParOldGen       total 130560K, used 23736K [0x0000000080000000, 0x0000000087f80000, 0x00000000d5580000)
  object space 130560K, 18% used [0x0000000080000000,0x000000008172e178,0x0000000087f80000)
 Metaspace       used 54004K, capacity 56570K, committed 56704K, reserved 1097728K
  class space    used 7290K, capacity 7769K, committed 7808K, reserved 1048576K

Card table byte_map: [0x0000000012300000,0x0000000012710000] byte_map_base: 0x0000000011f00000

Marking Bits: (ParMarkBitMap*) 0x0000000071f0f030
 Begin Bits: [0x00000000131c0000, 0x00000000151c0000)
 End Bits:   [0x00000000151c0000, 0x00000000171c0000)

Polling page: 0x0000000002de0000

CodeCache: size=245760Kb used=15251Kb max_used=15251Kb free=230508Kb
 bounds [0x0000000002f40000, 0x0000000003e40000, 0x0000000011f40000]
 total_blobs=5188 nmethods=4402 adapters=698
 compilation: enabled

Compilation events (10 events):
Event: 7.014 Thread 0x0000000019def000 4918       3       com.google.common.collect.RegularImmutableMap::checkNoConflictInKeyBucket (42 bytes)
Event: 7.014 Thread 0x0000000019def000 nmethod 4918 0x0000000003e2ebd0 code [0x0000000003e2ed80, 0x0000000003e2f308]
Event: 7.014 Thread 0x0000000019def000 4915       3       com.google.common.collect.ImmutableEntry::<init> (15 bytes)
Event: 7.015 Thread 0x0000000019def000 nmethod 4915 0x0000000003e2f510 code [0x0000000003e2f680, 0x0000000003e2f8b0]
Event: 7.015 Thread 0x0000000019def000 4916       3       com.google.common.collect.AbstractMapEntry::<init> (5 bytes)
Event: 7.015 Thread 0x0000000019def000 nmethod 4916 0x0000000003e2f990 code [0x0000000003e2fae0, 0x0000000003e2fc90]
Event: 7.015 Thread 0x0000000019def000 4917       3       com.google.common.collect.ImmutableMapEntry::<init> (12 bytes)
Event: 7.015 Thread 0x0000000019def000 nmethod 4917 0x0000000003e2fd50 code [0x0000000003e2fec0, 0x0000000003e30188]
Event: 7.015 Thread 0x0000000019def000 4914       1       com.android.build.gradle.internal.publishing.OutputSpecImpl::getPublishedConfigTypes (5 bytes)
Event: 7.015 Thread 0x0000000019def000 nmethod 4914 0x0000000003e30310 code [0x0000000003e30460, 0x0000000003e30570]

GC Heap History (10 events):
Event: 3.837 GC heap before
{Heap before GC invocations=8 (full 1):
 PSYoungGen      total 82432K, used 82377K [0x00000000d5580000, 0x00000000dc480000, 0x0000000100000000)
  eden space 78848K, 100% used [0x00000000d5580000,0x00000000da280000,0x00000000da280000)
  from space 3584K, 98% used [0x00000000dc100000,0x00000000dc472778,0x00000000dc480000)
  to   space 12288K, 0% used [0x00000000dac80000,0x00000000dac80000,0x00000000db880000)
 ParOldGen       total 80384K, used 9174K [0x0000000080000000, 0x0000000084e80000, 0x00000000d5580000)
  object space 80384K, 11% used [0x0000000080000000,0x00000000808f5838,0x0000000084e80000)
 Metaspace       used 31368K, capacity 32654K, committed 32896K, reserved 1077248K
  class space    used 4375K, capacity 4654K, committed 4736K, reserved 1048576K
Event: 3.847 GC heap after
Heap after GC invocations=8 (full 1):
 PSYoungGen      total 101376K, used 10544K [0x00000000d5580000, 0x00000000deb00000, 0x0000000100000000)
  eden space 89088K, 0% used [0x00000000d5580000,0x00000000d5580000,0x00000000dac80000)
  from space 12288K, 85% used [0x00000000dac80000,0x00000000db6cc0f8,0x00000000db880000)
  to   space 13312K, 0% used [0x00000000dde00000,0x00000000dde00000,0x00000000deb00000)
 ParOldGen       total 80384K, used 9182K [0x0000000080000000, 0x0000000084e80000, 0x00000000d5580000)
  object space 80384K, 11% used [0x0000000080000000,0x00000000808f7838,0x0000000084e80000)
 Metaspace       used 31368K, capacity 32654K, committed 32896K, reserved 1077248K
  class space    used 4375K, capacity 4654K, committed 4736K, reserved 1048576K
}
Event: 4.131 GC heap before
{Heap before GC invocations=9 (full 1):
 PSYoungGen      total 101376K, used 54071K [0x00000000d5580000, 0x00000000deb00000, 0x0000000100000000)
  eden space 89088K, 48% used [0x00000000d5580000,0x00000000d8001e90,0x00000000dac80000)
  from space 12288K, 85% used [0x00000000dac80000,0x00000000db6cc0f8,0x00000000db880000)
  to   space 13312K, 0% used [0x00000000dde00000,0x00000000dde00000,0x00000000deb00000)
 ParOldGen       total 80384K, used 9182K [0x0000000080000000, 0x0000000084e80000, 0x00000000d5580000)
  object space 80384K, 11% used [0x0000000080000000,0x00000000808f7838,0x0000000084e80000)
 Metaspace       used 34074K, capacity 35450K, committed 35496K, reserved 1079296K
  class space    used 4752K, capacity 5078K, committed 5120K, reserved 1048576K
Event: 4.138 GC heap after
Heap after GC invocations=9 (full 1):
 PSYoungGen      total 139776K, used 9837K [0x00000000d5580000, 0x00000000dfe00000, 0x0000000100000000)
  eden space 126464K, 0% used [0x00000000d5580000,0x00000000d5580000,0x00000000dd100000)
  from space 13312K, 73% used [0x00000000dde00000,0x00000000de79b450,0x00000000deb00000)
  to   space 13312K, 0% used [0x00000000dd100000,0x00000000dd100000,0x00000000dde00000)
 ParOldGen       total 80384K, used 9190K [0x0000000080000000, 0x0000000084e80000, 0x00000000d5580000)
  object space 80384K, 11% used [0x0000000080000000,0x00000000808f9838,0x0000000084e80000)
 Metaspace       used 34074K, capacity 35450K, committed 35496K, reserved 1079296K
  class space    used 4752K, capacity 5078K, committed 5120K, reserved 1048576K
}
Event: 4.138 GC heap before
{Heap before GC invocations=10 (full 2):
 PSYoungGen      total 139776K, used 9837K [0x00000000d5580000, 0x00000000dfe00000, 0x0000000100000000)
  eden space 126464K, 0% used [0x00000000d5580000,0x00000000d5580000,0x00000000dd100000)
  from space 13312K, 73% used [0x00000000dde00000,0x00000000de79b450,0x00000000deb00000)
  to   space 13312K, 0% used [0x00000000dd100000,0x00000000dd100000,0x00000000dde00000)
 ParOldGen       total 80384K, used 9190K [0x0000000080000000, 0x0000000084e80000, 0x00000000d5580000)
  object space 80384K, 11% used [0x0000000080000000,0x00000000808f9838,0x0000000084e80000)
 Metaspace       used 34074K, capacity 35450K, committed 35496K, reserved 1079296K
  class space    used 4752K, capacity 5078K, committed 5120K, reserved 1048576K
Event: 4.198 GC heap after
Heap after GC invocations=10 (full 2):
 PSYoungGen      total 139776K, used 0K [0x00000000d5580000, 0x00000000dfe00000, 0x0000000100000000)
  eden space 126464K, 0% used [0x00000000d5580000,0x00000000d5580000,0x00000000dd100000)
  from space 13312K, 0% used [0x00000000dde00000,0x00000000dde00000,0x00000000deb00000)
  to   space 13312K, 0% used [0x00000000dd100000,0x00000000dd100000,0x00000000dde00000)
 ParOldGen       total 130560K, used 16552K [0x0000000080000000, 0x0000000087f80000, 0x00000000d5580000)
  object space 130560K, 12% used [0x0000000080000000,0x000000008102a228,0x0000000087f80000)
 Metaspace       used 34074K, capacity 35450K, committed 35496K, reserved 1079296K
  class space    used 4752K, capacity 5078K, committed 5120K, reserved 1048576K
}
Event: 5.421 GC heap before
{Heap before GC invocations=11 (full 2):
 PSYoungGen      total 139776K, used 126464K [0x00000000d5580000, 0x00000000dfe00000, 0x0000000100000000)
  eden space 126464K, 100% used [0x00000000d5580000,0x00000000dd100000,0x00000000dd100000)
  from space 13312K, 0% used [0x00000000dde00000,0x00000000dde00000,0x00000000deb00000)
  to   space 13312K, 0% used [0x00000000dd100000,0x00000000dd100000,0x00000000dde00000)
 ParOldGen       total 130560K, used 16552K [0x0000000080000000, 0x0000000087f80000, 0x00000000d5580000)
  object space 130560K, 12% used [0x0000000080000000,0x000000008102a228,0x0000000087f80000)
 Metaspace       used 39400K, capacity 41484K, committed 41728K, reserved 1085440K
  class space    used 5474K, capacity 5863K, committed 5888K, reserved 1048576K
Event: 5.437 GC heap after
Heap after GC invocations=11 (full 2):
 PSYoungGen      total 139776K, used 9112K [0x00000000d5580000, 0x00000000e0680000, 0x0000000100000000)
  eden space 126464K, 0% used [0x00000000d5580000,0x00000000d5580000,0x00000000dd100000)
  from space 13312K, 68% used [0x00000000dd100000,0x00000000dd9e63e0,0x00000000dde00000)
  to   space 13312K, 0% used [0x00000000df980000,0x00000000df980000,0x00000000e0680000)
 ParOldGen       total 130560K, used 16560K [0x0000000080000000, 0x0000000087f80000, 0x00000000d5580000)
  object space 130560K, 12% used [0x0000000080000000,0x000000008102c228,0x0000000087f80000)
 Metaspace       used 39400K, capacity 41484K, committed 41728K, reserved 1085440K
  class space    used 5474K, capacity 5863K, committed 5888K, reserved 1048576K
}
Event: 6.768 GC heap before
{Heap before GC invocations=12 (full 2):
 PSYoungGen      total 139776K, used 135576K [0x00000000d5580000, 0x00000000e0680000, 0x0000000100000000)
  eden space 126464K, 100% used [0x00000000d5580000,0x00000000dd100000,0x00000000dd100000)
  from space 13312K, 68% used [0x00000000dd100000,0x00000000dd9e63e0,0x00000000dde00000)
  to   space 13312K, 0% used [0x00000000df980000,0x00000000df980000,0x00000000e0680000)
 ParOldGen       total 130560K, used 16560K [0x0000000080000000, 0x0000000087f80000, 0x00000000d5580000)
  object space 130560K, 12% used [0x0000000080000000,0x000000008102c228,0x0000000087f80000)
 Metaspace       used 52796K, capacity 55250K, committed 55552K, reserved 1097728K
  class space    used 7126K, capacity 7591K, committed 7680K, reserved 1048576K
Event: 6.784 GC heap after
Heap after GC invocations=12 (full 2):
 PSYoungGen      total 163840K, used 13290K [0x00000000d5580000, 0x00000000e0d80000, 0x0000000100000000)
  eden space 150528K, 0% used [0x00000000d5580000,0x00000000d5580000,0x00000000de880000)
  from space 13312K, 99% used [0x00000000df980000,0x00000000e067ab38,0x00000000e0680000)
  to   space 17408K, 0% used [0x00000000de880000,0x00000000de880000,0x00000000df980000)
 ParOldGen       total 130560K, used 23736K [0x0000000080000000, 0x0000000087f80000, 0x00000000d5580000)
  object space 130560K, 18% used [0x0000000080000000,0x000000008172e178,0x0000000087f80000)
 Metaspace       used 52796K, capacity 55250K, committed 55552K, reserved 1097728K
  class space    used 7126K, capacity 7591K, committed 7680K, reserved 1048576K
}

Deoptimization events (10 events):
Event: 6.227 Thread 0x000000001b193800 Uncommon trap: reason=unstable_if action=reinterpret pc=0x0000000003bf2f50 method=java.util.LinkedHashMap.get(Ljava/lang/Object;)Ljava/lang/Object; @ 20
Event: 6.484 Thread 0x000000001b193800 Uncommon trap: reason=unstable_if action=reinterpret pc=0x0000000003a459f0 method=org.gradle.internal.reflect.PropertyAccessorType.of(Ljava/lang/reflect/Method;)Lorg/gradle/internal/reflect/PropertyAccessorType; @ 56
Event: 6.713 Thread 0x000000001b193800 Uncommon trap: reason=unstable_if action=reinterpret pc=0x0000000003d20ff4 method=com.sun.org.apache.xerces.internal.impl.XMLEntityScanner.checkBeforeLoad(Lcom/sun/xml/internal/stream/Entity$ScannedEntity;II)I @ 18
Event: 6.795 Thread 0x000000001b193800 Uncommon trap: reason=unstable_if action=reinterpret pc=0x00000000031c8e70 method=org.gradle.internal.instantiation.generator.AbstractClassGenerator$InjectionAnnotationValidator.validateMethod(Ljava/lang/reflect/Method;Lorg/gradle/internal/reflect/Propert
Event: 6.795 Thread 0x000000001b193800 Uncommon trap: reason=unstable_if action=reinterpret pc=0x00000000034de850 method=org.gradle.internal.instantiation.generator.AbstractClassGenerator$InjectionAnnotationValidator.validateMethod(Ljava/lang/reflect/Method;Lorg/gradle/internal/reflect/Propert
Event: 6.795 Thread 0x000000001b193800 Uncommon trap: reason=class_check action=maybe_recompile pc=0x0000000003d13974 method=com.google.common.reflect.TypeVisitor.visit([Ljava/lang/reflect/Type;)V @ 99
Event: 6.795 Thread 0x000000001b193800 Uncommon trap: reason=class_check action=maybe_recompile pc=0x0000000003d13974 method=com.google.common.reflect.TypeVisitor.visit([Ljava/lang/reflect/Type;)V @ 99
Event: 6.795 Thread 0x000000001b193800 Uncommon trap: reason=class_check action=maybe_recompile pc=0x0000000003d14b88 method=com.google.common.reflect.TypeVisitor.visit([Ljava/lang/reflect/Type;)V @ 96
Event: 6.795 Thread 0x000000001b193800 Uncommon trap: reason=class_check action=maybe_recompile pc=0x0000000003d14b88 method=com.google.common.reflect.TypeVisitor.visit([Ljava/lang/reflect/Type;)V @ 96
Event: 6.847 Thread 0x000000001b193800 Uncommon trap: reason=null_check action=make_not_entrant pc=0x0000000003dcf698 method=java.lang.Class.searchMethods([Ljava/lang/reflect/Method;Ljava/lang/String;[Ljava/lang/Class;)Ljava/lang/reflect/Method; @ 59

Classes redefined (0 events):
No events

Internal exceptions (10 events):
Event: 6.899 Thread 0x000000001b193800 Exception <a 'java/lang/ClassNotFoundException': build_7kykf2hifmswifzxuogneyonr$_run_closure1$_closure4BeanInfo> (0x00000000d6c37df8) thrown at [C:\src\AOSP-openjdk-git\hotspot\src\share\vm\classfile\systemDictionary.cpp, line 210]
Event: 6.900 Thread 0x000000001b193800 Exception <a 'java/lang/ClassNotFoundException': build_7kykf2hifmswifzxuogneyonr$_run_closure1$_closure4Customizer> (0x00000000d6c4a108) thrown at [C:\src\AOSP-openjdk-git\hotspot\src\share\vm\classfile\systemDictionary.cpp, line 210]
Event: 6.904 Thread 0x000000001b193800 Exception <a 'java/lang/ClassNotFoundException': build_7kykf2hifmswifzxuogneyonr$_run_closure1BeanInfo> (0x00000000d6c752f0) thrown at [C:\src\AOSP-openjdk-git\hotspot\src\share\vm\classfile\systemDictionary.cpp, line 210]
Event: 6.905 Thread 0x000000001b193800 Exception <a 'java/lang/ClassNotFoundException': build_7kykf2hifmswifzxuogneyonr$_run_closure1Customizer> (0x00000000d6c86058) thrown at [C:\src\AOSP-openjdk-git\hotspot\src\share\vm\classfile\systemDictionary.cpp, line 210]
Event: 6.910 Thread 0x000000001b193800 Exception <a 'java/lang/ClassNotFoundException': org/gradle/api/JavaVersionBeanInfo> (0x00000000d6cfd040) thrown at [C:\src\AOSP-openjdk-git\hotspot\src\share\vm\classfile\systemDictionary.cpp, line 210]
Event: 6.911 Thread 0x000000001b193800 Exception <a 'java/lang/ClassNotFoundException': org/gradle/api/JavaVersionCustomizer> (0x00000000d6d31e98) thrown at [C:\src\AOSP-openjdk-git\hotspot\src\share\vm\classfile\systemDictionary.cpp, line 210]
Event: 6.913 Thread 0x000000001b193800 Exception <a 'java/lang/ClassNotFoundException': com/android/build/gradle/internal/CompileOptions_DecoratedBeanInfo> (0x00000000d6d995f0) thrown at [C:\src\AOSP-openjdk-git\hotspot\src\share\vm\classfile\systemDictionary.cpp, line 210]
Event: 6.914 Thread 0x000000001b193800 Exception <a 'java/lang/ClassNotFoundException': com/android/build/gradle/internal/CompileOptionsBeanInfo> (0x00000000d6db4a18) thrown at [C:\src\AOSP-openjdk-git\hotspot\src\share\vm\classfile\systemDictionary.cpp, line 210]
Event: 6.914 Thread 0x000000001b193800 Exception <a 'java/lang/ClassNotFoundException': com/android/build/gradle/internal/CompileOptionsCustomizer> (0x00000000d6dcfe50) thrown at [C:\src\AOSP-openjdk-git\hotspot\src\share\vm\classfile\systemDictionary.cpp, line 210]
Event: 6.915 Thread 0x000000001b193800 Exception <a 'java/lang/ClassNotFoundException': com/android/build/gradle/internal/CompileOptions_DecoratedCustomizer> (0x00000000d6e00498) thrown at [C:\src\AOSP-openjdk-git\hotspot\src\share\vm\classfile\systemDictionary.cpp, line 210]

Events (10 events):
Event: 7.018 loading class com/android/build/gradle/internal/scope/BuildFeatureValuesImpl
Event: 7.018 loading class com/android/build/gradle/internal/scope/BuildFeatureValuesImpl done
Event: 7.018 loading class com/android/build/gradle/internal/scope/BuildFeatureValues
Event: 7.018 loading class com/android/build/gradle/internal/scope/BuildFeatureValues done
Event: 7.018 loading class com/android/build/api/dsl/LibraryBuildFeatures
Event: 7.018 loading class com/android/build/api/dsl/LibraryBuildFeatures done
Event: 7.019 loading class com/android/build/api/variant/impl/MutableDependenciesInfoImpl
Event: 7.019 loading class com/android/build/api/variant/impl/MutableDependenciesInfoImpl done
Event: 7.019 loading class com/android/build/gradle/internal/services/VariantApiServices$Value
Event: 7.019 loading class com/android/build/gradle/internal/services/VariantApiServices$Value done


Dynamic libraries:
0x00007ff727fa0000 - 0x00007ff727fd1000 	C:\Program Files\Android\Android Studio\jre\bin\java.exe
0x00007ffbc8800000 - 0x00007ffbc8a07000 	C:\WINDOWS\SYSTEM32\ntdll.dll
0x00007ffbc7fe0000 - 0x00007ffbc809d000 	C:\WINDOWS\System32\KERNEL32.DLL
0x00007ffbc6310000 - 0x00007ffbc6684000 	C:\WINDOWS\System32\KERNELBASE.dll
0x00007ffbc6f20000 - 0x00007ffbc6fcc000 	C:\WINDOWS\System32\ADVAPI32.dll
0x00007ffbc82d0000 - 0x00007ffbc8373000 	C:\WINDOWS\System32\msvcrt.dll
0x00007ffbc8170000 - 0x00007ffbc820d000 	C:\WINDOWS\System32\sechost.dll
0x00007ffbc84f0000 - 0x00007ffbc8611000 	C:\WINDOWS\System32\RPCRT4.dll
0x00007ffbc67d0000 - 0x00007ffbc697c000 	C:\WINDOWS\System32\USER32.dll
0x00007ffbc5d80000 - 0x00007ffbc5da6000 	C:\WINDOWS\System32\win32u.dll
0x00007ffbc6ef0000 - 0x00007ffbc6f19000 	C:\WINDOWS\System32\GDI32.dll
0x00007ffbc6130000 - 0x00007ffbc6242000 	C:\WINDOWS\System32\gdi32full.dll
0x00007ffbc5ce0000 - 0x00007ffbc5d7d000 	C:\WINDOWS\System32\msvcp_win.dll
0x00007ffbc5fa0000 - 0x00007ffbc60b1000 	C:\WINDOWS\System32\ucrtbase.dll
0x00007ffbc1e70000 - 0x00007ffbc2115000 	C:\WINDOWS\WinSxS\amd64_microsoft.windows.common-controls_6595b64144ccf1df_6.0.22000.120_none_9d947278b86cc467\COMCTL32.dll
0x00007ffbc70f0000 - 0x00007ffbc7121000 	C:\WINDOWS\System32\IMM32.DLL
0x0000000071550000 - 0x0000000071622000 	C:\Program Files\Android\Android Studio\jre\jre\bin\msvcr100.dll
0x0000000071740000 - 0x0000000071f8b000 	C:\Program Files\Android\Android Studio\jre\jre\bin\server\jvm.dll
0x00007ffbc7fb0000 - 0x00007ffbc7fb8000 	C:\WINDOWS\System32\PSAPI.DLL
0x00007ffbba5f0000 - 0x00007ffbba5f9000 	C:\WINDOWS\SYSTEM32\WSOCK32.dll
0x00007ffbb6ad0000 - 0x00007ffbb6b03000 	C:\WINDOWS\SYSTEM32\WINMM.dll
0x00007ffbbb5e0000 - 0x00007ffbbb5ea000 	C:\WINDOWS\SYSTEM32\VERSION.dll
0x00007ffbc7f40000 - 0x00007ffbc7faf000 	C:\WINDOWS\System32\WS2_32.dll
0x00007ffbba2a0000 - 0x00007ffbba2af000 	C:\Program Files\Android\Android Studio\jre\jre\bin\verify.dll
0x00007ffbb8460000 - 0x00007ffbb8489000 	C:\Program Files\Android\Android Studio\jre\jre\bin\java.dll
0x00007ffbb85d0000 - 0x00007ffbb85e6000 	C:\Program Files\Android\Android Studio\jre\jre\bin\zip.dll
0x00007ffbc72f0000 - 0x00007ffbc7a99000 	C:\WINDOWS\System32\SHELL32.dll
0x00007ffbc3e10000 - 0x00007ffbc4672000 	C:\WINDOWS\SYSTEM32\windows.storage.dll
0x00007ffbc7aa0000 - 0x00007ffbc7e18000 	C:\WINDOWS\System32\combase.dll
0x00007ffbc3ca0000 - 0x00007ffbc3e06000 	C:\WINDOWS\SYSTEM32\wintypes.dll
0x00007ffbc8400000 - 0x00007ffbc84ea000 	C:\WINDOWS\System32\SHCORE.dll
0x00007ffbc6770000 - 0x00007ffbc67cd000 	C:\WINDOWS\System32\shlwapi.dll
0x00007ffbc5c10000 - 0x00007ffbc5c31000 	C:\WINDOWS\SYSTEM32\profapi.dll
0x00007ffbb85a0000 - 0x00007ffbb85ba000 	C:\Program Files\Android\Android Studio\jre\jre\bin\net.dll
0x00007ffbc5220000 - 0x00007ffbc5287000 	C:\WINDOWS\system32\mswsock.dll
0x00007ffbb7440000 - 0x00007ffbb7453000 	C:\Program Files\Android\Android Studio\jre\jre\bin\nio.dll
0x00007ffbb6c60000 - 0x00007ffbb6c87000 	C:\Users\Lenovo\.gradle\native\8bec1ad78214c89d9ad589b4d07fe93259594b29d510b10fafb7a158f7737e5d\windows-amd64\native-platform.dll
0x00007ffb91930000 - 0x00007ffb91a6d000 	C:\Users\Lenovo\.gradle\native\53dbd7edfb1c66fb8903c78663c9afc45aea4f116125fa6feffd364cf09443e8\windows-amd64\native-platform-file-events.dll
0x00007ffbba240000 - 0x00007ffbba24d000 	C:\Program Files\Android\Android Studio\jre\jre\bin\management.dll
0x00007ffbc5460000 - 0x00007ffbc5478000 	C:\WINDOWS\SYSTEM32\CRYPTSP.dll
0x00007ffbc4d40000 - 0x00007ffbc4d75000 	C:\WINDOWS\system32\rsaenh.dll
0x00007ffbc5310000 - 0x00007ffbc5339000 	C:\WINDOWS\SYSTEM32\USERENV.dll
0x00007ffbc55e0000 - 0x00007ffbc5607000 	C:\WINDOWS\SYSTEM32\bcrypt.dll
0x00007ffbc5db0000 - 0x00007ffbc5e30000 	C:\WINDOWS\System32\bcryptprimitives.dll
0x00007ffbc5480000 - 0x00007ffbc548c000 	C:\WINDOWS\SYSTEM32\CRYPTBASE.dll
0x00007ffbc4900000 - 0x00007ffbc492d000 	C:\WINDOWS\SYSTEM32\IPHLPAPI.DLL
0x00007ffbc7e20000 - 0x00007ffbc7e29000 	C:\WINDOWS\System32\NSI.dll
0x00007ffbba570000 - 0x00007ffbba589000 	C:\WINDOWS\SYSTEM32\dhcpcsvc6.DLL
0x00007ffbba550000 - 0x00007ffbba56e000 	C:\WINDOWS\SYSTEM32\dhcpcsvc.DLL
0x00007ffbc4930000 - 0x00007ffbc4a17000 	C:\WINDOWS\SYSTEM32\DNSAPI.dll

VM Arguments:
jvm_args: -Xmx2048m -Dfile.encoding=UTF-8 -Duser.country=ID -Duser.language=en -Duser.variant 
java_command: org.gradle.launcher.daemon.bootstrap.GradleDaemon 7.0.2
java_class_path (initial): C:\Users\Lenovo\.gradle\wrapper\dists\gradle-7.0.2-all\7era6s5ay7zsbhuvl0oc9g94s\gradle-7.0.2\lib\gradle-launcher-7.0.2.jar
Launcher Type: SUN_STANDARD

Environment Variables:
PATH=C:\Program Files\ImageMagick-7.0.11-Q16-HDRI;C:\Program Files (x86)\VMware\VMware Player\bin\;C:\Windows\system32;C:\Windows;C:\Windows\System32\Wbem;C:\Windows\System32\WindowsPowerShell\v1.0\;C:\Windows\System32\OpenSSH\;C:\Program Files (x86)\NVIDIA Corporation\PhysX\Common;C:\Program Files\NVIDIA Corporation\NVIDIA NvDLISR;C:\src\flutter\bin;C:\Program Files\Git\cmd;C:\xampp\php;C:\ProgramData\ComposerSetup\bin;C:\Program Files\nodejs\;C:\Program Files\Docker\Docker\resources\bin;C:\ProgramData\DockerDesktop\version-bin;C:\Program Files\MongoDB\Server\4.4\bin;C:\MinGW\bin;C:\Program Files\dotnet\;C:\xampp\apache\bin;;%SystemRoot%\system32;%SystemRoot%;%SystemRoot%\System32\Wbem;%SYSTEMROOT%\System32\WindowsPowerShell\v1.0\;%SYSTEMROOT%\System32\OpenSSH\;C:\Users\Lenovo\AppData\Local\Programs\Python\Python39\Scripts\;C:\Users\Lenovo\AppData\Local\Programs\Python\Python39\;C:\Users\Lenovo\AppData\Local\Microsoft\WindowsApps;;C:\Users\Lenovo\AppData\Local\Programs\Microsoft VS Code\bin;C:\Users\Lenovo\AppData\Roaming\Composer\vendor\bin;C:\Program Files\heroku\bin;C:\Users\Lenovo\AppData\Roaming\npm
USERNAME=Lenovo
OS=Windows_NT
PROCESSOR_IDENTIFIER=Intel64 Family 6 Model 142 Stepping 11, GenuineIntel



---------------  S Y S T E M  ---------------

OS: Windows 10.0 , 64 bit Build 22000 (10.0.22000.120)

CPU:total 8 (initial active 8) (4 cores per cpu, 2 threads per core) family 6 model 142 stepping 11, cmov, cx8, fxsr, mmx, sse, sse2, sse3, ssse3, sse4.1, sse4.2, popcnt, avx, avx2, aes, clmul, erms, 3dnowpref, lzcnt, ht, tsc, tscinvbit, bmi1, bmi2, adx

Memory: 4k page, physical 12392180k(563956k free), swap 12392180k(5808k free)

vm_info: OpenJDK 64-Bit Server VM (25.242-b01) for windows-amd64 JRE (1.8.0_242-release-1644-b01), built by "builder" with MS VC++ 10.0 (VS2010)

time: Thu Nov 04 08:58:36 2021
timezone: SE Asia Standard Time
elapsed time: 7 seconds (0d 0h 0m 7s)

