#
# There is insufficient memory for the Java Runtime Environment to continue.
# Native memory allocation (malloc) failed to allocate 2168176 bytes for Chunk::new
# Possible reasons:
#   The system is out of physical RAM or swap space
#   The process is running with CompressedOops enabled, and the Java Heap may be blocking the growth of the native heap
# Possible solutions:
#   Reduce memory load on the system
#   Increase physical memory or swap space
#   Check if swap backing store is full
#   Decrease Java heap size (-Xmx/-Xms)
#   Decrease number of Java threads
#   Decrease Java thread stack sizes (-Xss)
#   Set larger code cache with -XX:ReservedCodeCacheSize=
#   JVM is running with Unscaled Compressed Oops mode in which the Java heap is
#     placed in the first 4GB address space. The Java Heap base address is the
#     maximum limit for the native heap growth. Please use -XX:HeapBaseMinAddress
#     to set the Java Heap base and to place the Java Heap above 4GB virtual address.
# This output file may be truncated or incomplete.
#
#  Out of Memory Error (allocation.cpp:389), pid=4804, tid=0x0000000000002978
#
# JRE version: OpenJDK Runtime Environment (8.0_242-b01) (build 1.8.0_242-release-1644-b01)
# Java VM: OpenJDK 64-Bit Server VM (25.242-b01 mixed mode windows-amd64 compressed oops)
# Failed to write core dump. Minidumps are not enabled by default on client versions of Windows
#

---------------  T H R E A D  ---------------

Current thread (0x0000000019d45000):  JavaThread "C2 CompilerThread1" daemon [_thread_in_native, id=10616, stack(0x000000001a710000,0x000000001a810000)]

Stack: [0x000000001a710000,0x000000001a810000]
[error occurred during error reporting (printing stack bounds), id 0xc0000005]

Native frames: (J=compiled Java code, j=interpreted, Vv=VM code, C=native code)


Current CompileTask:
C2:   9265 5687       4       java.net.URLClassLoader$1::run (5 bytes)


---------------  P R O C E S S  ---------------

Java Threads: ( => current thread )
  0x000000002173d000 JavaThread "Cache worker for execution history cache (D:\semester-5\pemrograman-perangkat-bergerak\GPS\.gradle\7.0.2\executionHistory)" [_thread_blocked, id=13952, stack(0x00000000289e0000,0x0000000028ae0000)]
  0x000000002173c000 JavaThread "Memory manager" [_thread_blocked, id=5144, stack(0x0000000027520000,0x0000000027620000)]
  0x0000000021739800 JavaThread "Build operations Thread 8" [_thread_blocked, id=16420, stack(0x0000000026d00000,0x0000000026e00000)]
  0x0000000021739000 JavaThread "Build operations Thread 7" [_thread_blocked, id=20156, stack(0x0000000026c00000,0x0000000026d00000)]
  0x0000000021738000 JavaThread "Build operations Thread 6" [_thread_blocked, id=14000, stack(0x0000000026b00000,0x0000000026c00000)]
  0x0000000021737800 JavaThread "Build operations Thread 5" [_thread_blocked, id=12828, stack(0x0000000026720000,0x0000000026820000)]
  0x000000002173b800 JavaThread "Build operations Thread 4" [_thread_blocked, id=12520, stack(0x0000000026620000,0x0000000026720000)]
  0x000000002173a800 JavaThread "Build operations Thread 3" [_thread_blocked, id=21500, stack(0x0000000026520000,0x0000000026620000)]
  0x000000002173d800 JavaThread "Build operations Thread 2" [_thread_blocked, id=20208, stack(0x00000000251e0000,0x00000000252e0000)]
  0x000000001cf06000 JavaThread "Build operations" [_thread_blocked, id=9184, stack(0x00000000250e0000,0x00000000251e0000)]
  0x000000001cf05800 JavaThread "Cache worker for Build Output Cleanup Cache (D:\semester-5\pemrograman-perangkat-bergerak\GPS\.gradle\buildOutputCleanup)" [_thread_blocked, id=16416, stack(0x0000000024fe0000,0x00000000250e0000)]
  0x000000001cf04800 JavaThread "Cache worker for dependencies-accessors (D:\semester-5\pemrograman-perangkat-bergerak\GPS\.gradle\7.0.2\dependencies-accessors)" [_thread_blocked, id=716, stack(0x0000000024ee0000,0x0000000024fe0000)]
  0x000000001cf01800 JavaThread "Cache worker for file content cache (C:\Users\Lenovo\.gradle\caches\7.0.2\fileContent)" [_thread_blocked, id=7588, stack(0x00000000249e0000,0x0000000024ae0000)]
  0x000000001cf00000 JavaThread "Cache worker for execution history cache (C:\Users\Lenovo\.gradle\caches\7.0.2\executionHistory)" [_thread_blocked, id=5496, stack(0x0000000023210000,0x0000000023310000)]
  0x000000001cef8800 JavaThread "Cache worker for cache directory md-rule (C:\Users\Lenovo\.gradle\caches\7.0.2\md-rule)" [_thread_blocked, id=2516, stack(0x0000000023110000,0x0000000023210000)]
  0x000000001ceff800 JavaThread "Cache worker for cache directory md-supplier (C:\Users\Lenovo\.gradle\caches\7.0.2\md-supplier)" [_thread_blocked, id=7380, stack(0x0000000022e10000,0x0000000022f10000)]
  0x000000001cef7800 JavaThread "Cache worker for checksums cache (D:\semester-5\pemrograman-perangkat-bergerak\GPS\.gradle\checksums)" [_thread_blocked, id=3724, stack(0x0000000022d10000,0x0000000022e10000)]
  0x000000001cefe800 JavaThread "jar transforms Thread 8" [_thread_blocked, id=6440, stack(0x0000000022a10000,0x0000000022b10000)]
  0x000000001cef9000 JavaThread "jar transforms Thread 7" [_thread_blocked, id=16116, stack(0x0000000022910000,0x0000000022a10000)]
  0x000000001cef7000 JavaThread "jar transforms Thread 6" [_thread_blocked, id=1972, stack(0x0000000022810000,0x0000000022910000)]
  0x000000001cefd000 JavaThread "jar transforms Thread 5" [_thread_blocked, id=16904, stack(0x0000000022710000,0x0000000022810000)]
  0x000000001cefc000 JavaThread "jar transforms Thread 4" [_thread_blocked, id=19284, stack(0x0000000022330000,0x0000000022430000)]
  0x000000001cefb800 JavaThread "jar transforms Thread 3" [_thread_blocked, id=9480, stack(0x0000000020fe0000,0x00000000210e0000)]
  0x000000001cefd800 JavaThread "jar transforms Thread 2" [_thread_blocked, id=5000, stack(0x0000000020ee0000,0x0000000020fe0000)]
  0x000000001cefa800 JavaThread "jar transforms" [_thread_blocked, id=19760, stack(0x0000000020de0000,0x0000000020ee0000)]
  0x000000001cefa000 JavaThread "File watcher consumer" daemon [_thread_blocked, id=20516, stack(0x0000000022610000,0x0000000022710000)]
  0x000000001afe7000 JavaThread "File watcher server" daemon [_thread_in_native, id=10248, stack(0x0000000022510000,0x0000000022610000)]
  0x000000001afe6000 JavaThread "Cache worker for file hash cache (D:\semester-5\pemrograman-perangkat-bergerak\GPS\.gradle\7.0.2\fileHashes)" [_thread_blocked, id=17848, stack(0x0000000020ce0000,0x0000000020de0000)]
  0x000000001afe5800 JavaThread "Cache worker for journal cache (C:\Users\Lenovo\.gradle\caches\journal-1)" [_thread_blocked, id=11796, stack(0x000000001fc10000,0x000000001fd10000)]
  0x000000001afe4000 JavaThread "File lock request listener" [_thread_in_native, id=19104, stack(0x000000001e940000,0x000000001ea40000)]
  0x000000001afe4800 JavaThread "Cache worker for file hash cache (C:\Users\Lenovo\.gradle\caches\7.0.2\fileHashes)" [_thread_blocked, id=3928, stack(0x000000001e840000,0x000000001e940000)]
  0x000000001afeb000 JavaThread "Daemon client event forwarder" [_thread_blocked, id=19600, stack(0x000000001e540000,0x000000001e640000)]
  0x000000001afea000 JavaThread "Stdin handler" [_thread_blocked, id=5980, stack(0x000000001e440000,0x000000001e540000)]
  0x000000001afe9800 JavaThread "Asynchronous log dispatcher for DefaultDaemonConnection: socket connection from /127.0.0.1:63641 to /127.0.0.1:63642" [_thread_blocked, id=10856, stack(0x000000001e340000,0x000000001e440000)]
  0x000000001adf0800 JavaThread "Daemon worker" [_thread_in_Java, id=6212, stack(0x000000001e240000,0x000000001e340000)]
  0x000000001adf0000 JavaThread "Cancel handler" [_thread_blocked, id=17400, stack(0x000000001e140000,0x000000001e240000)]
  0x000000001ad34000 JavaThread "Handler for socket connection from /127.0.0.1:63641 to /127.0.0.1:63642" [_thread_in_native, id=5032, stack(0x000000001e040000,0x000000001e140000)]
  0x000000001ad2d800 JavaThread "Daemon" [_thread_blocked, id=5528, stack(0x000000001df40000,0x000000001e040000)]
  0x000000001ac88800 JavaThread "Daemon periodic checks" [_thread_blocked, id=18032, stack(0x000000001dc40000,0x000000001dd40000)]
  0x000000001c530000 JavaThread "Incoming local TCP Connector on port 63641" [_thread_in_native, id=8652, stack(0x000000001d9f0000,0x000000001daf0000)]
  0x000000001ca60000 JavaThread "Daemon health stats" [_thread_blocked, id=18732, stack(0x000000001d5b0000,0x000000001d6b0000)]
  0x0000000019dd9800 JavaThread "Service Thread" daemon [_thread_blocked, id=17208, stack(0x000000001aa10000,0x000000001ab10000)]
  0x0000000019d51000 JavaThread "C1 CompilerThread3" daemon [_thread_blocked, id=14456, stack(0x000000001a910000,0x000000001aa10000)]
  0x0000000019d49800 JavaThread "C2 CompilerThread2" daemon [_thread_in_native, id=1156, stack(0x000000001a810000,0x000000001a910000)]
=>0x0000000019d45000 JavaThread "C2 CompilerThread1" daemon [_thread_in_native, id=10616, stack(0x000000001a710000,0x000000001a810000)]
  0x0000000019d43000 JavaThread "C2 CompilerThread0" daemon [_thread_in_native, id=12424, stack(0x000000001a610000,0x000000001a710000)]
  0x0000000019d3f800 JavaThread "Attach Listener" daemon [_thread_blocked, id=14268, stack(0x000000001a510000,0x000000001a610000)]
  0x0000000019d3e000 JavaThread "Signal Dispatcher" daemon [_thread_blocked, id=8328, stack(0x000000001a410000,0x000000001a510000)]
  0x0000000019d30800 JavaThread "Finalizer" daemon [_thread_blocked, id=17596, stack(0x000000001a210000,0x000000001a310000)]
  0x0000000017f3c000 JavaThread "Reference Handler" daemon [_thread_blocked, id=16000, stack(0x000000001a110000,0x000000001a210000)]
  0x0000000002d4e000 JavaThread "main" [_thread_blocked, id=9268, stack(0x0000000002c40000,0x0000000002d40000)]

Other Threads:
  0x0000000017f37800 VMThread [stack: 0x0000000019c10000,0x0000000019d10000] [id=10192]
  0x0000000019dda800 WatcherThread [stack: 0x000000001ab10000,0x000000001ac10000] [id=10416]

VM state:not at safepoint (normal execution)

VM Mutex/Monitor currently owned by a thread: None

heap address: 0x0000000080000000, size: 2048 MB, Compressed Oops mode: 32-bit
Narrow klass base: 0x0000000000000000, Narrow klass shift: 3
Compressed class space size: 1073741824 Address: 0x0000000100000000

Heap:
 PSYoungGen      total 204288K, used 117453K [0x00000000d5580000, 0x00000000e2480000, 0x0000000100000000)
  eden space 196608K, 59% used [0x00000000d5580000,0x00000000dc8336f0,0x00000000e1580000)
  from space 7680K, 0% used [0x00000000e1580000,0x00000000e1580000,0x00000000e1d00000)
  to   space 7680K, 0% used [0x00000000e1d00000,0x00000000e1d00000,0x00000000e2480000)
 ParOldGen       total 83968K, used 40209K [0x0000000080000000, 0x0000000085200000, 0x00000000d5580000)
  object space 83968K, 47% used [0x0000000080000000,0x0000000082744538,0x0000000085200000)
 Metaspace       used 63488K, capacity 66710K, committed 67072K, reserved 1107968K
  class space    used 8761K, capacity 9361K, committed 9472K, reserved 1048576K

Card table byte_map: [0x0000000012290000,0x00000000126a0000] byte_map_base: 0x0000000011e90000

Marking Bits: (ParMarkBitMap*) 0x0000000071f0f030
 Begin Bits: [0x0000000013150000, 0x0000000015150000)
 End Bits:   [0x0000000015150000, 0x0000000017150000)

Polling page: 0x0000000001460000

CodeCache: size=245760Kb used=18710Kb max_used=18823Kb free=227049Kb
 bounds [0x0000000002ed0000, 0x0000000004140000, 0x0000000011ed0000]
 total_blobs=6036 nmethods=5232 adapters=716
 compilation: enabled

Compilation events (10 events):
Event: 9.262 Thread 0x0000000019d51000 nmethod 5872 0x0000000003dd23d0 code [0x0000000003dd2560, 0x0000000003dd2948]
Event: 9.262 Thread 0x0000000019d51000 5873       3       java.util.Optional::get (22 bytes)
Event: 9.263 Thread 0x0000000019d51000 nmethod 5873 0x0000000003dd1f10 code [0x0000000003dd2080, 0x0000000003dd22e8]
Event: 9.263 Thread 0x0000000019d51000 5874       3       org.gradle.internal.serialize.AbstractDecoder::readBinary (16 bytes)
Event: 9.263 Thread 0x0000000019d51000 nmethod 5874 0x0000000003dd1810 code [0x0000000003dd19a0, 0x0000000003dd1df8]
Event: 9.263 Thread 0x0000000019d51000 5875       3       org.gradle.api.internal.artifacts.ivyservice.ivyresolve.ComponentMetaDataResolveState::<init> (37 bytes)
Event: 9.263 Thread 0x0000000019d51000 nmethod 5875 0x0000000003dd0810 code [0x0000000003dd0a00, 0x0000000003dd11a8]
Event: 9.263 Thread 0x0000000019d51000 5877       3       org.gradle.internal.resource.local.DefaultPathKeyFileStore::getFile (46 bytes)
Event: 9.264 Thread 0x0000000019d51000 nmethod 5877 0x0000000003dd0250 code [0x0000000003dd03c0, 0x0000000003dd0688]
Event: 9.264 Thread 0x0000000019d51000 5876       3       org.gradle.internal.resolve.result.DefaultBuildableModuleComponentMetaDataResolveResult::<init> (12 bytes)

GC Heap History (10 events):
Event: 3.908 GC heap before
{Heap before GC invocations=6 (full 1):
 PSYoungGen      total 204288K, used 170098K [0x00000000d5580000, 0x00000000e2480000, 0x0000000100000000)
  eden space 196608K, 86% used [0x00000000d5580000,0x00000000dfb9c9a8,0x00000000e1580000)
  from space 7680K, 0% used [0x00000000e1d00000,0x00000000e1d00000,0x00000000e2480000)
  to   space 7680K, 0% used [0x00000000e1580000,0x00000000e1580000,0x00000000e1d00000)
 ParOldGen       total 83968K, used 9742K [0x0000000080000000, 0x0000000085200000, 0x00000000d5580000)
  object space 83968K, 11% used [0x0000000080000000,0x00000000809839d0,0x0000000085200000)
 Metaspace       used 33928K, capacity 35464K, committed 35496K, reserved 1079296K
  class space    used 4748K, capacity 5111K, committed 5120K, reserved 1048576K
Event: 3.927 GC heap after
Heap after GC invocations=6 (full 1):
 PSYoungGen      total 204288K, used 7664K [0x00000000d5580000, 0x00000000e2480000, 0x0000000100000000)
  eden space 196608K, 0% used [0x00000000d5580000,0x00000000d5580000,0x00000000e1580000)
  from space 7680K, 99% used [0x00000000e1580000,0x00000000e1cfc3c0,0x00000000e1d00000)
  to   space 7680K, 0% used [0x00000000e1d00000,0x00000000e1d00000,0x00000000e2480000)
 ParOldGen       total 83968K, used 16832K [0x0000000080000000, 0x0000000085200000, 0x00000000d5580000)
  object space 83968K, 20% used [0x0000000080000000,0x0000000081070380,0x0000000085200000)
 Metaspace       used 33928K, capacity 35464K, committed 35496K, reserved 1079296K
  class space    used 4748K, capacity 5111K, committed 5120K, reserved 1048576K
}
Event: 3.927 GC heap before
{Heap before GC invocations=7 (full 2):
 PSYoungGen      total 204288K, used 7664K [0x00000000d5580000, 0x00000000e2480000, 0x0000000100000000)
  eden space 196608K, 0% used [0x00000000d5580000,0x00000000d5580000,0x00000000e1580000)
  from space 7680K, 99% used [0x00000000e1580000,0x00000000e1cfc3c0,0x00000000e1d00000)
  to   space 7680K, 0% used [0x00000000e1d00000,0x00000000e1d00000,0x00000000e2480000)
 ParOldGen       total 83968K, used 16832K [0x0000000080000000, 0x0000000085200000, 0x00000000d5580000)
  object space 83968K, 20% used [0x0000000080000000,0x0000000081070380,0x0000000085200000)
 Metaspace       used 33928K, capacity 35464K, committed 35496K, reserved 1079296K
  class space    used 4748K, capacity 5111K, committed 5120K, reserved 1048576K
Event: 3.991 GC heap after
Heap after GC invocations=7 (full 2):
 PSYoungGen      total 204288K, used 0K [0x00000000d5580000, 0x00000000e2480000, 0x0000000100000000)
  eden space 196608K, 0% used [0x00000000d5580000,0x00000000d5580000,0x00000000e1580000)
  from space 7680K, 0% used [0x00000000e1580000,0x00000000e1580000,0x00000000e1d00000)
  to   space 7680K, 0% used [0x00000000e1d00000,0x00000000e1d00000,0x00000000e2480000)
 ParOldGen       total 83968K, used 21341K [0x0000000080000000, 0x0000000085200000, 0x00000000d5580000)
  object space 83968K, 25% used [0x0000000080000000,0x00000000814d7668,0x0000000085200000)
 Metaspace       used 33928K, capacity 35464K, committed 35496K, reserved 1079296K
  class space    used 4748K, capacity 5111K, committed 5120K, reserved 1048576K
}
Event: 5.828 GC heap before
{Heap before GC invocations=8 (full 2):
 PSYoungGen      total 204288K, used 196608K [0x00000000d5580000, 0x00000000e2480000, 0x0000000100000000)
  eden space 196608K, 100% used [0x00000000d5580000,0x00000000e1580000,0x00000000e1580000)
  from space 7680K, 0% used [0x00000000e1580000,0x00000000e1580000,0x00000000e1d00000)
  to   space 7680K, 0% used [0x00000000e1d00000,0x00000000e1d00000,0x00000000e2480000)
 ParOldGen       total 83968K, used 21341K [0x0000000080000000, 0x0000000085200000, 0x00000000d5580000)
  object space 83968K, 25% used [0x0000000080000000,0x00000000814d7668,0x0000000085200000)
 Metaspace       used 41476K, capacity 43880K, committed 44160K, reserved 1087488K
  class space    used 5760K, capacity 6229K, committed 6272K, reserved 1048576K
Event: 5.843 GC heap after
Heap after GC invocations=8 (full 2):
 PSYoungGen      total 204288K, used 7648K [0x00000000d5580000, 0x00000000e2480000, 0x0000000100000000)
  eden space 196608K, 0% used [0x00000000d5580000,0x00000000d5580000,0x00000000e1580000)
  from space 7680K, 99% used [0x00000000e1d00000,0x00000000e2478030,0x00000000e2480000)
  to   space 7680K, 0% used [0x00000000e1580000,0x00000000e1580000,0x00000000e1d00000)
 ParOldGen       total 83968K, used 27912K [0x0000000080000000, 0x0000000085200000, 0x00000000d5580000)
  object space 83968K, 33% used [0x0000000080000000,0x0000000081b421b8,0x0000000085200000)
 Metaspace       used 41476K, capacity 43880K, committed 44160K, reserved 1087488K
  class space    used 5760K, capacity 6229K, committed 6272K, reserved 1048576K
}
Event: 7.717 GC heap before
{Heap before GC invocations=9 (full 2):
 PSYoungGen      total 204288K, used 179152K [0x00000000d5580000, 0x00000000e2480000, 0x0000000100000000)
  eden space 196608K, 87% used [0x00000000d5580000,0x00000000dfcfc388,0x00000000e1580000)
  from space 7680K, 99% used [0x00000000e1d00000,0x00000000e2478030,0x00000000e2480000)
  to   space 7680K, 0% used [0x00000000e1580000,0x00000000e1580000,0x00000000e1d00000)
 ParOldGen       total 83968K, used 27912K [0x0000000080000000, 0x0000000085200000, 0x00000000d5580000)
  object space 83968K, 33% used [0x0000000080000000,0x0000000081b421b8,0x0000000085200000)
 Metaspace       used 56189K, capacity 59084K, committed 59136K, reserved 1099776K
  class space    used 7578K, capacity 8174K, committed 8192K, reserved 1048576K
Event: 7.737 GC heap after
Heap after GC invocations=9 (full 2):
 PSYoungGen      total 204288K, used 7648K [0x00000000d5580000, 0x00000000e2480000, 0x0000000100000000)
  eden space 196608K, 0% used [0x00000000d5580000,0x00000000d5580000,0x00000000e1580000)
  from space 7680K, 99% used [0x00000000e1580000,0x00000000e1cf8020,0x00000000e1d00000)
  to   space 7680K, 0% used [0x00000000e1d00000,0x00000000e1d00000,0x00000000e2480000)
 ParOldGen       total 83968K, used 47683K [0x0000000080000000, 0x0000000085200000, 0x00000000d5580000)
  object space 83968K, 56% used [0x0000000080000000,0x0000000082e90c90,0x0000000085200000)
 Metaspace       used 56189K, capacity 59084K, committed 59136K, reserved 1099776K
  class space    used 7578K, capacity 8174K, committed 8192K, reserved 1048576K
}
Event: 7.737 GC heap before
{Heap before GC invocations=10 (full 3):
 PSYoungGen      total 204288K, used 7648K [0x00000000d5580000, 0x00000000e2480000, 0x0000000100000000)
  eden space 196608K, 0% used [0x00000000d5580000,0x00000000d5580000,0x00000000e1580000)
  from space 7680K, 99% used [0x00000000e1580000,0x00000000e1cf8020,0x00000000e1d00000)
  to   space 7680K, 0% used [0x00000000e1d00000,0x00000000e1d00000,0x00000000e2480000)
 ParOldGen       total 83968K, used 47683K [0x0000000080000000, 0x0000000085200000, 0x00000000d5580000)
  object space 83968K, 56% used [0x0000000080000000,0x0000000082e90c90,0x0000000085200000)
 Metaspace       used 56189K, capacity 59084K, committed 59136K, reserved 1099776K
  class space    used 7578K, capacity 8174K, committed 8192K, reserved 1048576K
Event: 7.893 GC heap after
Heap after GC invocations=10 (full 3):
 PSYoungGen      total 204288K, used 0K [0x00000000d5580000, 0x00000000e2480000, 0x0000000100000000)
  eden space 196608K, 0% used [0x00000000d5580000,0x00000000d5580000,0x00000000e1580000)
  from space 7680K, 0% used [0x00000000e1580000,0x00000000e1580000,0x00000000e1d00000)
  to   space 7680K, 0% used [0x00000000e1d00000,0x00000000e1d00000,0x00000000e2480000)
 ParOldGen       total 83968K, used 40209K [0x0000000080000000, 0x0000000085200000, 0x00000000d5580000)
  object space 83968K, 47% used [0x0000000080000000,0x0000000082744538,0x0000000085200000)
 Metaspace       used 56139K, capacity 58916K, committed 59136K, reserved 1099776K
  class space    used 7563K, capacity 8146K, committed 8192K, reserved 1048576K
}

Deoptimization events (10 events):
Event: 8.660 Thread 0x000000001adf0800 Uncommon trap: reason=unstable_if action=reinterpret pc=0x0000000003438f6c method=java.util.regex.Pattern.closure(Ljava/util/regex/Pattern$Node;)Ljava/util/regex/Pattern$Node; @ 113
Event: 8.707 Thread 0x000000001adf0800 Uncommon trap: reason=unstable_if action=reinterpret pc=0x00000000032f735c method=java.util.TreeMap.put(Ljava/lang/Object;Ljava/lang/Object;)Ljava/lang/Object; @ 163
Event: 8.710 Thread 0x000000001adf0800 Uncommon trap: reason=unstable_if action=reinterpret pc=0x0000000003aec864 method=java.lang.AbstractStringBuilder.append(I)Ljava/lang/AbstractStringBuilder; @ 16
Event: 8.710 Thread 0x000000001adf0800 Uncommon trap: reason=unstable_if action=reinterpret pc=0x0000000003ae83c0 method=java.lang.Integer.getChars(II[C)V @ 7
Event: 8.776 Thread 0x000000001adf0800 Uncommon trap: reason=unstable_if action=reinterpret pc=0x00000000038ec31c method=java.lang.reflect.Proxy.isProxyClass(Ljava/lang/Class;)Z @ 6
Event: 8.810 Thread 0x000000001adf0800 Uncommon trap: reason=speculate_class_check action=maybe_recompile pc=0x0000000003c45268 method=com.google.common.collect.AbstractIndexedListIterator.next()Ljava/lang/Object; @ 27
Event: 8.811 Thread 0x000000001adf0800 Uncommon trap: reason=speculate_class_check action=maybe_recompile pc=0x0000000003c45268 method=com.google.common.collect.AbstractIndexedListIterator.next()Ljava/lang/Object; @ 27
Event: 8.811 Thread 0x000000001adf0800 Uncommon trap: reason=speculate_class_check action=maybe_recompile pc=0x0000000003c45268 method=com.google.common.collect.AbstractIndexedListIterator.next()Ljava/lang/Object; @ 27
Event: 8.811 Thread 0x000000001adf0800 Uncommon trap: reason=speculate_class_check action=maybe_recompile pc=0x0000000003c45268 method=com.google.common.collect.AbstractIndexedListIterator.next()Ljava/lang/Object; @ 27
Event: 9.168 Thread 0x000000001adf0800 Uncommon trap: reason=class_check action=maybe_recompile pc=0x00000000038e8b00 method=java.lang.Throwable.<init>(Ljava/lang/String;Ljava/lang/Throwable;)V @ 24

Classes redefined (0 events):
No events

Internal exceptions (10 events):
Event: 9.172 Thread 0x000000001adf0800 Exception <a 'java/lang/NoSuchMethodError': <clinit>> (0x00000000dbe06658) thrown at [C:\src\AOSP-openjdk-git\hotspot\src\share\vm\prims\jni.cpp, line 1615]
Event: 9.178 Thread 0x000000001adf0800 Exception <a 'java/lang/NoSuchMethodError': <clinit>> (0x00000000dbee1528) thrown at [C:\src\AOSP-openjdk-git\hotspot\src\share\vm\prims\jni.cpp, line 1615]
Event: 9.182 Thread 0x000000001adf0800 Exception <a 'java/lang/ClassNotFoundException': org/jetbrains/plugins/gradle/tooling/util/SourceSetCachedFinder$1BeanInfo> (0x00000000dbf3a0c8) thrown at [C:\src\AOSP-openjdk-git\hotspot\src\share\vm\classfile\systemDictionary.cpp, line 210]
Event: 9.183 Thread 0x000000001adf0800 Exception <a 'java/lang/ClassNotFoundException': org/jetbrains/plugins/gradle/tooling/util/SourceSetCachedFinder$1Customizer> (0x00000000dbf550a0) thrown at [C:\src\AOSP-openjdk-git\hotspot\src\share\vm\classfile\systemDictionary.cpp, line 210]
Event: 9.185 Thread 0x000000001adf0800 Exception <a 'java/lang/ClassNotFoundException': org/jetbrains/plugins/gradle/tooling/util/SourceSetCachedFinder$2BeanInfo> (0x00000000dbfa9b38) thrown at [C:\src\AOSP-openjdk-git\hotspot\src\share\vm\classfile\systemDictionary.cpp, line 210]
Event: 9.186 Thread 0x000000001adf0800 Exception <a 'java/lang/ClassNotFoundException': org/jetbrains/plugins/gradle/tooling/util/SourceSetCachedFinder$2Customizer> (0x00000000dbfc4b10) thrown at [C:\src\AOSP-openjdk-git\hotspot\src\share\vm\classfile\systemDictionary.cpp, line 210]
Event: 9.187 Thread 0x000000001adf0800 Exception <a 'java/lang/ClassNotFoundException': org/jetbrains/plugins/gradle/tooling/util/SourceSetCachedFinderBeanInfo> (0x00000000dc012118) thrown at [C:\src\AOSP-openjdk-git\hotspot\src\share\vm\classfile\systemDictionary.cpp, line 210]
Event: 9.188 Thread 0x000000001adf0800 Exception <a 'java/lang/ClassNotFoundException': org/jetbrains/plugins/gradle/tooling/util/SourceSetCachedFinderCustomizer> (0x00000000dc02c310) thrown at [C:\src\AOSP-openjdk-git\hotspot\src\share\vm\classfile\systemDictionary.cpp, line 210]
Event: 9.190 Thread 0x000000001adf0800 Exception <a 'java/lang/ClassNotFoundException': org/jetbrains/plugins/gradle/tooling/util/SourceSetCachedFinder$ArtifactsMapBeanInfo> (0x00000000dc07d6a0) thrown at [C:\src\AOSP-openjdk-git\hotspot\src\share\vm\classfile\systemDictionary.cpp, line 210]
Event: 9.190 Thread 0x000000001adf0800 Exception <a 'java/lang/ClassNotFoundException': org/jetbrains/plugins/gradle/tooling/util/SourceSetCachedFinder$ArtifactsMapCustomizer> (0x00000000dc09b628) thrown at [C:\src\AOSP-openjdk-git\hotspot\src\share\vm\classfile\systemDictionary.cpp, line 210]

Events (10 events):
Event: 9.229 Thread 0x0000000019d51000 flushing nmethod 0x0000000003ea2210
Event: 9.229 Thread 0x0000000019d51000 flushing nmethod 0x0000000003ea2810
Event: 9.229 Thread 0x0000000019d51000 flushing nmethod 0x0000000003ea2c10
Event: 9.229 Thread 0x0000000019d51000 flushing nmethod 0x0000000003ea3d10
Event: 9.230 loading class org/gradle/api/internal/artifacts/metadata/ComponentArtifactMetadataSerializer
Event: 9.230 loading class org/gradle/api/internal/artifacts/metadata/ComponentArtifactMetadataSerializer done
Event: 9.232 loading class org/gradle/api/internal/artifacts/ivyservice/modulecache/artifacts/AbstractArtifactsCache$ModuleArtifactsCacheEntry
Event: 9.232 loading class org/gradle/api/internal/artifacts/ivyservice/modulecache/artifacts/AbstractArtifactsCache$ModuleArtifactsCacheEntry done
Event: 9.233 loading class org/gradle/api/internal/artifacts/ivyservice/modulecache/artifacts/DefaultCachedArtifacts
Event: 9.233 loading class org/gradle/api/internal/artifacts/ivyservice/modulecache/artifacts/DefaultCachedArtifacts done


Dynamic libraries:
0x00007ff727fa0000 - 0x00007ff727fd1000 	C:\Program Files\Android\Android Studio\jre\bin\java.exe
0x00007ffbc8800000 - 0x00007ffbc8a07000 	C:\WINDOWS\SYSTEM32\ntdll.dll
0x00007ffbc7fe0000 - 0x00007ffbc809d000 	C:\WINDOWS\System32\KERNEL32.DLL
0x00007ffbc6310000 - 0x00007ffbc6684000 	C:\WINDOWS\System32\KERNELBASE.dll
0x00007ffbc6f20000 - 0x00007ffbc6fcc000 	C:\WINDOWS\System32\ADVAPI32.dll
0x00007ffbc82d0000 - 0x00007ffbc8373000 	C:\WINDOWS\System32\msvcrt.dll
0x00007ffbc8170000 - 0x00007ffbc820d000 	C:\WINDOWS\System32\sechost.dll
0x00007ffbc84f0000 - 0x00007ffbc8611000 	C:\WINDOWS\System32\RPCRT4.dll
0x00007ffbc67d0000 - 0x00007ffbc697c000 	C:\WINDOWS\System32\USER32.dll
0x00007ffbc5d80000 - 0x00007ffbc5da6000 	C:\WINDOWS\System32\win32u.dll
0x00007ffbc6ef0000 - 0x00007ffbc6f19000 	C:\WINDOWS\System32\GDI32.dll
0x00007ffbc6130000 - 0x00007ffbc6242000 	C:\WINDOWS\System32\gdi32full.dll
0x00007ffbc5ce0000 - 0x00007ffbc5d7d000 	C:\WINDOWS\System32\msvcp_win.dll
0x00007ffbc5fa0000 - 0x00007ffbc60b1000 	C:\WINDOWS\System32\ucrtbase.dll
0x00007ffbc1e70000 - 0x00007ffbc2115000 	C:\WINDOWS\WinSxS\amd64_microsoft.windows.common-controls_6595b64144ccf1df_6.0.22000.120_none_9d947278b86cc467\COMCTL32.dll
0x00007ffbc70f0000 - 0x00007ffbc7121000 	C:\WINDOWS\System32\IMM32.DLL
0x0000000071550000 - 0x0000000071622000 	C:\Program Files\Android\Android Studio\jre\jre\bin\msvcr100.dll
0x0000000071740000 - 0x0000000071f8b000 	C:\Program Files\Android\Android Studio\jre\jre\bin\server\jvm.dll
0x00007ffbc7fb0000 - 0x00007ffbc7fb8000 	C:\WINDOWS\System32\PSAPI.DLL
0x00007ffbba5f0000 - 0x00007ffbba5f9000 	C:\WINDOWS\SYSTEM32\WSOCK32.dll
0x00007ffbb6ad0000 - 0x00007ffbb6b03000 	C:\WINDOWS\SYSTEM32\WINMM.dll
0x00007ffbbb5e0000 - 0x00007ffbbb5ea000 	C:\WINDOWS\SYSTEM32\VERSION.dll
0x00007ffbc7f40000 - 0x00007ffbc7faf000 	C:\WINDOWS\System32\WS2_32.dll
0x00007ffbba2a0000 - 0x00007ffbba2af000 	C:\Program Files\Android\Android Studio\jre\jre\bin\verify.dll
0x00007ffbb8460000 - 0x00007ffbb8489000 	C:\Program Files\Android\Android Studio\jre\jre\bin\java.dll
0x00007ffbb85d0000 - 0x00007ffbb85e6000 	C:\Program Files\Android\Android Studio\jre\jre\bin\zip.dll
0x00007ffbc72f0000 - 0x00007ffbc7a99000 	C:\WINDOWS\System32\SHELL32.dll
0x00007ffbc3e10000 - 0x00007ffbc4672000 	C:\WINDOWS\SYSTEM32\windows.storage.dll
0x00007ffbc7aa0000 - 0x00007ffbc7e18000 	C:\WINDOWS\System32\combase.dll
0x00007ffbc3ca0000 - 0x00007ffbc3e06000 	C:\WINDOWS\SYSTEM32\wintypes.dll
0x00007ffbc8400000 - 0x00007ffbc84ea000 	C:\WINDOWS\System32\SHCORE.dll
0x00007ffbc6770000 - 0x00007ffbc67cd000 	C:\WINDOWS\System32\shlwapi.dll
0x00007ffbc5c10000 - 0x00007ffbc5c31000 	C:\WINDOWS\SYSTEM32\profapi.dll
0x00007ffbb85a0000 - 0x00007ffbb85ba000 	C:\Program Files\Android\Android Studio\jre\jre\bin\net.dll
0x00007ffbc5220000 - 0x00007ffbc5287000 	C:\WINDOWS\system32\mswsock.dll
0x00007ffbb7440000 - 0x00007ffbb7453000 	C:\Program Files\Android\Android Studio\jre\jre\bin\nio.dll
0x00007ffbb6c60000 - 0x00007ffbb6c87000 	C:\Users\Lenovo\.gradle\native\8bec1ad78214c89d9ad589b4d07fe93259594b29d510b10fafb7a158f7737e5d\windows-amd64\native-platform.dll
0x00007ffb91930000 - 0x00007ffb91a6d000 	C:\Users\Lenovo\.gradle\native\53dbd7edfb1c66fb8903c78663c9afc45aea4f116125fa6feffd364cf09443e8\windows-amd64\native-platform-file-events.dll
0x00007ffbba240000 - 0x00007ffbba24d000 	C:\Program Files\Android\Android Studio\jre\jre\bin\management.dll
0x00007ffbc5460000 - 0x00007ffbc5478000 	C:\WINDOWS\SYSTEM32\CRYPTSP.dll
0x00007ffbc4d40000 - 0x00007ffbc4d75000 	C:\WINDOWS\system32\rsaenh.dll
0x00007ffbc5310000 - 0x00007ffbc5339000 	C:\WINDOWS\SYSTEM32\USERENV.dll
0x00007ffbc55e0000 - 0x00007ffbc5607000 	C:\WINDOWS\SYSTEM32\bcrypt.dll
0x00007ffbc5db0000 - 0x00007ffbc5e30000 	C:\WINDOWS\System32\bcryptprimitives.dll
0x00007ffbc5480000 - 0x00007ffbc548c000 	C:\WINDOWS\SYSTEM32\CRYPTBASE.dll
0x00007ffbc4900000 - 0x00007ffbc492d000 	C:\WINDOWS\SYSTEM32\IPHLPAPI.DLL
0x00007ffbc7e20000 - 0x00007ffbc7e29000 	C:\WINDOWS\System32\NSI.dll
0x00007ffbba570000 - 0x00007ffbba589000 	C:\WINDOWS\SYSTEM32\dhcpcsvc6.DLL
0x00007ffbba550000 - 0x00007ffbba56e000 	C:\WINDOWS\SYSTEM32\dhcpcsvc.DLL
0x00007ffbc4930000 - 0x00007ffbc4a17000 	C:\WINDOWS\SYSTEM32\DNSAPI.dll

VM Arguments:
jvm_args: -Xmx2048m -Dfile.encoding=UTF-8 -Duser.country=ID -Duser.language=en -Duser.variant 
java_command: org.gradle.launcher.daemon.bootstrap.GradleDaemon 7.0.2
java_class_path (initial): C:\Users\Lenovo\.gradle\wrapper\dists\gradle-7.0.2-all\7era6s5ay7zsbhuvl0oc9g94s\gradle-7.0.2\lib\gradle-launcher-7.0.2.jar
Launcher Type: SUN_STANDARD

Environment Variables:
PATH=C:\Program Files\ImageMagick-7.0.11-Q16-HDRI;C:\Program Files (x86)\VMware\VMware Player\bin\;C:\Windows\system32;C:\Windows;C:\Windows\System32\Wbem;C:\Windows\System32\WindowsPowerShell\v1.0\;C:\Windows\System32\OpenSSH\;C:\Program Files (x86)\NVIDIA Corporation\PhysX\Common;C:\Program Files\NVIDIA Corporation\NVIDIA NvDLISR;C:\src\flutter\bin;C:\Program Files\Git\cmd;C:\xampp\php;C:\ProgramData\ComposerSetup\bin;C:\Program Files\nodejs\;C:\Program Files\Docker\Docker\resources\bin;C:\ProgramData\DockerDesktop\version-bin;C:\Program Files\MongoDB\Server\4.4\bin;C:\MinGW\bin;C:\Program Files\dotnet\;C:\xampp\apache\bin;;%SystemRoot%\system32;%SystemRoot%;%SystemRoot%\System32\Wbem;%SYSTEMROOT%\System32\WindowsPowerShell\v1.0\;%SYSTEMROOT%\System32\OpenSSH\;C:\Users\Lenovo\AppData\Local\Programs\Python\Python39\Scripts\;C:\Users\Lenovo\AppData\Local\Programs\Python\Python39\;C:\Users\Lenovo\AppData\Local\Microsoft\WindowsApps;;C:\Users\Lenovo\AppData\Local\Programs\Microsoft VS Code\bin;C:\Users\Lenovo\AppData\Roaming\Composer\vendor\bin;C:\Program Files\heroku\bin;C:\Users\Lenovo\AppData\Roaming\npm
USERNAME=Lenovo
OS=Windows_NT
PROCESSOR_IDENTIFIER=Intel64 Family 6 Model 142 Stepping 11, GenuineIntel



---------------  S Y S T E M  ---------------

OS: Windows 10.0 , 64 bit Build 22000 (10.0.22000.120)

CPU:total 8 (initial active 8) (4 cores per cpu, 2 threads per core) family 6 model 142 stepping 11, cmov, cx8, fxsr, mmx, sse, sse2, sse3, ssse3, sse4.1, sse4.2, popcnt, avx, avx2, aes, clmul, erms, 3dnowpref, lzcnt, ht, tsc, tscinvbit, bmi1, bmi2, adx

Memory: 4k page, physical 12392180k(422832k free), swap 12392180k(6532k free)

vm_info: OpenJDK 64-Bit Server VM (25.242-b01) for windows-amd64 JRE (1.8.0_242-release-1644-b01), built by "builder" with MS VC++ 10.0 (VS2010)

time: Thu Nov 04 08:55:39 2021
timezone: SE Asia Standard Time
elapsed time: 9 seconds (0d 0h 0m 9s)

