#
# There is insufficient memory for the Java Runtime Environment to continue.
# Native memory allocation (malloc) failed to allocate 236736 bytes for Chunk::new
# Possible reasons:
#   The system is out of physical RAM or swap space
#   The process is running with CompressedOops enabled, and the Java Heap may be blocking the growth of the native heap
# Possible solutions:
#   Reduce memory load on the system
#   Increase physical memory or swap space
#   Check if swap backing store is full
#   Decrease Java heap size (-Xmx/-Xms)
#   Decrease number of Java threads
#   Decrease Java thread stack sizes (-Xss)
#   Set larger code cache with -XX:ReservedCodeCacheSize=
#   JVM is running with Unscaled Compressed Oops mode in which the Java heap is
#     placed in the first 4GB address space. The Java Heap base address is the
#     maximum limit for the native heap growth. Please use -XX:HeapBaseMinAddress
#     to set the Java Heap base and to place the Java Heap above 4GB virtual address.
# This output file may be truncated or incomplete.
#
#  Out of Memory Error (allocation.cpp:389), pid=17888, tid=0x0000000000001ce0
#
# JRE version: OpenJDK Runtime Environment (8.0_242-b01) (build 1.8.0_242-release-1644-b01)
# Java VM: OpenJDK 64-Bit Server VM (25.242-b01 mixed mode windows-amd64 compressed oops)
# Failed to write core dump. Minidumps are not enabled by default on client versions of Windows
#

---------------  T H R E A D  ---------------

Current thread (0x0000000019c43800):  JavaThread "C2 CompilerThread1" daemon [_thread_in_native, id=7392, stack(0x000000001a650000,0x000000001a750000)]

Stack: [0x000000001a650000,0x000000001a750000]
[error occurred during error reporting (printing stack bounds), id 0xc0000005]

Native frames: (J=compiled Java code, j=interpreted, Vv=VM code, C=native code)


Current CompileTask:
C2:1835609 9287   !   4       org.gradle.cache.internal.DefaultCrossBuildInMemoryCacheFactory$AbstractCrossBuildInMemoryCache::get (65 bytes)


---------------  P R O C E S S  ---------------

Java Threads: ( => current thread )
  0x000000001d0a3000 JavaThread "Cache worker for cache directory md-rule (C:\Users\Lenovo\.gradle\caches\7.0.2\md-rule)" [_thread_blocked, id=18152, stack(0x0000000022480000,0x0000000022580000)]
  0x000000001d09b000 JavaThread "Cache worker for cache directory md-supplier (C:\Users\Lenovo\.gradle\caches\7.0.2\md-supplier)" [_thread_blocked, id=15496, stack(0x0000000020f20000,0x0000000021020000)]
  0x000000001b463800 JavaThread "Cache worker for checksums cache (D:\semester-5\pemrograman-perangkat-bergerak\GPS\.gradle\checksums)" [_thread_blocked, id=5168, stack(0x0000000020c20000,0x0000000020d20000)]
  0x000000001b464000 JavaThread "Cache worker for file hash cache (D:\semester-5\pemrograman-perangkat-bergerak\GPS\.gradle\7.0.2\fileHashes)" [_thread_blocked, id=18624, stack(0x000000001e480000,0x000000001e580000)]
  0x000000001b462800 JavaThread "Daemon client event forwarder" [_thread_blocked, id=16012, stack(0x000000001e380000,0x000000001e480000)]
  0x000000001b469800 JavaThread "Stdin handler" [_thread_blocked, id=20500, stack(0x000000001e280000,0x000000001e380000)]
  0x000000001b467000 JavaThread "Asynchronous log dispatcher for DefaultDaemonConnection: socket connection from /127.0.0.1:60836 to /127.0.0.1:62420" [_thread_blocked, id=3872, stack(0x000000001e180000,0x000000001e280000)]
  0x000000001b461000 JavaThread "Daemon worker Thread 2" [_thread_in_Java, id=18300, stack(0x000000001de80000,0x000000001df80000)]
  0x000000001b466800 JavaThread "Cancel handler" [_thread_blocked, id=15448, stack(0x00000000011a0000,0x00000000012a0000)]
  0x000000001b465800 JavaThread "Handler for socket connection from /127.0.0.1:60836 to /127.0.0.1:62420" [_thread_in_native, id=10848, stack(0x00000000010a0000,0x00000000011a0000)]
  0x000000001b45e000 JavaThread "Daemon Thread 2" [_thread_blocked, id=11252, stack(0x0000000000fa0000,0x00000000010a0000)]
  0x000000001b45f800 JavaThread "Memory manager" [_thread_blocked, id=6440, stack(0x0000000024a70000,0x0000000024b70000)]
  0x000000001b460800 JavaThread "jar transforms Thread 8" [_thread_blocked, id=19748, stack(0x0000000024970000,0x0000000024a70000)]
  0x000000001b45c000 JavaThread "jar transforms Thread 7" [_thread_blocked, id=20304, stack(0x0000000024870000,0x0000000024970000)]
  0x000000001b45a800 JavaThread "jar transforms Thread 6" [_thread_blocked, id=19104, stack(0x0000000024770000,0x0000000024870000)]
  0x000000001d0a8800 JavaThread "jar transforms Thread 5" [_thread_blocked, id=15300, stack(0x0000000024670000,0x0000000024770000)]
  0x000000001d0a7800 JavaThread "jar transforms Thread 4" [_thread_blocked, id=17532, stack(0x0000000024570000,0x0000000024670000)]
  0x000000001d0a2800 JavaThread "jar transforms Thread 3" [_thread_blocked, id=8028, stack(0x0000000023790000,0x0000000023890000)]
  0x000000001d099800 JavaThread "Cache worker for file content cache (C:\Users\Lenovo\.gradle\caches\7.0.2\fileContent)" [_thread_blocked, id=2712, stack(0x0000000022f80000,0x0000000023080000)]
  0x000000001d09e000 JavaThread "jar transforms Thread 2" [_thread_blocked, id=116, stack(0x0000000022e80000,0x0000000022f80000)]
  0x000000001d09b800 JavaThread "jar transforms" [_thread_blocked, id=20416, stack(0x0000000022d80000,0x0000000022e80000)]
  0x000000001ba0b800 JavaThread "Cache worker for execution history cache (C:\Users\Lenovo\.gradle\caches\7.0.2\executionHistory)" [_thread_blocked, id=19828, stack(0x0000000022680000,0x0000000022780000)]
  0x000000001ba0a000 JavaThread "File watcher consumer" daemon [_thread_blocked, id=10356, stack(0x0000000020e20000,0x0000000020f20000)]
  0x000000001ba07800 JavaThread "File watcher server" daemon [_thread_in_native, id=1844, stack(0x0000000020d20000,0x0000000020e20000)]
  0x000000001ba06000 JavaThread "Cache worker for journal cache (C:\Users\Lenovo\.gradle\caches\journal-1)" [_thread_blocked, id=8360, stack(0x000000001fb50000,0x000000001fc50000)]
  0x000000001ba0d000 JavaThread "File lock request listener" [_thread_in_native, id=764, stack(0x000000001e880000,0x000000001e980000)]
  0x000000001ba0c000 JavaThread "Cache worker for file hash cache (C:\Users\Lenovo\.gradle\caches\7.0.2\fileHashes)" [_thread_blocked, id=10160, stack(0x000000001e780000,0x000000001e880000)]
  0x000000001b68e800 JavaThread "Daemon periodic checks" [_thread_blocked, id=2632, stack(0x000000001db80000,0x000000001dc80000)]
  0x000000001bd04800 JavaThread "Incoming local TCP Connector on port 60836" [_thread_in_native, id=2816, stack(0x000000001d930000,0x000000001da30000)]
  0x000000001c8b0800 JavaThread "Daemon health stats" [_thread_blocked, id=19676, stack(0x000000001d4f0000,0x000000001d5f0000)]
  0x0000000019cd3000 JavaThread "Service Thread" daemon [_thread_blocked, id=21432, stack(0x000000001a950000,0x000000001aa50000)]
  0x0000000019c4f000 JavaThread "C1 CompilerThread3" daemon [_thread_blocked, id=12184, stack(0x000000001a850000,0x000000001a950000)]
  0x0000000019c47800 JavaThread "C2 CompilerThread2" daemon [_thread_blocked, id=9552, stack(0x000000001a750000,0x000000001a850000)]
=>0x0000000019c43800 JavaThread "C2 CompilerThread1" daemon [_thread_in_native, id=7392, stack(0x000000001a650000,0x000000001a750000)]
  0x0000000019c41000 JavaThread "C2 CompilerThread0" daemon [_thread_blocked, id=11112, stack(0x000000001a550000,0x000000001a650000)]
  0x0000000019c40000 JavaThread "Attach Listener" daemon [_thread_blocked, id=20572, stack(0x000000001a450000,0x000000001a550000)]
  0x0000000019c3f000 JavaThread "Signal Dispatcher" daemon [_thread_blocked, id=10024, stack(0x000000001a350000,0x000000001a450000)]
  0x0000000019c31000 JavaThread "Finalizer" daemon [_thread_blocked, id=19352, stack(0x000000001a110000,0x000000001a210000)]
  0x0000000017e2c800 JavaThread "Reference Handler" daemon [_thread_blocked, id=11144, stack(0x000000001a010000,0x000000001a110000)]
  0x0000000002c6e000 JavaThread "main" [_thread_blocked, id=312, stack(0x0000000002b50000,0x0000000002c50000)]

Other Threads:
  0x0000000017e27800 VMThread [stack: 0x0000000019b10000,0x0000000019c10000] [id=10364]
  0x0000000019cd4000 WatcherThread [stack: 0x000000001aa50000,0x000000001ab50000] [id=6844]

VM state:not at safepoint (normal execution)

VM Mutex/Monitor currently owned by a thread: None

heap address: 0x0000000080000000, size: 2048 MB, Compressed Oops mode: 32-bit
Narrow klass base: 0x0000000000000000, Narrow klass shift: 3
Compressed class space size: 1073741824 Address: 0x0000000100000000

Heap:
 PSYoungGen      total 180224K, used 76819K [0x00000000d5580000, 0x00000000e3680000, 0x0000000100000000)
  eden space 160256K, 37% used [0x00000000d5580000,0x00000000d8fa1940,0x00000000df200000)
  from space 19968K, 86% used [0x00000000df200000,0x00000000e02e3520,0x00000000e0580000)
  to   space 21504K, 0% used [0x00000000e2180000,0x00000000e2180000,0x00000000e3680000)
 ParOldGen       total 200704K, used 33425K [0x0000000080000000, 0x000000008c400000, 0x00000000d5580000)
  object space 200704K, 16% used [0x0000000080000000,0x00000000820a4760,0x000000008c400000)
 Metaspace       used 70231K, capacity 74298K, committed 74496K, reserved 1114112K
  class space    used 9477K, capacity 10195K, committed 10240K, reserved 1048576K

Card table byte_map: [0x0000000012150000,0x0000000012560000] byte_map_base: 0x0000000011d50000

Marking Bits: (ParMarkBitMap*) 0x000000007168f030
 Begin Bits: [0x0000000013010000, 0x0000000015010000)
 End Bits:   [0x0000000015010000, 0x0000000017010000)

Polling page: 0x0000000002c50000

CodeCache: size=245760Kb used=24805Kb max_used=24813Kb free=220954Kb
 bounds [0x0000000002d90000, 0x0000000004600000, 0x0000000011d90000]
 total_blobs=8666 nmethods=7859 adapters=718
 compilation: enabled

Compilation events (10 events):
Event: 1835.600 Thread 0x0000000019c4f000 nmethod 9284 0x00000000032c5e90 code [0x00000000032c5fe0, 0x00000000032c6130]
Event: 1835.601 Thread 0x0000000019c43800 nmethod 9279 0x00000000044b6c50 code [0x00000000044b6dc0, 0x00000000044b6f98]
Event: 1835.601 Thread 0x0000000019c47800 nmethod 9281 0x00000000045eec10 code [0x00000000045eed80, 0x00000000045ef038]
Event: 1835.602 Thread 0x0000000019c4f000 9285       3       sun.reflect.generics.reflectiveObjects.ParameterizedTypeImpl::equals (81 bytes)
Event: 1835.602 Thread 0x0000000019c41000 9286       4       org.gradle.internal.service.DefaultServiceRegistry$ParentServices::getService (11 bytes)
Event: 1835.602 Thread 0x0000000019c4f000 nmethod 9285 0x00000000030e8050 code [0x00000000030e8240, 0x00000000030e8e28]
Event: 1835.603 Thread 0x0000000019c43800 9287   !   4       org.gradle.cache.internal.DefaultCrossBuildInMemoryCacheFactory$AbstractCrossBuildInMemoryCache::get (65 bytes)
Event: 1835.603 Thread 0x0000000019c4f000 9288       1       org.gradle.cache.PersistentIndexedCacheParameters::getCacheName (5 bytes)
Event: 1835.604 Thread 0x0000000019c41000 nmethod 9286 0x00000000044b6810 code [0x00000000044b6960, 0x00000000044b6a98]
Event: 1835.604 Thread 0x0000000019c4f000 nmethod 9288 0x0000000002fb3a90 code [0x0000000002fb3be0, 0x0000000002fb3cf0]

GC Heap History (10 events):
Event: 9.002 GC heap before
{Heap before GC invocations=12 (full 2):
 PSYoungGen      total 128000K, used 122689K [0x00000000d5580000, 0x00000000df680000, 0x0000000100000000)
  eden space 114688K, 100% used [0x00000000d5580000,0x00000000dc580000,0x00000000dc580000)
  from space 13312K, 60% used [0x00000000dc580000,0x00000000dcd50588,0x00000000dd280000)
  to   space 12800K, 0% used [0x00000000dea00000,0x00000000dea00000,0x00000000df680000)
 ParOldGen       total 134656K, used 16582K [0x0000000080000000, 0x0000000088380000, 0x00000000d5580000)
  object space 134656K, 12% used [0x0000000080000000,0x00000000810318c8,0x0000000088380000)
 Metaspace       used 49626K, capacity 52028K, committed 52096K, reserved 1093632K
  class space    used 6758K, capacity 7232K, committed 7296K, reserved 1048576K
Event: 9.037 GC heap after
Heap after GC invocations=12 (full 2):
 PSYoungGen      total 148992K, used 12790K [0x00000000d5580000, 0x00000000dfe80000, 0x0000000100000000)
  eden space 136192K, 0% used [0x00000000d5580000,0x00000000d5580000,0x00000000dda80000)
  from space 12800K, 99% used [0x00000000dea00000,0x00000000df67d870,0x00000000df680000)
  to   space 15872K, 0% used [0x00000000dda80000,0x00000000dda80000,0x00000000dea00000)
 ParOldGen       total 134656K, used 21636K [0x0000000080000000, 0x0000000088380000, 0x00000000d5580000)
  object space 134656K, 16% used [0x0000000080000000,0x00000000815211f8,0x0000000088380000)
 Metaspace       used 49626K, capacity 52028K, committed 52096K, reserved 1093632K
  class space    used 6758K, capacity 7232K, committed 7296K, reserved 1048576K
}
Event: 11.281 GC heap before
{Heap before GC invocations=13 (full 2):
 PSYoungGen      total 148992K, used 88490K [0x00000000d5580000, 0x00000000dfe80000, 0x0000000100000000)
  eden space 136192K, 55% used [0x00000000d5580000,0x00000000d9f6d200,0x00000000dda80000)
  from space 12800K, 99% used [0x00000000dea00000,0x00000000df67d870,0x00000000df680000)
  to   space 15872K, 0% used [0x00000000dda80000,0x00000000dda80000,0x00000000dea00000)
 ParOldGen       total 134656K, used 21636K [0x0000000080000000, 0x0000000088380000, 0x00000000d5580000)
  object space 134656K, 16% used [0x0000000080000000,0x00000000815211f8,0x0000000088380000)
 Metaspace       used 56297K, capacity 59018K, committed 59136K, reserved 1099776K
  class space    used 7692K, capacity 8191K, committed 8192K, reserved 1048576K
Event: 11.297 GC heap after
Heap after GC invocations=13 (full 2):
 PSYoungGen      total 152064K, used 15852K [0x00000000d5580000, 0x00000000e1d00000, 0x0000000100000000)
  eden space 136192K, 0% used [0x00000000d5580000,0x00000000d5580000,0x00000000dda80000)
  from space 15872K, 99% used [0x00000000dda80000,0x00000000de9fb3c0,0x00000000dea00000)
  to   space 19456K, 0% used [0x00000000e0a00000,0x00000000e0a00000,0x00000000e1d00000)
 ParOldGen       total 134656K, used 26102K [0x0000000080000000, 0x0000000088380000, 0x00000000d5580000)
  object space 134656K, 19% used [0x0000000080000000,0x000000008197d930,0x0000000088380000)
 Metaspace       used 56297K, capacity 59018K, committed 59136K, reserved 1099776K
  class space    used 7692K, capacity 8191K, committed 8192K, reserved 1048576K
}
Event: 11.298 GC heap before
{Heap before GC invocations=14 (full 3):
 PSYoungGen      total 152064K, used 15852K [0x00000000d5580000, 0x00000000e1d00000, 0x0000000100000000)
  eden space 136192K, 0% used [0x00000000d5580000,0x00000000d5580000,0x00000000dda80000)
  from space 15872K, 99% used [0x00000000dda80000,0x00000000de9fb3c0,0x00000000dea00000)
  to   space 19456K, 0% used [0x00000000e0a00000,0x00000000e0a00000,0x00000000e1d00000)
 ParOldGen       total 134656K, used 26102K [0x0000000080000000, 0x0000000088380000, 0x00000000d5580000)
  object space 134656K, 19% used [0x0000000080000000,0x000000008197d930,0x0000000088380000)
 Metaspace       used 56297K, capacity 59018K, committed 59136K, reserved 1099776K
  class space    used 7692K, capacity 8191K, committed 8192K, reserved 1048576K
Event: 11.494 GC heap after
Heap after GC invocations=14 (full 3):
 PSYoungGen      total 152064K, used 0K [0x00000000d5580000, 0x00000000e1d00000, 0x0000000100000000)
  eden space 136192K, 0% used [0x00000000d5580000,0x00000000d5580000,0x00000000dda80000)
  from space 15872K, 0% used [0x00000000dda80000,0x00000000dda80000,0x00000000dea00000)
  to   space 19456K, 0% used [0x00000000e0a00000,0x00000000e0a00000,0x00000000e1d00000)
 ParOldGen       total 200704K, used 33409K [0x0000000080000000, 0x000000008c400000, 0x00000000d5580000)
  object space 200704K, 16% used [0x0000000080000000,0x00000000820a0760,0x000000008c400000)
 Metaspace       used 56266K, capacity 58916K, committed 59136K, reserved 1099776K
  class space    used 7683K, capacity 8174K, committed 8192K, reserved 1048576K
}
Event: 14.252 GC heap before
{Heap before GC invocations=15 (full 3):
 PSYoungGen      total 152064K, used 136192K [0x00000000d5580000, 0x00000000e1d00000, 0x0000000100000000)
  eden space 136192K, 100% used [0x00000000d5580000,0x00000000dda80000,0x00000000dda80000)
  from space 15872K, 0% used [0x00000000dda80000,0x00000000dda80000,0x00000000dea00000)
  to   space 19456K, 0% used [0x00000000e0a00000,0x00000000e0a00000,0x00000000e1d00000)
 ParOldGen       total 200704K, used 33409K [0x0000000080000000, 0x000000008c400000, 0x00000000d5580000)
  object space 200704K, 16% used [0x0000000080000000,0x00000000820a0760,0x000000008c400000)
 Metaspace       used 65053K, capacity 68642K, committed 68992K, reserved 1107968K
  class space    used 9097K, capacity 9755K, committed 9856K, reserved 1048576K
Event: 14.266 GC heap after
Heap after GC invocations=15 (full 3):
 PSYoungGen      total 175616K, used 13383K [0x00000000d5580000, 0x00000000e1900000, 0x0000000100000000)
  eden space 160256K, 0% used [0x00000000d5580000,0x00000000d5580000,0x00000000df200000)
  from space 15360K, 87% used [0x00000000e0a00000,0x00000000e1711e40,0x00000000e1900000)
  to   space 19968K, 0% used [0x00000000df200000,0x00000000df200000,0x00000000e0580000)
 ParOldGen       total 200704K, used 33417K [0x0000000080000000, 0x000000008c400000, 0x00000000d5580000)
  object space 200704K, 16% used [0x0000000080000000,0x00000000820a2760,0x000000008c400000)
 Metaspace       used 65053K, capacity 68642K, committed 68992K, reserved 1107968K
  class space    used 9097K, capacity 9755K, committed 9856K, reserved 1048576K
}
Event: 16.548 GC heap before
{Heap before GC invocations=16 (full 3):
 PSYoungGen      total 175616K, used 173639K [0x00000000d5580000, 0x00000000e1900000, 0x0000000100000000)
  eden space 160256K, 100% used [0x00000000d5580000,0x00000000df200000,0x00000000df200000)
  from space 15360K, 87% used [0x00000000e0a00000,0x00000000e1711e40,0x00000000e1900000)
  to   space 19968K, 0% used [0x00000000df200000,0x00000000df200000,0x00000000e0580000)
 ParOldGen       total 200704K, used 33417K [0x0000000080000000, 0x000000008c400000, 0x00000000d5580000)
  object space 200704K, 16% used [0x0000000080000000,0x00000000820a2760,0x000000008c400000)
 Metaspace       used 66606K, capacity 70542K, committed 70656K, reserved 1110016K
  class space    used 9215K, capacity 9919K, committed 9984K, reserved 1048576K
Event: 16.569 GC heap after
Heap after GC invocations=16 (full 3):
 PSYoungGen      total 180224K, used 17293K [0x00000000d5580000, 0x00000000e3680000, 0x0000000100000000)
  eden space 160256K, 0% used [0x00000000d5580000,0x00000000d5580000,0x00000000df200000)
  from space 19968K, 86% used [0x00000000df200000,0x00000000e02e3520,0x00000000e0580000)
  to   space 21504K, 0% used [0x00000000e2180000,0x00000000e2180000,0x00000000e3680000)
 ParOldGen       total 200704K, used 33425K [0x0000000080000000, 0x000000008c400000, 0x00000000d5580000)
  object space 200704K, 16% used [0x0000000080000000,0x00000000820a4760,0x000000008c400000)
 Metaspace       used 66606K, capacity 70542K, committed 70656K, reserved 1110016K
  class space    used 9215K, capacity 9919K, committed 9984K, reserved 1048576K
}

Deoptimization events (10 events):
Event: 1678.907 Thread 0x000000001ba0a000 Uncommon trap: reason=bimorphic action=maybe_recompile pc=0x000000000393234c method=org.gradle.internal.snapshot.SingletonChildMap.visitChildren(Ljava/util/function/BiConsumer;)V @ 15
Event: 1678.907 Thread 0x000000001ba0a000 Uncommon trap: reason=bimorphic action=maybe_recompile pc=0x000000000393234c method=org.gradle.internal.snapshot.SingletonChildMap.visitChildren(Ljava/util/function/BiConsumer;)V @ 15
Event: 1678.907 Thread 0x000000001ba0a000 Uncommon trap: reason=bimorphic action=maybe_recompile pc=0x000000000393234c method=org.gradle.internal.snapshot.SingletonChildMap.visitChildren(Ljava/util/function/BiConsumer;)V @ 15
Event: 1835.544 Thread 0x000000001bd04800 Uncommon trap: reason=class_check action=maybe_recompile pc=0x000000000407560c method=java.util.Collections$UnmodifiableCollection.contains(Ljava/lang/Object;)Z @ 5
Event: 1835.582 Thread 0x000000001b461000 Uncommon trap: reason=class_check action=maybe_recompile pc=0x000000000407560c method=java.util.Collections$UnmodifiableCollection.contains(Ljava/lang/Object;)Z @ 5
Event: 1835.582 Thread 0x000000001b461000 Uncommon trap: reason=class_check action=maybe_recompile pc=0x000000000407560c method=java.util.Collections$UnmodifiableCollection.contains(Ljava/lang/Object;)Z @ 5
Event: 1835.582 Thread 0x000000001b461000 Uncommon trap: reason=class_check action=maybe_recompile pc=0x000000000407560c method=java.util.Collections$UnmodifiableCollection.contains(Ljava/lang/Object;)Z @ 5
Event: 1835.589 Thread 0x000000001b461000 Uncommon trap: reason=bimorphic action=maybe_recompile pc=0x00000000040e28c8 method=java.util.stream.ReduceOps$ReduceOp.evaluateSequential(Ljava/util/stream/PipelineHelper;Ljava/util/Spliterator;)Ljava/lang/Object; @ 2
Event: 1835.594 Thread 0x000000001b461000 Uncommon trap: reason=unstable_if action=reinterpret pc=0x00000000044ae174 method=org.gradle.internal.operations.DefaultBuildOperationAncestryTracker.started(Lorg/gradle/internal/operations/BuildOperationDescriptor;Lorg/gradle/internal/operations/Operatio
Event: 1835.594 Thread 0x000000001b461000 Uncommon trap: reason=unstable_if action=reinterpret pc=0x000000000454bc54 method=org.gradle.internal.logging.sink.OutputEventTransformer.onOutput(Lorg/gradle/internal/logging/events/OutputEvent;)V @ 84

Classes redefined (0 events):
No events

Internal exceptions (10 events):
Event: 14.277 Thread 0x000000001d0a5800 Exception <a 'java/lang/NoSuchMethodError': java.lang.Object.lambda$flatMap$2(Ljava/util/function/Function;Ljava/lang/Object;)Lorg/gradle/internal/Try;> (0x00000000d565f538) thrown at [C:\src\AOSP-openjdk-git\hotspot\src\share\vm\interpreter\linkResolver.
Event: 14.316 Thread 0x000000001d09e800 Exception <a 'java/lang/NoSuchMethodError': java.lang.Object.lambda$flatMap$0(Ljava/lang/Throwable;)Lorg/gradle/api/internal/artifacts/transform/CacheableInvocation;> (0x00000000d5bb0940) thrown at [C:\src\AOSP-openjdk-git\hotspot\src\share\vm\interpreter
Event: 15.116 Thread 0x000000001b461000 Exception <a 'java/lang/NoSuchMethodError': <clinit>> (0x00000000d96dd7f0) thrown at [C:\src\AOSP-openjdk-git\hotspot\src\share\vm\prims\jni.cpp, line 1615]
Event: 15.681 Thread 0x000000001b461000 Exception <a 'java/lang/NoSuchMethodError': <clinit>> (0x00000000dbfc35e0) thrown at [C:\src\AOSP-openjdk-git\hotspot\src\share\vm\prims\jni.cpp, line 1615]
Event: 15.681 Thread 0x000000001b461000 Exception <a 'java/lang/NoSuchMethodError': <clinit>> (0x00000000dbfc4f58) thrown at [C:\src\AOSP-openjdk-git\hotspot\src\share\vm\prims\jni.cpp, line 1615]
Event: 15.681 Thread 0x000000001b461000 Exception <a 'java/lang/NoSuchMethodError': <clinit>> (0x00000000dbfcb278) thrown at [C:\src\AOSP-openjdk-git\hotspot\src\share\vm\prims\jni.cpp, line 1615]
Event: 15.683 Thread 0x000000001b461000 Exception <a 'java/lang/NoSuchMethodError': <clinit>> (0x00000000dbfe1798) thrown at [C:\src\AOSP-openjdk-git\hotspot\src\share\vm\prims\jni.cpp, line 1615]
Event: 15.683 Thread 0x000000001b461000 Exception <a 'java/lang/NoSuchMethodError': <clinit>> (0x00000000dbfe2c48) thrown at [C:\src\AOSP-openjdk-git\hotspot\src\share\vm\prims\jni.cpp, line 1615]
Event: 17.042 Thread 0x000000001ac4a000 Implicit null exception at 0x00000000044e4ecf to 0x00000000044e4f19
Event: 1835.594 Thread 0x000000001b461000 Implicit null exception at 0x0000000004548f7d to 0x000000000454bc35

Events (10 events):
Event: 1835.590 Executing VM operation: RevokeBias done
Event: 1835.594 Thread 0x000000001b461000 Uncommon trap: trap_request=0xffffff65 fr.pc=0x00000000044ae174
Event: 1835.594 Thread 0x000000001b461000 DEOPT PACKING pc=0x00000000044ae174 sp=0x000000001df7d120
Event: 1835.594 Thread 0x000000001b461000 DEOPT UNPACKING pc=0x0000000002dd557b sp=0x000000001df7d0b0 mode 2
Event: 1835.594 Thread 0x000000001b461000 Uncommon trap: trap_request=0xffffff65 fr.pc=0x000000000454bc54
Event: 1835.594 Thread 0x000000001b461000 DEOPT PACKING pc=0x000000000454bc54 sp=0x000000001df7cfb0
Event: 1835.594 Thread 0x000000001b461000 DEOPT UNPACKING pc=0x0000000002dd557b sp=0x000000001df7cf80 mode 2
Event: 1835.603 Thread 0x000000001b463800 Thread added: 0x000000001b463800
Event: 1835.605 Thread 0x000000001d09b000 Thread added: 0x000000001d09b000
Event: 1835.607 Thread 0x000000001d0a3000 Thread added: 0x000000001d0a3000


Dynamic libraries:
0x00007ff61c830000 - 0x00007ff61c861000 	C:\Program Files\Android\Android Studio\jre\bin\java.exe
0x00007ffbc8800000 - 0x00007ffbc8a07000 	C:\WINDOWS\SYSTEM32\ntdll.dll
0x00007ffbc7fe0000 - 0x00007ffbc809d000 	C:\WINDOWS\System32\KERNEL32.DLL
0x00007ffbc6310000 - 0x00007ffbc6684000 	C:\WINDOWS\System32\KERNELBASE.dll
0x00007ffbc6f20000 - 0x00007ffbc6fcc000 	C:\WINDOWS\System32\ADVAPI32.dll
0x00007ffbc82d0000 - 0x00007ffbc8373000 	C:\WINDOWS\System32\msvcrt.dll
0x00007ffbc8170000 - 0x00007ffbc820d000 	C:\WINDOWS\System32\sechost.dll
0x00007ffbc84f0000 - 0x00007ffbc8611000 	C:\WINDOWS\System32\RPCRT4.dll
0x00007ffbc67d0000 - 0x00007ffbc697c000 	C:\WINDOWS\System32\USER32.dll
0x00007ffbc5d80000 - 0x00007ffbc5da6000 	C:\WINDOWS\System32\win32u.dll
0x00007ffbc6ef0000 - 0x00007ffbc6f19000 	C:\WINDOWS\System32\GDI32.dll
0x00007ffbc6130000 - 0x00007ffbc6242000 	C:\WINDOWS\System32\gdi32full.dll
0x00007ffbc5ce0000 - 0x00007ffbc5d7d000 	C:\WINDOWS\System32\msvcp_win.dll
0x00007ffbc5fa0000 - 0x00007ffbc60b1000 	C:\WINDOWS\System32\ucrtbase.dll
0x00007ffbc1e70000 - 0x00007ffbc2115000 	C:\WINDOWS\WinSxS\amd64_microsoft.windows.common-controls_6595b64144ccf1df_6.0.22000.120_none_9d947278b86cc467\COMCTL32.dll
0x00007ffbc70f0000 - 0x00007ffbc7121000 	C:\WINDOWS\System32\IMM32.DLL
0x0000000071eb0000 - 0x0000000071f82000 	C:\Program Files\Android\Android Studio\jre\jre\bin\msvcr100.dll
0x0000000070ec0000 - 0x000000007170b000 	C:\Program Files\Android\Android Studio\jre\jre\bin\server\jvm.dll
0x00007ffbc7fb0000 - 0x00007ffbc7fb8000 	C:\WINDOWS\System32\PSAPI.DLL
0x00007ffbb6ad0000 - 0x00007ffbb6b03000 	C:\WINDOWS\SYSTEM32\WINMM.dll
0x00007ffbba020000 - 0x00007ffbba029000 	C:\WINDOWS\SYSTEM32\WSOCK32.dll
0x00007ffbbb5e0000 - 0x00007ffbbb5ea000 	C:\WINDOWS\SYSTEM32\VERSION.dll
0x00007ffbc7f40000 - 0x00007ffbc7faf000 	C:\WINDOWS\System32\WS2_32.dll
0x00007ffbb87b0000 - 0x00007ffbb87bf000 	C:\Program Files\Android\Android Studio\jre\jre\bin\verify.dll
0x00007ffbb6ea0000 - 0x00007ffbb6ec9000 	C:\Program Files\Android\Android Studio\jre\jre\bin\java.dll
0x00007ffbb73f0000 - 0x00007ffbb7406000 	C:\Program Files\Android\Android Studio\jre\jre\bin\zip.dll
0x00007ffbc72f0000 - 0x00007ffbc7a99000 	C:\WINDOWS\System32\SHELL32.dll
0x00007ffbc3e10000 - 0x00007ffbc4672000 	C:\WINDOWS\SYSTEM32\windows.storage.dll
0x00007ffbc7aa0000 - 0x00007ffbc7e18000 	C:\WINDOWS\System32\combase.dll
0x00007ffbc3ca0000 - 0x00007ffbc3e06000 	C:\WINDOWS\SYSTEM32\wintypes.dll
0x00007ffbc8400000 - 0x00007ffbc84ea000 	C:\WINDOWS\System32\SHCORE.dll
0x00007ffbc6770000 - 0x00007ffbc67cd000 	C:\WINDOWS\System32\shlwapi.dll
0x00007ffbc5c10000 - 0x00007ffbc5c31000 	C:\WINDOWS\SYSTEM32\profapi.dll
0x00007ffbb6c70000 - 0x00007ffbb6c8a000 	C:\Program Files\Android\Android Studio\jre\jre\bin\net.dll
0x00007ffbc5220000 - 0x00007ffbc5287000 	C:\WINDOWS\system32\mswsock.dll
0x00007ffbb4e40000 - 0x00007ffbb4e53000 	C:\Program Files\Android\Android Studio\jre\jre\bin\nio.dll
0x00007ffba91d0000 - 0x00007ffba91f7000 	C:\Users\Lenovo\.gradle\native\8bec1ad78214c89d9ad589b4d07fe93259594b29d510b10fafb7a158f7737e5d\windows-amd64\native-platform.dll
0x00007ffb8a240000 - 0x00007ffb8a37d000 	C:\Users\Lenovo\.gradle\native\53dbd7edfb1c66fb8903c78663c9afc45aea4f116125fa6feffd364cf09443e8\windows-amd64\native-platform-file-events.dll
0x00007ffbb86b0000 - 0x00007ffbb86bd000 	C:\Program Files\Android\Android Studio\jre\jre\bin\management.dll
0x00007ffbc5460000 - 0x00007ffbc5478000 	C:\WINDOWS\SYSTEM32\CRYPTSP.dll
0x00007ffbc4d40000 - 0x00007ffbc4d75000 	C:\WINDOWS\system32\rsaenh.dll
0x00007ffbc5310000 - 0x00007ffbc5339000 	C:\WINDOWS\SYSTEM32\USERENV.dll
0x00007ffbc55e0000 - 0x00007ffbc5607000 	C:\WINDOWS\SYSTEM32\bcrypt.dll
0x00007ffbc5db0000 - 0x00007ffbc5e30000 	C:\WINDOWS\System32\bcryptprimitives.dll
0x00007ffbc5480000 - 0x00007ffbc548c000 	C:\WINDOWS\SYSTEM32\CRYPTBASE.dll
0x00007ffbc4900000 - 0x00007ffbc492d000 	C:\WINDOWS\SYSTEM32\IPHLPAPI.DLL
0x00007ffbc7e20000 - 0x00007ffbc7e29000 	C:\WINDOWS\System32\NSI.dll
0x00007ffbba570000 - 0x00007ffbba589000 	C:\WINDOWS\SYSTEM32\dhcpcsvc6.DLL
0x00007ffbba550000 - 0x00007ffbba56e000 	C:\WINDOWS\SYSTEM32\dhcpcsvc.DLL
0x00007ffbc4930000 - 0x00007ffbc4a17000 	C:\WINDOWS\SYSTEM32\DNSAPI.dll

VM Arguments:
jvm_args: -Xmx2048m -Dfile.encoding=UTF-8 -Duser.country=ID -Duser.language=en -Duser.variant 
java_command: org.gradle.launcher.daemon.bootstrap.GradleDaemon 7.0.2
java_class_path (initial): C:\Users\Lenovo\.gradle\wrapper\dists\gradle-7.0.2-bin\857tjihv64xamwrf0h14cai3r\gradle-7.0.2\lib\gradle-launcher-7.0.2.jar
Launcher Type: SUN_STANDARD

Environment Variables:
PATH=C:\Program Files\ImageMagick-7.0.11-Q16-HDRI;C:\Program Files (x86)\VMware\VMware Player\bin\;C:\Windows\system32;C:\Windows;C:\Windows\System32\Wbem;C:\Windows\System32\WindowsPowerShell\v1.0\;C:\Windows\System32\OpenSSH\;C:\Program Files (x86)\NVIDIA Corporation\PhysX\Common;C:\Program Files\NVIDIA Corporation\NVIDIA NvDLISR;C:\src\flutter\bin;C:\Program Files\Git\cmd;C:\xampp\php;C:\ProgramData\ComposerSetup\bin;C:\Program Files\nodejs\;C:\Program Files\Docker\Docker\resources\bin;C:\ProgramData\DockerDesktop\version-bin;C:\Program Files\MongoDB\Server\4.4\bin;C:\MinGW\bin;C:\Program Files\dotnet\;C:\xampp\apache\bin;;%SystemRoot%\system32;%SystemRoot%;%SystemRoot%\System32\Wbem;%SYSTEMROOT%\System32\WindowsPowerShell\v1.0\;%SYSTEMROOT%\System32\OpenSSH\;C:\Users\Lenovo\AppData\Local\Programs\Python\Python39\Scripts\;C:\Users\Lenovo\AppData\Local\Programs\Python\Python39\;C:\Users\Lenovo\AppData\Local\Microsoft\WindowsApps;;C:\Users\Lenovo\AppData\Local\Programs\Microsoft VS Code\bin;C:\Users\Lenovo\AppData\Roaming\Composer\vendor\bin;C:\Program Files\heroku\bin;C:\Users\Lenovo\AppData\Roaming\npm
USERNAME=Lenovo
OS=Windows_NT
PROCESSOR_IDENTIFIER=Intel64 Family 6 Model 142 Stepping 11, GenuineIntel



---------------  S Y S T E M  ---------------

OS: Windows 10.0 , 64 bit Build 22000 (10.0.22000.120)

CPU:total 8 (initial active 8) (4 cores per cpu, 2 threads per core) family 6 model 142 stepping 11, cmov, cx8, fxsr, mmx, sse, sse2, sse3, ssse3, sse4.1, sse4.2, popcnt, avx, avx2, aes, clmul, erms, 3dnowpref, lzcnt, ht, tsc, tscinvbit, bmi1, bmi2, adx

Memory: 4k page, physical 12392180k(1454760k free), swap 12392180k(5120k free)

vm_info: OpenJDK 64-Bit Server VM (25.242-b01) for windows-amd64 JRE (1.8.0_242-release-1644-b01), built by "builder" with MS VC++ 10.0 (VS2010)

time: Thu Nov 04 08:29:43 2021
timezone: SE Asia Standard Time
elapsed time: 1835 seconds (0d 0h 30m 35s)

