#
# There is insufficient memory for the Java Runtime Environment to continue.
# Native memory allocation (malloc) failed to allocate 1554464 bytes for Chunk::new
# Possible reasons:
#   The system is out of physical RAM or swap space
#   The process is running with CompressedOops enabled, and the Java Heap may be blocking the growth of the native heap
# Possible solutions:
#   Reduce memory load on the system
#   Increase physical memory or swap space
#   Check if swap backing store is full
#   Decrease Java heap size (-Xmx/-Xms)
#   Decrease number of Java threads
#   Decrease Java thread stack sizes (-Xss)
#   Set larger code cache with -XX:ReservedCodeCacheSize=
#   JVM is running with Unscaled Compressed Oops mode in which the Java heap is
#     placed in the first 4GB address space. The Java Heap base address is the
#     maximum limit for the native heap growth. Please use -XX:HeapBaseMinAddress
#     to set the Java Heap base and to place the Java Heap above 4GB virtual address.
# This output file may be truncated or incomplete.
#
#  Out of Memory Error (allocation.cpp:389), pid=15184, tid=0x0000000000003948
#
# JRE version: OpenJDK Runtime Environment (8.0_242-b01) (build 1.8.0_242-release-1644-b01)
# Java VM: OpenJDK 64-Bit Server VM (25.242-b01 mixed mode windows-amd64 compressed oops)
# Failed to write core dump. Minidumps are not enabled by default on client versions of Windows
#

---------------  T H R E A D  ---------------

Current thread (0x00000000196a1000):  JavaThread "C2 CompilerThread0" daemon [_thread_in_native, id=14664, stack(0x0000000019f90000,0x000000001a090000)]

Stack: [0x0000000019f90000,0x000000001a090000]
[error occurred during error reporting (printing stack bounds), id 0xc0000005]

Native frames: (J=compiled Java code, j=interpreted, Vv=VM code, C=native code)


Current CompileTask:
C2:   8078 4853   !   4       com.sun.beans.TypeResolver::resolve (274 bytes)


---------------  P R O C E S S  ---------------

Java Threads: ( => current thread )
  0x0000000020e9c800 JavaThread "Memory manager" [_thread_blocked, id=3228, stack(0x0000000025d20000,0x0000000025e20000)]
  0x0000000020ea1000 JavaThread "jar transforms Thread 8" [_thread_blocked, id=8468, stack(0x0000000025420000,0x0000000025520000)]
  0x0000000020e9c000 JavaThread "jar transforms Thread 7" [_thread_blocked, id=19316, stack(0x0000000025320000,0x0000000025420000)]
  0x000000001ebae000 JavaThread "jar transforms Thread 6" [_thread_blocked, id=7568, stack(0x0000000025220000,0x0000000025320000)]
  0x000000001ebad000 JavaThread "jar transforms Thread 5" [_thread_blocked, id=6796, stack(0x0000000025120000,0x0000000025220000)]
  0x000000001ebaf800 JavaThread "jar transforms Thread 4" [_thread_blocked, id=17248, stack(0x0000000025020000,0x0000000025120000)]
  0x000000001ebae800 JavaThread "Build operations Thread 8" [_thread_blocked, id=15940, stack(0x0000000024f20000,0x0000000025020000)]
  0x000000001ebac800 JavaThread "Build operations Thread 7" [_thread_blocked, id=9468, stack(0x0000000024e20000,0x0000000024f20000)]
  0x000000001eba5000 JavaThread "Build operations Thread 6" [_thread_blocked, id=20608, stack(0x0000000024d20000,0x0000000024e20000)]
  0x000000001ebab800 JavaThread "Build operations Thread 5" [_thread_blocked, id=20672, stack(0x0000000024c20000,0x0000000024d20000)]
  0x000000001eba4000 JavaThread "Build operations Thread 4" [_thread_blocked, id=10096, stack(0x0000000024b20000,0x0000000024c20000)]
  0x000000001ebab000 JavaThread "Build operations Thread 3" [_thread_blocked, id=12016, stack(0x0000000024a20000,0x0000000024b20000)]
  0x000000001eba8800 JavaThread "Build operations Thread 2" [_thread_blocked, id=13972, stack(0x0000000024820000,0x0000000024920000)]
  0x000000001eba9800 JavaThread "Build operations" [_thread_blocked, id=1636, stack(0x0000000024720000,0x0000000024820000)]
  0x000000001ebaa000 JavaThread "Cache worker for Build Output Cleanup Cache (D:\semester-5\pemrograman-perangkat-bergerak\GPS\.gradle\buildOutputCleanup)" [_thread_blocked, id=21024, stack(0x0000000024420000,0x0000000024520000)]
  0x000000001eba1000 JavaThread "jar transforms Thread 3" [_thread_blocked, id=14308, stack(0x0000000024320000,0x0000000024420000)]
  0x000000001eba3800 JavaThread "Cache worker for dependencies-accessors (D:\semester-5\pemrograman-perangkat-bergerak\GPS\.gradle\7.0.2\dependencies-accessors)" [_thread_blocked, id=19280, stack(0x0000000023c10000,0x0000000023d10000)]
  0x000000001eba2800 JavaThread "Cache worker for file content cache (C:\Users\Lenovo\.gradle\caches\7.0.2\fileContent)" [_thread_blocked, id=18740, stack(0x0000000023b10000,0x0000000023c10000)]
  0x000000001eba5800 JavaThread "jar transforms Thread 2" [_thread_blocked, id=292, stack(0x0000000023a10000,0x0000000023b10000)]
  0x000000001eba6800 JavaThread "jar transforms" [_thread_blocked, id=20684, stack(0x0000000023910000,0x0000000023a10000)]
  0x000000001b3ce800 JavaThread "Cache worker for execution history cache (C:\Users\Lenovo\.gradle\caches\7.0.2\executionHistory)" [_thread_blocked, id=20164, stack(0x0000000023210000,0x0000000023310000)]
  0x000000001b3ce000 JavaThread "Cache worker for cache directory md-rule (C:\Users\Lenovo\.gradle\caches\7.0.2\md-rule)" [_thread_blocked, id=4456, stack(0x0000000021ac0000,0x0000000021bc0000)]
  0x000000001b3d4800 JavaThread "Cache worker for cache directory md-supplier (C:\Users\Lenovo\.gradle\caches\7.0.2\md-supplier)" [_thread_blocked, id=7632, stack(0x0000000020860000,0x0000000020960000)]
  0x000000001b3d2800 JavaThread "Cache worker for checksums cache (D:\semester-5\pemrograman-perangkat-bergerak\GPS\.gradle\checksums)" [_thread_blocked, id=18004, stack(0x0000000020760000,0x0000000020860000)]
  0x000000001b3d1800 JavaThread "File watcher consumer" daemon [_thread_blocked, id=4088, stack(0x0000000021c90000,0x0000000021d90000)]
  0x000000001b3d1000 JavaThread "File watcher server" daemon [_thread_in_native, id=17464, stack(0x00000000209f0000,0x0000000020af0000)]
  0x000000001b3d4000 JavaThread "Cache worker for file hash cache (D:\semester-5\pemrograman-perangkat-bergerak\GPS\.gradle\7.0.2\fileHashes)" [_thread_blocked, id=13920, stack(0x0000000020660000,0x0000000020760000)]
  0x000000001b3d0000 JavaThread "Cache worker for journal cache (C:\Users\Lenovo\.gradle\caches\journal-1)" [_thread_blocked, id=15496, stack(0x000000001f590000,0x000000001f690000)]
  0x000000001b3cf800 JavaThread "File lock request listener" [_thread_in_native, id=1300, stack(0x000000001e2c0000,0x000000001e3c0000)]
  0x000000001b3d3000 JavaThread "Cache worker for file hash cache (C:\Users\Lenovo\.gradle\caches\7.0.2\fileHashes)" [_thread_blocked, id=3824, stack(0x000000001e1c0000,0x000000001e2c0000)]
  0x000000001c703800 JavaThread "Daemon client event forwarder" [_thread_blocked, id=9236, stack(0x000000001dec0000,0x000000001dfc0000)]
  0x000000001c700800 JavaThread "Stdin handler" [_thread_blocked, id=16324, stack(0x000000001ddc0000,0x000000001dec0000)]
  0x000000001a6d2800 JavaThread "Asynchronous log dispatcher for DefaultDaemonConnection: socket connection from /127.0.0.1:63953 to /127.0.0.1:63954" [_thread_blocked, id=12988, stack(0x000000001dcc0000,0x000000001ddc0000)]
  0x00000000197ca800 JavaThread "Daemon worker" [_thread_in_Java, id=21128, stack(0x000000001dbc0000,0x000000001dcc0000)]
  0x000000001a726800 JavaThread "Cancel handler" [_thread_blocked, id=10144, stack(0x000000001dac0000,0x000000001dbc0000)]
  0x000000001a7cb000 JavaThread "Handler for socket connection from /127.0.0.1:63953 to /127.0.0.1:63954" [_thread_in_native, id=19924, stack(0x000000001d9c0000,0x000000001dac0000)]
  0x000000001a7cd800 JavaThread "Daemon" [_thread_blocked, id=4584, stack(0x000000001d8c0000,0x000000001d9c0000)]
  0x000000001a7c6800 JavaThread "Daemon periodic checks" [_thread_blocked, id=21220, stack(0x000000001d5c0000,0x000000001d6c0000)]
  0x000000001a6df800 JavaThread "Incoming local TCP Connector on port 63953" [_thread_in_native, id=6828, stack(0x000000001d370000,0x000000001d470000)]
  0x000000001c66e000 JavaThread "Daemon health stats" [_thread_blocked, id=18988, stack(0x000000001cf30000,0x000000001d030000)]
  0x000000001973b800 JavaThread "Service Thread" daemon [_thread_blocked, id=5812, stack(0x000000001a390000,0x000000001a490000)]
  0x00000000196b2000 JavaThread "C1 CompilerThread3" daemon [_thread_blocked, id=14004, stack(0x000000001a290000,0x000000001a390000)]
  0x00000000196ab800 JavaThread "C2 CompilerThread2" daemon [_thread_blocked, id=20520, stack(0x000000001a190000,0x000000001a290000)]
  0x00000000196a3800 JavaThread "C2 CompilerThread1" daemon [_thread_in_native, id=10064, stack(0x000000001a090000,0x000000001a190000)]
=>0x00000000196a1000 JavaThread "C2 CompilerThread0" daemon [_thread_in_native, id=14664, stack(0x0000000019f90000,0x000000001a090000)]
  0x00000000196a0000 JavaThread "Attach Listener" daemon [_thread_blocked, id=14672, stack(0x0000000019e90000,0x0000000019f90000)]
  0x000000001969f000 JavaThread "Signal Dispatcher" daemon [_thread_blocked, id=12340, stack(0x0000000019d90000,0x0000000019e90000)]
  0x00000000027f9000 JavaThread "Finalizer" daemon [_thread_blocked, id=17888, stack(0x0000000019b70000,0x0000000019c70000)]
  0x000000001789c000 JavaThread "Reference Handler" daemon [_thread_blocked, id=11112, stack(0x0000000019a70000,0x0000000019b70000)]
  0x00000000025ee000 JavaThread "main" [_thread_blocked, id=16792, stack(0x00000000025f0000,0x00000000026f0000)]

Other Threads:
  0x0000000017897800 VMThread [stack: 0x0000000019570000,0x0000000019670000] [id=9844]
  0x000000001973c000 WatcherThread [stack: 0x000000001a490000,0x000000001a590000] [id=1264]

VM state:not at safepoint (normal execution)

VM Mutex/Monitor currently owned by a thread: None

heap address: 0x0000000080000000, size: 2048 MB, Compressed Oops mode: 32-bit
Narrow klass base: 0x0000000000000000, Narrow klass shift: 3
Compressed class space size: 1073741824 Address: 0x0000000100000000

Heap:
 PSYoungGen      total 205824K, used 171923K [0x00000000d5580000, 0x00000000e3000000, 0x0000000100000000)
  eden space 194048K, 82% used [0x00000000d5580000,0x00000000df1e93b0,0x00000000e1300000)
  from space 11776K, 99% used [0x00000000e2100000,0x00000000e2c7b8c0,0x00000000e2c80000)
  to   space 14336K, 0% used [0x00000000e1300000,0x00000000e1300000,0x00000000e2100000)
 ParOldGen       total 82944K, used 17459K [0x0000000080000000, 0x0000000085100000, 0x00000000d5580000)
  object space 82944K, 21% used [0x0000000080000000,0x000000008110cd18,0x0000000085100000)
 Metaspace       used 55958K, capacity 58628K, committed 58880K, reserved 1099776K
  class space    used 7636K, capacity 8152K, committed 8192K, reserved 1048576K

Card table byte_map: [0x0000000011bc0000,0x0000000011fd0000] byte_map_base: 0x00000000117c0000

Marking Bits: (ParMarkBitMap*) 0x0000000071f0f030
 Begin Bits: [0x0000000012a80000, 0x0000000014a80000)
 End Bits:   [0x0000000014a80000, 0x0000000016a80000)

Polling page: 0x0000000000960000

CodeCache: size=245760Kb used=15849Kb max_used=15853Kb free=229910Kb
 bounds [0x0000000002800000, 0x0000000003790000, 0x0000000011800000]
 total_blobs=5343 nmethods=4554 adapters=701
 compilation: enabled

Compilation events (10 events):
Event: 8.051 Thread 0x00000000196b2000 nmethod 5011 0x0000000003785f50 code [0x00000000037860e0, 0x00000000037865a8]
Event: 8.051 Thread 0x00000000196ab800 nmethod 5012 0x0000000003729e50 code [0x0000000003729f80, 0x0000000003729fd8]
Event: 8.053 Thread 0x00000000196b2000 5013       3       org.gradle.api.internal.DefaultNamedDomainObjectCollection$AbstractDomainObjectCreatingProvider::getName (5 bytes)
Event: 8.053 Thread 0x00000000196b2000 nmethod 5013 0x0000000003785c10 code [0x0000000003785d60, 0x0000000003785ed0]
Event: 8.055 Thread 0x00000000196b2000 5014       3       org.gradle.api.internal.provider.AbstractProperty::setSupplier (20 bytes)
Event: 8.056 Thread 0x00000000196b2000 nmethod 5014 0x00000000037800d0 code [0x0000000003780260, 0x0000000003780878]
Event: 8.056 Thread 0x00000000196b2000 5015       3       org.gradle.api.internal.provider.AbstractProperty$NonFinalizedValue::explicitValue (7 bytes)
Event: 8.056 Thread 0x00000000196b2000 nmethod 5015 0x00000000037858d0 code [0x0000000003785a20, 0x0000000003785b70]
Event: 8.057 Thread 0x00000000196b2000 5016       3       jdk.internal.org.objectweb.asm.ByteVector::putInt (74 bytes)
Event: 8.057 Thread 0x00000000196b2000 nmethod 5016 0x000000000377fb50 code [0x000000000377fcc0, 0x000000000377ff48]

GC Heap History (10 events):
Event: 2.794 GC heap before
{Heap before GC invocations=6 (full 1):
 PSYoungGen      total 105984K, used 7658K [0x00000000d5580000, 0x00000000e2c80000, 0x0000000100000000)
  eden space 98304K, 0% used [0x00000000d5580000,0x00000000d5580000,0x00000000db580000)
  from space 7680K, 99% used [0x00000000db580000,0x00000000dbcfa8b0,0x00000000dbd00000)
  to   space 11776K, 0% used [0x00000000e2100000,0x00000000e2100000,0x00000000e2c80000)
 ParOldGen       total 130048K, used 4955K [0x0000000080000000, 0x0000000087f00000, 0x00000000d5580000)
  object space 130048K, 3% used [0x0000000080000000,0x00000000804d6c58,0x0000000087f00000)
 Metaspace       used 20472K, capacity 21248K, committed 21296K, reserved 1067008K
  class space    used 2960K, capacity 3194K, committed 3200K, reserved 1048576K
Event: 2.836 GC heap after
Heap after GC invocations=6 (full 1):
 PSYoungGen      total 105984K, used 0K [0x00000000d5580000, 0x00000000e2c80000, 0x0000000100000000)
  eden space 98304K, 0% used [0x00000000d5580000,0x00000000d5580000,0x00000000db580000)
  from space 7680K, 0% used [0x00000000db580000,0x00000000db580000,0x00000000dbd00000)
  to   space 11776K, 0% used [0x00000000e2100000,0x00000000e2100000,0x00000000e2c80000)
 ParOldGen       total 82944K, used 9357K [0x0000000080000000, 0x0000000085100000, 0x00000000d5580000)
  object space 82944K, 11% used [0x0000000080000000,0x0000000080923440,0x0000000085100000)
 Metaspace       used 20472K, capacity 21248K, committed 21296K, reserved 1067008K
  class space    used 2960K, capacity 3194K, committed 3200K, reserved 1048576K
}
Event: 3.732 GC heap before
{Heap before GC invocations=7 (full 1):
 PSYoungGen      total 105984K, used 97879K [0x00000000d5580000, 0x00000000e2c80000, 0x0000000100000000)
  eden space 98304K, 99% used [0x00000000d5580000,0x00000000db515e40,0x00000000db580000)
  from space 7680K, 0% used [0x00000000db580000,0x00000000db580000,0x00000000dbd00000)
  to   space 11776K, 0% used [0x00000000e2100000,0x00000000e2100000,0x00000000e2c80000)
 ParOldGen       total 82944K, used 9357K [0x0000000080000000, 0x0000000085100000, 0x00000000d5580000)
  object space 82944K, 11% used [0x0000000080000000,0x0000000080923440,0x0000000085100000)
 Metaspace       used 29659K, capacity 30882K, committed 31232K, reserved 1075200K
  class space    used 4241K, capacity 4513K, committed 4608K, reserved 1048576K
Event: 3.741 GC heap after
Heap after GC invocations=7 (full 1):
 PSYoungGen      total 162816K, used 11292K [0x00000000d5580000, 0x00000000e2c80000, 0x0000000100000000)
  eden space 151040K, 0% used [0x00000000d5580000,0x00000000d5580000,0x00000000de900000)
  from space 11776K, 95% used [0x00000000e2100000,0x00000000e2c07230,0x00000000e2c80000)
  to   space 13312K, 0% used [0x00000000e1280000,0x00000000e1280000,0x00000000e1f80000)
 ParOldGen       total 82944K, used 9365K [0x0000000080000000, 0x0000000085100000, 0x00000000d5580000)
  object space 82944K, 11% used [0x0000000080000000,0x0000000080925440,0x0000000085100000)
 Metaspace       used 29659K, capacity 30882K, committed 31232K, reserved 1075200K
  class space    used 4241K, capacity 4513K, committed 4608K, reserved 1048576K
}
Event: 4.278 GC heap before
{Heap before GC invocations=8 (full 1):
 PSYoungGen      total 162816K, used 85783K [0x00000000d5580000, 0x00000000e2c80000, 0x0000000100000000)
  eden space 151040K, 49% used [0x00000000d5580000,0x00000000d9e3eaa8,0x00000000de900000)
  from space 11776K, 95% used [0x00000000e2100000,0x00000000e2c07230,0x00000000e2c80000)
  to   space 13312K, 0% used [0x00000000e1280000,0x00000000e1280000,0x00000000e1f80000)
 ParOldGen       total 82944K, used 9365K [0x0000000080000000, 0x0000000085100000, 0x00000000d5580000)
  object space 82944K, 11% used [0x0000000080000000,0x0000000080925440,0x0000000085100000)
 Metaspace       used 34079K, capacity 35454K, committed 35496K, reserved 1079296K
  class space    used 4751K, capacity 5078K, committed 5120K, reserved 1048576K
Event: 4.287 GC heap after
Heap after GC invocations=8 (full 1):
 PSYoungGen      total 164352K, used 10569K [0x00000000d5580000, 0x00000000e2c80000, 0x0000000100000000)
  eden space 151040K, 0% used [0x00000000d5580000,0x00000000d5580000,0x00000000de900000)
  from space 13312K, 79% used [0x00000000e1280000,0x00000000e1cd2780,0x00000000e1f80000)
  to   space 11776K, 0% used [0x00000000e2100000,0x00000000e2100000,0x00000000e2c80000)
 ParOldGen       total 82944K, used 9373K [0x0000000080000000, 0x0000000085100000, 0x00000000d5580000)
  object space 82944K, 11% used [0x0000000080000000,0x0000000080927440,0x0000000085100000)
 Metaspace       used 34079K, capacity 35454K, committed 35496K, reserved 1079296K
  class space    used 4751K, capacity 5078K, committed 5120K, reserved 1048576K
}
Event: 4.287 GC heap before
{Heap before GC invocations=9 (full 2):
 PSYoungGen      total 164352K, used 10569K [0x00000000d5580000, 0x00000000e2c80000, 0x0000000100000000)
  eden space 151040K, 0% used [0x00000000d5580000,0x00000000d5580000,0x00000000de900000)
  from space 13312K, 79% used [0x00000000e1280000,0x00000000e1cd2780,0x00000000e1f80000)
  to   space 11776K, 0% used [0x00000000e2100000,0x00000000e2100000,0x00000000e2c80000)
 ParOldGen       total 82944K, used 9373K [0x0000000080000000, 0x0000000085100000, 0x00000000d5580000)
  object space 82944K, 11% used [0x0000000080000000,0x0000000080927440,0x0000000085100000)
 Metaspace       used 34079K, capacity 35454K, committed 35496K, reserved 1079296K
  class space    used 4751K, capacity 5078K, committed 5120K, reserved 1048576K
Event: 4.364 GC heap after
Heap after GC invocations=9 (full 2):
 PSYoungGen      total 164352K, used 0K [0x00000000d5580000, 0x00000000e2c80000, 0x0000000100000000)
  eden space 151040K, 0% used [0x00000000d5580000,0x00000000d5580000,0x00000000de900000)
  from space 13312K, 0% used [0x00000000e1280000,0x00000000e1280000,0x00000000e1f80000)
  to   space 11776K, 0% used [0x00000000e2100000,0x00000000e2100000,0x00000000e2c80000)
 ParOldGen       total 82944K, used 17304K [0x0000000080000000, 0x0000000085100000, 0x00000000d5580000)
  object space 82944K, 20% used [0x0000000080000000,0x00000000810e6358,0x0000000085100000)
 Metaspace       used 34079K, capacity 35454K, committed 35496K, reserved 1079296K
  class space    used 4751K, capacity 5078K, committed 5120K, reserved 1048576K
}
Event: 5.981 GC heap before
{Heap before GC invocations=10 (full 2):
 PSYoungGen      total 164352K, used 151040K [0x00000000d5580000, 0x00000000e2c80000, 0x0000000100000000)
  eden space 151040K, 100% used [0x00000000d5580000,0x00000000de900000,0x00000000de900000)
  from space 13312K, 0% used [0x00000000e1280000,0x00000000e1280000,0x00000000e1f80000)
  to   space 11776K, 0% used [0x00000000e2100000,0x00000000e2100000,0x00000000e2c80000)
 ParOldGen       total 82944K, used 17304K [0x0000000080000000, 0x0000000085100000, 0x00000000d5580000)
  object space 82944K, 20% used [0x0000000080000000,0x00000000810e6358,0x0000000085100000)
 Metaspace       used 41772K, capacity 43862K, committed 44160K, reserved 1087488K
  class space    used 5793K, capacity 6194K, committed 6272K, reserved 1048576K
Event: 5.989 GC heap after
Heap after GC invocations=10 (full 2):
 PSYoungGen      total 205824K, used 11758K [0x00000000d5580000, 0x00000000e3000000, 0x0000000100000000)
  eden space 194048K, 0% used [0x00000000d5580000,0x00000000d5580000,0x00000000e1300000)
  from space 11776K, 99% used [0x00000000e2100000,0x00000000e2c7b8c0,0x00000000e2c80000)
  to   space 14336K, 0% used [0x00000000e1300000,0x00000000e1300000,0x00000000e2100000)
 ParOldGen       total 82944K, used 17459K [0x0000000080000000, 0x0000000085100000, 0x00000000d5580000)
  object space 82944K, 21% used [0x0000000080000000,0x000000008110cd18,0x0000000085100000)
 Metaspace       used 41772K, capacity 43862K, committed 44160K, reserved 1087488K
  class space    used 5793K, capacity 6194K, committed 6272K, reserved 1048576K
}

Deoptimization events (10 events):
Event: 6.961 Thread 0x00000000197ca800 Uncommon trap: reason=unstable_if action=reinterpret pc=0x00000000033108f0 method=org.gradle.internal.reflect.PropertyAccessorType.of(Ljava/lang/reflect/Method;)Lorg/gradle/internal/reflect/PropertyAccessorType; @ 56
Event: 7.322 Thread 0x00000000197ca800 Uncommon trap: reason=unstable_if action=reinterpret pc=0x000000000363e234 method=com.sun.org.apache.xerces.internal.impl.XMLEntityScanner.checkBeforeLoad(Lcom/sun/xml/internal/stream/Entity$ScannedEntity;II)I @ 18
Event: 7.414 Thread 0x00000000197ca800 Uncommon trap: reason=unstable_if action=reinterpret pc=0x000000000298d270 method=org.gradle.internal.instantiation.generator.AbstractClassGenerator$InjectionAnnotationValidator.validateMethod(Ljava/lang/reflect/Method;Lorg/gradle/internal/reflect/Propert
Event: 7.414 Thread 0x00000000197ca800 Uncommon trap: reason=unstable_if action=reinterpret pc=0x0000000002938ed0 method=org.gradle.internal.instantiation.generator.AbstractClassGenerator$InjectionAnnotationValidator.validateMethod(Ljava/lang/reflect/Method;Lorg/gradle/internal/reflect/Propert
Event: 7.414 Thread 0x00000000197ca800 Uncommon trap: reason=class_check action=maybe_recompile pc=0x0000000003600a8c method=com.google.common.reflect.TypeVisitor.visit([Ljava/lang/reflect/Type;)V @ 99
Event: 7.414 Thread 0x00000000197ca800 Uncommon trap: reason=class_check action=maybe_recompile pc=0x0000000003600a8c method=com.google.common.reflect.TypeVisitor.visit([Ljava/lang/reflect/Type;)V @ 99
Event: 7.414 Thread 0x00000000197ca800 Uncommon trap: reason=class_check action=maybe_recompile pc=0x0000000003601c5c method=com.google.common.reflect.TypeVisitor.visit([Ljava/lang/reflect/Type;)V @ 96
Event: 7.414 Thread 0x00000000197ca800 Uncommon trap: reason=class_check action=maybe_recompile pc=0x0000000003601c5c method=com.google.common.reflect.TypeVisitor.visit([Ljava/lang/reflect/Type;)V @ 96
Event: 7.482 Thread 0x00000000197ca800 Uncommon trap: reason=null_check action=make_not_entrant pc=0x000000000304f3e0 method=java.lang.Class.searchMethods([Ljava/lang/reflect/Method;Ljava/lang/String;[Ljava/lang/Class;)Ljava/lang/reflect/Method; @ 59
Event: 7.926 Thread 0x00000000197ca800 Uncommon trap: reason=unstable_if action=reinterpret pc=0x0000000002a00c60 method=jdk.internal.org.objectweb.asm.ByteVector.putInt(I)Ljdk/internal/org/objectweb/asm/ByteVector; @ 13

Classes redefined (0 events):
No events

Internal exceptions (10 events):
Event: 7.565 Thread 0x00000000197ca800 Exception <a 'java/lang/ClassNotFoundException': build_7kykf2hifmswifzxuogneyonr$_run_closure1$_closure4BeanInfo> (0x00000000dd548210) thrown at [C:\src\AOSP-openjdk-git\hotspot\src\share\vm\classfile\systemDictionary.cpp, line 210]
Event: 7.565 Thread 0x00000000197ca800 Exception <a 'java/lang/ClassNotFoundException': build_7kykf2hifmswifzxuogneyonr$_run_closure1$_closure4Customizer> (0x00000000dd55a520) thrown at [C:\src\AOSP-openjdk-git\hotspot\src\share\vm\classfile\systemDictionary.cpp, line 210]
Event: 7.567 Thread 0x00000000197ca800 Exception <a 'java/lang/ClassNotFoundException': build_7kykf2hifmswifzxuogneyonr$_run_closure1BeanInfo> (0x00000000dd5857a0) thrown at [C:\src\AOSP-openjdk-git\hotspot\src\share\vm\classfile\systemDictionary.cpp, line 210]
Event: 7.567 Thread 0x00000000197ca800 Exception <a 'java/lang/ClassNotFoundException': build_7kykf2hifmswifzxuogneyonr$_run_closure1Customizer> (0x00000000dd596508) thrown at [C:\src\AOSP-openjdk-git\hotspot\src\share\vm\classfile\systemDictionary.cpp, line 210]
Event: 7.576 Thread 0x00000000197ca800 Exception <a 'java/lang/ClassNotFoundException': org/gradle/api/JavaVersionBeanInfo> (0x00000000dd60d508) thrown at [C:\src\AOSP-openjdk-git\hotspot\src\share\vm\classfile\systemDictionary.cpp, line 210]
Event: 7.577 Thread 0x00000000197ca800 Exception <a 'java/lang/ClassNotFoundException': org/gradle/api/JavaVersionCustomizer> (0x00000000dd642360) thrown at [C:\src\AOSP-openjdk-git\hotspot\src\share\vm\classfile\systemDictionary.cpp, line 210]
Event: 7.579 Thread 0x00000000197ca800 Exception <a 'java/lang/ClassNotFoundException': com/android/build/gradle/internal/CompileOptions_DecoratedBeanInfo> (0x00000000dd6a9ab8) thrown at [C:\src\AOSP-openjdk-git\hotspot\src\share\vm\classfile\systemDictionary.cpp, line 210]
Event: 7.580 Thread 0x00000000197ca800 Exception <a 'java/lang/ClassNotFoundException': com/android/build/gradle/internal/CompileOptionsBeanInfo> (0x00000000dd6c4ee0) thrown at [C:\src\AOSP-openjdk-git\hotspot\src\share\vm\classfile\systemDictionary.cpp, line 210]
Event: 7.580 Thread 0x00000000197ca800 Exception <a 'java/lang/ClassNotFoundException': com/android/build/gradle/internal/CompileOptionsCustomizer> (0x00000000dd6e0318) thrown at [C:\src\AOSP-openjdk-git\hotspot\src\share\vm\classfile\systemDictionary.cpp, line 210]
Event: 7.581 Thread 0x00000000197ca800 Exception <a 'java/lang/ClassNotFoundException': com/android/build/gradle/internal/CompileOptions_DecoratedCustomizer> (0x00000000dd710f80) thrown at [C:\src\AOSP-openjdk-git\hotspot\src\share\vm\classfile\systemDictionary.cpp, line 210]

Events (10 events):
Event: 8.073 loading class com/android/build/gradle/internal/tasks/ApkZipPackagingTask
Event: 8.073 loading class com/android/build/gradle/internal/tasks/ApkZipPackagingTask done
Event: 8.074 loading class com/android/build/gradle/internal/tasks/ApkZipPackagingTask$CreationAction$handleProvider$1
Event: 8.074 loading class com/android/build/gradle/internal/tasks/ApkZipPackagingTask$CreationAction$handleProvider$1 done
Event: 8.075 loading class com/android/build/gradle/internal/tasks/featuresplit/FeatureSetMetadataWriterTask$CreationAction
Event: 8.075 loading class com/android/build/gradle/internal/tasks/featuresplit/FeatureSetMetadataWriterTask$CreationAction done
Event: 8.076 loading class com/android/build/gradle/internal/tasks/featuresplit/FeatureSetMetadataWriterTask
Event: 8.076 loading class com/android/build/gradle/internal/tasks/featuresplit/FeatureSetMetadataWriterTask done
Event: 8.076 loading class com/android/build/gradle/internal/tasks/featuresplit/FeatureSetMetadataWriterTask$CreationAction$handleProvider$1
Event: 8.076 loading class com/android/build/gradle/internal/tasks/featuresplit/FeatureSetMetadataWriterTask$CreationAction$handleProvider$1 done


Dynamic libraries:
0x00007ff727fa0000 - 0x00007ff727fd1000 	C:\Program Files\Android\Android Studio\jre\bin\java.exe
0x00007ffbc8800000 - 0x00007ffbc8a07000 	C:\WINDOWS\SYSTEM32\ntdll.dll
0x00007ffbc7fe0000 - 0x00007ffbc809d000 	C:\WINDOWS\System32\KERNEL32.DLL
0x00007ffbc6310000 - 0x00007ffbc6684000 	C:\WINDOWS\System32\KERNELBASE.dll
0x00007ffbc6f20000 - 0x00007ffbc6fcc000 	C:\WINDOWS\System32\ADVAPI32.dll
0x00007ffbc82d0000 - 0x00007ffbc8373000 	C:\WINDOWS\System32\msvcrt.dll
0x00007ffbc8170000 - 0x00007ffbc820d000 	C:\WINDOWS\System32\sechost.dll
0x00007ffbc84f0000 - 0x00007ffbc8611000 	C:\WINDOWS\System32\RPCRT4.dll
0x00007ffbc67d0000 - 0x00007ffbc697c000 	C:\WINDOWS\System32\USER32.dll
0x00007ffbc5d80000 - 0x00007ffbc5da6000 	C:\WINDOWS\System32\win32u.dll
0x00007ffbc6ef0000 - 0x00007ffbc6f19000 	C:\WINDOWS\System32\GDI32.dll
0x00007ffbc6130000 - 0x00007ffbc6242000 	C:\WINDOWS\System32\gdi32full.dll
0x00007ffbc5ce0000 - 0x00007ffbc5d7d000 	C:\WINDOWS\System32\msvcp_win.dll
0x00007ffbc5fa0000 - 0x00007ffbc60b1000 	C:\WINDOWS\System32\ucrtbase.dll
0x00007ffbc1e70000 - 0x00007ffbc2115000 	C:\WINDOWS\WinSxS\amd64_microsoft.windows.common-controls_6595b64144ccf1df_6.0.22000.120_none_9d947278b86cc467\COMCTL32.dll
0x00007ffbc70f0000 - 0x00007ffbc7121000 	C:\WINDOWS\System32\IMM32.DLL
0x0000000071550000 - 0x0000000071622000 	C:\Program Files\Android\Android Studio\jre\jre\bin\msvcr100.dll
0x0000000071740000 - 0x0000000071f8b000 	C:\Program Files\Android\Android Studio\jre\jre\bin\server\jvm.dll
0x00007ffbc7fb0000 - 0x00007ffbc7fb8000 	C:\WINDOWS\System32\PSAPI.DLL
0x00007ffbb6ad0000 - 0x00007ffbb6b03000 	C:\WINDOWS\SYSTEM32\WINMM.dll
0x00007ffbbb5e0000 - 0x00007ffbbb5ea000 	C:\WINDOWS\SYSTEM32\VERSION.dll
0x00007ffbba5f0000 - 0x00007ffbba5f9000 	C:\WINDOWS\SYSTEM32\WSOCK32.dll
0x00007ffbc7f40000 - 0x00007ffbc7faf000 	C:\WINDOWS\System32\WS2_32.dll
0x00007ffbba2a0000 - 0x00007ffbba2af000 	C:\Program Files\Android\Android Studio\jre\jre\bin\verify.dll
0x00007ffbb8460000 - 0x00007ffbb8489000 	C:\Program Files\Android\Android Studio\jre\jre\bin\java.dll
0x00007ffbb85d0000 - 0x00007ffbb85e6000 	C:\Program Files\Android\Android Studio\jre\jre\bin\zip.dll
0x00007ffbc72f0000 - 0x00007ffbc7a99000 	C:\WINDOWS\System32\SHELL32.dll
0x00007ffbc3e10000 - 0x00007ffbc4672000 	C:\WINDOWS\SYSTEM32\windows.storage.dll
0x00007ffbc7aa0000 - 0x00007ffbc7e18000 	C:\WINDOWS\System32\combase.dll
0x00007ffbc3ca0000 - 0x00007ffbc3e06000 	C:\WINDOWS\SYSTEM32\wintypes.dll
0x00007ffbc8400000 - 0x00007ffbc84ea000 	C:\WINDOWS\System32\SHCORE.dll
0x00007ffbc6770000 - 0x00007ffbc67cd000 	C:\WINDOWS\System32\shlwapi.dll
0x00007ffbc5c10000 - 0x00007ffbc5c31000 	C:\WINDOWS\SYSTEM32\profapi.dll
0x00007ffbb85a0000 - 0x00007ffbb85ba000 	C:\Program Files\Android\Android Studio\jre\jre\bin\net.dll
0x00007ffbc5220000 - 0x00007ffbc5287000 	C:\WINDOWS\system32\mswsock.dll
0x00007ffbb7440000 - 0x00007ffbb7453000 	C:\Program Files\Android\Android Studio\jre\jre\bin\nio.dll
0x00007ffbb6c60000 - 0x00007ffbb6c87000 	C:\Users\Lenovo\.gradle\native\8bec1ad78214c89d9ad589b4d07fe93259594b29d510b10fafb7a158f7737e5d\windows-amd64\native-platform.dll
0x00007ffb91930000 - 0x00007ffb91a6d000 	C:\Users\Lenovo\.gradle\native\53dbd7edfb1c66fb8903c78663c9afc45aea4f116125fa6feffd364cf09443e8\windows-amd64\native-platform-file-events.dll
0x00007ffbba240000 - 0x00007ffbba24d000 	C:\Program Files\Android\Android Studio\jre\jre\bin\management.dll
0x00007ffbc5460000 - 0x00007ffbc5478000 	C:\WINDOWS\SYSTEM32\CRYPTSP.dll
0x00007ffbc4d40000 - 0x00007ffbc4d75000 	C:\WINDOWS\system32\rsaenh.dll
0x00007ffbc5310000 - 0x00007ffbc5339000 	C:\WINDOWS\SYSTEM32\USERENV.dll
0x00007ffbc55e0000 - 0x00007ffbc5607000 	C:\WINDOWS\SYSTEM32\bcrypt.dll
0x00007ffbc5db0000 - 0x00007ffbc5e30000 	C:\WINDOWS\System32\bcryptprimitives.dll
0x00007ffbc5480000 - 0x00007ffbc548c000 	C:\WINDOWS\SYSTEM32\CRYPTBASE.dll
0x00007ffbc4900000 - 0x00007ffbc492d000 	C:\WINDOWS\SYSTEM32\IPHLPAPI.DLL
0x00007ffbc7e20000 - 0x00007ffbc7e29000 	C:\WINDOWS\System32\NSI.dll
0x00007ffbba570000 - 0x00007ffbba589000 	C:\WINDOWS\SYSTEM32\dhcpcsvc6.DLL
0x00007ffbba550000 - 0x00007ffbba56e000 	C:\WINDOWS\SYSTEM32\dhcpcsvc.DLL
0x00007ffbc4930000 - 0x00007ffbc4a17000 	C:\WINDOWS\SYSTEM32\DNSAPI.dll

VM Arguments:
jvm_args: -Xmx2048m -Dfile.encoding=UTF-8 -Duser.country=ID -Duser.language=en -Duser.variant 
java_command: org.gradle.launcher.daemon.bootstrap.GradleDaemon 7.0.2
java_class_path (initial): C:\Users\Lenovo\.gradle\wrapper\dists\gradle-7.0.2-all\7era6s5ay7zsbhuvl0oc9g94s\gradle-7.0.2\lib\gradle-launcher-7.0.2.jar
Launcher Type: SUN_STANDARD

Environment Variables:
PATH=C:\Program Files\ImageMagick-7.0.11-Q16-HDRI;C:\Program Files (x86)\VMware\VMware Player\bin\;C:\Windows\system32;C:\Windows;C:\Windows\System32\Wbem;C:\Windows\System32\WindowsPowerShell\v1.0\;C:\Windows\System32\OpenSSH\;C:\Program Files (x86)\NVIDIA Corporation\PhysX\Common;C:\Program Files\NVIDIA Corporation\NVIDIA NvDLISR;C:\src\flutter\bin;C:\Program Files\Git\cmd;C:\xampp\php;C:\ProgramData\ComposerSetup\bin;C:\Program Files\nodejs\;C:\Program Files\Docker\Docker\resources\bin;C:\ProgramData\DockerDesktop\version-bin;C:\Program Files\MongoDB\Server\4.4\bin;C:\MinGW\bin;C:\Program Files\dotnet\;C:\xampp\apache\bin;;%SystemRoot%\system32;%SystemRoot%;%SystemRoot%\System32\Wbem;%SYSTEMROOT%\System32\WindowsPowerShell\v1.0\;%SYSTEMROOT%\System32\OpenSSH\;C:\Users\Lenovo\AppData\Local\Programs\Python\Python39\Scripts\;C:\Users\Lenovo\AppData\Local\Programs\Python\Python39\;C:\Users\Lenovo\AppData\Local\Microsoft\WindowsApps;;C:\Users\Lenovo\AppData\Local\Programs\Microsoft VS Code\bin;C:\Users\Lenovo\AppData\Roaming\Composer\vendor\bin;C:\Program Files\heroku\bin;C:\Users\Lenovo\AppData\Roaming\npm
USERNAME=Lenovo
OS=Windows_NT
PROCESSOR_IDENTIFIER=Intel64 Family 6 Model 142 Stepping 11, GenuineIntel



---------------  S Y S T E M  ---------------

OS: Windows 10.0 , 64 bit Build 22000 (10.0.22000.120)

CPU:total 8 (initial active 8) (4 cores per cpu, 2 threads per core) family 6 model 142 stepping 11, cmov, cx8, fxsr, mmx, sse, sse2, sse3, ssse3, sse4.1, sse4.2, popcnt, avx, avx2, aes, clmul, erms, 3dnowpref, lzcnt, ht, tsc, tscinvbit, bmi1, bmi2, adx

Memory: 4k page, physical 12392180k(547252k free), swap 12392180k(5252k free)

vm_info: OpenJDK 64-Bit Server VM (25.242-b01) for windows-amd64 JRE (1.8.0_242-release-1644-b01), built by "builder" with MS VC++ 10.0 (VS2010)

time: Thu Nov 04 08:58:13 2021
timezone: SE Asia Standard Time
elapsed time: 8 seconds (0d 0h 0m 8s)

