#
# There is insufficient memory for the Java Runtime Environment to continue.
# Native memory allocation (malloc) failed to allocate 727776 bytes for Chunk::new
# Possible reasons:
#   The system is out of physical RAM or swap space
#   The process is running with CompressedOops enabled, and the Java Heap may be blocking the growth of the native heap
# Possible solutions:
#   Reduce memory load on the system
#   Increase physical memory or swap space
#   Check if swap backing store is full
#   Decrease Java heap size (-Xmx/-Xms)
#   Decrease number of Java threads
#   Decrease Java thread stack sizes (-Xss)
#   Set larger code cache with -XX:ReservedCodeCacheSize=
#   JVM is running with Unscaled Compressed Oops mode in which the Java heap is
#     placed in the first 4GB address space. The Java Heap base address is the
#     maximum limit for the native heap growth. Please use -XX:HeapBaseMinAddress
#     to set the Java Heap base and to place the Java Heap above 4GB virtual address.
# This output file may be truncated or incomplete.
#
#  Out of Memory Error (allocation.cpp:389), pid=12072, tid=0x0000000000000b18
#
# JRE version: OpenJDK Runtime Environment (8.0_242-b01) (build 1.8.0_242-release-1644-b01)
# Java VM: OpenJDK 64-Bit Server VM (25.242-b01 mixed mode windows-amd64 compressed oops)
# Failed to write core dump. Minidumps are not enabled by default on client versions of Windows
#

---------------  T H R E A D  ---------------

Current thread (0x0000000019fb9000):  JavaThread "C2 CompilerThread2" daemon [_thread_in_native, id=2840, stack(0x000000001aa80000,0x000000001ab80000)]

Stack: [0x000000001aa80000,0x000000001ab80000]
[error occurred during error reporting (printing stack bounds), id 0xc0000005]

Native frames: (J=compiled Java code, j=interpreted, Vv=VM code, C=native code)


Current CompileTask:
C2:   7758 5954       4       com.sun.beans.TypeResolver::resolve (37 bytes)


---------------  P R O C E S S  ---------------

Java Threads: ( => current thread )
  0x00000000203b8000 JavaThread "Memory manager" [_thread_blocked, id=21140, stack(0x0000000027ad0000,0x0000000027bd0000)]
  0x00000000203be000 JavaThread "Build operations Thread 8" [_thread_blocked, id=15476, stack(0x0000000026dd0000,0x0000000026ed0000)]
  0x00000000203bb800 JavaThread "Build operations Thread 7" [_thread_blocked, id=2504, stack(0x0000000026cd0000,0x0000000026dd0000)]
  0x00000000203b9800 JavaThread "Build operations Thread 6" [_thread_blocked, id=12780, stack(0x0000000026bd0000,0x0000000026cd0000)]
  0x000000002001c800 JavaThread "Build operations Thread 5" [_thread_blocked, id=16544, stack(0x0000000026ad0000,0x0000000026bd0000)]
  0x000000002001c000 JavaThread "Build operations Thread 4" [_thread_blocked, id=19704, stack(0x0000000025580000,0x0000000025680000)]
  0x000000002001e000 JavaThread "Build operations Thread 3" [_thread_blocked, id=11696, stack(0x0000000025480000,0x0000000025580000)]
  0x000000002001d800 JavaThread "Build operations Thread 2" [_thread_blocked, id=13208, stack(0x0000000025380000,0x0000000025480000)]
  0x000000002001f000 JavaThread "Build operations" [_thread_blocked, id=16372, stack(0x0000000025280000,0x0000000025380000)]
  0x000000002001b000 JavaThread "Cache worker for Build Output Cleanup Cache (D:\semester-5\pemrograman-perangkat-bergerak\GPS\.gradle\buildOutputCleanup)" [_thread_blocked, id=17944, stack(0x0000000025180000,0x0000000025280000)]
  0x000000002001a800 JavaThread "Cache worker for dependencies-accessors (D:\semester-5\pemrograman-perangkat-bergerak\GPS\.gradle\7.0.2\dependencies-accessors)" [_thread_blocked, id=3180, stack(0x0000000025080000,0x0000000025180000)]
  0x0000000020015000 JavaThread "Cache worker for file content cache (C:\Users\Lenovo\.gradle\caches\7.0.2\fileContent)" [_thread_blocked, id=20896, stack(0x00000000239b0000,0x0000000023ab0000)]
  0x0000000020014800 JavaThread "Cache worker for execution history cache (C:\Users\Lenovo\.gradle\caches\7.0.2\executionHistory)" [_thread_blocked, id=20312, stack(0x00000000233b0000,0x00000000234b0000)]
  0x0000000020018000 JavaThread "Cache worker for cache directory md-rule (C:\Users\Lenovo\.gradle\caches\7.0.2\md-rule)" [_thread_blocked, id=8936, stack(0x00000000232b0000,0x00000000233b0000)]
  0x0000000020013800 JavaThread "Cache worker for cache directory md-supplier (C:\Users\Lenovo\.gradle\caches\7.0.2\md-supplier)" [_thread_blocked, id=12700, stack(0x0000000022fb0000,0x00000000230b0000)]
  0x0000000020011800 JavaThread "Cache worker for checksums cache (D:\semester-5\pemrograman-perangkat-bergerak\GPS\.gradle\checksums)" [_thread_blocked, id=6332, stack(0x0000000022eb0000,0x0000000022fb0000)]
  0x0000000020012000 JavaThread "jar transforms Thread 8" [_thread_blocked, id=18928, stack(0x0000000022bb0000,0x0000000022cb0000)]
  0x0000000020010000 JavaThread "jar transforms Thread 7" [_thread_blocked, id=11972, stack(0x0000000022ab0000,0x0000000022bb0000)]
  0x0000000020010800 JavaThread "jar transforms Thread 6" [_thread_blocked, id=19668, stack(0x00000000229b0000,0x0000000022ab0000)]
  0x000000001b2ac000 JavaThread "jar transforms Thread 5" [_thread_blocked, id=8164, stack(0x00000000228b0000,0x00000000229b0000)]
  0x000000001b2ab000 JavaThread "jar transforms Thread 4" [_thread_blocked, id=20352, stack(0x0000000021250000,0x0000000021350000)]
  0x000000001b2a9800 JavaThread "jar transforms Thread 3" [_thread_blocked, id=12232, stack(0x0000000021150000,0x0000000021250000)]
  0x000000001b2b0800 JavaThread "jar transforms Thread 2" [_thread_blocked, id=18916, stack(0x0000000021050000,0x0000000021150000)]
  0x000000001b2ae000 JavaThread "jar transforms" [_thread_blocked, id=16704, stack(0x0000000020f50000,0x0000000021050000)]
  0x000000001b2ad800 JavaThread "File watcher consumer" daemon [_thread_blocked, id=21432, stack(0x00000000227b0000,0x00000000228b0000)]
  0x000000001b2aa800 JavaThread "File watcher server" daemon [_thread_in_native, id=21384, stack(0x00000000226b0000,0x00000000227b0000)]
  0x000000001b2ac800 JavaThread "Cache worker for file hash cache (D:\semester-5\pemrograman-perangkat-bergerak\GPS\.gradle\7.0.2\fileHashes)" [_thread_blocked, id=18036, stack(0x00000000225b0000,0x00000000226b0000)]
  0x000000001b2af000 JavaThread "Cache worker for journal cache (C:\Users\Lenovo\.gradle\caches\journal-1)" [_thread_blocked, id=15932, stack(0x000000001fe80000,0x000000001ff80000)]
  0x000000001b2af800 JavaThread "File lock request listener" [_thread_in_native, id=14568, stack(0x000000001ebb0000,0x000000001ecb0000)]
  0x000000001d42b800 JavaThread "Cache worker for file hash cache (C:\Users\Lenovo\.gradle\caches\7.0.2\fileHashes)" [_thread_blocked, id=18116, stack(0x000000001eab0000,0x000000001ebb0000)]
  0x000000001a0d1800 JavaThread "Daemon client event forwarder" [_thread_blocked, id=5420, stack(0x000000001e7b0000,0x000000001e8b0000)]
  0x000000001a0cf000 JavaThread "Stdin handler" [_thread_blocked, id=16144, stack(0x000000001e6b0000,0x000000001e7b0000)]
  0x000000001b488800 JavaThread "Asynchronous log dispatcher for DefaultDaemonConnection: socket connection from /127.0.0.1:63682 to /127.0.0.1:63683" [_thread_blocked, id=8376, stack(0x000000001e5b0000,0x000000001e6b0000)]
  0x000000001b487000 JavaThread "Daemon worker" [_thread_in_Java, id=13216, stack(0x000000001e4b0000,0x000000001e5b0000)]
  0x000000001b486000 JavaThread "Cancel handler" [_thread_blocked, id=14364, stack(0x000000001e3b0000,0x000000001e4b0000)]
  0x000000001b128800 JavaThread "Handler for socket connection from /127.0.0.1:63682 to /127.0.0.1:63683" [_thread_in_native, id=10712, stack(0x000000001e2b0000,0x000000001e3b0000)]
  0x000000001b126000 JavaThread "Daemon" [_thread_blocked, id=19416, stack(0x000000001e1b0000,0x000000001e2b0000)]
  0x000000001b0e1800 JavaThread "Daemon periodic checks" [_thread_blocked, id=4452, stack(0x000000001deb0000,0x000000001dfb0000)]
  0x000000001b09b800 JavaThread "Incoming local TCP Connector on port 63682" [_thread_in_native, id=21420, stack(0x000000001dc60000,0x000000001dd60000)]
  0x000000001bd21800 JavaThread "Daemon health stats" [_thread_blocked, id=15680, stack(0x000000001d820000,0x000000001d920000)]
  0x000000001a049000 JavaThread "Service Thread" daemon [_thread_blocked, id=16380, stack(0x000000001ac80000,0x000000001ad80000)]
  0x0000000019fbd800 JavaThread "C1 CompilerThread3" daemon [_thread_in_native, id=3332, stack(0x000000001ab80000,0x000000001ac80000)]
=>0x0000000019fb9000 JavaThread "C2 CompilerThread2" daemon [_thread_in_native, id=2840, stack(0x000000001aa80000,0x000000001ab80000)]
  0x0000000019fb7000 JavaThread "C2 CompilerThread1" daemon [_thread_in_native, id=19788, stack(0x000000001a980000,0x000000001aa80000)]
  0x0000000019fb3000 JavaThread "C2 CompilerThread0" daemon [_thread_in_native, id=13296, stack(0x000000001a880000,0x000000001a980000)]
  0x0000000019fb2800 JavaThread "Attach Listener" daemon [_thread_blocked, id=18880, stack(0x000000001a780000,0x000000001a880000)]
  0x0000000019fb6000 JavaThread "Signal Dispatcher" daemon [_thread_blocked, id=7788, stack(0x000000001a680000,0x000000001a780000)]
  0x0000000019fa0800 JavaThread "Finalizer" daemon [_thread_blocked, id=7696, stack(0x000000001a480000,0x000000001a580000)]
  0x000000001818c000 JavaThread "Reference Handler" daemon [_thread_blocked, id=4244, stack(0x000000001a380000,0x000000001a480000)]
  0x000000000301e000 JavaThread "main" [_thread_blocked, id=4252, stack(0x0000000002e30000,0x0000000002f30000)]

Other Threads:
  0x0000000018187800 VMThread [stack: 0x0000000019e80000,0x0000000019f80000] [id=13160]
  0x000000001a04a000 WatcherThread [stack: 0x000000001ad80000,0x000000001ae80000] [id=19572]

VM state:not at safepoint (normal execution)

VM Mutex/Monitor currently owned by a thread:  ([mutex/lock_event])
[0x0000000003021450] Compile_lock - owner thread: 0x0000000000000000

heap address: 0x0000000080000000, size: 2048 MB, Compressed Oops mode: 32-bit
Narrow klass base: 0x0000000000000000, Narrow klass shift: 3
Compressed class space size: 1073741824 Address: 0x0000000100000000

Heap:
 PSYoungGen      total 161280K, used 40724K [0x00000000d5580000, 0x00000000e2600000, 0x0000000100000000)
  eden space 145408K, 28% used [0x00000000d5580000,0x00000000d7d45148,0x00000000de380000)
  from space 15872K, 0% used [0x00000000de380000,0x00000000de380000,0x00000000df300000)
  to   space 19968K, 0% used [0x00000000e1280000,0x00000000e1280000,0x00000000e2600000)
 ParOldGen       total 80384K, used 34600K [0x0000000080000000, 0x0000000084e80000, 0x00000000d5580000)
  object space 80384K, 43% used [0x0000000080000000,0x00000000821ca3c8,0x0000000084e80000)
 Metaspace       used 59323K, capacity 62447K, committed 62720K, reserved 1105920K
  class space    used 8073K, capacity 8674K, committed 8704K, reserved 1048576K

Card table byte_map: [0x00000000124e0000,0x00000000128f0000] byte_map_base: 0x00000000120e0000

Marking Bits: (ParMarkBitMap*) 0x0000000071f0f030
 Begin Bits: [0x00000000133a0000, 0x00000000153a0000)
 End Bits:   [0x00000000153a0000, 0x00000000173a0000)

Polling page: 0x00000000015a0000

CodeCache: size=245760Kb used=17580Kb max_used=18162Kb free=228179Kb
 bounds [0x0000000003120000, 0x0000000004300000, 0x0000000012120000]
 total_blobs=6087 nmethods=5277 adapters=719
 compilation: enabled

Compilation events (10 events):
Event: 7.745 Thread 0x0000000019fbd800 5973       3       java.util.LinkedList$ListItr::set (28 bytes)
Event: 7.746 Thread 0x0000000019fbd800 nmethod 5973 0x00000000032b6b10 code [0x00000000032b6ca0, 0x00000000032b70f8]
Event: 7.746 Thread 0x0000000019fbd800 5974       3       org.apache.groovy.util.BeanUtils::decapitalize (68 bytes)
Event: 7.747 Thread 0x0000000019fbd800 nmethod 5974 0x000000000399d9d0 code [0x000000000399dce0, 0x000000000399f458]
Event: 7.747 Thread 0x0000000019fbd800 5975       3       groovy.lang.MetaClassImpl::applyStrayPropertyMethods (288 bytes)
Event: 7.749 Thread 0x0000000019fbd800 nmethod 5975 0x000000000406add0 code [0x000000000406b280, 0x000000000406e708]
Event: 7.749 Thread 0x0000000019fbd800 5976       1       org.codehaus.groovy.runtime.callsite.AbstractCallSite::getIndex (5 bytes)
Event: 7.749 Thread 0x0000000019fbd800 nmethod 5976 0x00000000033766d0 code [0x0000000003376820, 0x0000000003376930]
Event: 7.755 Thread 0x0000000019fbd800 5977       3       org.codehaus.groovy.reflection.stdclasses.CachedSAMClass$$Lambda$200/175652521::run (8 bytes)
Event: 7.756 Thread 0x0000000019fbd800 nmethod 5977 0x0000000003641e50 code [0x0000000003641fe0, 0x00000000036422f8]

GC Heap History (10 events):
Event: 3.902 GC heap before
{Heap before GC invocations=10 (full 2):
 PSYoungGen      total 136192K, used 8365K [0x00000000d5580000, 0x00000000dfe80000, 0x0000000100000000)
  eden space 123392K, 0% used [0x00000000d5580000,0x00000000d5580000,0x00000000dce00000)
  from space 12800K, 65% used [0x00000000dda80000,0x00000000de2ab448,0x00000000de700000)
  to   space 12800K, 0% used [0x00000000dce00000,0x00000000dce00000,0x00000000dda80000)
 ParOldGen       total 80384K, used 9207K [0x0000000080000000, 0x0000000084e80000, 0x00000000d5580000)
  object space 80384K, 11% used [0x0000000080000000,0x00000000808fdf80,0x0000000084e80000)
 Metaspace       used 33817K, capacity 35441K, committed 35496K, reserved 1079296K
  class space    used 4741K, capacity 5120K, committed 5120K, reserved 1048576K
Event: 3.979 GC heap after
Heap after GC invocations=10 (full 2):
 PSYoungGen      total 136192K, used 0K [0x00000000d5580000, 0x00000000dfe80000, 0x0000000100000000)
  eden space 123392K, 0% used [0x00000000d5580000,0x00000000d5580000,0x00000000dce00000)
  from space 12800K, 0% used [0x00000000dda80000,0x00000000dda80000,0x00000000de700000)
  to   space 12800K, 0% used [0x00000000dce00000,0x00000000dce00000,0x00000000dda80000)
 ParOldGen       total 80384K, used 15256K [0x0000000080000000, 0x0000000084e80000, 0x00000000d5580000)
  object space 80384K, 18% used [0x0000000080000000,0x0000000080ee62f0,0x0000000084e80000)
 Metaspace       used 33817K, capacity 35441K, committed 35496K, reserved 1079296K
  class space    used 4741K, capacity 5120K, committed 5120K, reserved 1048576K
}
Event: 4.947 GC heap before
{Heap before GC invocations=11 (full 2):
 PSYoungGen      total 136192K, used 123392K [0x00000000d5580000, 0x00000000dfe80000, 0x0000000100000000)
  eden space 123392K, 100% used [0x00000000d5580000,0x00000000dce00000,0x00000000dce00000)
  from space 12800K, 0% used [0x00000000dda80000,0x00000000dda80000,0x00000000de700000)
  to   space 12800K, 0% used [0x00000000dce00000,0x00000000dce00000,0x00000000dda80000)
 ParOldGen       total 80384K, used 15256K [0x0000000080000000, 0x0000000084e80000, 0x00000000d5580000)
  object space 80384K, 18% used [0x0000000080000000,0x0000000080ee62f0,0x0000000084e80000)
 Metaspace       used 38944K, capacity 40973K, committed 41216K, reserved 1085440K
  class space    used 5428K, capacity 5861K, committed 5888K, reserved 1048576K
Event: 4.956 GC heap after
Heap after GC invocations=11 (full 2):
 PSYoungGen      total 136192K, used 9474K [0x00000000d5580000, 0x00000000dff80000, 0x0000000100000000)
  eden space 123392K, 0% used [0x00000000d5580000,0x00000000d5580000,0x00000000dce00000)
  from space 12800K, 74% used [0x00000000dce00000,0x00000000dd740aa0,0x00000000dda80000)
  to   space 12800K, 0% used [0x00000000df300000,0x00000000df300000,0x00000000dff80000)
 ParOldGen       total 80384K, used 15264K [0x0000000080000000, 0x0000000084e80000, 0x00000000d5580000)
  object space 80384K, 18% used [0x0000000080000000,0x0000000080ee82f0,0x0000000084e80000)
 Metaspace       used 38944K, capacity 40973K, committed 41216K, reserved 1085440K
  class space    used 5428K, capacity 5861K, committed 5888K, reserved 1048576K
}
Event: 6.302 GC heap before
{Heap before GC invocations=12 (full 2):
 PSYoungGen      total 136192K, used 132866K [0x00000000d5580000, 0x00000000dff80000, 0x0000000100000000)
  eden space 123392K, 100% used [0x00000000d5580000,0x00000000dce00000,0x00000000dce00000)
  from space 12800K, 74% used [0x00000000dce00000,0x00000000dd740aa0,0x00000000dda80000)
  to   space 12800K, 0% used [0x00000000df300000,0x00000000df300000,0x00000000dff80000)
 ParOldGen       total 80384K, used 15264K [0x0000000080000000, 0x0000000084e80000, 0x00000000d5580000)
  object space 80384K, 18% used [0x0000000080000000,0x0000000080ee82f0,0x0000000084e80000)
 Metaspace       used 47424K, capacity 50189K, committed 50304K, reserved 1091584K
  class space    used 6637K, capacity 7218K, committed 7296K, reserved 1048576K
Event: 6.315 GC heap after
Heap after GC invocations=12 (full 2):
 PSYoungGen      total 158208K, used 12783K [0x00000000d5580000, 0x00000000e0400000, 0x0000000100000000)
  eden space 145408K, 0% used [0x00000000d5580000,0x00000000d5580000,0x00000000de380000)
  from space 12800K, 99% used [0x00000000df300000,0x00000000dff7bc98,0x00000000dff80000)
  to   space 15872K, 0% used [0x00000000de380000,0x00000000de380000,0x00000000df300000)
 ParOldGen       total 80384K, used 19615K [0x0000000080000000, 0x0000000084e80000, 0x00000000d5580000)
  object space 80384K, 24% used [0x0000000080000000,0x0000000081327f40,0x0000000084e80000)
 Metaspace       used 47424K, capacity 50189K, committed 50304K, reserved 1091584K
  class space    used 6637K, capacity 7218K, committed 7296K, reserved 1048576K
}
Event: 7.153 GC heap before
{Heap before GC invocations=13 (full 2):
 PSYoungGen      total 158208K, used 105405K [0x00000000d5580000, 0x00000000e0400000, 0x0000000100000000)
  eden space 145408K, 63% used [0x00000000d5580000,0x00000000daff3b40,0x00000000de380000)
  from space 12800K, 99% used [0x00000000df300000,0x00000000dff7bc98,0x00000000dff80000)
  to   space 15872K, 0% used [0x00000000de380000,0x00000000de380000,0x00000000df300000)
 ParOldGen       total 80384K, used 19615K [0x0000000080000000, 0x0000000084e80000, 0x00000000d5580000)
  object space 80384K, 24% used [0x0000000080000000,0x0000000081327f40,0x0000000084e80000)
 Metaspace       used 56154K, capacity 59091K, committed 59160K, reserved 1099776K
  class space    used 7721K, capacity 8288K, committed 8320K, reserved 1048576K
Event: 7.167 GC heap after
Heap after GC invocations=13 (full 2):
 PSYoungGen      total 161280K, used 15840K [0x00000000d5580000, 0x00000000e2600000, 0x0000000100000000)
  eden space 145408K, 0% used [0x00000000d5580000,0x00000000d5580000,0x00000000de380000)
  from space 15872K, 99% used [0x00000000de380000,0x00000000df2f8198,0x00000000df300000)
  to   space 19968K, 0% used [0x00000000e1280000,0x00000000e1280000,0x00000000e2600000)
 ParOldGen       total 80384K, used 25495K [0x0000000080000000, 0x0000000084e80000, 0x00000000d5580000)
  object space 80384K, 31% used [0x0000000080000000,0x00000000818e5d70,0x0000000084e80000)
 Metaspace       used 56154K, capacity 59091K, committed 59160K, reserved 1099776K
  class space    used 7721K, capacity 8288K, committed 8320K, reserved 1048576K
}
Event: 7.167 GC heap before
{Heap before GC invocations=14 (full 3):
 PSYoungGen      total 161280K, used 15840K [0x00000000d5580000, 0x00000000e2600000, 0x0000000100000000)
  eden space 145408K, 0% used [0x00000000d5580000,0x00000000d5580000,0x00000000de380000)
  from space 15872K, 99% used [0x00000000de380000,0x00000000df2f8198,0x00000000df300000)
  to   space 19968K, 0% used [0x00000000e1280000,0x00000000e1280000,0x00000000e2600000)
 ParOldGen       total 80384K, used 25495K [0x0000000080000000, 0x0000000084e80000, 0x00000000d5580000)
  object space 80384K, 31% used [0x0000000080000000,0x00000000818e5d70,0x0000000084e80000)
 Metaspace       used 56154K, capacity 59091K, committed 59160K, reserved 1099776K
  class space    used 7721K, capacity 8288K, committed 8320K, reserved 1048576K
Event: 7.335 GC heap after
Heap after GC invocations=14 (full 3):
 PSYoungGen      total 161280K, used 0K [0x00000000d5580000, 0x00000000e2600000, 0x0000000100000000)
  eden space 145408K, 0% used [0x00000000d5580000,0x00000000d5580000,0x00000000de380000)
  from space 15872K, 0% used [0x00000000de380000,0x00000000de380000,0x00000000df300000)
  to   space 19968K, 0% used [0x00000000e1280000,0x00000000e1280000,0x00000000e2600000)
 ParOldGen       total 80384K, used 34600K [0x0000000080000000, 0x0000000084e80000, 0x00000000d5580000)
  object space 80384K, 43% used [0x0000000080000000,0x00000000821ca3c8,0x0000000084e80000)
 Metaspace       used 56077K, capacity 58845K, committed 59160K, reserved 1099776K
  class space    used 7696K, capacity 8245K, committed 8320K, reserved 1048576K
}

Deoptimization events (10 events):
Event: 7.660 Thread 0x000000001b2a9800 Uncommon trap: reason=class_check action=maybe_recompile pc=0x00000000032381dc method=java.util.regex.Matcher.search(I)Z @ 86
Event: 7.660 Thread 0x000000001b2a9800 Uncommon trap: reason=class_check action=maybe_recompile pc=0x00000000032381dc method=java.util.regex.Matcher.search(I)Z @ 86
Event: 7.660 Thread 0x000000001b2a9800 Uncommon trap: reason=unstable_if action=reinterpret pc=0x000000000330ddb0 method=org.objectweb.asm.MethodWriter.visitLabel(Lorg/objectweb/asm/Label;)V @ 312
Event: 7.661 Thread 0x000000001b2a9800 Uncommon trap: reason=unstable_if action=reinterpret pc=0x0000000003379ce4 method=org.objectweb.asm.MethodWriter.visitInsn(I)V @ 32
Event: 7.661 Thread 0x000000001b2a9800 Uncommon trap: reason=unstable_if action=reinterpret pc=0x0000000003978d8c method=org.objectweb.asm.MethodWriter.visitMethodInsn(ILjava/lang/String;Ljava/lang/String;Ljava/lang/String;Z)V @ 89
Event: 7.661 Thread 0x000000001b2a9800 Uncommon trap: reason=unstable_if action=reinterpret pc=0x00000000032c5870 method=org.objectweb.asm.MethodWriter.visitVarInsn(II)V @ 116
Event: 7.666 Thread 0x000000001b2a9800 Uncommon trap: reason=unstable_if action=reinterpret pc=0x0000000003566af0 method=java.lang.String.regionMatches(ZILjava/lang/String;II)Z @ 123
Event: 7.697 Thread 0x000000001b487000 Uncommon trap: reason=unstable_if action=reinterpret pc=0x0000000003d5952c method=java.lang.ClassValue.match(Ljava/lang/ClassValue$Entry;)Z @ 12
Event: 7.705 Thread 0x000000001b487000 Uncommon trap: reason=unstable_if action=reinterpret pc=0x0000000003d11b44 method=java.lang.ClassValue.match(Ljava/lang/ClassValue$Entry;)Z @ 12
Event: 7.725 Thread 0x000000001b487000 Uncommon trap: reason=null_check action=make_not_entrant pc=0x00000000039a0e90 method=java.lang.Class.searchMethods([Ljava/lang/reflect/Method;Ljava/lang/String;[Ljava/lang/Class;)Ljava/lang/reflect/Method; @ 59

Classes redefined (0 events):
No events

Internal exceptions (10 events):
Event: 7.735 Thread 0x000000001b487000 Exception <a 'java/lang/ClassNotFoundException': com/android/build/gradle/internal/dsl/BaseFlavorBeanInfo> (0x00000000d76d9d80) thrown at [C:\src\AOSP-openjdk-git\hotspot\src\share\vm\classfile\systemDictionary.cpp, line 210]
Event: 7.735 Thread 0x000000001b487000 Exception <a 'java/lang/ClassNotFoundException': com/android/builder/core/AbstractProductFlavorBeanInfo> (0x00000000d76f4648) thrown at [C:\src\AOSP-openjdk-git\hotspot\src\share\vm\classfile\systemDictionary.cpp, line 210]
Event: 7.736 Thread 0x000000001b487000 Exception <a 'java/lang/ClassNotFoundException': com/android/builder/internal/BaseConfigImplBeanInfo> (0x00000000d770ea28) thrown at [C:\src\AOSP-openjdk-git\hotspot\src\share\vm\classfile\systemDictionary.cpp, line 210]
Event: 7.736 Thread 0x000000001b487000 Exception <a 'java/lang/ClassNotFoundException': com/android/builder/internal/BaseConfigImplCustomizer> (0x00000000d77293e8) thrown at [C:\src\AOSP-openjdk-git\hotspot\src\share\vm\classfile\systemDictionary.cpp, line 210]
Event: 7.737 Thread 0x000000001b487000 Exception <a 'java/lang/ClassNotFoundException': com/android/builder/core/AbstractProductFlavorCustomizer> (0x00000000d7776978) thrown at [C:\src\AOSP-openjdk-git\hotspot\src\share\vm\classfile\systemDictionary.cpp, line 210]
Event: 7.739 Thread 0x000000001b487000 Exception <a 'java/lang/ClassNotFoundException': com/android/build/gradle/internal/dsl/BaseFlavorCustomizer> (0x00000000d77e55e0) thrown at [C:\src\AOSP-openjdk-git\hotspot\src\share\vm\classfile\systemDictionary.cpp, line 210]
Event: 7.741 Thread 0x000000001b487000 Exception <a 'java/lang/ClassNotFoundException': com/android/build/gradle/internal/dsl/DefaultConfigCustomizer> (0x00000000d7893c18) thrown at [C:\src\AOSP-openjdk-git\hotspot\src\share\vm\classfile\systemDictionary.cpp, line 210]
Event: 7.743 Thread 0x000000001b487000 Exception <a 'java/lang/ClassNotFoundException': com/android/build/gradle/internal/dsl/DefaultConfig_DecoratedCustomizer> (0x00000000d78d3410) thrown at [C:\src\AOSP-openjdk-git\hotspot\src\share\vm\classfile\systemDictionary.cpp, line 210]
Event: 7.752 Thread 0x000000001b487000 Exception <a 'java/lang/ClassNotFoundException': org/gradle/api/internal/NamedDomainObjectContainerConfigureDelegateBeanInfo> (0x00000000d7a8e390) thrown at [C:\src\AOSP-openjdk-git\hotspot\src\share\vm\classfile\systemDictionary.cpp, line 210]
Event: 7.753 Thread 0x000000001b487000 Exception <a 'java/lang/ClassNotFoundException': org/gradle/api/internal/NamedDomainObjectContainerConfigureDelegateCustomizer> (0x00000000d7ae1c70) thrown at [C:\src\AOSP-openjdk-git\hotspot\src\share\vm\classfile\systemDictionary.cpp, line 210]

Events (10 events):
Event: 7.752 loading class org/gradle/api/internal/NamedDomainObjectContainerConfigureDelegateCustomizer
Event: 7.752 loading class org/gradle/api/internal/NamedDomainObjectContainerConfigureDelegateCustomizer done
Event: 7.752 loading class org/gradle/api/internal/NamedDomainObjectContainerConfigureDelegateCustomizer
Event: 7.752 loading class org/gradle/api/internal/NamedDomainObjectContainerConfigureDelegateCustomizer done
Event: 7.753 loading class org/gradle/api/internal/NamedDomainObjectContainerConfigureDelegateCustomizer
Event: 7.753 loading class org/gradle/api/internal/NamedDomainObjectContainerConfigureDelegateCustomizer done
Event: 7.754 loading class groovy/runtime/metaclass/build_7kykf2hifmswifzxuogneyonr$_run_closure1$_closure4$_closure6MetaClass
Event: 7.754 loading class groovy/runtime/metaclass/build_7kykf2hifmswifzxuogneyonr$_run_closure1$_closure4$_closure6MetaClass done
Event: 7.755 loading class groovy/runtime/metaclass/org/gradle/api/internal/FactoryNamedDomainObjectContainer_DecoratedMetaClass
Event: 7.755 loading class groovy/runtime/metaclass/org/gradle/api/internal/FactoryNamedDomainObjectContainer_DecoratedMetaClass done


Dynamic libraries:
0x00007ff727fa0000 - 0x00007ff727fd1000 	C:\Program Files\Android\Android Studio\jre\bin\java.exe
0x00007ffbc8800000 - 0x00007ffbc8a07000 	C:\WINDOWS\SYSTEM32\ntdll.dll
0x00007ffbc7fe0000 - 0x00007ffbc809d000 	C:\WINDOWS\System32\KERNEL32.DLL
0x00007ffbc6310000 - 0x00007ffbc6684000 	C:\WINDOWS\System32\KERNELBASE.dll
0x00007ffbc6f20000 - 0x00007ffbc6fcc000 	C:\WINDOWS\System32\ADVAPI32.dll
0x00007ffbc82d0000 - 0x00007ffbc8373000 	C:\WINDOWS\System32\msvcrt.dll
0x00007ffbc8170000 - 0x00007ffbc820d000 	C:\WINDOWS\System32\sechost.dll
0x00007ffbc84f0000 - 0x00007ffbc8611000 	C:\WINDOWS\System32\RPCRT4.dll
0x00007ffbc67d0000 - 0x00007ffbc697c000 	C:\WINDOWS\System32\USER32.dll
0x00007ffbc5d80000 - 0x00007ffbc5da6000 	C:\WINDOWS\System32\win32u.dll
0x00007ffbc6ef0000 - 0x00007ffbc6f19000 	C:\WINDOWS\System32\GDI32.dll
0x00007ffbc6130000 - 0x00007ffbc6242000 	C:\WINDOWS\System32\gdi32full.dll
0x00007ffbc5ce0000 - 0x00007ffbc5d7d000 	C:\WINDOWS\System32\msvcp_win.dll
0x00007ffbc5fa0000 - 0x00007ffbc60b1000 	C:\WINDOWS\System32\ucrtbase.dll
0x00007ffbc1e70000 - 0x00007ffbc2115000 	C:\WINDOWS\WinSxS\amd64_microsoft.windows.common-controls_6595b64144ccf1df_6.0.22000.120_none_9d947278b86cc467\COMCTL32.dll
0x00007ffbc70f0000 - 0x00007ffbc7121000 	C:\WINDOWS\System32\IMM32.DLL
0x0000000071550000 - 0x0000000071622000 	C:\Program Files\Android\Android Studio\jre\jre\bin\msvcr100.dll
0x0000000071740000 - 0x0000000071f8b000 	C:\Program Files\Android\Android Studio\jre\jre\bin\server\jvm.dll
0x00007ffbc7fb0000 - 0x00007ffbc7fb8000 	C:\WINDOWS\System32\PSAPI.DLL
0x00007ffbba5f0000 - 0x00007ffbba5f9000 	C:\WINDOWS\SYSTEM32\WSOCK32.dll
0x00007ffbbb5e0000 - 0x00007ffbbb5ea000 	C:\WINDOWS\SYSTEM32\VERSION.dll
0x00007ffbb6ad0000 - 0x00007ffbb6b03000 	C:\WINDOWS\SYSTEM32\WINMM.dll
0x00007ffbc7f40000 - 0x00007ffbc7faf000 	C:\WINDOWS\System32\WS2_32.dll
0x00007ffbba2a0000 - 0x00007ffbba2af000 	C:\Program Files\Android\Android Studio\jre\jre\bin\verify.dll
0x00007ffbb8460000 - 0x00007ffbb8489000 	C:\Program Files\Android\Android Studio\jre\jre\bin\java.dll
0x00007ffbb85d0000 - 0x00007ffbb85e6000 	C:\Program Files\Android\Android Studio\jre\jre\bin\zip.dll
0x00007ffbc72f0000 - 0x00007ffbc7a99000 	C:\WINDOWS\System32\SHELL32.dll
0x00007ffbc3e10000 - 0x00007ffbc4672000 	C:\WINDOWS\SYSTEM32\windows.storage.dll
0x00007ffbc7aa0000 - 0x00007ffbc7e18000 	C:\WINDOWS\System32\combase.dll
0x00007ffbc3ca0000 - 0x00007ffbc3e06000 	C:\WINDOWS\SYSTEM32\wintypes.dll
0x00007ffbc8400000 - 0x00007ffbc84ea000 	C:\WINDOWS\System32\SHCORE.dll
0x00007ffbc6770000 - 0x00007ffbc67cd000 	C:\WINDOWS\System32\shlwapi.dll
0x00007ffbc5c10000 - 0x00007ffbc5c31000 	C:\WINDOWS\SYSTEM32\profapi.dll
0x00007ffbb85a0000 - 0x00007ffbb85ba000 	C:\Program Files\Android\Android Studio\jre\jre\bin\net.dll
0x00007ffbc5220000 - 0x00007ffbc5287000 	C:\WINDOWS\system32\mswsock.dll
0x00007ffbb7440000 - 0x00007ffbb7453000 	C:\Program Files\Android\Android Studio\jre\jre\bin\nio.dll
0x00007ffbb6c60000 - 0x00007ffbb6c87000 	C:\Users\Lenovo\.gradle\native\8bec1ad78214c89d9ad589b4d07fe93259594b29d510b10fafb7a158f7737e5d\windows-amd64\native-platform.dll
0x00007ffb91930000 - 0x00007ffb91a6d000 	C:\Users\Lenovo\.gradle\native\53dbd7edfb1c66fb8903c78663c9afc45aea4f116125fa6feffd364cf09443e8\windows-amd64\native-platform-file-events.dll
0x00007ffbba240000 - 0x00007ffbba24d000 	C:\Program Files\Android\Android Studio\jre\jre\bin\management.dll
0x00007ffbc5460000 - 0x00007ffbc5478000 	C:\WINDOWS\SYSTEM32\CRYPTSP.dll
0x00007ffbc4d40000 - 0x00007ffbc4d75000 	C:\WINDOWS\system32\rsaenh.dll
0x00007ffbc5310000 - 0x00007ffbc5339000 	C:\WINDOWS\SYSTEM32\USERENV.dll
0x00007ffbc55e0000 - 0x00007ffbc5607000 	C:\WINDOWS\SYSTEM32\bcrypt.dll
0x00007ffbc5db0000 - 0x00007ffbc5e30000 	C:\WINDOWS\System32\bcryptprimitives.dll
0x00007ffbc5480000 - 0x00007ffbc548c000 	C:\WINDOWS\SYSTEM32\CRYPTBASE.dll
0x00007ffbc4900000 - 0x00007ffbc492d000 	C:\WINDOWS\SYSTEM32\IPHLPAPI.DLL
0x00007ffbc7e20000 - 0x00007ffbc7e29000 	C:\WINDOWS\System32\NSI.dll
0x00007ffbba570000 - 0x00007ffbba589000 	C:\WINDOWS\SYSTEM32\dhcpcsvc6.DLL
0x00007ffbba550000 - 0x00007ffbba56e000 	C:\WINDOWS\SYSTEM32\dhcpcsvc.DLL
0x00007ffbc4930000 - 0x00007ffbc4a17000 	C:\WINDOWS\SYSTEM32\DNSAPI.dll

VM Arguments:
jvm_args: -Xmx2048m -Dfile.encoding=UTF-8 -Duser.country=ID -Duser.language=en -Duser.variant 
java_command: org.gradle.launcher.daemon.bootstrap.GradleDaemon 7.0.2
java_class_path (initial): C:\Users\Lenovo\.gradle\wrapper\dists\gradle-7.0.2-all\7era6s5ay7zsbhuvl0oc9g94s\gradle-7.0.2\lib\gradle-launcher-7.0.2.jar
Launcher Type: SUN_STANDARD

Environment Variables:
PATH=C:\Program Files\ImageMagick-7.0.11-Q16-HDRI;C:\Program Files (x86)\VMware\VMware Player\bin\;C:\Windows\system32;C:\Windows;C:\Windows\System32\Wbem;C:\Windows\System32\WindowsPowerShell\v1.0\;C:\Windows\System32\OpenSSH\;C:\Program Files (x86)\NVIDIA Corporation\PhysX\Common;C:\Program Files\NVIDIA Corporation\NVIDIA NvDLISR;C:\src\flutter\bin;C:\Program Files\Git\cmd;C:\xampp\php;C:\ProgramData\ComposerSetup\bin;C:\Program Files\nodejs\;C:\Program Files\Docker\Docker\resources\bin;C:\ProgramData\DockerDesktop\version-bin;C:\Program Files\MongoDB\Server\4.4\bin;C:\MinGW\bin;C:\Program Files\dotnet\;C:\xampp\apache\bin;;%SystemRoot%\system32;%SystemRoot%;%SystemRoot%\System32\Wbem;%SYSTEMROOT%\System32\WindowsPowerShell\v1.0\;%SYSTEMROOT%\System32\OpenSSH\;C:\Users\Lenovo\AppData\Local\Programs\Python\Python39\Scripts\;C:\Users\Lenovo\AppData\Local\Programs\Python\Python39\;C:\Users\Lenovo\AppData\Local\Microsoft\WindowsApps;;C:\Users\Lenovo\AppData\Local\Programs\Microsoft VS Code\bin;C:\Users\Lenovo\AppData\Roaming\Composer\vendor\bin;C:\Program Files\heroku\bin;C:\Users\Lenovo\AppData\Roaming\npm
USERNAME=Lenovo
OS=Windows_NT
PROCESSOR_IDENTIFIER=Intel64 Family 6 Model 142 Stepping 11, GenuineIntel



---------------  S Y S T E M  ---------------

OS: Windows 10.0 , 64 bit Build 22000 (10.0.22000.120)

CPU:total 8 (initial active 8) (4 cores per cpu, 2 threads per core) family 6 model 142 stepping 11, cmov, cx8, fxsr, mmx, sse, sse2, sse3, ssse3, sse4.1, sse4.2, popcnt, avx, avx2, aes, clmul, erms, 3dnowpref, lzcnt, ht, tsc, tscinvbit, bmi1, bmi2, adx

Memory: 4k page, physical 12392180k(467612k free), swap 12392180k(3316k free)

vm_info: OpenJDK 64-Bit Server VM (25.242-b01) for windows-amd64 JRE (1.8.0_242-release-1644-b01), built by "builder" with MS VC++ 10.0 (VS2010)

time: Thu Nov 04 08:56:33 2021
timezone: SE Asia Standard Time
elapsed time: 7 seconds (0d 0h 0m 7s)

