#
# There is insufficient memory for the Java Runtime Environment to continue.
# Native memory allocation (malloc) failed to allocate 131088 bytes for Chunk::new
# Possible reasons:
#   The system is out of physical RAM or swap space
#   The process is running with CompressedOops enabled, and the Java Heap may be blocking the growth of the native heap
# Possible solutions:
#   Reduce memory load on the system
#   Increase physical memory or swap space
#   Check if swap backing store is full
#   Decrease Java heap size (-Xmx/-Xms)
#   Decrease number of Java threads
#   Decrease Java thread stack sizes (-Xss)
#   Set larger code cache with -XX:ReservedCodeCacheSize=
#   JVM is running with Unscaled Compressed Oops mode in which the Java heap is
#     placed in the first 4GB address space. The Java Heap base address is the
#     maximum limit for the native heap growth. Please use -XX:HeapBaseMinAddress
#     to set the Java Heap base and to place the Java Heap above 4GB virtual address.
# This output file may be truncated or incomplete.
#
#  Out of Memory Error (allocation.cpp:389), pid=13632, tid=0x0000000000003588
#
# JRE version: OpenJDK Runtime Environment (8.0_242-b01) (build 1.8.0_242-release-1644-b01)
# Java VM: OpenJDK 64-Bit Server VM (25.242-b01 mixed mode windows-amd64 compressed oops)
# Failed to write core dump. Minidumps are not enabled by default on client versions of Windows
#

---------------  T H R E A D  ---------------

Current thread (0x0000000019bd0000):  JavaThread "C2 CompilerThread1" daemon [_thread_in_native, id=13704, stack(0x000000001a590000,0x000000001a690000)]

Stack: [0x000000001a590000,0x000000001a690000]
[error occurred during error reporting (printing stack bounds), id 0xc0000005]

Native frames: (J=compiled Java code, j=interpreted, Vv=VM code, C=native code)


Current CompileTask:
C2:   3462 1545       4       java.net.URLClassLoader$1::run (5 bytes)


---------------  P R O C E S S  ---------------

Java Threads: ( => current thread )
  0x000000001ad6c000 JavaThread "Daemon client event forwarder" [_thread_blocked, id=148, stack(0x000000001e3b0000,0x000000001e4b0000)]
  0x000000001ad14800 JavaThread "Stdin handler" [_thread_blocked, id=18220, stack(0x000000001e2b0000,0x000000001e3b0000)]
  0x000000001ad14000 JavaThread "Asynchronous log dispatcher for DefaultDaemonConnection: socket connection from /127.0.0.1:56644 to /127.0.0.1:56645" [_thread_blocked, id=17536, stack(0x000000001e1b0000,0x000000001e2b0000)]
  0x000000001ac8a800 JavaThread "Daemon worker" [_thread_in_vm, id=15684, stack(0x000000001e0b0000,0x000000001e1b0000)]
  0x000000001ac8a000 JavaThread "Cancel handler" [_thread_blocked, id=4420, stack(0x000000001dfb0000,0x000000001e0b0000)]
  0x000000001ab2f800 JavaThread "Handler for socket connection from /127.0.0.1:56644 to /127.0.0.1:56645" [_thread_in_native, id=10948, stack(0x000000001deb0000,0x000000001dfb0000)]
  0x000000001c2d1000 JavaThread "Daemon" [_thread_blocked, id=4268, stack(0x000000001ddb0000,0x000000001deb0000)]
  0x000000001b47e000 JavaThread "Daemon periodic checks" [_thread_blocked, id=7260, stack(0x000000001dab0000,0x000000001dbb0000)]
  0x000000001b659000 JavaThread "Incoming local TCP Connector on port 56644" [_thread_in_native, id=13528, stack(0x000000001d870000,0x000000001d970000)]
  0x000000001c987000 JavaThread "Daemon health stats" [_thread_blocked, id=4216, stack(0x000000001d430000,0x000000001d530000)]
  0x0000000019c4f800 JavaThread "Service Thread" daemon [_thread_blocked, id=17780, stack(0x000000001a890000,0x000000001a990000)]
  0x0000000019bee800 JavaThread "C1 CompilerThread3" daemon [_thread_blocked, id=3928, stack(0x000000001a790000,0x000000001a890000)]
  0x0000000019bf3000 JavaThread "C2 CompilerThread2" daemon [_thread_in_native, id=2648, stack(0x000000001a690000,0x000000001a790000)]
=>0x0000000019bd0000 JavaThread "C2 CompilerThread1" daemon [_thread_in_native, id=13704, stack(0x000000001a590000,0x000000001a690000)]
  0x0000000017db9000 JavaThread "C2 CompilerThread0" daemon [_thread_in_native, id=9156, stack(0x000000001a490000,0x000000001a590000)]
  0x0000000019bc3000 JavaThread "Attach Listener" daemon [_thread_blocked, id=13536, stack(0x000000001a390000,0x000000001a490000)]
  0x0000000019bc6000 JavaThread "Signal Dispatcher" daemon [_thread_blocked, id=15348, stack(0x000000001a290000,0x000000001a390000)]
  0x0000000002d3e000 JavaThread "Finalizer" daemon [_thread_blocked, id=11176, stack(0x000000001a090000,0x000000001a190000)]
  0x0000000002d37000 JavaThread "Reference Handler" daemon [_thread_blocked, id=3656, stack(0x0000000019f90000,0x000000001a090000)]
  0x0000000002c3e000 JavaThread "main" [_thread_blocked, id=8528, stack(0x0000000002ae0000,0x0000000002be0000)]

Other Threads:
  0x0000000017da6800 VMThread [stack: 0x0000000019a90000,0x0000000019b90000] [id=3620]
  0x0000000019c50000 WatcherThread [stack: 0x000000001a990000,0x000000001aa90000] [id=10060]

VM state:not at safepoint (normal execution)

VM Mutex/Monitor currently owned by a thread: None

heap address: 0x0000000080000000, size: 2048 MB, Compressed Oops mode: 32-bit
Narrow klass base: 0x0000000000000000, Narrow klass shift: 3
Compressed class space size: 1073741824 Address: 0x0000000100000000

Heap:
 PSYoungGen      total 56832K, used 10663K [0x00000000d5580000, 0x00000000d9480000, 0x0000000100000000)
  eden space 49152K, 6% used [0x00000000d5580000,0x00000000d586ed78,0x00000000d8580000)
  from space 7680K, 99% used [0x00000000d8580000,0x00000000d8cfb0f0,0x00000000d8d00000)
  to   space 7680K, 0% used [0x00000000d8d00000,0x00000000d8d00000,0x00000000d9480000)
 ParOldGen       total 130048K, used 859K [0x0000000080000000, 0x0000000087f00000, 0x00000000d5580000)
  object space 130048K, 0% used [0x0000000080000000,0x00000000800d6cb8,0x0000000087f00000)
 Metaspace       used 14843K, capacity 15380K, committed 15616K, reserved 1062912K
  class space    used 2029K, capacity 2210K, committed 2304K, reserved 1048576K

Card table byte_map: [0x0000000012100000,0x0000000012510000] byte_map_base: 0x0000000011d00000

Marking Bits: (ParMarkBitMap*) 0x0000000066eff030
 Begin Bits: [0x0000000012fc0000, 0x0000000014fc0000)
 End Bits:   [0x0000000014fc0000, 0x0000000016fc0000)

Polling page: 0x0000000001260000

CodeCache: size=245760Kb used=5700Kb max_used=5700Kb free=240059Kb
 bounds [0x0000000002d40000, 0x00000000032e0000, 0x0000000011d40000]
 total_blobs=1989 nmethods=1588 adapters=314
 compilation: enabled

Compilation events (10 events):
Event: 3.458 Thread 0x0000000019bee800 nmethod 1578 0x00000000032ce5d0 code [0x00000000032ce900, 0x00000000032d0228]
Event: 3.458 Thread 0x0000000019bee800 1582       3       java.util.ArrayList$SubList::<init> (46 bytes)
Event: 3.459 Thread 0x0000000019bee800 nmethod 1582 0x00000000032d0d90 code [0x00000000032d0f00, 0x00000000032d11d0]
Event: 3.459 Thread 0x0000000019bee800 1584       3       java.util.ArrayList$SubList::size (9 bytes)
Event: 3.459 Thread 0x0000000019bee800 nmethod 1584 0x00000000032d1350 code [0x00000000032d14c0, 0x00000000032d1748]
Event: 3.459 Thread 0x0000000019bee800 1587       3       java.util.ArrayList$SubList::iterator (5 bytes)
Event: 3.459 Thread 0x0000000019bee800 nmethod 1587 0x00000000032d1890 code [0x00000000032d1a60, 0x00000000032d2078]
Event: 3.459 Thread 0x0000000019bee800 1588       3       java.util.ArrayList$SubList::listIterator (25 bytes)
Event: 3.460 Thread 0x0000000019bee800 nmethod 1588 0x00000000032d2450 code [0x00000000032d2600, 0x00000000032d2af8]
Event: 3.460 Thread 0x0000000019bee800 1589       3       java.util.ArrayList$SubList::rangeCheckForAdd (26 bytes)

GC Heap History (6 events):
Event: 1.323 GC heap before
{Heap before GC invocations=1 (full 0):
 PSYoungGen      total 56832K, used 49152K [0x00000000d5580000, 0x00000000d9480000, 0x0000000100000000)
  eden space 49152K, 100% used [0x00000000d5580000,0x00000000d8580000,0x00000000d8580000)
  from space 7680K, 0% used [0x00000000d8d00000,0x00000000d8d00000,0x00000000d9480000)
  to   space 7680K, 0% used [0x00000000d8580000,0x00000000d8580000,0x00000000d8d00000)
 ParOldGen       total 130048K, used 0K [0x0000000080000000, 0x0000000087f00000, 0x00000000d5580000)
  object space 130048K, 0% used [0x0000000080000000,0x0000000080000000,0x0000000087f00000)
 Metaspace       used 7725K, capacity 7996K, committed 8320K, reserved 1056768K
  class space    used 947K, capacity 1052K, committed 1152K, reserved 1048576K
Event: 1.330 GC heap after
Heap after GC invocations=1 (full 0):
 PSYoungGen      total 56832K, used 5511K [0x00000000d5580000, 0x00000000d9480000, 0x0000000100000000)
  eden space 49152K, 0% used [0x00000000d5580000,0x00000000d5580000,0x00000000d8580000)
  from space 7680K, 71% used [0x00000000d8580000,0x00000000d8ae1c20,0x00000000d8d00000)
  to   space 7680K, 0% used [0x00000000d8d00000,0x00000000d8d00000,0x00000000d9480000)
 ParOldGen       total 130048K, used 16K [0x0000000080000000, 0x0000000087f00000, 0x00000000d5580000)
  object space 130048K, 0% used [0x0000000080000000,0x0000000080004000,0x0000000087f00000)
 Metaspace       used 7725K, capacity 7996K, committed 8320K, reserved 1056768K
  class space    used 947K, capacity 1052K, committed 1152K, reserved 1048576K
}
Event: 2.068 GC heap before
{Heap before GC invocations=2 (full 0):
 PSYoungGen      total 56832K, used 54663K [0x00000000d5580000, 0x00000000d9480000, 0x0000000100000000)
  eden space 49152K, 100% used [0x00000000d5580000,0x00000000d8580000,0x00000000d8580000)
  from space 7680K, 71% used [0x00000000d8580000,0x00000000d8ae1c20,0x00000000d8d00000)
  to   space 7680K, 0% used [0x00000000d8d00000,0x00000000d8d00000,0x00000000d9480000)
 ParOldGen       total 130048K, used 16K [0x0000000080000000, 0x0000000087f00000, 0x00000000d5580000)
  object space 130048K, 0% used [0x0000000080000000,0x0000000080004000,0x0000000087f00000)
 Metaspace       used 9653K, capacity 10004K, committed 10112K, reserved 1058816K
  class space    used 1253K, capacity 1380K, committed 1408K, reserved 1048576K
Event: 2.076 GC heap after
Heap after GC invocations=2 (full 0):
 PSYoungGen      total 56832K, used 5719K [0x00000000d5580000, 0x00000000d9480000, 0x0000000100000000)
  eden space 49152K, 0% used [0x00000000d5580000,0x00000000d5580000,0x00000000d8580000)
  from space 7680K, 74% used [0x00000000d8d00000,0x00000000d9295e80,0x00000000d9480000)
  to   space 7680K, 0% used [0x00000000d8580000,0x00000000d8580000,0x00000000d8d00000)
 ParOldGen       total 130048K, used 24K [0x0000000080000000, 0x0000000087f00000, 0x00000000d5580000)
  object space 130048K, 0% used [0x0000000080000000,0x0000000080006000,0x0000000087f00000)
 Metaspace       used 9653K, capacity 10004K, committed 10112K, reserved 1058816K
  class space    used 1253K, capacity 1380K, committed 1408K, reserved 1048576K
}
Event: 3.405 GC heap before
{Heap before GC invocations=3 (full 0):
 PSYoungGen      total 56832K, used 54871K [0x00000000d5580000, 0x00000000d9480000, 0x0000000100000000)
  eden space 49152K, 100% used [0x00000000d5580000,0x00000000d8580000,0x00000000d8580000)
  from space 7680K, 74% used [0x00000000d8d00000,0x00000000d9295e80,0x00000000d9480000)
  to   space 7680K, 0% used [0x00000000d8580000,0x00000000d8580000,0x00000000d8d00000)
 ParOldGen       total 130048K, used 24K [0x0000000080000000, 0x0000000087f00000, 0x00000000d5580000)
  object space 130048K, 0% used [0x0000000080000000,0x0000000080006000,0x0000000087f00000)
 Metaspace       used 14514K, capacity 14996K, committed 15232K, reserved 1062912K
  class space    used 1992K, capacity 2170K, committed 2176K, reserved 1048576K
Event: 3.415 GC heap after
Heap after GC invocations=3 (full 0):
 PSYoungGen      total 56832K, used 7660K [0x00000000d5580000, 0x00000000d9480000, 0x0000000100000000)
  eden space 49152K, 0% used [0x00000000d5580000,0x00000000d5580000,0x00000000d8580000)
  from space 7680K, 99% used [0x00000000d8580000,0x00000000d8cfb0f0,0x00000000d8d00000)
  to   space 7680K, 0% used [0x00000000d8d00000,0x00000000d8d00000,0x00000000d9480000)
 ParOldGen       total 130048K, used 859K [0x0000000080000000, 0x0000000087f00000, 0x00000000d5580000)
  object space 130048K, 0% used [0x0000000080000000,0x00000000800d6cb8,0x0000000087f00000)
 Metaspace       used 14514K, capacity 14996K, committed 15232K, reserved 1062912K
  class space    used 1992K, capacity 2170K, committed 2176K, reserved 1048576K
}

Deoptimization events (10 events):
Event: 1.967 Thread 0x0000000002c3e000 Uncommon trap: reason=class_check action=maybe_recompile pc=0x00000000030e6944 method=java.util.regex.Matcher.match(II)Z @ 86
Event: 2.034 Thread 0x0000000002c3e000 Uncommon trap: reason=bimorphic action=maybe_recompile pc=0x0000000002f5cf8c method=java.util.HashMap.putVal(ILjava/lang/Object;Ljava/lang/Object;ZZ)Ljava/lang/Object; @ 91
Event: 2.478 Thread 0x0000000002c3e000 Uncommon trap: reason=unstable_if action=reinterpret pc=0x00000000030c8c24 method=java.io.WinNTFileSystem.normalize(Ljava/lang/String;)Ljava/lang/String; @ 128
Event: 2.478 Thread 0x0000000002c3e000 Uncommon trap: reason=unstable_if action=reinterpret pc=0x00000000030aba30 method=java.io.WinNTFileSystem.normalize(Ljava/lang/String;II)Ljava/lang/String; @ 90
Event: 3.051 Thread 0x000000001ab2f800 Uncommon trap: reason=unstable_if action=reinterpret pc=0x00000000031b95a8 method=java.util.concurrent.ConcurrentHashMap.putVal(Ljava/lang/Object;Ljava/lang/Object;Z)Ljava/lang/Object; @ 206
Event: 3.066 Thread 0x000000001ab2f800 Uncommon trap: reason=unstable_if action=reinterpret pc=0x000000000309d0d4 method=java.lang.String.substring(I)Ljava/lang/String; @ 35
Event: 3.418 Thread 0x000000001ac8a800 Uncommon trap: reason=class_check action=maybe_recompile pc=0x00000000030e6944 method=java.util.regex.Matcher.match(II)Z @ 86
Event: 3.444 Thread 0x000000001ac8a800 Uncommon trap: reason=class_check action=maybe_recompile pc=0x00000000030e6944 method=java.util.regex.Matcher.match(II)Z @ 86
Event: 3.444 Thread 0x000000001ac8a800 Uncommon trap: reason=class_check action=maybe_recompile pc=0x00000000030e6944 method=java.util.regex.Matcher.match(II)Z @ 86
Event: 3.444 Thread 0x000000001ac8a800 Uncommon trap: reason=class_check action=maybe_recompile pc=0x0000000002f03f60 method=java.util.regex.Matcher.match(II)Z @ 86

Classes redefined (0 events):
No events

Internal exceptions (10 events):
Event: 3.058 Thread 0x000000001ab2f800 Exception <a 'java/lang/NoSuchMethodError': <clinit>> (0x00000000d5fe0a38) thrown at [C:\src\AOSP-openjdk-git\hotspot\src\share\vm\prims\jni.cpp, line 1615]
Event: 3.061 Thread 0x000000001ab2f800 Exception <a 'java/lang/NoSuchMethodError': <clinit>> (0x00000000d6007a88) thrown at [C:\src\AOSP-openjdk-git\hotspot\src\share\vm\prims\jni.cpp, line 1615]
Event: 3.062 Thread 0x000000001ab2f800 Exception <a 'java/lang/NoSuchMethodError': <clinit>> (0x00000000d601f650) thrown at [C:\src\AOSP-openjdk-git\hotspot\src\share\vm\prims\jni.cpp, line 1615]
Event: 3.062 Thread 0x000000001ab2f800 Exception <a 'java/lang/NoSuchMethodError': <clinit>> (0x00000000d60281b0) thrown at [C:\src\AOSP-openjdk-git\hotspot\src\share\vm\prims\jni.cpp, line 1615]
Event: 3.063 Thread 0x000000001ab2f800 Exception <a 'java/lang/NoSuchMethodError': <clinit>> (0x00000000d603e588) thrown at [C:\src\AOSP-openjdk-git\hotspot\src\share\vm\prims\jni.cpp, line 1615]
Event: 3.070 Thread 0x000000001ab2f800 Exception <a 'java/lang/NoSuchMethodError': <clinit>> (0x00000000d60c4630) thrown at [C:\src\AOSP-openjdk-git\hotspot\src\share\vm\prims\jni.cpp, line 1615]
Event: 3.076 Thread 0x000000001ab2f800 Exception <a 'java/lang/NoSuchMethodError': <clinit>> (0x00000000d60f5a38) thrown at [C:\src\AOSP-openjdk-git\hotspot\src\share\vm\prims\jni.cpp, line 1615]
Event: 3.079 Thread 0x000000001ab2f800 Exception <a 'java/lang/NoSuchMethodError': <clinit>> (0x00000000d61241d8) thrown at [C:\src\AOSP-openjdk-git\hotspot\src\share\vm\prims\jni.cpp, line 1615]
Event: 3.283 Thread 0x000000001ac8a800 Exception <a 'java/lang/NoSuchMethodError': java.lang.Object.lambda$static$0(Lorg/gradle/internal/state/ModelObject;)Ljava/lang/String;> (0x00000000d76aab98) thrown at [C:\src\AOSP-openjdk-git\hotspot\src\share\vm\interpreter\linkResolver.cpp, line 620]
Event: 3.396 Thread 0x000000001ac8a800 Exception <a 'java/lang/IncompatibleClassChangeError': Found class java.lang.Object, but interface was expected> (0x00000000d8409d78) thrown at [C:\src\AOSP-openjdk-git\hotspot\src\share\vm\interpreter\linkResolver.cpp, line 653]

Events (10 events):
Event: 3.454 loading class org/gradle/internal/Factory
Event: 3.454 loading class org/gradle/internal/Factory done
Event: 3.454 loading class org/gradle/api/internal/artifacts/ivyservice/WritableArtifactCacheLockingManager
Event: 3.454 loading class org/gradle/api/internal/artifacts/ivyservice/WritableArtifactCacheLockingManager done
Event: 3.455 loading class org/gradle/api/internal/artifacts/ivyservice/WritableArtifactCacheLockingManager
Event: 3.455 loading class org/gradle/api/internal/artifacts/ivyservice/WritableArtifactCacheLockingManager done
Event: 3.455 loading class org/gradle/api/internal/artifacts/ivyservice/DefaultArtifactCaches
Event: 3.455 loading class org/gradle/api/internal/artifacts/ivyservice/DefaultArtifactCaches done
Event: 3.458 loading class org/apache/commons/lang/StringUtils
Event: 3.458 loading class org/apache/commons/lang/StringUtils done


Dynamic libraries:
0x00007ff66d160000 - 0x00007ff66d191000 	C:\Program Files\Android\Android Studio\jre\bin\java.exe
0x00007ffd3ba90000 - 0x00007ffd3bc85000 	C:\Windows\SYSTEM32\ntdll.dll
0x00007ffd3adb0000 - 0x00007ffd3ae6e000 	C:\Windows\System32\KERNEL32.DLL
0x00007ffd39580000 - 0x00007ffd39849000 	C:\Windows\System32\KERNELBASE.dll
0x00007ffd3a590000 - 0x00007ffd3a63c000 	C:\Windows\System32\ADVAPI32.dll
0x00007ffd3b5e0000 - 0x00007ffd3b67e000 	C:\Windows\System32\msvcrt.dll
0x00007ffd3b680000 - 0x00007ffd3b71b000 	C:\Windows\System32\sechost.dll
0x00007ffd3b4b0000 - 0x00007ffd3b5da000 	C:\Windows\System32\RPCRT4.dll
0x00007ffd3ae70000 - 0x00007ffd3b011000 	C:\Windows\System32\USER32.dll
0x00007ffd39a10000 - 0x00007ffd39a32000 	C:\Windows\System32\win32u.dll
0x00007ffd3a650000 - 0x00007ffd3a67b000 	C:\Windows\System32\GDI32.dll
0x00007ffd39900000 - 0x00007ffd39a0b000 	C:\Windows\System32\gdi32full.dll
0x00007ffd39a40000 - 0x00007ffd39add000 	C:\Windows\System32\msvcp_win.dll
0x00007ffd393d0000 - 0x00007ffd394d0000 	C:\Windows\System32\ucrtbase.dll
0x00007ffd1caa0000 - 0x00007ffd1cd3a000 	C:\Windows\WinSxS\amd64_microsoft.windows.common-controls_6595b64144ccf1df_6.0.19041.1110_none_60b5254171f9507e\COMCTL32.dll
0x00007ffd3abc0000 - 0x00007ffd3abf0000 	C:\Windows\System32\IMM32.DLL
0x0000000067520000 - 0x00000000675f2000 	C:\Program Files\Android\Android Studio\jre\jre\bin\msvcr100.dll
0x0000000066730000 - 0x0000000066f7b000 	C:\Program Files\Android\Android Studio\jre\jre\bin\server\jvm.dll
0x00007ffd39d80000 - 0x00007ffd39d88000 	C:\Windows\System32\PSAPI.DLL
0x00007ffd05860000 - 0x00007ffd05869000 	C:\Windows\SYSTEM32\WSOCK32.dll
0x00007ffd23a30000 - 0x00007ffd23a57000 	C:\Windows\SYSTEM32\WINMM.dll
0x00007ffd2f0f0000 - 0x00007ffd2f0fa000 	C:\Windows\SYSTEM32\VERSION.dll
0x00007ffd3b720000 - 0x00007ffd3b78b000 	C:\Windows\System32\WS2_32.dll
0x00007ffd304a0000 - 0x00007ffd304af000 	C:\Program Files\Android\Android Studio\jre\jre\bin\verify.dll
0x00007ffd2b8f0000 - 0x00007ffd2b919000 	C:\Program Files\Android\Android Studio\jre\jre\bin\java.dll
0x00007ffd2b850000 - 0x00007ffd2b866000 	C:\Program Files\Android\Android Studio\jre\jre\bin\zip.dll
0x00007ffd39d90000 - 0x00007ffd3a4cf000 	C:\Windows\System32\SHELL32.dll
0x00007ffd371a0000 - 0x00007ffd37930000 	C:\Windows\SYSTEM32\windows.storage.dll
0x00007ffd3b020000 - 0x00007ffd3b375000 	C:\Windows\System32\combase.dll
0x00007ffd38c00000 - 0x00007ffd38c2c000 	C:\Windows\SYSTEM32\Wldp.dll
0x00007ffd39bb0000 - 0x00007ffd39c5d000 	C:\Windows\System32\SHCORE.dll
0x00007ffd3a680000 - 0x00007ffd3a6d5000 	C:\Windows\System32\shlwapi.dll
0x00007ffd390f0000 - 0x00007ffd3910f000 	C:\Windows\SYSTEM32\profapi.dll
0x00007ffd2b830000 - 0x00007ffd2b84a000 	C:\Program Files\Android\Android Studio\jre\jre\bin\net.dll
0x00007ffd38960000 - 0x00007ffd389ca000 	C:\Windows\system32\mswsock.dll
0x00007ffd20000000 - 0x00007ffd20013000 	C:\Program Files\Android\Android Studio\jre\jre\bin\nio.dll
0x00007ffd0b9c0000 - 0x00007ffd0b9e7000 	C:\Users\Lenovo\.gradle\native\8bec1ad78214c89d9ad589b4d07fe93259594b29d510b10fafb7a158f7737e5d\windows-amd64\native-platform.dll
0x00007ffcfb380000 - 0x00007ffcfb4bd000 	C:\Users\Lenovo\.gradle\native\53dbd7edfb1c66fb8903c78663c9afc45aea4f116125fa6feffd364cf09443e8\windows-amd64\native-platform-file-events.dll
0x00007ffd300e0000 - 0x00007ffd300ed000 	C:\Program Files\Android\Android Studio\jre\jre\bin\management.dll
0x00007ffd38b50000 - 0x00007ffd38b68000 	C:\Windows\SYSTEM32\CRYPTSP.dll
0x00007ffd38270000 - 0x00007ffd382a4000 	C:\Windows\system32\rsaenh.dll
0x00007ffd39240000 - 0x00007ffd39267000 	C:\Windows\System32\bcrypt.dll
0x00007ffd390b0000 - 0x00007ffd390de000 	C:\Windows\SYSTEM32\USERENV.dll
0x00007ffd391b0000 - 0x00007ffd39233000 	C:\Windows\System32\bcryptprimitives.dll
0x00007ffd38b70000 - 0x00007ffd38b7c000 	C:\Windows\SYSTEM32\CRYPTBASE.dll
0x00007ffd38600000 - 0x00007ffd3863b000 	C:\Windows\SYSTEM32\IPHLPAPI.DLL
0x00007ffd3a4d0000 - 0x00007ffd3a4d8000 	C:\Windows\System32\NSI.dll
0x00007ffd2ec20000 - 0x00007ffd2ec37000 	C:\Windows\SYSTEM32\dhcpcsvc6.DLL
0x00007ffd2eb80000 - 0x00007ffd2eb9d000 	C:\Windows\SYSTEM32\dhcpcsvc.DLL
0x00007ffd38640000 - 0x00007ffd3870c000 	C:\Windows\SYSTEM32\DNSAPI.dll

VM Arguments:
jvm_args: -Xmx2048m -Dfile.encoding=UTF-8 -Duser.country=ID -Duser.language=en -Duser.variant 
java_command: org.gradle.launcher.daemon.bootstrap.GradleDaemon 7.0.2
java_class_path (initial): C:\Users\Lenovo\.gradle\wrapper\dists\gradle-7.0.2-bin\857tjihv64xamwrf0h14cai3r\gradle-7.0.2\lib\gradle-launcher-7.0.2.jar
Launcher Type: SUN_STANDARD

Environment Variables:
PATH=C:\Program Files\ImageMagick-7.0.11-Q16-HDRI;C:\Program Files (x86)\VMware\VMware Player\bin\;C:\Windows\system32;C:\Windows;C:\Windows\System32\Wbem;C:\Windows\System32\WindowsPowerShell\v1.0\;C:\Windows\System32\OpenSSH\;C:\Program Files (x86)\NVIDIA Corporation\PhysX\Common;C:\Program Files\NVIDIA Corporation\NVIDIA NvDLISR;C:\src\flutter\bin;C:\Program Files\Git\cmd;C:\xampp\php;C:\ProgramData\ComposerSetup\bin;C:\Program Files\nodejs\;C:\Program Files\MongoDB\Server\4.4\bin;C:\MinGW\bin;C:\Program Files\dotnet\;C:\xampp\apache\bin;C:\Program Files\ImageMagick-7.0.11-Q16-HDRI;;C:\Program Files\Docker\Docker\resources\bin;C:\ProgramData\DockerDesktop\version-bin;C:\Users\Lenovo\AppData\Local\Programs\Python\Python39\Scripts\;C:\Users\Lenovo\AppData\Local\Programs\Python\Python39\;C:\Users\Lenovo\AppData\Local\Microsoft\WindowsApps;;C:\Users\Lenovo\AppData\Local\Programs\Microsoft VS Code\bin;C:\Users\Lenovo\AppData\Roaming\Composer\vendor\bin;C:\Program Files\heroku\bin;C:\Users\Lenovo\AppData\Roaming\npm
USERNAME=Lenovo
OS=Windows_NT
PROCESSOR_IDENTIFIER=Intel64 Family 6 Model 142 Stepping 11, GenuineIntel



---------------  S Y S T E M  ---------------

OS: Windows 10.0 , 64 bit Build 19041 (10.0.19041.1202)

CPU:total 8 (initial active 8) (4 cores per cpu, 2 threads per core) family 6 model 142 stepping 11, cmov, cx8, fxsr, mmx, sse, sse2, sse3, ssse3, sse4.1, sse4.2, popcnt, avx, avx2, aes, clmul, erms, 3dnowpref, lzcnt, ht, tsc, tscinvbit, bmi1, bmi2, adx

Memory: 4k page, physical 12392180k(2101820k free), swap 12392180k(432k free)

vm_info: OpenJDK 64-Bit Server VM (25.242-b01) for windows-amd64 JRE (1.8.0_242-release-1644-b01), built by "builder" with MS VC++ 10.0 (VS2010)

time: Mon Nov 08 15:49:28 2021
timezone: SE Asia Standard Time
elapsed time: 3 seconds (0d 0h 0m 3s)

