#
# There is insufficient memory for the Java Runtime Environment to continue.
# Native memory allocation (malloc) failed to allocate 702896 bytes for Chunk::new
# Possible reasons:
#   The system is out of physical RAM or swap space
#   The process is running with CompressedOops enabled, and the Java Heap may be blocking the growth of the native heap
# Possible solutions:
#   Reduce memory load on the system
#   Increase physical memory or swap space
#   Check if swap backing store is full
#   Decrease Java heap size (-Xmx/-Xms)
#   Decrease number of Java threads
#   Decrease Java thread stack sizes (-Xss)
#   Set larger code cache with -XX:ReservedCodeCacheSize=
#   JVM is running with Unscaled Compressed Oops mode in which the Java heap is
#     placed in the first 4GB address space. The Java Heap base address is the
#     maximum limit for the native heap growth. Please use -XX:HeapBaseMinAddress
#     to set the Java Heap base and to place the Java Heap above 4GB virtual address.
# This output file may be truncated or incomplete.
#
#  Out of Memory Error (allocation.cpp:389), pid=11688, tid=0x0000000000003104
#
# JRE version: OpenJDK Runtime Environment (8.0_242-b01) (build 1.8.0_242-release-1644-b01)
# Java VM: OpenJDK 64-Bit Server VM (25.242-b01 mixed mode windows-amd64 compressed oops)
# Failed to write core dump. Minidumps are not enabled by default on client versions of Windows
#

---------------  T H R E A D  ---------------

Current thread (0x00000000182bb000):  JavaThread "C2 CompilerThread1" daemon [_thread_in_native, id=12548, stack(0x000000001aa80000,0x000000001ab80000)]

Stack: [0x000000001aa80000,0x000000001ab80000]
[error occurred during error reporting (printing stack bounds), id 0xc0000005]

Native frames: (J=compiled Java code, j=interpreted, Vv=VM code, C=native code)


Current CompileTask:
C2:   4931 1685       4       java.io.WinNTFileSystem::normalize (231 bytes)


---------------  P R O C E S S  ---------------

Java Threads: ( => current thread )
  0x000000001cb9d000 JavaThread "Cache worker for file hash cache (D:\semester-5\pemrograman-perangkat-bergerak\ets\.gradle\6.5\fileHashes)" [_thread_blocked, id=8360, stack(0x0000000022d90000,0x0000000022e90000)]
  0x000000001cb9a800 JavaThread "Cache worker for file hash cache (C:\Users\Lenovo\.gradle\caches\6.5\fileHashes)" [_thread_in_vm, id=13984, stack(0x000000001f0a0000,0x000000001f1a0000)]
  0x000000001cb9c800 JavaThread "File lock request listener" [_thread_in_native, id=9144, stack(0x000000001efa0000,0x000000001f0a0000)]
  0x000000001cf90800 JavaThread "Cache worker for journal cache (C:\Users\Lenovo\.gradle\caches\journal-1)" [_thread_blocked, id=17532, stack(0x000000001eea0000,0x000000001efa0000)]
  0x000000001b364800 JavaThread "Thread-9" [_thread_blocked, id=10800, stack(0x000000001eba0000,0x000000001eca0000)]
  0x000000001b14d000 JavaThread "Stdin handler" [_thread_blocked, id=12320, stack(0x000000001eaa0000,0x000000001eba0000)]
  0x000000001b14c800 JavaThread "Asynchronous log dispatcher for DefaultDaemonConnection: socket connection from /127.0.0.1:65197 to /127.0.0.1:65198" [_thread_blocked, id=528, stack(0x000000001e9a0000,0x000000001eaa0000)]
  0x000000001b115000 JavaThread "Daemon worker" [_thread_blocked, id=13968, stack(0x000000001e8a0000,0x000000001e9a0000)]
  0x000000001a1e4000 JavaThread "Cancel handler" [_thread_blocked, id=9804, stack(0x000000001e6a0000,0x000000001e7a0000)]
  0x000000001b04c000 JavaThread "Handler for socket connection from /127.0.0.1:65197 to /127.0.0.1:65198" [_thread_in_native, id=9380, stack(0x000000001e5a0000,0x000000001e6a0000)]
  0x000000001a1c9800 JavaThread "Daemon" [_thread_blocked, id=17504, stack(0x000000001e4a0000,0x000000001e5a0000)]
  0x000000001cb70000 JavaThread "Daemon periodic checks" [_thread_blocked, id=17428, stack(0x000000001e1a0000,0x000000001e2a0000)]
  0x000000001cb6f800 JavaThread "Incoming local TCP Connector on port 65197" [_thread_in_native, id=6116, stack(0x000000001df60000,0x000000001e060000)]
  0x000000001cb10800 JavaThread "Daemon health stats" [_thread_blocked, id=13752, stack(0x000000001d920000,0x000000001da20000)]
  0x000000001a13f000 JavaThread "Service Thread" daemon [_thread_blocked, id=4136, stack(0x000000001ad80000,0x000000001ae80000)]
  0x000000001a0ae800 JavaThread "C1 CompilerThread3" daemon [_thread_blocked, id=13904, stack(0x000000001ac80000,0x000000001ad80000)]
  0x000000001a0a7000 JavaThread "C2 CompilerThread2" daemon [_thread_blocked, id=14308, stack(0x000000001ab80000,0x000000001ac80000)]
=>0x00000000182bb000 JavaThread "C2 CompilerThread1" daemon [_thread_in_native, id=12548, stack(0x000000001aa80000,0x000000001ab80000)]
  0x000000001a0a3000 JavaThread "C2 CompilerThread0" daemon [_thread_blocked, id=14052, stack(0x000000001a980000,0x000000001aa80000)]
  0x000000001a0a2000 JavaThread "Attach Listener" daemon [_thread_blocked, id=3152, stack(0x000000001a880000,0x000000001a980000)]
  0x000000001a0a0800 JavaThread "Signal Dispatcher" daemon [_thread_blocked, id=11364, stack(0x000000001a780000,0x000000001a880000)]
  0x00000000031fd800 JavaThread "Finalizer" daemon [_thread_blocked, id=2812, stack(0x000000001a570000,0x000000001a670000)]
  0x00000000031f7000 JavaThread "Reference Handler" daemon [_thread_blocked, id=6552, stack(0x000000001a470000,0x000000001a570000)]
  0x0000000002ede000 JavaThread "main" [_thread_blocked, id=7228, stack(0x0000000002ff0000,0x00000000030f0000)]

Other Threads:
  0x00000000182a6000 VMThread [stack: 0x0000000019f70000,0x000000001a070000] [id=1568]
  0x000000001a140000 WatcherThread [stack: 0x000000001ae80000,0x000000001af80000] [id=15708]

VM state:not at safepoint (normal execution)

VM Mutex/Monitor currently owned by a thread: None

heap address: 0x0000000080000000, size: 2048 MB, Compressed Oops mode: 32-bit
Narrow klass base: 0x0000000000000000, Narrow klass shift: 3
Compressed class space size: 1073741824 Address: 0x0000000100000000

Heap:
 PSYoungGen      total 105984K, used 10409K [0x00000000d5580000, 0x00000000dc480000, 0x0000000100000000)
  eden space 98304K, 2% used [0x00000000d5580000,0x00000000d58322d0,0x00000000db580000)
  from space 7680K, 99% used [0x00000000dbd00000,0x00000000dc4782f0,0x00000000dc480000)
  to   space 7680K, 0% used [0x00000000db580000,0x00000000db580000,0x00000000dbd00000)
 ParOldGen       total 130048K, used 4132K [0x0000000080000000, 0x0000000087f00000, 0x00000000d5580000)
  object space 130048K, 3% used [0x0000000080000000,0x0000000080409270,0x0000000087f00000)
 Metaspace       used 20337K, capacity 21064K, committed 21248K, reserved 1067008K
  class space    used 2837K, capacity 3028K, committed 3072K, reserved 1048576K

Card table byte_map: [0x00000000125d0000,0x00000000129e0000] byte_map_base: 0x00000000121d0000

Marking Bits: (ParMarkBitMap*) 0x0000000066eff030
 Begin Bits: [0x0000000013490000, 0x0000000015490000)
 End Bits:   [0x0000000015490000, 0x0000000017490000)

Polling page: 0x0000000002ec0000

CodeCache: size=245760Kb used=6331Kb max_used=6343Kb free=239428Kb
 bounds [0x0000000003210000, 0x0000000003850000, 0x0000000012210000]
 total_blobs=2222 nmethods=1798 adapters=337
 compilation: enabled

Compilation events (10 events):
Event: 4.542 Thread 0x000000001a0ae800 1771       3       sun.misc.ProxyGenerator::getParameterDescriptors (47 bytes)
Event: 4.543 Thread 0x000000001a0ae800 nmethod 1771 0x00000000037f1090 code [0x00000000037f12e0, 0x00000000037f20b8]
Event: 4.543 Thread 0x000000001a0ae800 1772       3       sun.misc.ProxyGenerator$ExceptionTableEntry::<init> (26 bytes)
Event: 4.543 Thread 0x000000001a0ae800 nmethod 1772 0x00000000037f28d0 code [0x00000000037f2a20, 0x00000000037f2bd0]
Event: 4.564 Thread 0x000000001a0ae800 1773       3       java.lang.invoke.MethodHandleNatives::refKindIsField (32 bytes)
Event: 4.564 Thread 0x000000001a0ae800 nmethod 1773 0x00000000037f2c90 code [0x00000000037f2de0, 0x00000000037f2f90]
Event: 4.564 Thread 0x000000001a0ae800 1774       3       jdk.internal.org.objectweb.asm.MethodWriter::visitLabel (281 bytes)
Event: 4.565 Thread 0x000000001a0ae800 nmethod 1774 0x00000000037f3010 code [0x00000000037f31c0, 0x00000000037f3988]
Event: 4.565 Thread 0x000000001a0ae800 1775       3       jdk.internal.org.objectweb.asm.MethodWriter::noSuccessor (87 bytes)
Event: 4.565 Thread 0x000000001a0ae800 nmethod 1775 0x00000000037f3bd0 code [0x00000000037f3d60, 0x00000000037f4248]

GC Heap History (6 events):
Event: 1.841 GC heap before
{Heap before GC invocations=1 (full 0):
 PSYoungGen      total 56832K, used 49152K [0x00000000d5580000, 0x00000000d9480000, 0x0000000100000000)
  eden space 49152K, 100% used [0x00000000d5580000,0x00000000d8580000,0x00000000d8580000)
  from space 7680K, 0% used [0x00000000d8d00000,0x00000000d8d00000,0x00000000d9480000)
  to   space 7680K, 0% used [0x00000000d8580000,0x00000000d8580000,0x00000000d8d00000)
 ParOldGen       total 130048K, used 0K [0x0000000080000000, 0x0000000087f00000, 0x00000000d5580000)
  object space 130048K, 0% used [0x0000000080000000,0x0000000080000000,0x0000000087f00000)
 Metaspace       used 7553K, capacity 7838K, committed 8064K, reserved 1056768K
  class space    used 928K, capacity 1037K, committed 1152K, reserved 1048576K
Event: 1.848 GC heap after
Heap after GC invocations=1 (full 0):
 PSYoungGen      total 56832K, used 4873K [0x00000000d5580000, 0x00000000d9480000, 0x0000000100000000)
  eden space 49152K, 0% used [0x00000000d5580000,0x00000000d5580000,0x00000000d8580000)
  from space 7680K, 63% used [0x00000000d8580000,0x00000000d8a425c0,0x00000000d8d00000)
  to   space 7680K, 0% used [0x00000000d8d00000,0x00000000d8d00000,0x00000000d9480000)
 ParOldGen       total 130048K, used 16K [0x0000000080000000, 0x0000000087f00000, 0x00000000d5580000)
  object space 130048K, 0% used [0x0000000080000000,0x0000000080004000,0x0000000087f00000)
 Metaspace       used 7553K, capacity 7838K, committed 8064K, reserved 1056768K
  class space    used 928K, capacity 1037K, committed 1152K, reserved 1048576K
}
Event: 3.389 GC heap before
{Heap before GC invocations=2 (full 0):
 PSYoungGen      total 56832K, used 54025K [0x00000000d5580000, 0x00000000d9480000, 0x0000000100000000)
  eden space 49152K, 100% used [0x00000000d5580000,0x00000000d8580000,0x00000000d8580000)
  from space 7680K, 63% used [0x00000000d8580000,0x00000000d8a425c0,0x00000000d8d00000)
  to   space 7680K, 0% used [0x00000000d8d00000,0x00000000d8d00000,0x00000000d9480000)
 ParOldGen       total 130048K, used 16K [0x0000000080000000, 0x0000000087f00000, 0x00000000d5580000)
  object space 130048K, 0% used [0x0000000080000000,0x0000000080004000,0x0000000087f00000)
 Metaspace       used 11460K, capacity 11722K, committed 11904K, reserved 1058816K
  class space    used 1516K, capacity 1607K, committed 1664K, reserved 1048576K
Event: 3.398 GC heap after
Heap after GC invocations=2 (full 0):
 PSYoungGen      total 56832K, used 6286K [0x00000000d5580000, 0x00000000d9480000, 0x0000000100000000)
  eden space 49152K, 0% used [0x00000000d5580000,0x00000000d5580000,0x00000000d8580000)
  from space 7680K, 81% used [0x00000000d8d00000,0x00000000d9323800,0x00000000d9480000)
  to   space 7680K, 0% used [0x00000000d8580000,0x00000000d8580000,0x00000000d8d00000)
 ParOldGen       total 130048K, used 24K [0x0000000080000000, 0x0000000087f00000, 0x00000000d5580000)
  object space 130048K, 0% used [0x0000000080000000,0x0000000080006000,0x0000000087f00000)
 Metaspace       used 11460K, capacity 11722K, committed 11904K, reserved 1058816K
  class space    used 1516K, capacity 1607K, committed 1664K, reserved 1048576K
}
Event: 3.980 GC heap before
{Heap before GC invocations=3 (full 0):
 PSYoungGen      total 56832K, used 55438K [0x00000000d5580000, 0x00000000d9480000, 0x0000000100000000)
  eden space 49152K, 100% used [0x00000000d5580000,0x00000000d8580000,0x00000000d8580000)
  from space 7680K, 81% used [0x00000000d8d00000,0x00000000d9323800,0x00000000d9480000)
  to   space 7680K, 0% used [0x00000000d8580000,0x00000000d8580000,0x00000000d8d00000)
 ParOldGen       total 130048K, used 24K [0x0000000080000000, 0x0000000087f00000, 0x00000000d5580000)
  object space 130048K, 0% used [0x0000000080000000,0x0000000080006000,0x0000000087f00000)
 Metaspace       used 16571K, capacity 17150K, committed 17280K, reserved 1064960K
  class space    used 2212K, capacity 2379K, committed 2432K, reserved 1048576K
Event: 3.998 GC heap after
Heap after GC invocations=3 (full 0):
 PSYoungGen      total 56832K, used 7669K [0x00000000d5580000, 0x00000000dc480000, 0x0000000100000000)
  eden space 49152K, 0% used [0x00000000d5580000,0x00000000d5580000,0x00000000d8580000)
  from space 7680K, 99% used [0x00000000d8580000,0x00000000d8cfd788,0x00000000d8d00000)
  to   space 7680K, 0% used [0x00000000dbd00000,0x00000000dbd00000,0x00000000dc480000)
 ParOldGen       total 130048K, used 1524K [0x0000000080000000, 0x0000000087f00000, 0x00000000d5580000)
  object space 130048K, 1% used [0x0000000080000000,0x000000008017d178,0x0000000087f00000)
 Metaspace       used 16571K, capacity 17150K, committed 17280K, reserved 1064960K
  class space    used 2212K, capacity 2379K, committed 2432K, reserved 1048576K
}

Deoptimization events (10 events):
Event: 3.724 Thread 0x000000001b115000 Uncommon trap: reason=class_check action=maybe_recompile pc=0x00000000033cf58c method=java.util.regex.Matcher.match(II)Z @ 86
Event: 3.855 Thread 0x000000001b115000 Uncommon trap: reason=unstable_if action=reinterpret pc=0x000000000352af5c method=java.io.File.getName()Ljava/lang/String; @ 16
Event: 4.128 Thread 0x000000001b115000 Uncommon trap: reason=unstable_if action=reinterpret pc=0x000000000352dab0 method=java.util.LinkedHashMap.afterNodeInsertion(Z)V @ 1
Event: 4.129 Thread 0x000000001b115000 Uncommon trap: reason=unstable_if action=reinterpret pc=0x0000000003485304 method=java.util.HashMap.getNode(ILjava/lang/Object;)Ljava/util/HashMap$Node; @ 129
Event: 4.129 Thread 0x000000001b115000 Uncommon trap: reason=bimorphic action=maybe_recompile pc=0x00000000036f9a74 method=java.util.HashMap.putVal(ILjava/lang/Object;Ljava/lang/Object;ZZ)Ljava/lang/Object; @ 203
Event: 4.132 Thread 0x000000001b115000 Uncommon trap: reason=unstable_if action=reinterpret pc=0x0000000003462750 method=java.util.HashMap.getNode(ILjava/lang/Object;)Ljava/util/HashMap$Node; @ 129
Event: 4.132 Thread 0x000000001b115000 Uncommon trap: reason=bimorphic action=maybe_recompile pc=0x00000000036f9a74 method=java.util.HashMap.putVal(ILjava/lang/Object;Ljava/lang/Object;ZZ)Ljava/lang/Object; @ 203
Event: 4.263 Thread 0x000000001b115000 Uncommon trap: reason=unstable_if action=reinterpret pc=0x000000000375b98c method=java.util.jar.Attributes$Name.isDigit(C)Z @ 3
Event: 4.472 Thread 0x000000001b115000 Uncommon trap: reason=unstable_if action=reinterpret pc=0x00000000033e1e48 method=java.net.URI.match(CJJ)Z @ 19
Event: 4.472 Thread 0x000000001b115000 Uncommon trap: reason=unstable_if action=reinterpret pc=0x00000000034bfa80 method=java.net.URI.match(CJJ)Z @ 19

Classes redefined (0 events):
No events

Internal exceptions (10 events):
Event: 3.461 Thread 0x000000001b04c000 Exception <a 'java/lang/NoSuchMethodError': <clinit>> (0x00000000d57bce08) thrown at [C:\src\AOSP-openjdk-git\hotspot\src\share\vm\prims\jni.cpp, line 1615]
Event: 3.463 Thread 0x000000001b04c000 Exception <a 'java/lang/NoSuchMethodError': <clinit>> (0x00000000d57d31c0) thrown at [C:\src\AOSP-openjdk-git\hotspot\src\share\vm\prims\jni.cpp, line 1615]
Event: 3.485 Thread 0x000000001b04c000 Exception <a 'java/lang/NoSuchMethodError': <clinit>> (0x00000000d584dab8) thrown at [C:\src\AOSP-openjdk-git\hotspot\src\share\vm\prims\jni.cpp, line 1615]
Event: 3.490 Thread 0x000000001b04c000 Exception <a 'java/lang/NoSuchMethodError': <clinit>> (0x00000000d587d1c8) thrown at [C:\src\AOSP-openjdk-git\hotspot\src\share\vm\prims\jni.cpp, line 1615]
Event: 3.495 Thread 0x000000001b04c000 Exception <a 'java/lang/NoSuchMethodError': <clinit>> (0x00000000d58ab7b0) thrown at [C:\src\AOSP-openjdk-git\hotspot\src\share\vm\prims\jni.cpp, line 1615]
Event: 3.496 Thread 0x000000001b04c000 Exception <a 'java/lang/NoSuchMethodError': <clinit>> (0x00000000d58b7c28) thrown at [C:\src\AOSP-openjdk-git\hotspot\src\share\vm\prims\jni.cpp, line 1615]
Event: 3.893 Thread 0x000000001b115000 Exception <a 'java/lang/NoSuchMethodError': java.lang.Object.lambda$and$0(Ljava/util/function/Predicate;Ljava/lang/Object;)Z> (0x00000000d7e3d508) thrown at [C:\src\AOSP-openjdk-git\hotspot\src\share\vm\interpreter\linkResolver.cpp, line 620]
Event: 3.898 Thread 0x000000001b115000 Exception <a 'java/lang/IncompatibleClassChangeError': Found class java.lang.Object, but interface was expected> (0x00000000d7e4d800) thrown at [C:\src\AOSP-openjdk-git\hotspot\src\share\vm\interpreter\linkResolver.cpp, line 653]
Event: 3.900 Thread 0x000000001b115000 Exception <a 'java/lang/NoSuchMethodError': java.lang.Object.lambda$or$2(Ljava/util/function/Predicate;Ljava/lang/Object;)Z> (0x00000000d7e52350) thrown at [C:\src\AOSP-openjdk-git\hotspot\src\share\vm\interpreter\linkResolver.cpp, line 620]
Event: 4.174 Thread 0x000000001b115000 Exception <a 'java/lang/NoSuchMethodError': java.lang.Object.lambda$static$0(Lorg/gradle/internal/state/ModelObject;)Ljava/lang/String;> (0x00000000d6670200) thrown at [C:\src\AOSP-openjdk-git\hotspot\src\share\vm\interpreter\linkResolver.cpp, line 620]

Events (10 events):
Event: 4.566 loading class org/gradle/internal/isolated/IsolationScheme done
Event: 4.567 loading class org/gradle/api/provider/ValueSource
Event: 4.567 loading class org/gradle/api/provider/ValueSource done
Event: 4.567 loading class org/gradle/api/provider/ValueSourceParameters
Event: 4.567 loading class org/gradle/api/provider/ValueSourceParameters done
Event: 4.567 loading class org/gradle/api/provider/ValueSourceParameters$None
Event: 4.567 loading class org/gradle/api/provider/ValueSourceParameters$None done
Event: 4.567 loading class org/gradle/api/internal/provider/ValueSourceProviderFactory$Listener
Event: 4.567 loading class org/gradle/api/internal/provider/ValueSourceProviderFactory$Listener done
Event: 4.569 Thread 0x000000001cb9d000 Thread added: 0x000000001cb9d000


Dynamic libraries:
0x00007ff7b19d0000 - 0x00007ff7b1a01000 	C:\Program Files\Android\Android Studio\jre\bin\java.exe
0x00007ffd3ba90000 - 0x00007ffd3bc85000 	C:\Windows\SYSTEM32\ntdll.dll
0x00007ffd3adb0000 - 0x00007ffd3ae6e000 	C:\Windows\System32\KERNEL32.DLL
0x00007ffd39580000 - 0x00007ffd39849000 	C:\Windows\System32\KERNELBASE.dll
0x00007ffd3a590000 - 0x00007ffd3a63c000 	C:\Windows\System32\ADVAPI32.dll
0x00007ffd3b5e0000 - 0x00007ffd3b67e000 	C:\Windows\System32\msvcrt.dll
0x00007ffd3b680000 - 0x00007ffd3b71b000 	C:\Windows\System32\sechost.dll
0x00007ffd3b4b0000 - 0x00007ffd3b5da000 	C:\Windows\System32\RPCRT4.dll
0x00007ffd3ae70000 - 0x00007ffd3b011000 	C:\Windows\System32\USER32.dll
0x00007ffd39a10000 - 0x00007ffd39a32000 	C:\Windows\System32\win32u.dll
0x00007ffd3a650000 - 0x00007ffd3a67b000 	C:\Windows\System32\GDI32.dll
0x00007ffd39900000 - 0x00007ffd39a0b000 	C:\Windows\System32\gdi32full.dll
0x00007ffd39a40000 - 0x00007ffd39add000 	C:\Windows\System32\msvcp_win.dll
0x00007ffd393d0000 - 0x00007ffd394d0000 	C:\Windows\System32\ucrtbase.dll
0x00007ffd1caa0000 - 0x00007ffd1cd3a000 	C:\Windows\WinSxS\amd64_microsoft.windows.common-controls_6595b64144ccf1df_6.0.19041.1110_none_60b5254171f9507e\COMCTL32.dll
0x00007ffd3abc0000 - 0x00007ffd3abf0000 	C:\Windows\System32\IMM32.DLL
0x0000000067520000 - 0x00000000675f2000 	C:\Program Files\Android\Android Studio\jre\jre\bin\msvcr100.dll
0x0000000066730000 - 0x0000000066f7b000 	C:\Program Files\Android\Android Studio\jre\jre\bin\server\jvm.dll
0x00007ffd39d80000 - 0x00007ffd39d88000 	C:\Windows\System32\PSAPI.DLL
0x00007ffd2f0f0000 - 0x00007ffd2f0fa000 	C:\Windows\SYSTEM32\VERSION.dll
0x00007ffd23a30000 - 0x00007ffd23a57000 	C:\Windows\SYSTEM32\WINMM.dll
0x00007ffd05860000 - 0x00007ffd05869000 	C:\Windows\SYSTEM32\WSOCK32.dll
0x00007ffd3b720000 - 0x00007ffd3b78b000 	C:\Windows\System32\WS2_32.dll
0x00007ffd30070000 - 0x00007ffd3007f000 	C:\Program Files\Android\Android Studio\jre\jre\bin\verify.dll
0x00007ffd2b6f0000 - 0x00007ffd2b719000 	C:\Program Files\Android\Android Studio\jre\jre\bin\java.dll
0x00007ffd2f980000 - 0x00007ffd2f996000 	C:\Program Files\Android\Android Studio\jre\jre\bin\zip.dll
0x00007ffd39d90000 - 0x00007ffd3a4cf000 	C:\Windows\System32\SHELL32.dll
0x00007ffd371a0000 - 0x00007ffd37930000 	C:\Windows\SYSTEM32\windows.storage.dll
0x00007ffd3b020000 - 0x00007ffd3b375000 	C:\Windows\System32\combase.dll
0x00007ffd38c00000 - 0x00007ffd38c2c000 	C:\Windows\SYSTEM32\Wldp.dll
0x00007ffd39bb0000 - 0x00007ffd39c5d000 	C:\Windows\System32\SHCORE.dll
0x00007ffd3a680000 - 0x00007ffd3a6d5000 	C:\Windows\System32\shlwapi.dll
0x00007ffd390f0000 - 0x00007ffd3910f000 	C:\Windows\SYSTEM32\profapi.dll
0x00007ffd2e1a0000 - 0x00007ffd2e1ba000 	C:\Program Files\Android\Android Studio\jre\jre\bin\net.dll
0x00007ffd38960000 - 0x00007ffd389ca000 	C:\Windows\system32\mswsock.dll
0x00007ffd2cc80000 - 0x00007ffd2cc93000 	C:\Program Files\Android\Android Studio\jre\jre\bin\nio.dll
0x00007ffd13d50000 - 0x00007ffd13d77000 	C:\Users\Lenovo\.gradle\native\f6784746aeab05261644944871eae4fe03e0ef1612fff0a4a95f87b438bc6780\windows-amd64\native-platform.dll
0x00007ffd2fd90000 - 0x00007ffd2fd9d000 	C:\Program Files\Android\Android Studio\jre\jre\bin\management.dll
0x00007ffd38b50000 - 0x00007ffd38b68000 	C:\Windows\SYSTEM32\CRYPTSP.dll
0x00007ffd38270000 - 0x00007ffd382a4000 	C:\Windows\system32\rsaenh.dll
0x00007ffd39240000 - 0x00007ffd39267000 	C:\Windows\System32\bcrypt.dll
0x00007ffd390b0000 - 0x00007ffd390de000 	C:\Windows\SYSTEM32\USERENV.dll
0x00007ffd391b0000 - 0x00007ffd39233000 	C:\Windows\System32\bcryptprimitives.dll
0x00007ffd38b70000 - 0x00007ffd38b7c000 	C:\Windows\SYSTEM32\CRYPTBASE.dll
0x00007ffd38600000 - 0x00007ffd3863b000 	C:\Windows\SYSTEM32\IPHLPAPI.DLL
0x00007ffd3a4d0000 - 0x00007ffd3a4d8000 	C:\Windows\System32\NSI.dll
0x00007ffd2ec20000 - 0x00007ffd2ec37000 	C:\Windows\SYSTEM32\dhcpcsvc6.DLL
0x00007ffd2eb80000 - 0x00007ffd2eb9d000 	C:\Windows\SYSTEM32\dhcpcsvc.DLL
0x00007ffd38640000 - 0x00007ffd3870c000 	C:\Windows\SYSTEM32\DNSAPI.dll
0x00007ffd2ec40000 - 0x00007ffd2ec4b000 	C:\Windows\SYSTEM32\WINNSI.DLL

VM Arguments:
jvm_args: -Xmx2048m -Dfile.encoding=UTF-8 -Duser.country=ID -Duser.language=en -Duser.variant 
java_command: org.gradle.launcher.daemon.bootstrap.GradleDaemon 6.5
java_class_path (initial): C:\Users\Lenovo\.gradle\wrapper\dists\gradle-6.5-bin\6nifqtx7604sqp1q6g8wikw7p\gradle-6.5\lib\gradle-launcher-6.5.jar
Launcher Type: SUN_STANDARD

Environment Variables:
JAVA_HOME=C:\Program Files\Java\jdk-17.0.1
PATH=C:\Program Files\ImageMagick-7.0.11-Q16-HDRI;C:\Program Files (x86)\VMware\VMware Player\bin\;C:\Windows\system32;C:\Windows;C:\Windows\System32\Wbem;C:\Windows\System32\WindowsPowerShell\v1.0\;C:\Windows\System32\OpenSSH\;C:\Program Files (x86)\NVIDIA Corporation\PhysX\Common;C:\Program Files\NVIDIA Corporation\NVIDIA NvDLISR;C:\src\flutter\bin;C:\Program Files\Git\cmd;C:\xampp\php;C:\ProgramData\ComposerSetup\bin;C:\Program Files\nodejs\;C:\Program Files\MongoDB\Server\4.4\bin;C:\MinGW\bin;C:\Program Files\dotnet\;C:\xampp\apache\bin;C:\Program Files\ImageMagick-7.0.11-Q16-HDRI;C:\Program Files\Docker\Docker\resources\bin;C:\ProgramData\DockerDesktop\version-bin;C:\Program Files\Java\jdk-17.0.1\bin;C:\Users\Lenovo\AppData\Local\Programs\Python\Python39\Scripts\;C:\Users\Lenovo\AppData\Local\Programs\Python\Python39\;C:\Users\Lenovo\AppData\Local\Microsoft\WindowsApps;;C:\Users\Lenovo\AppData\Local\Programs\Microsoft VS Code\bin;C:\Users\Lenovo\AppData\Roaming\Composer\vendor\bin;C:\Program Files\heroku\bin;C:\Users\Lenovo\AppData\Roaming\npm
USERNAME=Lenovo
OS=Windows_NT
PROCESSOR_IDENTIFIER=Intel64 Family 6 Model 142 Stepping 11, GenuineIntel



---------------  S Y S T E M  ---------------

OS: Windows 10.0 , 64 bit Build 19041 (10.0.19041.1202)

CPU:total 8 (initial active 8) (4 cores per cpu, 2 threads per core) family 6 model 142 stepping 11, cmov, cx8, fxsr, mmx, sse, sse2, sse3, ssse3, sse4.1, sse4.2, popcnt, avx, avx2, aes, clmul, erms, 3dnowpref, lzcnt, ht, tsc, tscinvbit, bmi1, bmi2, adx

Memory: 4k page, physical 12392180k(2358220k free), swap 12392180k(16120k free)

vm_info: OpenJDK 64-Bit Server VM (25.242-b01) for windows-amd64 JRE (1.8.0_242-release-1644-b01), built by "builder" with MS VC++ 10.0 (VS2010)

time: Mon Nov 08 18:41:40 2021
timezone: SE Asia Standard Time
elapsed time: 4 seconds (0d 0h 0m 4s)

