#
# There is insufficient memory for the Java Runtime Environment to continue.
# Native memory allocation (malloc) failed to allocate 1439856 bytes for Chunk::new
# Possible reasons:
#   The system is out of physical RAM or swap space
#   The process is running with CompressedOops enabled, and the Java Heap may be blocking the growth of the native heap
# Possible solutions:
#   Reduce memory load on the system
#   Increase physical memory or swap space
#   Check if swap backing store is full
#   Decrease Java heap size (-Xmx/-Xms)
#   Decrease number of Java threads
#   Decrease Java thread stack sizes (-Xss)
#   Set larger code cache with -XX:ReservedCodeCacheSize=
#   JVM is running with Unscaled Compressed Oops mode in which the Java heap is
#     placed in the first 4GB address space. The Java Heap base address is the
#     maximum limit for the native heap growth. Please use -XX:HeapBaseMinAddress
#     to set the Java Heap base and to place the Java Heap above 4GB virtual address.
# This output file may be truncated or incomplete.
#
#  Out of Memory Error (allocation.cpp:389), pid=19452, tid=0x000000000000269c
#
# JRE version: OpenJDK Runtime Environment (8.0_242-b01) (build 1.8.0_242-release-1644-b01)
# Java VM: OpenJDK 64-Bit Server VM (25.242-b01 mixed mode windows-amd64 compressed oops)
# Failed to write core dump. Minidumps are not enabled by default on client versions of Windows
#

---------------  T H R E A D  ---------------

Current thread (0x0000000019987800):  JavaThread "C2 CompilerThread2" daemon [_thread_in_native, id=9884, stack(0x000000001a450000,0x000000001a550000)]

Stack: [0x000000001a450000,0x000000001a550000]
[error occurred during error reporting (printing stack bounds), id 0xc0000005]

Native frames: (J=compiled Java code, j=interpreted, Vv=VM code, C=native code)


Current CompileTask:
C2:   3585 2558       4       groovy.lang.MetaClassImpl$1MOPIter::methodNameAction (325 bytes)


---------------  P R O C E S S  ---------------

Java Threads: ( => current thread )
  0x000000001c58c800 JavaThread "Cache worker for file content cache (C:\Users\Lenovo\.gradle\caches\6.5\fileContent)" [_thread_blocked, id=10808, stack(0x0000000022b80000,0x0000000022c80000)]
  0x000000001c58b800 JavaThread "jar transforms" [_thread_blocked, id=11372, stack(0x0000000022a80000,0x0000000022b80000)]
  0x000000001c58d000 JavaThread "Cache worker for execution history cache (C:\Users\Lenovo\.gradle\caches\6.5\executionHistory)" [_thread_blocked, id=15180, stack(0x0000000022380000,0x0000000022480000)]
  0x000000001c58b000 JavaThread "Cache worker for cache directory md-rule (C:\Users\Lenovo\.gradle\caches\6.5\md-rule)" [_thread_blocked, id=19036, stack(0x0000000022280000,0x0000000022380000)]
  0x000000001c58a000 JavaThread "Cache worker for cache directory md-supplier (C:\Users\Lenovo\.gradle\caches\6.5\md-supplier)" [_thread_blocked, id=16332, stack(0x0000000022180000,0x0000000022280000)]
  0x000000001c588800 JavaThread "Cache worker for checksums cache (D:\semester-5\pemrograman-perangkat-bergerak\ets\.gradle\checksums)" [_thread_blocked, id=12560, stack(0x0000000020d10000,0x0000000020e10000)]
  0x000000001c588000 JavaThread "Cache worker for file hash cache (D:\semester-5\pemrograman-perangkat-bergerak\ets\.gradle\6.5\fileHashes)" [_thread_blocked, id=2676, stack(0x0000000020ea0000,0x0000000020fa0000)]
  0x000000001c58e000 JavaThread "Cache worker for file hash cache (C:\Users\Lenovo\.gradle\caches\6.5\fileHashes)" [_thread_blocked, id=9384, stack(0x000000001e870000,0x000000001e970000)]
  0x000000001c589800 JavaThread "File lock request listener" [_thread_in_native, id=14672, stack(0x000000001e770000,0x000000001e870000)]
  0x000000001c563800 JavaThread "Cache worker for journal cache (C:\Users\Lenovo\.gradle\caches\journal-1)" [_thread_blocked, id=18304, stack(0x000000001e670000,0x000000001e770000)]
  0x000000001a9fc800 JavaThread "Thread-9" [_thread_blocked, id=10504, stack(0x000000001e370000,0x000000001e470000)]
  0x000000001a9f9000 JavaThread "Stdin handler" [_thread_blocked, id=13652, stack(0x000000001e270000,0x000000001e370000)]
  0x000000001a9f6000 JavaThread "Asynchronous log dispatcher for DefaultDaemonConnection: socket connection from /127.0.0.1:57300 to /127.0.0.1:57301" [_thread_blocked, id=10780, stack(0x000000001e170000,0x000000001e270000)]
  0x000000001a956000 JavaThread "Daemon worker" [_thread_in_vm, id=19388, stack(0x000000001e070000,0x000000001e170000)]
  0x000000001a955000 JavaThread "Cancel handler" [_thread_blocked, id=17076, stack(0x000000001df70000,0x000000001e070000)]
  0x0000000019a31800 JavaThread "Handler for socket connection from /127.0.0.1:57300 to /127.0.0.1:57301" [_thread_in_native, id=13404, stack(0x000000001de70000,0x000000001df70000)]
  0x0000000019afc800 JavaThread "Daemon" [_thread_blocked, id=16604, stack(0x000000001dd70000,0x000000001de70000)]
  0x000000001c46b800 JavaThread "Daemon periodic checks" [_thread_blocked, id=10988, stack(0x000000001da70000,0x000000001db70000)]
  0x000000001c469000 JavaThread "Incoming local TCP Connector on port 57300" [_thread_in_native, id=4836, stack(0x000000001d830000,0x000000001d930000)]
  0x000000001c3f4000 JavaThread "Daemon health stats" [_thread_blocked, id=13904, stack(0x000000001d1f0000,0x000000001d2f0000)]
  0x000000001999e800 JavaThread "Service Thread" daemon [_thread_blocked, id=16992, stack(0x000000001a650000,0x000000001a750000)]
  0x000000001998f000 JavaThread "C1 CompilerThread3" daemon [_thread_in_vm, id=1572, stack(0x000000001a550000,0x000000001a650000)]
=>0x0000000019987800 JavaThread "C2 CompilerThread2" daemon [_thread_in_native, id=9884, stack(0x000000001a450000,0x000000001a550000)]
  0x0000000017b9b000 JavaThread "C2 CompilerThread1" daemon [_thread_blocked, id=13240, stack(0x000000001a350000,0x000000001a450000)]
  0x0000000019983000 JavaThread "C2 CompilerThread0" daemon [_thread_blocked, id=18924, stack(0x000000001a250000,0x000000001a350000)]
  0x0000000019981800 JavaThread "Attach Listener" daemon [_thread_blocked, id=1920, stack(0x000000001a150000,0x000000001a250000)]
  0x0000000019981000 JavaThread "Signal Dispatcher" daemon [_thread_blocked, id=15856, stack(0x000000001a050000,0x000000001a150000)]
  0x0000000002b1d800 JavaThread "Finalizer" daemon [_thread_blocked, id=18900, stack(0x0000000019e50000,0x0000000019f50000)]
  0x0000000002b17000 JavaThread "Reference Handler" daemon [_thread_blocked, id=6280, stack(0x0000000019d50000,0x0000000019e50000)]
  0x000000000288e000 JavaThread "main" [_thread_blocked, id=9268, stack(0x0000000002920000,0x0000000002a20000)]

Other Threads:
  0x0000000017b86000 VMThread [stack: 0x0000000019850000,0x0000000019950000] [id=11936]
  0x000000001999f000 WatcherThread [stack: 0x000000001a750000,0x000000001a850000] [id=16324]

VM state:not at safepoint (normal execution)

VM Mutex/Monitor currently owned by a thread: None

heap address: 0x0000000080000000, size: 2048 MB, Compressed Oops mode: 32-bit
Narrow klass base: 0x0000000000000000, Narrow klass shift: 3
Compressed class space size: 1073741824 Address: 0x0000000100000000

Heap:
 PSYoungGen      total 184320K, used 22558K [0x00000000d5580000, 0x00000000e2b80000, 0x0000000100000000)
  eden space 171520K, 13% used [0x00000000d5580000,0x00000000d6b87b00,0x00000000dfd00000)
  from space 12800K, 0% used [0x00000000e1280000,0x00000000e1280000,0x00000000e1f00000)
  to   space 11264K, 0% used [0x00000000e2080000,0x00000000e2080000,0x00000000e2b80000)
 ParOldGen       total 115200K, used 16359K [0x0000000080000000, 0x0000000087080000, 0x00000000d5580000)
  object space 115200K, 14% used [0x0000000080000000,0x0000000080ff9ed8,0x0000000087080000)
 Metaspace       used 35406K, capacity 36544K, committed 36648K, reserved 1081344K
  class space    used 4878K, capacity 5135K, committed 5168K, reserved 1048576K

Card table byte_map: [0x0000000011ee0000,0x00000000122f0000] byte_map_base: 0x0000000011ae0000

Marking Bits: (ParMarkBitMap*) 0x0000000066eff030
 Begin Bits: [0x0000000012da0000, 0x0000000014da0000)
 End Bits:   [0x0000000014da0000, 0x0000000016da0000)

Polling page: 0x0000000002870000

CodeCache: size=245760Kb used=10756Kb max_used=10759Kb free=235003Kb
 bounds [0x0000000002b20000, 0x00000000035b0000, 0x0000000011b20000]
 total_blobs=3483 nmethods=2785 adapters=611
 compilation: enabled

Compilation events (10 events):
Event: 3.488 Thread 0x0000000017b9b000 2731       4       sun.security.provider.MD5::FF (33 bytes)
Event: 3.488 Thread 0x0000000019983000 2732       4       sun.security.provider.MD5::GG (33 bytes)
Event: 3.488 Thread 0x000000001998f000 2733       3       java.lang.StringCoding::safeTrim (24 bytes)
Event: 3.488 Thread 0x0000000017b9b000 nmethod 2731 0x000000000355bbd0 code [0x000000000355bd00, 0x000000000355bd78]
Event: 3.488 Thread 0x0000000019983000 nmethod 2732 0x0000000003563690 code [0x00000000035637c0, 0x0000000003563838]
Event: 3.488 Thread 0x0000000017b9b000 2734       4       sun.security.provider.MD5::HH (29 bytes)
Event: 3.488 Thread 0x0000000019983000 2735       4       sun.security.provider.MD5::II (31 bytes)
Event: 3.488 Thread 0x000000001998f000 nmethod 2733 0x0000000003562e90 code [0x0000000003563020, 0x00000000035634e8]
Event: 3.488 Thread 0x0000000017b9b000 nmethod 2734 0x0000000003562c10 code [0x0000000003562d40, 0x0000000003562db8]
Event: 3.488 Thread 0x0000000019983000 nmethod 2735 0x000000000355f750 code [0x000000000355f880, 0x000000000355f8f8]

GC Heap History (10 events):
Event: 2.294 GC heap before
{Heap before GC invocations=5 (full 0):
 PSYoungGen      total 105984K, used 16683K [0x00000000d5580000, 0x00000000dc480000, 0x0000000100000000)
  eden space 98304K, 9% used [0x00000000d5580000,0x00000000d5e4b9c0,0x00000000db580000)
  from space 7680K, 99% used [0x00000000dbd00000,0x00000000dc47f3e0,0x00000000dc480000)
  to   space 7680K, 0% used [0x00000000db580000,0x00000000db580000,0x00000000dbd00000)
 ParOldGen       total 130048K, used 4160K [0x0000000080000000, 0x0000000087f00000, 0x00000000d5580000)
  object space 130048K, 3% used [0x0000000080000000,0x0000000080410060,0x0000000087f00000)
 Metaspace       used 20565K, capacity 21224K, committed 21296K, reserved 1067008K
  class space    used 2873K, capacity 3076K, committed 3120K, reserved 1048576K
Event: 2.299 GC heap after
Heap after GC invocations=5 (full 0):
 PSYoungGen      total 105984K, used 7164K [0x00000000d5580000, 0x00000000e2b80000, 0x0000000100000000)
  eden space 98304K, 0% used [0x00000000d5580000,0x00000000d5580000,0x00000000db580000)
  from space 7680K, 93% used [0x00000000db580000,0x00000000dbc7f050,0x00000000dbd00000)
  to   space 11264K, 0% used [0x00000000e2080000,0x00000000e2080000,0x00000000e2b80000)
 ParOldGen       total 130048K, used 4168K [0x0000000080000000, 0x0000000087f00000, 0x00000000d5580000)
  object space 130048K, 3% used [0x0000000080000000,0x0000000080412060,0x0000000087f00000)
 Metaspace       used 20565K, capacity 21224K, committed 21296K, reserved 1067008K
  class space    used 2873K, capacity 3076K, committed 3120K, reserved 1048576K
}
Event: 2.300 GC heap before
{Heap before GC invocations=6 (full 1):
 PSYoungGen      total 105984K, used 7164K [0x00000000d5580000, 0x00000000e2b80000, 0x0000000100000000)
  eden space 98304K, 0% used [0x00000000d5580000,0x00000000d5580000,0x00000000db580000)
  from space 7680K, 93% used [0x00000000db580000,0x00000000dbc7f050,0x00000000dbd00000)
  to   space 11264K, 0% used [0x00000000e2080000,0x00000000e2080000,0x00000000e2b80000)
 ParOldGen       total 130048K, used 4168K [0x0000000080000000, 0x0000000087f00000, 0x00000000d5580000)
  object space 130048K, 3% used [0x0000000080000000,0x0000000080412060,0x0000000087f00000)
 Metaspace       used 20565K, capacity 21224K, committed 21296K, reserved 1067008K
  class space    used 2873K, capacity 3076K, committed 3120K, reserved 1048576K
Event: 2.326 GC heap after
Heap after GC invocations=6 (full 1):
 PSYoungGen      total 105984K, used 0K [0x00000000d5580000, 0x00000000e2b80000, 0x0000000100000000)
  eden space 98304K, 0% used [0x00000000d5580000,0x00000000d5580000,0x00000000db580000)
  from space 7680K, 0% used [0x00000000db580000,0x00000000db580000,0x00000000dbd00000)
  to   space 11264K, 0% used [0x00000000e2080000,0x00000000e2080000,0x00000000e2b80000)
 ParOldGen       total 71168K, used 7497K [0x0000000080000000, 0x0000000084580000, 0x00000000d5580000)
  object space 71168K, 10% used [0x0000000080000000,0x0000000080752408,0x0000000084580000)
 Metaspace       used 20565K, capacity 21224K, committed 21296K, reserved 1067008K
  class space    used 2873K, capacity 3076K, committed 3120K, reserved 1048576K
}
Event: 3.008 GC heap before
{Heap before GC invocations=7 (full 1):
 PSYoungGen      total 105984K, used 98304K [0x00000000d5580000, 0x00000000e2b80000, 0x0000000100000000)
  eden space 98304K, 100% used [0x00000000d5580000,0x00000000db580000,0x00000000db580000)
  from space 7680K, 0% used [0x00000000db580000,0x00000000db580000,0x00000000dbd00000)
  to   space 11264K, 0% used [0x00000000e2080000,0x00000000e2080000,0x00000000e2b80000)
 ParOldGen       total 71168K, used 7497K [0x0000000080000000, 0x0000000084580000, 0x00000000d5580000)
  object space 71168K, 10% used [0x0000000080000000,0x0000000080752408,0x0000000084580000)
 Metaspace       used 31137K, capacity 32078K, committed 32432K, reserved 1077248K
  class space    used 4222K, capacity 4434K, committed 4528K, reserved 1048576K
Event: 3.017 GC heap after
Heap after GC invocations=7 (full 1):
 PSYoungGen      total 182784K, used 11236K [0x00000000d5580000, 0x00000000e2b80000, 0x0000000100000000)
  eden space 171520K, 0% used [0x00000000d5580000,0x00000000d5580000,0x00000000dfd00000)
  from space 11264K, 99% used [0x00000000e2080000,0x00000000e2b79388,0x00000000e2b80000)
  to   space 12800K, 0% used [0x00000000e1280000,0x00000000e1280000,0x00000000e1f00000)
 ParOldGen       total 71168K, used 7616K [0x0000000080000000, 0x0000000084580000, 0x00000000d5580000)
  object space 71168K, 10% used [0x0000000080000000,0x0000000080770388,0x0000000084580000)
 Metaspace       used 31137K, capacity 32078K, committed 32432K, reserved 1077248K
  class space    used 4222K, capacity 4434K, committed 4528K, reserved 1048576K
}
Event: 3.387 GC heap before
{Heap before GC invocations=8 (full 1):
 PSYoungGen      total 182784K, used 83366K [0x00000000d5580000, 0x00000000e2b80000, 0x0000000100000000)
  eden space 171520K, 42% used [0x00000000d5580000,0x00000000d9bf0790,0x00000000dfd00000)
  from space 11264K, 99% used [0x00000000e2080000,0x00000000e2b79388,0x00000000e2b80000)
  to   space 12800K, 0% used [0x00000000e1280000,0x00000000e1280000,0x00000000e1f00000)
 ParOldGen       total 71168K, used 7616K [0x0000000080000000, 0x0000000084580000, 0x00000000d5580000)
  object space 71168K, 10% used [0x0000000080000000,0x0000000080770388,0x0000000084580000)
 Metaspace       used 34249K, capacity 35412K, committed 35496K, reserved 1079296K
  class space    used 4719K, capacity 5001K, committed 5040K, reserved 1048576K
Event: 3.395 GC heap after
Heap after GC invocations=8 (full 1):
 PSYoungGen      total 184320K, used 10113K [0x00000000d5580000, 0x00000000e2b80000, 0x0000000100000000)
  eden space 171520K, 0% used [0x00000000d5580000,0x00000000d5580000,0x00000000dfd00000)
  from space 12800K, 79% used [0x00000000e1280000,0x00000000e1c60618,0x00000000e1f00000)
  to   space 11264K, 0% used [0x00000000e2080000,0x00000000e2080000,0x00000000e2b80000)
 ParOldGen       total 71168K, used 7624K [0x0000000080000000, 0x0000000084580000, 0x00000000d5580000)
  object space 71168K, 10% used [0x0000000080000000,0x0000000080772388,0x0000000084580000)
 Metaspace       used 34249K, capacity 35412K, committed 35496K, reserved 1079296K
  class space    used 4719K, capacity 5001K, committed 5040K, reserved 1048576K
}
Event: 3.395 GC heap before
{Heap before GC invocations=9 (full 2):
 PSYoungGen      total 184320K, used 10113K [0x00000000d5580000, 0x00000000e2b80000, 0x0000000100000000)
  eden space 171520K, 0% used [0x00000000d5580000,0x00000000d5580000,0x00000000dfd00000)
  from space 12800K, 79% used [0x00000000e1280000,0x00000000e1c60618,0x00000000e1f00000)
  to   space 11264K, 0% used [0x00000000e2080000,0x00000000e2080000,0x00000000e2b80000)
 ParOldGen       total 71168K, used 7624K [0x0000000080000000, 0x0000000084580000, 0x00000000d5580000)
  object space 71168K, 10% used [0x0000000080000000,0x0000000080772388,0x0000000084580000)
 Metaspace       used 34249K, capacity 35412K, committed 35496K, reserved 1079296K
  class space    used 4719K, capacity 5001K, committed 5040K, reserved 1048576K
Event: 3.480 GC heap after
Heap after GC invocations=9 (full 2):
 PSYoungGen      total 184320K, used 0K [0x00000000d5580000, 0x00000000e2b80000, 0x0000000100000000)
  eden space 171520K, 0% used [0x00000000d5580000,0x00000000d5580000,0x00000000dfd00000)
  from space 12800K, 0% used [0x00000000e1280000,0x00000000e1280000,0x00000000e1f00000)
  to   space 11264K, 0% used [0x00000000e2080000,0x00000000e2080000,0x00000000e2b80000)
 ParOldGen       total 115200K, used 16359K [0x0000000080000000, 0x0000000087080000, 0x00000000d5580000)
  object space 115200K, 14% used [0x0000000080000000,0x0000000080ff9ed8,0x0000000087080000)
 Metaspace       used 34249K, capacity 35412K, committed 35496K, reserved 1079296K
  class space    used 4719K, capacity 5001K, committed 5040K, reserved 1048576K
}

Deoptimization events (10 events):
Event: 2.583 Thread 0x000000001a956000 Uncommon trap: reason=unstable_if action=reinterpret pc=0x00000000030751cc method=java.util.HashMap.putVal(ILjava/lang/Object;Ljava/lang/Object;ZZ)Ljava/lang/Object; @ 162
Event: 2.818 Thread 0x000000001a956000 Uncommon trap: reason=unstable_if action=reinterpret pc=0x0000000003103d3c method=java.net.URLClassLoader.defineClass(Ljava/lang/String;Lsun/misc/Resource;)Ljava/lang/Class; @ 21
Event: 2.818 Thread 0x000000001a956000 Uncommon trap: reason=unstable_if action=reinterpret pc=0x0000000003013e74 method=java.lang.ClassLoader.getClassLoadingLock(Ljava/lang/String;)Ljava/lang/Object; @ 6
Event: 3.000 Thread 0x000000001a956000 Uncommon trap: reason=unstable_if action=reinterpret pc=0x00000000030f133c method=java.util.HashMap.getNode(ILjava/lang/Object;)Ljava/util/HashMap$Node; @ 53
Event: 3.018 Thread 0x0000000002b17000 Uncommon trap: reason=unstable_if action=reinterpret pc=0x000000000305d7fc method=java.lang.ref.Reference.tryHandlePending(Z)Z @ 104
Event: 3.061 Thread 0x000000001a956000 Uncommon trap: reason=unstable_if action=reinterpret pc=0x00000000034258f4 method=org.gradle.internal.reflect.PropertyAccessorType.isGetGetterName(Ljava/lang/String;)Z @ 14
Event: 3.076 Thread 0x000000001a956000 Uncommon trap: reason=unstable_if action=reinterpret pc=0x000000000320a040 method=org.objectweb.asm.ByteVector.putShort(I)Lorg/objectweb/asm/ByteVector; @ 13
Event: 3.127 Thread 0x000000001a956000 Uncommon trap: reason=unstable_if action=reinterpret pc=0x0000000003166d38 method=java.net.URLClassLoader.defineClass(Ljava/lang/String;Lsun/misc/Resource;)Ljava/lang/Class; @ 21
Event: 3.167 Thread 0x000000001a956000 Uncommon trap: reason=unstable_if action=reinterpret pc=0x00000000034c5488 method=org.codehaus.groovy.runtime.metaclass.MetaMethodIndex.addMethodToList(Ljava/lang/Object;Lgroovy/lang/MetaMethod;)Ljava/lang/Object; @ 226
Event: 3.222 Thread 0x000000001a956000 Uncommon trap: reason=range_check action=make_not_entrant pc=0x00000000034b8530 method=java.lang.String.charAt(I)C @ 27

Classes redefined (0 events):
No events

Internal exceptions (10 events):
Event: 3.285 Thread 0x000000001a956000 Exception <a 'java/lang/ClassNotFoundException': org/gradle/api/internal/artifacts/dsl/dependencies/DefaultDependencyHandlerBeanInfo> (0x00000000d8600748) thrown at [C:\src\AOSP-openjdk-git\hotspot\src\share\vm\classfile\systemDictionary.cpp, line 210]
Event: 3.285 Thread 0x000000001a956000 Exception <a 'java/lang/ClassNotFoundException': org/gradle/api/internal/artifacts/dsl/dependencies/DefaultDependencyHandlerCustomizer> (0x00000000d865a198) thrown at [C:\src\AOSP-openjdk-git\hotspot\src\share\vm\classfile\systemDictionary.cpp, line 210]
Event: 3.287 Thread 0x000000001a956000 Exception <a 'java/lang/ClassNotFoundException': org/gradle/api/internal/artifacts/dsl/dependencies/DefaultDependencyHandler_DecoratedCustomizer> (0x00000000d86e5170) thrown at [C:\src\AOSP-openjdk-git\hotspot\src\share\vm\classfile\systemDictionary.cpp, 
Event: 3.298 Thread 0x000000001a956000 Exception <a 'java/lang/ClassNotFoundException': groovy/lang/GString$1BeanInfo> (0x00000000d88d3b20) thrown at [C:\src\AOSP-openjdk-git\hotspot\src\share\vm\classfile\systemDictionary.cpp, line 210]
Event: 3.299 Thread 0x000000001a956000 Exception <a 'java/lang/ClassNotFoundException': groovy/lang/GStringBeanInfo> (0x00000000d88f5008) thrown at [C:\src\AOSP-openjdk-git\hotspot\src\share\vm\classfile\systemDictionary.cpp, line 210]
Event: 3.299 Thread 0x000000001a956000 Exception <a 'java/lang/ClassNotFoundException': groovy/lang/GStringCustomizer> (0x00000000d8916ff0) thrown at [C:\src\AOSP-openjdk-git\hotspot\src\share\vm\classfile\systemDictionary.cpp, line 210]
Event: 3.300 Thread 0x000000001a956000 Exception <a 'java/lang/ClassNotFoundException': groovy/lang/GString$1Customizer> (0x00000000d8945438) thrown at [C:\src\AOSP-openjdk-git\hotspot\src\share\vm\classfile\systemDictionary.cpp, line 210]
Event: 3.303 Thread 0x000000001a956000 Exception <a 'java/lang/ClassNotFoundException': org/codehaus/groovy/runtime/GStringImplBeanInfo> (0x00000000d89f41e8) thrown at [C:\src\AOSP-openjdk-git\hotspot\src\share\vm\classfile\systemDictionary.cpp, line 210]
Event: 3.304 Thread 0x000000001a956000 Exception <a 'java/lang/ClassNotFoundException': org/codehaus/groovy/runtime/GStringImplCustomizer> (0x00000000d8a20250) thrown at [C:\src\AOSP-openjdk-git\hotspot\src\share\vm\classfile\systemDictionary.cpp, line 210]
Event: 3.338 Thread 0x000000001a956000 Exception <a 'java/lang/NoSuchMethodError': java.lang.Object.lambda$static$0(Lorg/gradle/api/internal/artifacts/configurations/MutationValidator$MutationType;)V> (0x00000000d8feb170) thrown at [C:\src\AOSP-openjdk-git\hotspot\src\share\vm\interpreter\link

Events (10 events):
Event: 3.492 loading class org/gradle/api/internal/artifacts/ivyservice/ivyresolve/FilteredModuleComponentRepository done
Event: 3.492 loading class org/gradle/api/internal/artifacts/ivyservice/resolveengine/ComponentResolversChain
Event: 3.492 loading class org/gradle/api/internal/artifacts/ivyservice/resolveengine/ComponentResolversChain done
Event: 3.493 loading class org/gradle/api/internal/artifacts/ivyservice/resolveengine/VirtualComponentMetadataResolver
Event: 3.493 loading class org/gradle/api/internal/artifacts/ivyservice/resolveengine/VirtualComponentMetadataResolver done
Event: 3.493 loading class org/gradle/api/internal/artifacts/ivyservice/resolveengine/ComponentResolversChain$DependencyToComponentIdResolverChain
Event: 3.493 loading class org/gradle/api/internal/artifacts/ivyservice/resolveengine/ComponentResolversChain$DependencyToComponentIdResolverChain done
Event: 3.493 loading class org/gradle/api/internal/artifacts/ivyservice/resolveengine/ComponentResolversChain$ComponentMetaDataResolverChain
Event: 3.493 loading class org/gradle/api/internal/artifacts/ivyservice/resolveengine/ComponentResolversChain$ComponentMetaDataResolverChain done
Event: 3.494 loading class org/gradle/api/internal/artifacts/ivyservice/resolveengine/ComponentResolversChain$ArtifactResolverChain


Dynamic libraries:
0x00007ff66d160000 - 0x00007ff66d191000 	C:\Program Files\Android\Android Studio\jre\bin\java.exe
0x00007ffd3ba90000 - 0x00007ffd3bc85000 	C:\Windows\SYSTEM32\ntdll.dll
0x00007ffd3adb0000 - 0x00007ffd3ae6e000 	C:\Windows\System32\KERNEL32.DLL
0x00007ffd39580000 - 0x00007ffd39849000 	C:\Windows\System32\KERNELBASE.dll
0x00007ffd3a590000 - 0x00007ffd3a63c000 	C:\Windows\System32\ADVAPI32.dll
0x00007ffd3b5e0000 - 0x00007ffd3b67e000 	C:\Windows\System32\msvcrt.dll
0x00007ffd3b680000 - 0x00007ffd3b71b000 	C:\Windows\System32\sechost.dll
0x00007ffd3b4b0000 - 0x00007ffd3b5da000 	C:\Windows\System32\RPCRT4.dll
0x00007ffd3ae70000 - 0x00007ffd3b011000 	C:\Windows\System32\USER32.dll
0x00007ffd39a10000 - 0x00007ffd39a32000 	C:\Windows\System32\win32u.dll
0x00007ffd3a650000 - 0x00007ffd3a67b000 	C:\Windows\System32\GDI32.dll
0x00007ffd39900000 - 0x00007ffd39a0b000 	C:\Windows\System32\gdi32full.dll
0x00007ffd39a40000 - 0x00007ffd39add000 	C:\Windows\System32\msvcp_win.dll
0x00007ffd393d0000 - 0x00007ffd394d0000 	C:\Windows\System32\ucrtbase.dll
0x00007ffd1caa0000 - 0x00007ffd1cd3a000 	C:\Windows\WinSxS\amd64_microsoft.windows.common-controls_6595b64144ccf1df_6.0.19041.1110_none_60b5254171f9507e\COMCTL32.dll
0x00007ffd3abc0000 - 0x00007ffd3abf0000 	C:\Windows\System32\IMM32.DLL
0x0000000067520000 - 0x00000000675f2000 	C:\Program Files\Android\Android Studio\jre\jre\bin\msvcr100.dll
0x0000000066730000 - 0x0000000066f7b000 	C:\Program Files\Android\Android Studio\jre\jre\bin\server\jvm.dll
0x00007ffd39d80000 - 0x00007ffd39d88000 	C:\Windows\System32\PSAPI.DLL
0x00007ffd2f0f0000 - 0x00007ffd2f0fa000 	C:\Windows\SYSTEM32\VERSION.dll
0x00007ffd05860000 - 0x00007ffd05869000 	C:\Windows\SYSTEM32\WSOCK32.dll
0x00007ffd23a30000 - 0x00007ffd23a57000 	C:\Windows\SYSTEM32\WINMM.dll
0x00007ffd3b720000 - 0x00007ffd3b78b000 	C:\Windows\System32\WS2_32.dll
0x00007ffd304a0000 - 0x00007ffd304af000 	C:\Program Files\Android\Android Studio\jre\jre\bin\verify.dll
0x00007ffd2b8f0000 - 0x00007ffd2b919000 	C:\Program Files\Android\Android Studio\jre\jre\bin\java.dll
0x00007ffd2b850000 - 0x00007ffd2b866000 	C:\Program Files\Android\Android Studio\jre\jre\bin\zip.dll
0x00007ffd39d90000 - 0x00007ffd3a4cf000 	C:\Windows\System32\SHELL32.dll
0x00007ffd371a0000 - 0x00007ffd37930000 	C:\Windows\SYSTEM32\windows.storage.dll
0x00007ffd3b020000 - 0x00007ffd3b375000 	C:\Windows\System32\combase.dll
0x00007ffd38c00000 - 0x00007ffd38c2c000 	C:\Windows\SYSTEM32\Wldp.dll
0x00007ffd39bb0000 - 0x00007ffd39c5d000 	C:\Windows\System32\SHCORE.dll
0x00007ffd3a680000 - 0x00007ffd3a6d5000 	C:\Windows\System32\shlwapi.dll
0x00007ffd390f0000 - 0x00007ffd3910f000 	C:\Windows\SYSTEM32\profapi.dll
0x00007ffd2b830000 - 0x00007ffd2b84a000 	C:\Program Files\Android\Android Studio\jre\jre\bin\net.dll
0x00007ffd38960000 - 0x00007ffd389ca000 	C:\Windows\system32\mswsock.dll
0x00007ffd20000000 - 0x00007ffd20013000 	C:\Program Files\Android\Android Studio\jre\jre\bin\nio.dll
0x00007ffd0c770000 - 0x00007ffd0c797000 	C:\Users\Lenovo\.gradle\native\f6784746aeab05261644944871eae4fe03e0ef1612fff0a4a95f87b438bc6780\windows-amd64\native-platform.dll
0x00007ffd300e0000 - 0x00007ffd300ed000 	C:\Program Files\Android\Android Studio\jre\jre\bin\management.dll
0x00007ffd38b50000 - 0x00007ffd38b68000 	C:\Windows\SYSTEM32\CRYPTSP.dll
0x00007ffd38270000 - 0x00007ffd382a4000 	C:\Windows\system32\rsaenh.dll
0x00007ffd39240000 - 0x00007ffd39267000 	C:\Windows\System32\bcrypt.dll
0x00007ffd390b0000 - 0x00007ffd390de000 	C:\Windows\SYSTEM32\USERENV.dll
0x00007ffd391b0000 - 0x00007ffd39233000 	C:\Windows\System32\bcryptprimitives.dll
0x00007ffd38b70000 - 0x00007ffd38b7c000 	C:\Windows\SYSTEM32\CRYPTBASE.dll
0x00007ffd38600000 - 0x00007ffd3863b000 	C:\Windows\SYSTEM32\IPHLPAPI.DLL
0x00007ffd3a4d0000 - 0x00007ffd3a4d8000 	C:\Windows\System32\NSI.dll
0x00007ffd2ec20000 - 0x00007ffd2ec37000 	C:\Windows\SYSTEM32\dhcpcsvc6.DLL
0x00007ffd2eb80000 - 0x00007ffd2eb9d000 	C:\Windows\SYSTEM32\dhcpcsvc.DLL
0x00007ffd38640000 - 0x00007ffd3870c000 	C:\Windows\SYSTEM32\DNSAPI.dll
0x00007ffd2ec40000 - 0x00007ffd2ec4b000 	C:\Windows\SYSTEM32\WINNSI.DLL

VM Arguments:
jvm_args: -Xmx2048m -Dfile.encoding=UTF-8 -Duser.country=ID -Duser.language=en -Duser.variant 
java_command: org.gradle.launcher.daemon.bootstrap.GradleDaemon 6.5
java_class_path (initial): C:\Users\Lenovo\.gradle\wrapper\dists\gradle-6.5-bin\6nifqtx7604sqp1q6g8wikw7p\gradle-6.5\lib\gradle-launcher-6.5.jar
Launcher Type: SUN_STANDARD

Environment Variables:
PATH=C:\Program Files\ImageMagick-7.0.11-Q16-HDRI;C:\Program Files (x86)\VMware\VMware Player\bin\;C:\Windows\system32;C:\Windows;C:\Windows\System32\Wbem;C:\Windows\System32\WindowsPowerShell\v1.0\;C:\Windows\System32\OpenSSH\;C:\Program Files (x86)\NVIDIA Corporation\PhysX\Common;C:\Program Files\NVIDIA Corporation\NVIDIA NvDLISR;C:\src\flutter\bin;C:\Program Files\Git\cmd;C:\xampp\php;C:\ProgramData\ComposerSetup\bin;C:\Program Files\nodejs\;C:\Program Files\MongoDB\Server\4.4\bin;C:\MinGW\bin;C:\Program Files\dotnet\;C:\xampp\apache\bin;C:\Program Files\ImageMagick-7.0.11-Q16-HDRI;;C:\Program Files\Docker\Docker\resources\bin;C:\ProgramData\DockerDesktop\version-bin;C:\Users\Lenovo\AppData\Local\Programs\Python\Python39\Scripts\;C:\Users\Lenovo\AppData\Local\Programs\Python\Python39\;C:\Users\Lenovo\AppData\Local\Microsoft\WindowsApps;;C:\Users\Lenovo\AppData\Local\Programs\Microsoft VS Code\bin;C:\Users\Lenovo\AppData\Roaming\Composer\vendor\bin;C:\Program Files\heroku\bin;C:\Users\Lenovo\AppData\Roaming\npm
USERNAME=Lenovo
OS=Windows_NT
PROCESSOR_IDENTIFIER=Intel64 Family 6 Model 142 Stepping 11, GenuineIntel



---------------  S Y S T E M  ---------------

OS: Windows 10.0 , 64 bit Build 19041 (10.0.19041.1202)

CPU:total 8 (initial active 8) (4 cores per cpu, 2 threads per core) family 6 model 142 stepping 11, cmov, cx8, fxsr, mmx, sse, sse2, sse3, ssse3, sse4.1, sse4.2, popcnt, avx, avx2, aes, clmul, erms, 3dnowpref, lzcnt, ht, tsc, tscinvbit, bmi1, bmi2, adx

Memory: 4k page, physical 12392180k(2110656k free), swap 12392180k(5588k free)

vm_info: OpenJDK 64-Bit Server VM (25.242-b01) for windows-amd64 JRE (1.8.0_242-release-1644-b01), built by "builder" with MS VC++ 10.0 (VS2010)

time: Mon Nov 08 16:12:30 2021
timezone: SE Asia Standard Time
elapsed time: 3 seconds (0d 0h 0m 3s)

