#
# There is insufficient memory for the Java Runtime Environment to continue.
# Native memory allocation (malloc) failed to allocate 1748224 bytes for Chunk::new
# Possible reasons:
#   The system is out of physical RAM or swap space
#   The process is running with CompressedOops enabled, and the Java Heap may be blocking the growth of the native heap
# Possible solutions:
#   Reduce memory load on the system
#   Increase physical memory or swap space
#   Check if swap backing store is full
#   Decrease Java heap size (-Xmx/-Xms)
#   Decrease number of Java threads
#   Decrease Java thread stack sizes (-Xss)
#   Set larger code cache with -XX:ReservedCodeCacheSize=
#   JVM is running with Unscaled Compressed Oops mode in which the Java heap is
#     placed in the first 4GB address space. The Java Heap base address is the
#     maximum limit for the native heap growth. Please use -XX:HeapBaseMinAddress
#     to set the Java Heap base and to place the Java Heap above 4GB virtual address.
# This output file may be truncated or incomplete.
#
#  Out of Memory Error (allocation.cpp:389), pid=14260, tid=0x00000000000033e0
#
# JRE version: OpenJDK Runtime Environment (8.0_242-b01) (build 1.8.0_242-release-1644-b01)
# Java VM: OpenJDK 64-Bit Server VM (25.242-b01 mixed mode windows-amd64 compressed oops)
# Failed to write core dump. Minidumps are not enabled by default on client versions of Windows
#

---------------  T H R E A D  ---------------

Current thread (0x0000000019c63000):  JavaThread "C2 CompilerThread0" daemon [_thread_in_native, id=13280, stack(0x000000001a530000,0x000000001a630000)]

Stack: [0x000000001a530000,0x000000001a630000]
[error occurred during error reporting (printing stack bounds), id 0xc0000005]

Native frames: (J=compiled Java code, j=interpreted, Vv=VM code, C=native code)


Current CompileTask:
C2:   6132 2661   !   4       java.net.URLClassLoader$1::run (63 bytes)


---------------  P R O C E S S  ---------------

Java Threads: ( => current thread )
  0x000000001ac13800 JavaThread "Cache worker for file content cache (C:\Users\Lenovo\.gradle\caches\6.5\fileContent)" [_thread_blocked, id=11528, stack(0x00000000243a0000,0x00000000244a0000)]
  0x000000001ac15000 JavaThread "Cache worker for execution history cache (C:\Users\Lenovo\.gradle\caches\6.5\executionHistory)" [_thread_blocked, id=16424, stack(0x0000000023ea0000,0x0000000023fa0000)]
  0x000000001ac13000 JavaThread "Cache worker for cache directory md-rule (C:\Users\Lenovo\.gradle\caches\6.5\md-rule)" [_thread_blocked, id=1856, stack(0x0000000023ba0000,0x0000000023ca0000)]
  0x000000001ac12000 JavaThread "Cache worker for cache directory md-supplier (C:\Users\Lenovo\.gradle\caches\6.5\md-supplier)" [_thread_blocked, id=2188, stack(0x0000000023aa0000,0x0000000023ba0000)]
  0x000000001ac11800 JavaThread "Cache worker for checksums cache (D:\semester-5\pemrograman-perangkat-bergerak\ets\.gradle\checksums)" [_thread_blocked, id=12272, stack(0x00000000239a0000,0x0000000023aa0000)]
  0x000000001ac0a000 JavaThread "jar transforms Thread 20" [_thread_blocked, id=9500, stack(0x00000000236a0000,0x00000000237a0000)]
  0x000000001ac10800 JavaThread "jar transforms Thread 19" [_thread_blocked, id=19168, stack(0x00000000235a0000,0x00000000236a0000)]
  0x000000001ac09000 JavaThread "jar transforms Thread 18" [_thread_blocked, id=11856, stack(0x00000000234a0000,0x00000000235a0000)]
  0x000000001ac10000 JavaThread "jar transforms Thread 17" [_thread_blocked, id=10632, stack(0x00000000233a0000,0x00000000234a0000)]
  0x000000001ac08800 JavaThread "jar transforms Thread 16" [_thread_blocked, id=14520, stack(0x00000000232a0000,0x00000000233a0000)]
  0x000000001ac0f000 JavaThread "jar transforms Thread 15" [_thread_blocked, id=8404, stack(0x00000000231a0000,0x00000000232a0000)]
  0x000000001ac07800 JavaThread "jar transforms Thread 14" [_thread_blocked, id=13164, stack(0x0000000022fa0000,0x00000000230a0000)]
  0x000000001ac0e800 JavaThread "jar transforms Thread 13" [_thread_blocked, id=13804, stack(0x0000000022ea0000,0x0000000022fa0000)]
  0x000000001ac0d800 JavaThread "jar transforms Thread 12" [_thread_blocked, id=13664, stack(0x0000000022da0000,0x0000000022ea0000)]
  0x000000001ac0d000 JavaThread "jar transforms Thread 11" [_thread_blocked, id=3600, stack(0x0000000022ca0000,0x0000000022da0000)]
  0x000000001ac0c000 JavaThread "jar transforms Thread 10" [_thread_blocked, id=14656, stack(0x0000000022ba0000,0x0000000022ca0000)]
  0x000000001ac0b800 JavaThread "jar transforms Thread 9" [_thread_blocked, id=2932, stack(0x0000000022aa0000,0x0000000022ba0000)]
  0x000000001ac0a800 JavaThread "jar transforms Thread 8" [_thread_blocked, id=13756, stack(0x00000000229a0000,0x0000000022aa0000)]
  0x000000001c921800 JavaThread "jar transforms Thread 7" [_thread_blocked, id=3632, stack(0x00000000228a0000,0x00000000229a0000)]
  0x000000001c920000 JavaThread "jar transforms Thread 6" [_thread_blocked, id=8660, stack(0x00000000227a0000,0x00000000228a0000)]
  0x000000001c91f000 JavaThread "jar transforms Thread 5" [_thread_blocked, id=14040, stack(0x00000000226a0000,0x00000000227a0000)]
  0x000000001c91d000 JavaThread "jar transforms Thread 4" [_thread_blocked, id=11728, stack(0x00000000225a0000,0x00000000226a0000)]
  0x000000001c91d800 JavaThread "jar transforms Thread 3" [_thread_blocked, id=16184, stack(0x0000000021060000,0x0000000021160000)]
  0x000000001c91c000 JavaThread "jar transforms Thread 2" [_thread_blocked, id=18216, stack(0x0000000020f60000,0x0000000021060000)]
  0x000000001c922000 JavaThread "jar transforms" [_thread_blocked, id=14152, stack(0x0000000021200000,0x0000000021300000)]
  0x000000001c91e800 JavaThread "Cache worker for file hash cache (D:\semester-5\pemrograman-perangkat-bergerak\ets\.gradle\6.5\fileHashes)" [_thread_blocked, id=1496, stack(0x000000001ee50000,0x000000001ef50000)]
  0x000000001c920800 JavaThread "Cache worker for file hash cache (C:\Users\Lenovo\.gradle\caches\6.5\fileHashes)" [_thread_blocked, id=6780, stack(0x000000001eb50000,0x000000001ec50000)]
  0x000000001c923000 JavaThread "File lock request listener" [_thread_in_native, id=19060, stack(0x000000001ea50000,0x000000001eb50000)]
  0x000000001c91b800 JavaThread "Cache worker for journal cache (C:\Users\Lenovo\.gradle\caches\journal-1)" [_thread_blocked, id=3800, stack(0x000000001e950000,0x000000001ea50000)]
  0x000000001ac6c800 JavaThread "Thread-9" [_thread_blocked, id=14808, stack(0x000000001e650000,0x000000001e750000)]
  0x000000001ac69000 JavaThread "Stdin handler" [_thread_blocked, id=17200, stack(0x000000001e550000,0x000000001e650000)]
  0x000000001ac68800 JavaThread "Asynchronous log dispatcher for DefaultDaemonConnection: socket connection from /127.0.0.1:58778 to /127.0.0.1:58779" [_thread_blocked, id=17912, stack(0x000000001e450000,0x000000001e550000)]
  0x000000001ac66000 JavaThread "Daemon worker" [_thread_in_Java, id=5080, stack(0x000000001e350000,0x000000001e450000)]
  0x000000001ae82800 JavaThread "Cancel handler" [_thread_blocked, id=1508, stack(0x000000001e250000,0x000000001e350000)]
  0x0000000019d83000 JavaThread "Handler for socket connection from /127.0.0.1:58778 to /127.0.0.1:58779" [_thread_in_native, id=17432, stack(0x000000001e150000,0x000000001e250000)]
  0x000000001ab76800 JavaThread "Daemon" [_thread_blocked, id=2916, stack(0x000000001e050000,0x000000001e150000)]
  0x000000001c71d000 JavaThread "Daemon periodic checks" [_thread_blocked, id=4700, stack(0x000000001dd50000,0x000000001de50000)]
  0x000000001c755800 JavaThread "Incoming local TCP Connector on port 58778" [_thread_in_native, id=4908, stack(0x000000001db10000,0x000000001dc10000)]
  0x000000001c2fe800 JavaThread "Daemon health stats" [_thread_blocked, id=19040, stack(0x000000001d4d0000,0x000000001d5d0000)]
  0x0000000019cf9000 JavaThread "Service Thread" daemon [_thread_blocked, id=5816, stack(0x000000001a930000,0x000000001aa30000)]
  0x0000000019c71000 JavaThread "C1 CompilerThread3" daemon [_thread_blocked, id=5104, stack(0x000000001a830000,0x000000001a930000)]
  0x0000000019c69800 JavaThread "C2 CompilerThread2" daemon [_thread_in_native, id=8368, stack(0x000000001a730000,0x000000001a830000)]
  0x0000000017e7b000 JavaThread "C2 CompilerThread1" daemon [_thread_in_native, id=3892, stack(0x000000001a630000,0x000000001a730000)]
=>0x0000000019c63000 JavaThread "C2 CompilerThread0" daemon [_thread_in_native, id=13280, stack(0x000000001a530000,0x000000001a630000)]
  0x0000000019c61800 JavaThread "Attach Listener" daemon [_thread_blocked, id=11516, stack(0x000000001a430000,0x000000001a530000)]
  0x0000000019c61000 JavaThread "Signal Dispatcher" daemon [_thread_blocked, id=9944, stack(0x000000001a330000,0x000000001a430000)]
  0x0000000002dfd800 JavaThread "Finalizer" daemon [_thread_blocked, id=15852, stack(0x000000001a130000,0x000000001a230000)]
  0x0000000002df7000 JavaThread "Reference Handler" daemon [_thread_blocked, id=11684, stack(0x000000001a030000,0x000000001a130000)]
  0x0000000002cfe000 JavaThread "main" [_thread_blocked, id=17716, stack(0x0000000002b00000,0x0000000002c00000)]

Other Threads:
  0x0000000017e66000 VMThread [stack: 0x0000000019b30000,0x0000000019c30000] [id=13236]
  0x0000000019cfa000 WatcherThread [stack: 0x000000001aa30000,0x000000001ab30000] [id=18328]

VM state:not at safepoint (normal execution)

VM Mutex/Monitor currently owned by a thread: None

heap address: 0x0000000080000000, size: 2048 MB, Compressed Oops mode: 32-bit
Narrow klass base: 0x0000000000000000, Narrow klass shift: 3
Compressed class space size: 1073741824 Address: 0x0000000100000000

Heap:
 PSYoungGen      total 169984K, used 4117K [0x00000000d5580000, 0x00000000e1200000, 0x0000000100000000)
  eden space 156672K, 2% used [0x00000000d5580000,0x00000000d59856e0,0x00000000dee80000)
  from space 13312K, 0% used [0x00000000dfb00000,0x00000000dfb00000,0x00000000e0800000)
  to   space 12800K, 0% used [0x00000000dee80000,0x00000000dee80000,0x00000000dfb00000)
 ParOldGen       total 102912K, used 13562K [0x0000000080000000, 0x0000000086480000, 0x00000000d5580000)
  object space 102912K, 13% used [0x0000000080000000,0x0000000080d3eac8,0x0000000086480000)
 Metaspace       used 34560K, capacity 35764K, committed 35928K, reserved 1081344K
  class space    used 4640K, capacity 4951K, committed 4992K, reserved 1048576K

Card table byte_map: [0x00000000121c0000,0x00000000125d0000] byte_map_base: 0x0000000011dc0000

Marking Bits: (ParMarkBitMap*) 0x0000000066eff030
 Begin Bits: [0x0000000013080000, 0x0000000015080000)
 End Bits:   [0x0000000015080000, 0x0000000017080000)

Polling page: 0x0000000001360000

CodeCache: size=245760Kb used=10736Kb max_used=10736Kb free=235023Kb
 bounds [0x0000000002e00000, 0x0000000003890000, 0x0000000011e00000]
 total_blobs=3540 nmethods=2846 adapters=606
 compilation: enabled

Compilation events (10 events):
Event: 6.128 Thread 0x0000000019c71000 nmethod 2855 0x000000000387a5d0 code [0x000000000387a800, 0x000000000387b638]
Event: 6.128 Thread 0x0000000019c71000 2851       3       groovyjarjarantlr.BaseAST::setFirstChild (9 bytes)
Event: 6.129 Thread 0x0000000019c71000 nmethod 2851 0x000000000387bad0 code [0x000000000387bc40, 0x000000000387be90]
Event: 6.129 Thread 0x0000000019c71000 2843       3       groovyjarjarantlr.CharScanner::match (30 bytes)
Event: 6.130 Thread 0x0000000019c71000 nmethod 2843 0x000000000387bf10 code [0x000000000387c1c0, 0x000000000387d838]
Event: 6.130 Thread 0x0000000019c71000 2852       3       groovyjarjarantlr.ASTFactory::create (22 bytes)
Event: 6.130 Thread 0x0000000019c71000 nmethod 2852 0x000000000387e710 code [0x000000000387e8c0, 0x000000000387edb8]
Event: 6.130 Thread 0x0000000019c71000 2853       3       org.codehaus.groovy.antlr.GroovySourceAST::initialize (54 bytes)
Event: 6.130 Thread 0x0000000019c71000 nmethod 2853 0x000000000387efd0 code [0x000000000387f1a0, 0x000000000387fbe8]
Event: 6.130 Thread 0x0000000019c71000 2854       3       groovyjarjarantlr.CommonAST::initialize (17 bytes)

GC Heap History (10 events):
Event: 3.841 GC heap before
{Heap before GC invocations=6 (full 1):
 PSYoungGen      total 56832K, used 7088K [0x00000000d5580000, 0x00000000dcb80000, 0x0000000100000000)
  eden space 49152K, 0% used [0x00000000d5580000,0x00000000d5580000,0x00000000d8580000)
  from space 7680K, 92% used [0x00000000d8580000,0x00000000d8c6c040,0x00000000d8d00000)
  to   space 11264K, 0% used [0x00000000dc080000,0x00000000dc080000,0x00000000dcb80000)
 ParOldGen       total 130048K, used 4069K [0x0000000080000000, 0x0000000087f00000, 0x00000000d5580000)
  object space 130048K, 3% used [0x0000000080000000,0x00000000803f95d0,0x0000000087f00000)
 Metaspace       used 20489K, capacity 21154K, committed 21248K, reserved 1067008K
  class space    used 2854K, capacity 3035K, committed 3072K, reserved 1048576K
Event: 3.869 GC heap after
Heap after GC invocations=6 (full 1):
 PSYoungGen      total 56832K, used 0K [0x00000000d5580000, 0x00000000dcb80000, 0x0000000100000000)
  eden space 49152K, 0% used [0x00000000d5580000,0x00000000d5580000,0x00000000d8580000)
  from space 7680K, 0% used [0x00000000d8580000,0x00000000d8580000,0x00000000d8d00000)
  to   space 11264K, 0% used [0x00000000dc080000,0x00000000dc080000,0x00000000dcb80000)
 ParOldGen       total 68096K, used 7429K [0x0000000080000000, 0x0000000084280000, 0x00000000d5580000)
  object space 68096K, 10% used [0x0000000080000000,0x0000000080741688,0x0000000084280000)
 Metaspace       used 20489K, capacity 21154K, committed 21248K, reserved 1067008K
  class space    used 2854K, capacity 3035K, committed 3072K, reserved 1048576K
}
Event: 4.335 GC heap before
{Heap before GC invocations=7 (full 1):
 PSYoungGen      total 56832K, used 49152K [0x00000000d5580000, 0x00000000dcb80000, 0x0000000100000000)
  eden space 49152K, 100% used [0x00000000d5580000,0x00000000d8580000,0x00000000d8580000)
  from space 7680K, 0% used [0x00000000d8580000,0x00000000d8580000,0x00000000d8d00000)
  to   space 11264K, 0% used [0x00000000dc080000,0x00000000dc080000,0x00000000dcb80000)
 ParOldGen       total 68096K, used 7429K [0x0000000080000000, 0x0000000084280000, 0x00000000d5580000)
  object space 68096K, 10% used [0x0000000080000000,0x0000000080741688,0x0000000084280000)
 Metaspace       used 23101K, capacity 24026K, committed 24320K, reserved 1071104K
  class space    used 3277K, capacity 3525K, committed 3584K, reserved 1048576K
Event: 4.339 GC heap after
Heap after GC invocations=7 (full 1):
 PSYoungGen      total 92160K, used 4088K [0x00000000d5580000, 0x00000000dc480000, 0x0000000100000000)
  eden space 88064K, 0% used [0x00000000d5580000,0x00000000d5580000,0x00000000dab80000)
  from space 4096K, 99% used [0x00000000dc080000,0x00000000dc47e1c8,0x00000000dc480000)
  to   space 11776K, 0% used [0x00000000dad80000,0x00000000dad80000,0x00000000db900000)
 ParOldGen       total 68096K, used 7437K [0x0000000080000000, 0x0000000084280000, 0x00000000d5580000)
  object space 68096K, 10% used [0x0000000080000000,0x0000000080743688,0x0000000084280000)
 Metaspace       used 23101K, capacity 24026K, committed 24320K, reserved 1071104K
  class space    used 3277K, capacity 3525K, committed 3584K, reserved 1048576K
}
Event: 5.604 GC heap before
{Heap before GC invocations=8 (full 1):
 PSYoungGen      total 92160K, used 92152K [0x00000000d5580000, 0x00000000dc480000, 0x0000000100000000)
  eden space 88064K, 100% used [0x00000000d5580000,0x00000000dab80000,0x00000000dab80000)
  from space 4096K, 99% used [0x00000000dc080000,0x00000000dc47e1c8,0x00000000dc480000)
  to   space 11776K, 0% used [0x00000000dad80000,0x00000000dad80000,0x00000000db900000)
 ParOldGen       total 68096K, used 7437K [0x0000000080000000, 0x0000000084280000, 0x00000000d5580000)
  object space 68096K, 10% used [0x0000000080000000,0x0000000080743688,0x0000000084280000)
 Metaspace       used 33165K, capacity 34354K, committed 34560K, reserved 1079296K
  class space    used 4490K, capacity 4784K, committed 4864K, reserved 1048576K
Event: 5.623 GC heap after
Heap after GC invocations=8 (full 1):
 PSYoungGen      total 101888K, used 11616K [0x00000000d5580000, 0x00000000e0800000, 0x0000000100000000)
  eden space 90112K, 0% used [0x00000000d5580000,0x00000000d5580000,0x00000000dad80000)
  from space 11776K, 98% used [0x00000000dad80000,0x00000000db8d83e8,0x00000000db900000)
  to   space 13312K, 0% used [0x00000000dfb00000,0x00000000dfb00000,0x00000000e0800000)
 ParOldGen       total 68096K, used 7445K [0x0000000080000000, 0x0000000084280000, 0x00000000d5580000)
  object space 68096K, 10% used [0x0000000080000000,0x0000000080745688,0x0000000084280000)
 Metaspace       used 33165K, capacity 34354K, committed 34560K, reserved 1079296K
  class space    used 4490K, capacity 4784K, committed 4864K, reserved 1048576K
}
Event: 5.858 GC heap before
{Heap before GC invocations=9 (full 1):
 PSYoungGen      total 101888K, used 22089K [0x00000000d5580000, 0x00000000e0800000, 0x0000000100000000)
  eden space 90112K, 11% used [0x00000000d5580000,0x00000000d5fba0c8,0x00000000dad80000)
  from space 11776K, 98% used [0x00000000dad80000,0x00000000db8d83e8,0x00000000db900000)
  to   space 13312K, 0% used [0x00000000dfb00000,0x00000000dfb00000,0x00000000e0800000)
 ParOldGen       total 68096K, used 7445K [0x0000000080000000, 0x0000000084280000, 0x00000000d5580000)
  object space 68096K, 10% used [0x0000000080000000,0x0000000080745688,0x0000000084280000)
 Metaspace       used 34147K, capacity 35278K, committed 35416K, reserved 1079296K
  class space    used 4623K, capacity 4918K, committed 4992K, reserved 1048576K
Event: 5.884 GC heap after
Heap after GC invocations=9 (full 1):
 PSYoungGen      total 169984K, used 7162K [0x00000000d5580000, 0x00000000e1200000, 0x0000000100000000)
  eden space 156672K, 0% used [0x00000000d5580000,0x00000000d5580000,0x00000000dee80000)
  from space 13312K, 53% used [0x00000000dfb00000,0x00000000e01feae0,0x00000000e0800000)
  to   space 12800K, 0% used [0x00000000dee80000,0x00000000dee80000,0x00000000dfb00000)
 ParOldGen       total 68096K, used 7453K [0x0000000080000000, 0x0000000084280000, 0x00000000d5580000)
  object space 68096K, 10% used [0x0000000080000000,0x0000000080747688,0x0000000084280000)
 Metaspace       used 34147K, capacity 35278K, committed 35416K, reserved 1079296K
  class space    used 4623K, capacity 4918K, committed 4992K, reserved 1048576K
}
Event: 5.884 GC heap before
{Heap before GC invocations=10 (full 2):
 PSYoungGen      total 169984K, used 7162K [0x00000000d5580000, 0x00000000e1200000, 0x0000000100000000)
  eden space 156672K, 0% used [0x00000000d5580000,0x00000000d5580000,0x00000000dee80000)
  from space 13312K, 53% used [0x00000000dfb00000,0x00000000e01feae0,0x00000000e0800000)
  to   space 12800K, 0% used [0x00000000dee80000,0x00000000dee80000,0x00000000dfb00000)
 ParOldGen       total 68096K, used 7453K [0x0000000080000000, 0x0000000084280000, 0x00000000d5580000)
  object space 68096K, 10% used [0x0000000080000000,0x0000000080747688,0x0000000084280000)
 Metaspace       used 34147K, capacity 35278K, committed 35416K, reserved 1079296K
  class space    used 4623K, capacity 4918K, committed 4992K, reserved 1048576K
Event: 6.051 GC heap after
Heap after GC invocations=10 (full 2):
 PSYoungGen      total 169984K, used 0K [0x00000000d5580000, 0x00000000e1200000, 0x0000000100000000)
  eden space 156672K, 0% used [0x00000000d5580000,0x00000000d5580000,0x00000000dee80000)
  from space 13312K, 0% used [0x00000000dfb00000,0x00000000dfb00000,0x00000000e0800000)
  to   space 12800K, 0% used [0x00000000dee80000,0x00000000dee80000,0x00000000dfb00000)
 ParOldGen       total 102912K, used 13562K [0x0000000080000000, 0x0000000086480000, 0x00000000d5580000)
  object space 102912K, 13% used [0x0000000080000000,0x0000000080d3eac8,0x0000000086480000)
 Metaspace       used 34147K, capacity 35278K, committed 35416K, reserved 1079296K
  class space    used 4623K, capacity 4918K, committed 4992K, reserved 1048576K
}

Deoptimization events (10 events):
Event: 4.097 Thread 0x000000001ac66000 Uncommon trap: reason=unstable_if action=reinterpret pc=0x00000000033ddce0 method=java.util.HashMap.hash(Ljava/lang/Object;)I @ 1
Event: 4.105 Thread 0x000000001ac66000 Uncommon trap: reason=unstable_if action=reinterpret pc=0x00000000030c49a8 method=java.util.HashMap.hash(Ljava/lang/Object;)I @ 1
Event: 4.121 Thread 0x000000001ac66000 Uncommon trap: reason=unstable_if action=reinterpret pc=0x00000000033f6abc method=jdk.internal.org.objectweb.asm.Type.getArgumentsAndReturnSizes(Ljava/lang/String;)I @ 88
Event: 4.206 Thread 0x000000001ac66000 Uncommon trap: reason=unstable_if action=reinterpret pc=0x00000000030fc08c method=java.io.WinNTFileSystem.resolve(Ljava/lang/String;Ljava/lang/String;)Ljava/lang/String; @ 49
Event: 4.716 Thread 0x000000001ac66000 Uncommon trap: reason=unstable_if action=reinterpret pc=0x00000000034b6f4c method=java.lang.ClassLoader.getClassLoadingLock(Ljava/lang/String;)Ljava/lang/Object; @ 6
Event: 4.744 Thread 0x000000001ac66000 Uncommon trap: reason=bimorphic action=maybe_recompile pc=0x0000000003497514 method=java.io.BufferedInputStream.read([BII)I @ 101
Event: 4.744 Thread 0x000000001ac66000 Uncommon trap: reason=bimorphic action=maybe_recompile pc=0x0000000003497514 method=java.io.BufferedInputStream.read([BII)I @ 101
Event: 4.744 Thread 0x000000001ac66000 Uncommon trap: reason=bimorphic action=maybe_recompile pc=0x0000000003497514 method=java.io.BufferedInputStream.read([BII)I @ 101
Event: 4.745 Thread 0x000000001ac66000 Uncommon trap: reason=bimorphic action=maybe_recompile pc=0x0000000003497514 method=java.io.BufferedInputStream.read([BII)I @ 101
Event: 5.624 Thread 0x0000000002df7000 Uncommon trap: reason=unstable_if action=reinterpret pc=0x00000000033570bc method=java.lang.ref.Reference.tryHandlePending(Z)Z @ 104

Classes redefined (0 events):
No events

Internal exceptions (10 events):
Event: 5.648 Thread 0x000000001ac10800 Exception <a 'sun/nio/fs/WindowsException'> (0x00000000d5773d48) thrown at [C:\src\AOSP-openjdk-git\hotspot\src\share\vm\prims\jni.cpp, line 710]
Event: 5.650 Thread 0x000000001ac10800 Exception <a 'sun/nio/fs/WindowsException'> (0x00000000d5774100) thrown at [C:\src\AOSP-openjdk-git\hotspot\src\share\vm\prims\jni.cpp, line 710]
Event: 5.660 Thread 0x000000001ac66000 Exception <a 'java/lang/ClassNotFoundException': sync_studio_tooling11_1lj3s4m3m4xonii6r9ep6vphhBeanInfo> (0x00000000d5685f30) thrown at [C:\src\AOSP-openjdk-git\hotspot\src\share\vm\classfile\systemDictionary.cpp, line 210]
Event: 5.660 Thread 0x000000001ac66000 Exception <a 'java/lang/ClassNotFoundException': sync_studio_tooling11_1lj3s4m3m4xonii6r9ep6vphhCustomizer> (0x00000000d56935a8) thrown at [C:\src\AOSP-openjdk-git\hotspot\src\share\vm\classfile\systemDictionary.cpp, line 210]
Event: 5.690 Thread 0x000000001ac66000 Exception <a 'java/lang/ClassNotFoundException': org/gradle/invocation/DefaultGradle_DecoratedBeanInfo> (0x00000000d58671b0) thrown at [C:\src\AOSP-openjdk-git\hotspot\src\share\vm\classfile\systemDictionary.cpp, line 210]
Event: 5.691 Thread 0x000000001ac66000 Exception <a 'java/lang/ClassNotFoundException': org/gradle/invocation/DefaultGradleBeanInfo> (0x00000000d588f4b0) thrown at [C:\src\AOSP-openjdk-git\hotspot\src\share\vm\classfile\systemDictionary.cpp, line 210]
Event: 5.692 Thread 0x000000001ac66000 Exception <a 'java/lang/ClassNotFoundException': org/gradle/api/internal/project/AbstractPluginAwareBeanInfo> (0x00000000d58c0430) thrown at [C:\src\AOSP-openjdk-git\hotspot\src\share\vm\classfile\systemDictionary.cpp, line 210]
Event: 5.692 Thread 0x000000001ac66000 Exception <a 'java/lang/ClassNotFoundException': org/gradle/api/internal/project/AbstractPluginAwareCustomizer> (0x00000000d58f1d48) thrown at [C:\src\AOSP-openjdk-git\hotspot\src\share\vm\classfile\systemDictionary.cpp, line 210]
Event: 5.694 Thread 0x000000001ac66000 Exception <a 'java/lang/ClassNotFoundException': org/gradle/invocation/DefaultGradleCustomizer> (0x00000000d5924d28) thrown at [C:\src\AOSP-openjdk-git\hotspot\src\share\vm\classfile\systemDictionary.cpp, line 210]
Event: 5.699 Thread 0x000000001ac66000 Exception <a 'java/lang/ClassNotFoundException': org/gradle/invocation/DefaultGradle_DecoratedCustomizer> (0x00000000d599ad88) thrown at [C:\src\AOSP-openjdk-git\hotspot\src\share\vm\classfile\systemDictionary.cpp, line 210]

Events (10 events):
Event: 6.126 loading class org/codehaus/groovy/antlr/AntlrASTProcessSnippets
Event: 6.126 loading class org/codehaus/groovy/antlr/AntlrASTProcessSnippets done
Event: 6.126 loading class org/codehaus/groovy/antlr/LineColumn
Event: 6.126 loading class org/codehaus/groovy/antlr/LineColumn done
Event: 6.127 loading class org/codehaus/groovy/antlr/AntlrParserPlugin$1
Event: 6.127 loading class org/codehaus/groovy/antlr/AntlrParserPlugin$1 done
Event: 6.128 loading class org/codehaus/groovy/ast/ModuleNode
Event: 6.128 loading class org/codehaus/groovy/ast/ModuleNode done
Event: 6.130 loading class org/codehaus/groovy/ast/VariableScope
Event: 6.130 loading class org/codehaus/groovy/ast/VariableScope done


Dynamic libraries:
0x00007ff66d160000 - 0x00007ff66d191000 	C:\Program Files\Android\Android Studio\jre\bin\java.exe
0x00007ffd3ba90000 - 0x00007ffd3bc85000 	C:\Windows\SYSTEM32\ntdll.dll
0x00007ffd3adb0000 - 0x00007ffd3ae6e000 	C:\Windows\System32\KERNEL32.DLL
0x00007ffd39580000 - 0x00007ffd39849000 	C:\Windows\System32\KERNELBASE.dll
0x00007ffd3a590000 - 0x00007ffd3a63c000 	C:\Windows\System32\ADVAPI32.dll
0x00007ffd3b5e0000 - 0x00007ffd3b67e000 	C:\Windows\System32\msvcrt.dll
0x00007ffd3b680000 - 0x00007ffd3b71b000 	C:\Windows\System32\sechost.dll
0x00007ffd3b4b0000 - 0x00007ffd3b5da000 	C:\Windows\System32\RPCRT4.dll
0x00007ffd3ae70000 - 0x00007ffd3b011000 	C:\Windows\System32\USER32.dll
0x00007ffd39a10000 - 0x00007ffd39a32000 	C:\Windows\System32\win32u.dll
0x00007ffd3a650000 - 0x00007ffd3a67b000 	C:\Windows\System32\GDI32.dll
0x00007ffd39900000 - 0x00007ffd39a0b000 	C:\Windows\System32\gdi32full.dll
0x00007ffd39a40000 - 0x00007ffd39add000 	C:\Windows\System32\msvcp_win.dll
0x00007ffd393d0000 - 0x00007ffd394d0000 	C:\Windows\System32\ucrtbase.dll
0x00007ffd1caa0000 - 0x00007ffd1cd3a000 	C:\Windows\WinSxS\amd64_microsoft.windows.common-controls_6595b64144ccf1df_6.0.19041.1110_none_60b5254171f9507e\COMCTL32.dll
0x00007ffd3abc0000 - 0x00007ffd3abf0000 	C:\Windows\System32\IMM32.DLL
0x0000000067520000 - 0x00000000675f2000 	C:\Program Files\Android\Android Studio\jre\jre\bin\msvcr100.dll
0x0000000066730000 - 0x0000000066f7b000 	C:\Program Files\Android\Android Studio\jre\jre\bin\server\jvm.dll
0x00007ffd39d80000 - 0x00007ffd39d88000 	C:\Windows\System32\PSAPI.DLL
0x00007ffd05860000 - 0x00007ffd05869000 	C:\Windows\SYSTEM32\WSOCK32.dll
0x00007ffd23a30000 - 0x00007ffd23a57000 	C:\Windows\SYSTEM32\WINMM.dll
0x00007ffd2f0f0000 - 0x00007ffd2f0fa000 	C:\Windows\SYSTEM32\VERSION.dll
0x00007ffd3b720000 - 0x00007ffd3b78b000 	C:\Windows\System32\WS2_32.dll
0x00007ffd304a0000 - 0x00007ffd304af000 	C:\Program Files\Android\Android Studio\jre\jre\bin\verify.dll
0x00007ffd2b8f0000 - 0x00007ffd2b919000 	C:\Program Files\Android\Android Studio\jre\jre\bin\java.dll
0x00007ffd2b850000 - 0x00007ffd2b866000 	C:\Program Files\Android\Android Studio\jre\jre\bin\zip.dll
0x00007ffd39d90000 - 0x00007ffd3a4cf000 	C:\Windows\System32\SHELL32.dll
0x00007ffd371a0000 - 0x00007ffd37930000 	C:\Windows\SYSTEM32\windows.storage.dll
0x00007ffd3b020000 - 0x00007ffd3b375000 	C:\Windows\System32\combase.dll
0x00007ffd38c00000 - 0x00007ffd38c2c000 	C:\Windows\SYSTEM32\Wldp.dll
0x00007ffd39bb0000 - 0x00007ffd39c5d000 	C:\Windows\System32\SHCORE.dll
0x00007ffd3a680000 - 0x00007ffd3a6d5000 	C:\Windows\System32\shlwapi.dll
0x00007ffd390f0000 - 0x00007ffd3910f000 	C:\Windows\SYSTEM32\profapi.dll
0x00007ffd2b830000 - 0x00007ffd2b84a000 	C:\Program Files\Android\Android Studio\jre\jre\bin\net.dll
0x00007ffd38960000 - 0x00007ffd389ca000 	C:\Windows\system32\mswsock.dll
0x00007ffd20000000 - 0x00007ffd20013000 	C:\Program Files\Android\Android Studio\jre\jre\bin\nio.dll
0x00007ffd0c770000 - 0x00007ffd0c797000 	C:\Users\Lenovo\.gradle\native\f6784746aeab05261644944871eae4fe03e0ef1612fff0a4a95f87b438bc6780\windows-amd64\native-platform.dll
0x00007ffd300e0000 - 0x00007ffd300ed000 	C:\Program Files\Android\Android Studio\jre\jre\bin\management.dll
0x00007ffd38b50000 - 0x00007ffd38b68000 	C:\Windows\SYSTEM32\CRYPTSP.dll
0x00007ffd38270000 - 0x00007ffd382a4000 	C:\Windows\system32\rsaenh.dll
0x00007ffd39240000 - 0x00007ffd39267000 	C:\Windows\System32\bcrypt.dll
0x00007ffd390b0000 - 0x00007ffd390de000 	C:\Windows\SYSTEM32\USERENV.dll
0x00007ffd391b0000 - 0x00007ffd39233000 	C:\Windows\System32\bcryptprimitives.dll
0x00007ffd38b70000 - 0x00007ffd38b7c000 	C:\Windows\SYSTEM32\CRYPTBASE.dll
0x00007ffd38600000 - 0x00007ffd3863b000 	C:\Windows\SYSTEM32\IPHLPAPI.DLL
0x00007ffd3a4d0000 - 0x00007ffd3a4d8000 	C:\Windows\System32\NSI.dll
0x00007ffd2ec20000 - 0x00007ffd2ec37000 	C:\Windows\SYSTEM32\dhcpcsvc6.DLL
0x00007ffd2eb80000 - 0x00007ffd2eb9d000 	C:\Windows\SYSTEM32\dhcpcsvc.DLL
0x00007ffd38640000 - 0x00007ffd3870c000 	C:\Windows\SYSTEM32\DNSAPI.dll
0x00007ffd2ec40000 - 0x00007ffd2ec4b000 	C:\Windows\SYSTEM32\WINNSI.DLL

VM Arguments:
jvm_args: -Xmx2048m -Dfile.encoding=UTF-8 -Duser.country=ID -Duser.language=en -Duser.variant 
java_command: org.gradle.launcher.daemon.bootstrap.GradleDaemon 6.5
java_class_path (initial): C:\Users\Lenovo\.gradle\wrapper\dists\gradle-6.5-bin\6nifqtx7604sqp1q6g8wikw7p\gradle-6.5\lib\gradle-launcher-6.5.jar
Launcher Type: SUN_STANDARD

Environment Variables:
PATH=C:\Program Files\ImageMagick-7.0.11-Q16-HDRI;C:\Program Files (x86)\VMware\VMware Player\bin\;C:\Windows\system32;C:\Windows;C:\Windows\System32\Wbem;C:\Windows\System32\WindowsPowerShell\v1.0\;C:\Windows\System32\OpenSSH\;C:\Program Files (x86)\NVIDIA Corporation\PhysX\Common;C:\Program Files\NVIDIA Corporation\NVIDIA NvDLISR;C:\src\flutter\bin;C:\Program Files\Git\cmd;C:\xampp\php;C:\ProgramData\ComposerSetup\bin;C:\Program Files\nodejs\;C:\Program Files\MongoDB\Server\4.4\bin;C:\MinGW\bin;C:\Program Files\dotnet\;C:\xampp\apache\bin;C:\Program Files\ImageMagick-7.0.11-Q16-HDRI;;C:\Program Files\Docker\Docker\resources\bin;C:\ProgramData\DockerDesktop\version-bin;C:\Users\Lenovo\AppData\Local\Programs\Python\Python39\Scripts\;C:\Users\Lenovo\AppData\Local\Programs\Python\Python39\;C:\Users\Lenovo\AppData\Local\Microsoft\WindowsApps;;C:\Users\Lenovo\AppData\Local\Programs\Microsoft VS Code\bin;C:\Users\Lenovo\AppData\Roaming\Composer\vendor\bin;C:\Program Files\heroku\bin;C:\Users\Lenovo\AppData\Roaming\npm
USERNAME=Lenovo
OS=Windows_NT
PROCESSOR_IDENTIFIER=Intel64 Family 6 Model 142 Stepping 11, GenuineIntel



---------------  S Y S T E M  ---------------

OS: Windows 10.0 , 64 bit Build 19041 (10.0.19041.1202)

CPU:total 8 (initial active 8) (4 cores per cpu, 2 threads per core) family 6 model 142 stepping 11, cmov, cx8, fxsr, mmx, sse, sse2, sse3, ssse3, sse4.1, sse4.2, popcnt, avx, avx2, aes, clmul, erms, 3dnowpref, lzcnt, ht, tsc, tscinvbit, bmi1, bmi2, adx

Memory: 4k page, physical 12392180k(2162640k free), swap 12392180k(5744k free)

vm_info: OpenJDK 64-Bit Server VM (25.242-b01) for windows-amd64 JRE (1.8.0_242-release-1644-b01), built by "builder" with MS VC++ 10.0 (VS2010)

time: Mon Nov 08 16:09:51 2021
timezone: SE Asia Standard Time
elapsed time: 6 seconds (0d 0h 0m 6s)

