#
# There is insufficient memory for the Java Runtime Environment to continue.
# Native memory allocation (malloc) failed to allocate 793536 bytes for Chunk::new
# Possible reasons:
#   The system is out of physical RAM or swap space
#   The process is running with CompressedOops enabled, and the Java Heap may be blocking the growth of the native heap
# Possible solutions:
#   Reduce memory load on the system
#   Increase physical memory or swap space
#   Check if swap backing store is full
#   Decrease Java heap size (-Xmx/-Xms)
#   Decrease number of Java threads
#   Decrease Java thread stack sizes (-Xss)
#   Set larger code cache with -XX:ReservedCodeCacheSize=
#   JVM is running with Unscaled Compressed Oops mode in which the Java heap is
#     placed in the first 4GB address space. The Java Heap base address is the
#     maximum limit for the native heap growth. Please use -XX:HeapBaseMinAddress
#     to set the Java Heap base and to place the Java Heap above 4GB virtual address.
# This output file may be truncated or incomplete.
#
#  Out of Memory Error (allocation.cpp:389), pid=5104, tid=0x00000000000024c8
#
# JRE version: OpenJDK Runtime Environment (8.0_242-b01) (build 1.8.0_242-release-1644-b01)
# Java VM: OpenJDK 64-Bit Server VM (25.242-b01 mixed mode windows-amd64 compressed oops)
# Failed to write core dump. Minidumps are not enabled by default on client versions of Windows
#

---------------  T H R E A D  ---------------

Current thread (0x00000000178fb000):  JavaThread "C2 CompilerThread1" daemon [_thread_in_native, id=9416, stack(0x000000001a0d0000,0x000000001a1d0000)]

Stack: [0x000000001a0d0000,0x000000001a1d0000]
[error occurred during error reporting (printing stack bounds), id 0xc0000005]

Native frames: (J=compiled Java code, j=interpreted, Vv=VM code, C=native code)


Current CompileTask:
C2:   3254 2636       4       org.objectweb.asm.Frame::execute (2318 bytes)


---------------  P R O C E S S  ---------------

Java Threads: ( => current thread )
  0x000000001c4f0000 JavaThread "Cache worker for file content cache (C:\Users\Lenovo\.gradle\caches\6.5\fileContent)" [_thread_blocked, id=16648, stack(0x0000000022960000,0x0000000022a60000)]
  0x000000001c4ef000 JavaThread "jar transforms" [_thread_blocked, id=3844, stack(0x0000000022860000,0x0000000022960000)]
  0x000000001c4ee800 JavaThread "Cache worker for execution history cache (C:\Users\Lenovo\.gradle\caches\6.5\executionHistory)" [_thread_blocked, id=18816, stack(0x0000000022160000,0x0000000022260000)]
  0x000000001c4ed800 JavaThread "Cache worker for cache directory md-rule (C:\Users\Lenovo\.gradle\caches\6.5\md-rule)" [_thread_blocked, id=17444, stack(0x0000000020e10000,0x0000000020f10000)]
  0x000000001c4ed000 JavaThread "Cache worker for cache directory md-supplier (C:\Users\Lenovo\.gradle\caches\6.5\md-supplier)" [_thread_blocked, id=5264, stack(0x0000000020d10000,0x0000000020e10000)]
  0x000000001c4f3000 JavaThread "Cache worker for checksums cache (D:\semester-5\pemrograman-perangkat-bergerak\ets\.gradle\checksums)" [_thread_blocked, id=15304, stack(0x000000001f9f0000,0x000000001faf0000)]
  0x000000001c4f0800 JavaThread "Cache worker for file hash cache (D:\semester-5\pemrograman-perangkat-bergerak\ets\.gradle\6.5\fileHashes)" [_thread_blocked, id=1224, stack(0x000000001e6f0000,0x000000001e7f0000)]
  0x000000001c4ec000 JavaThread "Cache worker for file hash cache (C:\Users\Lenovo\.gradle\caches\6.5\fileHashes)" [_thread_blocked, id=11400, stack(0x000000001e5f0000,0x000000001e6f0000)]
  0x000000001c4f2000 JavaThread "File lock request listener" [_thread_in_native, id=18176, stack(0x000000001e4f0000,0x000000001e5f0000)]
  0x000000001c50c000 JavaThread "Cache worker for journal cache (C:\Users\Lenovo\.gradle\caches\journal-1)" [_thread_blocked, id=11640, stack(0x000000001e3f0000,0x000000001e4f0000)]
  0x000000001c1e4800 JavaThread "Thread-9" [_thread_blocked, id=18632, stack(0x000000001e0f0000,0x000000001e1f0000)]
  0x000000001c1e3800 JavaThread "Stdin handler" [_thread_blocked, id=19400, stack(0x000000001dff0000,0x000000001e0f0000)]
  0x000000001a683000 JavaThread "Asynchronous log dispatcher for DefaultDaemonConnection: socket connection from /127.0.0.1:57281 to /127.0.0.1:57282" [_thread_blocked, id=4888, stack(0x000000001def0000,0x000000001dff0000)]
  0x000000001a95c000 JavaThread "Daemon worker" [_thread_in_vm, id=7648, stack(0x000000001ddf0000,0x000000001def0000)]
  0x000000001a6a3000 JavaThread "Cancel handler" [_thread_blocked, id=10768, stack(0x000000001dcf0000,0x000000001ddf0000)]
  0x0000000019824800 JavaThread "Handler for socket connection from /127.0.0.1:57281 to /127.0.0.1:57282" [_thread_in_native, id=14040, stack(0x000000001dbf0000,0x000000001dcf0000)]
  0x000000001a6bc000 JavaThread "Daemon" [_thread_blocked, id=8664, stack(0x000000001d8f0000,0x000000001d9f0000)]
  0x000000001c23c800 JavaThread "Daemon periodic checks" [_thread_blocked, id=8264, stack(0x000000001d7f0000,0x000000001d8f0000)]
  0x000000001c164800 JavaThread "Incoming local TCP Connector on port 57281" [_thread_in_native, id=4424, stack(0x000000001d5b0000,0x000000001d6b0000)]
  0x000000001c0f4800 JavaThread "Daemon health stats" [_thread_blocked, id=552, stack(0x000000001cf70000,0x000000001d070000)]
  0x000000001979a000 JavaThread "Service Thread" daemon [_thread_blocked, id=9448, stack(0x000000001a3d0000,0x000000001a4d0000)]
  0x000000001970e000 JavaThread "C1 CompilerThread3" daemon [_thread_blocked, id=11648, stack(0x000000001a2d0000,0x000000001a3d0000)]
  0x00000000178fd000 JavaThread "C2 CompilerThread2" daemon [_thread_in_native, id=15656, stack(0x000000001a1d0000,0x000000001a2d0000)]
=>0x00000000178fb000 JavaThread "C2 CompilerThread1" daemon [_thread_in_native, id=9416, stack(0x000000001a0d0000,0x000000001a1d0000)]
  0x0000000019702000 JavaThread "C2 CompilerThread0" daemon [_thread_in_native, id=13236, stack(0x0000000019fd0000,0x000000001a0d0000)]
  0x0000000019701000 JavaThread "Attach Listener" daemon [_thread_blocked, id=16240, stack(0x0000000019ed0000,0x0000000019fd0000)]
  0x0000000019700800 JavaThread "Signal Dispatcher" daemon [_thread_blocked, id=13664, stack(0x0000000019dd0000,0x0000000019ed0000)]
  0x00000000196f0800 JavaThread "Finalizer" daemon [_thread_blocked, id=17860, stack(0x0000000019bd0000,0x0000000019cd0000)]
  0x0000000002878000 JavaThread "Reference Handler" daemon [_thread_blocked, id=18888, stack(0x0000000019ad0000,0x0000000019bd0000)]
  0x0000000000dce000 JavaThread "main" [_thread_blocked, id=19040, stack(0x00000000025a0000,0x00000000026a0000)]

Other Threads:
  0x00000000178e6800 VMThread [stack: 0x00000000195d0000,0x00000000196d0000] [id=7544]
  0x000000001979b000 WatcherThread [stack: 0x000000001a4d0000,0x000000001a5d0000] [id=11172]

VM state:not at safepoint (normal execution)

VM Mutex/Monitor currently owned by a thread: None

heap address: 0x0000000080000000, size: 2048 MB, Compressed Oops mode: 32-bit
Narrow klass base: 0x0000000000000000, Narrow klass shift: 3
Compressed class space size: 1073741824 Address: 0x0000000100000000

Heap:
 PSYoungGen      total 100864K, used 59106K [0x00000000d5580000, 0x00000000e1700000, 0x0000000100000000)
  eden space 93184K, 55% used [0x00000000d5580000,0x00000000d87bf3b8,0x00000000db080000)
  from space 7680K, 99% used [0x00000000dbd00000,0x00000000dc4795b0,0x00000000dc480000)
  to   space 12800K, 0% used [0x00000000db080000,0x00000000db080000,0x00000000dbd00000)
 ParOldGen       total 70656K, used 11159K [0x0000000080000000, 0x0000000084500000, 0x00000000d5580000)
  object space 70656K, 15% used [0x0000000080000000,0x0000000080ae5ec0,0x0000000084500000)
 Metaspace       used 33534K, capacity 34578K, committed 34864K, reserved 1079296K
  class space    used 4599K, capacity 4858K, committed 4912K, reserved 1048576K

Card table byte_map: [0x0000000011c40000,0x0000000012050000] byte_map_base: 0x0000000011840000

Marking Bits: (ParMarkBitMap*) 0x0000000066eff030
 Begin Bits: [0x0000000012b00000, 0x0000000014b00000)
 End Bits:   [0x0000000014b00000, 0x0000000016b00000)

Polling page: 0x0000000000830000

CodeCache: size=245760Kb used=10309Kb max_used=10309Kb free=235450Kb
 bounds [0x0000000002880000, 0x00000000032a0000, 0x0000000011880000]
 total_blobs=3368 nmethods=2685 adapters=596
 compilation: enabled

Compilation events (10 events):
Event: 3.247 Thread 0x000000001970e000 2691       3       groovy.lang.MetaClassImpl::copyNonPrivateFields (70 bytes)
Event: 3.248 Thread 0x000000001970e000 nmethod 2691 0x0000000003292e50 code [0x0000000003293080, 0x0000000003293f38]
Event: 3.251 Thread 0x000000001970e000 2692       3       sun.reflect.annotation.AnnotationParser$1::run (5 bytes)
Event: 3.251 Thread 0x000000001970e000 nmethod 2692 0x0000000003294550 code [0x00000000032946c0, 0x00000000032948c8]
Event: 3.251 Thread 0x000000001970e000 2693       3       sun.reflect.annotation.AnnotationParser$1::run (40 bytes)
Event: 3.252 Thread 0x000000001970e000 nmethod 2693 0x0000000003294950 code [0x0000000003294b80, 0x0000000003295998]
Event: 3.252 Thread 0x000000001970e000 2694       3       org.gradle.internal.instantiation.generator.AbstractClassGenerator$MethodMetadata::getName (8 bytes)
Event: 3.252 Thread 0x000000001970e000 nmethod 2694 0x0000000003295f50 code [0x00000000032960a0, 0x0000000003296290]
Event: 3.253 Thread 0x000000001970e000 2695       3       org.objectweb.asm.Type::getSize (86 bytes)
Event: 3.253 Thread 0x000000001970e000 nmethod 2695 0x0000000003296350 code [0x00000000032964c0, 0x0000000003296748]

GC Heap History (10 events):
Event: 1.862 GC heap before
{Heap before GC invocations=3 (full 0):
 PSYoungGen      total 56832K, used 55470K [0x00000000d5580000, 0x00000000d9480000, 0x0000000100000000)
  eden space 49152K, 100% used [0x00000000d5580000,0x00000000d8580000,0x00000000d8580000)
  from space 7680K, 82% used [0x00000000d8d00000,0x00000000d932b800,0x00000000d9480000)
  to   space 7680K, 0% used [0x00000000d8580000,0x00000000d8580000,0x00000000d8d00000)
 ParOldGen       total 130048K, used 24K [0x0000000080000000, 0x0000000087f00000, 0x00000000d5580000)
  object space 130048K, 0% used [0x0000000080000000,0x0000000080006000,0x0000000087f00000)
 Metaspace       used 16538K, capacity 17148K, committed 17280K, reserved 1064960K
  class space    used 2206K, capacity 2368K, committed 2432K, reserved 1048576K
Event: 1.868 GC heap after
Heap after GC invocations=3 (full 0):
 PSYoungGen      total 56832K, used 7649K [0x00000000d5580000, 0x00000000dc480000, 0x0000000100000000)
  eden space 49152K, 0% used [0x00000000d5580000,0x00000000d5580000,0x00000000d8580000)
  from space 7680K, 99% used [0x00000000d8580000,0x00000000d8cf85f0,0x00000000d8d00000)
  to   space 7680K, 0% used [0x00000000dbd00000,0x00000000dbd00000,0x00000000dc480000)
 ParOldGen       total 130048K, used 1418K [0x0000000080000000, 0x0000000087f00000, 0x00000000d5580000)
  object space 130048K, 1% used [0x0000000080000000,0x0000000080162828,0x0000000087f00000)
 Metaspace       used 16538K, capacity 17148K, committed 17280K, reserved 1064960K
  class space    used 2206K, capacity 2368K, committed 2432K, reserved 1048576K
}
Event: 2.213 GC heap before
{Heap before GC invocations=4 (full 0):
 PSYoungGen      total 56832K, used 56801K [0x00000000d5580000, 0x00000000dc480000, 0x0000000100000000)
  eden space 49152K, 100% used [0x00000000d5580000,0x00000000d8580000,0x00000000d8580000)
  from space 7680K, 99% used [0x00000000d8580000,0x00000000d8cf85f0,0x00000000d8d00000)
  to   space 7680K, 0% used [0x00000000dbd00000,0x00000000dbd00000,0x00000000dc480000)
 ParOldGen       total 130048K, used 1418K [0x0000000080000000, 0x0000000087f00000, 0x00000000d5580000)
  object space 130048K, 1% used [0x0000000080000000,0x0000000080162828,0x0000000087f00000)
 Metaspace       used 20226K, capacity 20904K, committed 20992K, reserved 1067008K
  class space    used 2819K, capacity 3012K, committed 3072K, reserved 1048576K
Event: 2.221 GC heap after
Heap after GC invocations=4 (full 0):
 PSYoungGen      total 105984K, used 7660K [0x00000000d5580000, 0x00000000dc480000, 0x0000000100000000)
  eden space 98304K, 0% used [0x00000000d5580000,0x00000000d5580000,0x00000000db580000)
  from space 7680K, 99% used [0x00000000dbd00000,0x00000000dc47b270,0x00000000dc480000)
  to   space 7680K, 0% used [0x00000000db580000,0x00000000db580000,0x00000000dbd00000)
 ParOldGen       total 130048K, used 4069K [0x0000000080000000, 0x0000000087f00000, 0x00000000d5580000)
  object space 130048K, 3% used [0x0000000080000000,0x00000000803f9568,0x0000000087f00000)
 Metaspace       used 20226K, capacity 20904K, committed 20992K, reserved 1067008K
  class space    used 2819K, capacity 3012K, committed 3072K, reserved 1048576K
}
Event: 2.257 GC heap before
{Heap before GC invocations=5 (full 0):
 PSYoungGen      total 105984K, used 16718K [0x00000000d5580000, 0x00000000dc480000, 0x0000000100000000)
  eden space 98304K, 9% used [0x00000000d5580000,0x00000000d5e586c0,0x00000000db580000)
  from space 7680K, 99% used [0x00000000dbd00000,0x00000000dc47b270,0x00000000dc480000)
  to   space 7680K, 0% used [0x00000000db580000,0x00000000db580000,0x00000000dbd00000)
 ParOldGen       total 130048K, used 4069K [0x0000000080000000, 0x0000000087f00000, 0x00000000d5580000)
  object space 130048K, 3% used [0x0000000080000000,0x00000000803f9568,0x0000000087f00000)
 Metaspace       used 20572K, capacity 21224K, committed 21296K, reserved 1067008K
  class space    used 2872K, capacity 3076K, committed 3120K, reserved 1048576K
Event: 2.262 GC heap after
Heap after GC invocations=5 (full 0):
 PSYoungGen      total 105984K, used 7212K [0x00000000d5580000, 0x00000000dc480000, 0x0000000100000000)
  eden space 98304K, 0% used [0x00000000d5580000,0x00000000d5580000,0x00000000db580000)
  from space 7680K, 93% used [0x00000000db580000,0x00000000dbc8b060,0x00000000dbd00000)
  to   space 7680K, 0% used [0x00000000dbd00000,0x00000000dbd00000,0x00000000dc480000)
 ParOldGen       total 130048K, used 4077K [0x0000000080000000, 0x0000000087f00000, 0x00000000d5580000)
  object space 130048K, 3% used [0x0000000080000000,0x00000000803fb568,0x0000000087f00000)
 Metaspace       used 20572K, capacity 21224K, committed 21296K, reserved 1067008K
  class space    used 2872K, capacity 3076K, committed 3120K, reserved 1048576K
}
Event: 2.262 GC heap before
{Heap before GC invocations=6 (full 1):
 PSYoungGen      total 105984K, used 7212K [0x00000000d5580000, 0x00000000dc480000, 0x0000000100000000)
  eden space 98304K, 0% used [0x00000000d5580000,0x00000000d5580000,0x00000000db580000)
  from space 7680K, 93% used [0x00000000db580000,0x00000000dbc8b060,0x00000000dbd00000)
  to   space 7680K, 0% used [0x00000000dbd00000,0x00000000dbd00000,0x00000000dc480000)
 ParOldGen       total 130048K, used 4077K [0x0000000080000000, 0x0000000087f00000, 0x00000000d5580000)
  object space 130048K, 3% used [0x0000000080000000,0x00000000803fb568,0x0000000087f00000)
 Metaspace       used 20572K, capacity 21224K, committed 21296K, reserved 1067008K
  class space    used 2872K, capacity 3076K, committed 3120K, reserved 1048576K
Event: 2.287 GC heap after
Heap after GC invocations=6 (full 1):
 PSYoungGen      total 105984K, used 0K [0x00000000d5580000, 0x00000000dc480000, 0x0000000100000000)
  eden space 98304K, 0% used [0x00000000d5580000,0x00000000d5580000,0x00000000db580000)
  from space 7680K, 0% used [0x00000000db580000,0x00000000db580000,0x00000000dbd00000)
  to   space 7680K, 0% used [0x00000000dbd00000,0x00000000dbd00000,0x00000000dc480000)
 ParOldGen       total 70656K, used 7497K [0x0000000080000000, 0x0000000084500000, 0x00000000d5580000)
  object space 70656K, 10% used [0x0000000080000000,0x00000000807527e0,0x0000000084500000)
 Metaspace       used 20572K, capacity 21224K, committed 21296K, reserved 1067008K
  class space    used 2872K, capacity 3076K, committed 3120K, reserved 1048576K
}
Event: 2.963 GC heap before
{Heap before GC invocations=7 (full 1):
 PSYoungGen      total 105984K, used 98304K [0x00000000d5580000, 0x00000000dc480000, 0x0000000100000000)
  eden space 98304K, 100% used [0x00000000d5580000,0x00000000db580000,0x00000000db580000)
  from space 7680K, 0% used [0x00000000db580000,0x00000000db580000,0x00000000dbd00000)
  to   space 7680K, 0% used [0x00000000dbd00000,0x00000000dbd00000,0x00000000dc480000)
 ParOldGen       total 70656K, used 7497K [0x0000000080000000, 0x0000000084500000, 0x00000000d5580000)
  object space 70656K, 10% used [0x0000000080000000,0x00000000807527e0,0x0000000084500000)
 Metaspace       used 31139K, capacity 32078K, committed 32432K, reserved 1077248K
  class space    used 4223K, capacity 4434K, committed 4528K, reserved 1048576K
Event: 2.970 GC heap after
Heap after GC invocations=7 (full 1):
 PSYoungGen      total 100864K, used 7653K [0x00000000d5580000, 0x00000000e1700000, 0x0000000100000000)
  eden space 93184K, 0% used [0x00000000d5580000,0x00000000d5580000,0x00000000db080000)
  from space 7680K, 99% used [0x00000000dbd00000,0x00000000dc4795b0,0x00000000dc480000)
  to   space 12800K, 0% used [0x00000000db080000,0x00000000db080000,0x00000000dbd00000)
 ParOldGen       total 70656K, used 11159K [0x0000000080000000, 0x0000000084500000, 0x00000000d5580000)
  object space 70656K, 15% used [0x0000000080000000,0x0000000080ae5ec0,0x0000000084500000)
 Metaspace       used 31139K, capacity 32078K, committed 32432K, reserved 1077248K
  class space    used 4223K, capacity 4434K, committed 4528K, reserved 1048576K
}

Deoptimization events (10 events):
Event: 2.532 Thread 0x000000001a95c000 Uncommon trap: reason=unstable_if action=reinterpret pc=0x0000000002de1fd0 method=java.util.HashMap.putVal(ILjava/lang/Object;Ljava/lang/Object;ZZ)Ljava/lang/Object; @ 162
Event: 2.767 Thread 0x000000001a95c000 Uncommon trap: reason=unstable_if action=reinterpret pc=0x0000000002e75024 method=java.net.URLClassLoader.defineClass(Ljava/lang/String;Lsun/misc/Resource;)Ljava/lang/Class; @ 21
Event: 2.768 Thread 0x000000001a95c000 Uncommon trap: reason=unstable_if action=reinterpret pc=0x0000000002d7b5b4 method=java.lang.ClassLoader.getClassLoadingLock(Ljava/lang/String;)Ljava/lang/Object; @ 6
Event: 2.955 Thread 0x000000001a95c000 Uncommon trap: reason=unstable_if action=reinterpret pc=0x0000000002e4a3fc method=java.util.HashMap.getNode(ILjava/lang/Object;)Ljava/util/HashMap$Node; @ 53
Event: 2.971 Thread 0x0000000002878000 Uncommon trap: reason=unstable_if action=reinterpret pc=0x0000000002dcd73c method=java.lang.ref.Reference.tryHandlePending(Z)Z @ 104
Event: 3.017 Thread 0x000000001a95c000 Uncommon trap: reason=unstable_if action=reinterpret pc=0x0000000003033fc4 method=org.gradle.internal.reflect.PropertyAccessorType.isGetGetterName(Ljava/lang/String;)Z @ 14
Event: 3.033 Thread 0x000000001a95c000 Uncommon trap: reason=unstable_if action=reinterpret pc=0x0000000002f63740 method=org.objectweb.asm.ByteVector.putShort(I)Lorg/objectweb/asm/ByteVector; @ 13
Event: 3.082 Thread 0x000000001a95c000 Uncommon trap: reason=unstable_if action=reinterpret pc=0x0000000002ec54cc method=java.net.URLClassLoader.defineClass(Ljava/lang/String;Lsun/misc/Resource;)Ljava/lang/Class; @ 21
Event: 3.120 Thread 0x000000001a95c000 Uncommon trap: reason=unstable_if action=reinterpret pc=0x000000000320e384 method=org.codehaus.groovy.runtime.metaclass.MetaMethodIndex.addMethodToList(Ljava/lang/Object;Lgroovy/lang/MetaMethod;)Ljava/lang/Object; @ 226
Event: 3.179 Thread 0x000000001a95c000 Uncommon trap: reason=range_check action=make_not_entrant pc=0x0000000003201a34 method=java.lang.String.charAt(I)C @ 27

Classes redefined (0 events):
No events

Internal exceptions (10 events):
Event: 3.148 Thread 0x000000001a95c000 Exception <a 'java/lang/ClassNotFoundException': org/gradle/api/internal/DefaultDomainObjectCollectionCustomizer> (0x00000000d7407048) thrown at [C:\src\AOSP-openjdk-git\hotspot\src\share\vm\classfile\systemDictionary.cpp, line 210]
Event: 3.150 Thread 0x000000001a95c000 Exception <a 'java/lang/ClassNotFoundException': org/gradle/api/internal/DefaultNamedDomainObjectCollectionCustomizer> (0x00000000d74653f0) thrown at [C:\src\AOSP-openjdk-git\hotspot\src\share\vm\classfile\systemDictionary.cpp, line 210]
Event: 3.151 Thread 0x000000001a95c000 Exception <a 'java/lang/ClassNotFoundException': org/gradle/api/internal/DefaultNamedDomainObjectListCustomizer> (0x00000000d74d9ff8) thrown at [C:\src\AOSP-openjdk-git\hotspot\src\share\vm\classfile\systemDictionary.cpp, line 210]
Event: 3.153 Thread 0x000000001a95c000 Exception <a 'java/lang/ClassNotFoundException': org/gradle/api/internal/artifacts/DefaultArtifactRepositoryContainerCustomizer> (0x00000000d754ee30) thrown at [C:\src\AOSP-openjdk-git\hotspot\src\share\vm\classfile\systemDictionary.cpp, line 210]
Event: 3.155 Thread 0x000000001a95c000 Exception <a 'java/lang/ClassNotFoundException': org/gradle/api/internal/artifacts/dsl/DefaultRepositoryHandlerCustomizer> (0x00000000d75b4490) thrown at [C:\src\AOSP-openjdk-git\hotspot\src\share\vm\classfile\systemDictionary.cpp, line 210]
Event: 3.156 Thread 0x000000001a95c000 Exception <a 'java/lang/ClassNotFoundException': org/gradle/api/internal/artifacts/dsl/DefaultRepositoryHandler_DecoratedCustomizer> (0x00000000d7637e48) thrown at [C:\src\AOSP-openjdk-git\hotspot\src\share\vm\classfile\systemDictionary.cpp, line 210]
Event: 3.243 Thread 0x000000001a95c000 Exception <a 'java/lang/ClassNotFoundException': org/gradle/api/internal/artifacts/dsl/dependencies/DefaultDependencyHandler_DecoratedBeanInfo> (0x00000000d847e3b8) thrown at [C:\src\AOSP-openjdk-git\hotspot\src\share\vm\classfile\systemDictionary.cpp, li
Event: 3.244 Thread 0x000000001a95c000 Exception <a 'java/lang/ClassNotFoundException': org/gradle/api/internal/artifacts/dsl/dependencies/DefaultDependencyHandlerBeanInfo> (0x00000000d84d6dc8) thrown at [C:\src\AOSP-openjdk-git\hotspot\src\share\vm\classfile\systemDictionary.cpp, line 210]
Event: 3.244 Thread 0x000000001a95c000 Exception <a 'java/lang/ClassNotFoundException': org/gradle/api/internal/artifacts/dsl/dependencies/DefaultDependencyHandlerCustomizer> (0x00000000d8530758) thrown at [C:\src\AOSP-openjdk-git\hotspot\src\share\vm\classfile\systemDictionary.cpp, line 210]
Event: 3.245 Thread 0x000000001a95c000 Exception <a 'java/lang/ClassNotFoundException': org/gradle/api/internal/artifacts/dsl/dependencies/DefaultDependencyHandler_DecoratedCustomizer> (0x00000000d85bb7a8) thrown at [C:\src\AOSP-openjdk-git\hotspot\src\share\vm\classfile\systemDictionary.cpp, 

Events (10 events):
Event: 3.249 loading class org/gradle/api/artifacts/MutableVersionConstraint
Event: 3.249 loading class org/gradle/api/artifacts/MutableVersionConstraint done
Event: 3.249 loading class org/gradle/api/internal/artifacts/dependencies/AbstractVersionConstraint
Event: 3.249 loading class org/gradle/api/internal/artifacts/dependencies/AbstractVersionConstraint done
Event: 3.250 loading class org/gradle/api/internal/artifacts/DefaultExcludeRuleContainer
Event: 3.250 loading class org/gradle/api/internal/artifacts/DefaultExcludeRuleContainer done
Event: 3.250 loading class org/gradle/api/artifacts/ExcludeRuleContainer
Event: 3.250 loading class org/gradle/api/artifacts/ExcludeRuleContainer done
Event: 3.250 loading class org/gradle/api/internal/artifacts/DependencyResolveContext
Event: 3.250 loading class org/gradle/api/internal/artifacts/DependencyResolveContext done


Dynamic libraries:
0x00007ff66d160000 - 0x00007ff66d191000 	C:\Program Files\Android\Android Studio\jre\bin\java.exe
0x00007ffd3ba90000 - 0x00007ffd3bc85000 	C:\Windows\SYSTEM32\ntdll.dll
0x00007ffd3adb0000 - 0x00007ffd3ae6e000 	C:\Windows\System32\KERNEL32.DLL
0x00007ffd39580000 - 0x00007ffd39849000 	C:\Windows\System32\KERNELBASE.dll
0x00007ffd3a590000 - 0x00007ffd3a63c000 	C:\Windows\System32\ADVAPI32.dll
0x00007ffd3b5e0000 - 0x00007ffd3b67e000 	C:\Windows\System32\msvcrt.dll
0x00007ffd3b680000 - 0x00007ffd3b71b000 	C:\Windows\System32\sechost.dll
0x00007ffd3b4b0000 - 0x00007ffd3b5da000 	C:\Windows\System32\RPCRT4.dll
0x00007ffd3ae70000 - 0x00007ffd3b011000 	C:\Windows\System32\USER32.dll
0x00007ffd39a10000 - 0x00007ffd39a32000 	C:\Windows\System32\win32u.dll
0x00007ffd3a650000 - 0x00007ffd3a67b000 	C:\Windows\System32\GDI32.dll
0x00007ffd39900000 - 0x00007ffd39a0b000 	C:\Windows\System32\gdi32full.dll
0x00007ffd39a40000 - 0x00007ffd39add000 	C:\Windows\System32\msvcp_win.dll
0x00007ffd393d0000 - 0x00007ffd394d0000 	C:\Windows\System32\ucrtbase.dll
0x00007ffd1caa0000 - 0x00007ffd1cd3a000 	C:\Windows\WinSxS\amd64_microsoft.windows.common-controls_6595b64144ccf1df_6.0.19041.1110_none_60b5254171f9507e\COMCTL32.dll
0x00007ffd3abc0000 - 0x00007ffd3abf0000 	C:\Windows\System32\IMM32.DLL
0x0000000067520000 - 0x00000000675f2000 	C:\Program Files\Android\Android Studio\jre\jre\bin\msvcr100.dll
0x0000000066730000 - 0x0000000066f7b000 	C:\Program Files\Android\Android Studio\jre\jre\bin\server\jvm.dll
0x00007ffd39d80000 - 0x00007ffd39d88000 	C:\Windows\System32\PSAPI.DLL
0x00007ffd23a30000 - 0x00007ffd23a57000 	C:\Windows\SYSTEM32\WINMM.dll
0x00007ffd05860000 - 0x00007ffd05869000 	C:\Windows\SYSTEM32\WSOCK32.dll
0x00007ffd2f0f0000 - 0x00007ffd2f0fa000 	C:\Windows\SYSTEM32\VERSION.dll
0x00007ffd3b720000 - 0x00007ffd3b78b000 	C:\Windows\System32\WS2_32.dll
0x00007ffd304a0000 - 0x00007ffd304af000 	C:\Program Files\Android\Android Studio\jre\jre\bin\verify.dll
0x00007ffd2b8f0000 - 0x00007ffd2b919000 	C:\Program Files\Android\Android Studio\jre\jre\bin\java.dll
0x00007ffd2b850000 - 0x00007ffd2b866000 	C:\Program Files\Android\Android Studio\jre\jre\bin\zip.dll
0x00007ffd39d90000 - 0x00007ffd3a4cf000 	C:\Windows\System32\SHELL32.dll
0x00007ffd371a0000 - 0x00007ffd37930000 	C:\Windows\SYSTEM32\windows.storage.dll
0x00007ffd3b020000 - 0x00007ffd3b375000 	C:\Windows\System32\combase.dll
0x00007ffd38c00000 - 0x00007ffd38c2c000 	C:\Windows\SYSTEM32\Wldp.dll
0x00007ffd39bb0000 - 0x00007ffd39c5d000 	C:\Windows\System32\SHCORE.dll
0x00007ffd3a680000 - 0x00007ffd3a6d5000 	C:\Windows\System32\shlwapi.dll
0x00007ffd390f0000 - 0x00007ffd3910f000 	C:\Windows\SYSTEM32\profapi.dll
0x00007ffd2b830000 - 0x00007ffd2b84a000 	C:\Program Files\Android\Android Studio\jre\jre\bin\net.dll
0x00007ffd38960000 - 0x00007ffd389ca000 	C:\Windows\system32\mswsock.dll
0x00007ffd20000000 - 0x00007ffd20013000 	C:\Program Files\Android\Android Studio\jre\jre\bin\nio.dll
0x00007ffd0c770000 - 0x00007ffd0c797000 	C:\Users\Lenovo\.gradle\native\f6784746aeab05261644944871eae4fe03e0ef1612fff0a4a95f87b438bc6780\windows-amd64\native-platform.dll
0x00007ffd300e0000 - 0x00007ffd300ed000 	C:\Program Files\Android\Android Studio\jre\jre\bin\management.dll
0x00007ffd38b50000 - 0x00007ffd38b68000 	C:\Windows\SYSTEM32\CRYPTSP.dll
0x00007ffd38270000 - 0x00007ffd382a4000 	C:\Windows\system32\rsaenh.dll
0x00007ffd39240000 - 0x00007ffd39267000 	C:\Windows\System32\bcrypt.dll
0x00007ffd390b0000 - 0x00007ffd390de000 	C:\Windows\SYSTEM32\USERENV.dll
0x00007ffd391b0000 - 0x00007ffd39233000 	C:\Windows\System32\bcryptprimitives.dll
0x00007ffd38b70000 - 0x00007ffd38b7c000 	C:\Windows\SYSTEM32\CRYPTBASE.dll
0x00007ffd38600000 - 0x00007ffd3863b000 	C:\Windows\SYSTEM32\IPHLPAPI.DLL
0x00007ffd3a4d0000 - 0x00007ffd3a4d8000 	C:\Windows\System32\NSI.dll
0x00007ffd2ec20000 - 0x00007ffd2ec37000 	C:\Windows\SYSTEM32\dhcpcsvc6.DLL
0x00007ffd2eb80000 - 0x00007ffd2eb9d000 	C:\Windows\SYSTEM32\dhcpcsvc.DLL
0x00007ffd38640000 - 0x00007ffd3870c000 	C:\Windows\SYSTEM32\DNSAPI.dll
0x00007ffd2ec40000 - 0x00007ffd2ec4b000 	C:\Windows\SYSTEM32\WINNSI.DLL

VM Arguments:
jvm_args: -Xmx2048m -Dfile.encoding=UTF-8 -Duser.country=ID -Duser.language=en -Duser.variant 
java_command: org.gradle.launcher.daemon.bootstrap.GradleDaemon 6.5
java_class_path (initial): C:\Users\Lenovo\.gradle\wrapper\dists\gradle-6.5-bin\6nifqtx7604sqp1q6g8wikw7p\gradle-6.5\lib\gradle-launcher-6.5.jar
Launcher Type: SUN_STANDARD

Environment Variables:
PATH=C:\Program Files\ImageMagick-7.0.11-Q16-HDRI;C:\Program Files (x86)\VMware\VMware Player\bin\;C:\Windows\system32;C:\Windows;C:\Windows\System32\Wbem;C:\Windows\System32\WindowsPowerShell\v1.0\;C:\Windows\System32\OpenSSH\;C:\Program Files (x86)\NVIDIA Corporation\PhysX\Common;C:\Program Files\NVIDIA Corporation\NVIDIA NvDLISR;C:\src\flutter\bin;C:\Program Files\Git\cmd;C:\xampp\php;C:\ProgramData\ComposerSetup\bin;C:\Program Files\nodejs\;C:\Program Files\MongoDB\Server\4.4\bin;C:\MinGW\bin;C:\Program Files\dotnet\;C:\xampp\apache\bin;C:\Program Files\ImageMagick-7.0.11-Q16-HDRI;;C:\Program Files\Docker\Docker\resources\bin;C:\ProgramData\DockerDesktop\version-bin;C:\Users\Lenovo\AppData\Local\Programs\Python\Python39\Scripts\;C:\Users\Lenovo\AppData\Local\Programs\Python\Python39\;C:\Users\Lenovo\AppData\Local\Microsoft\WindowsApps;;C:\Users\Lenovo\AppData\Local\Programs\Microsoft VS Code\bin;C:\Users\Lenovo\AppData\Roaming\Composer\vendor\bin;C:\Program Files\heroku\bin;C:\Users\Lenovo\AppData\Roaming\npm
USERNAME=Lenovo
OS=Windows_NT
PROCESSOR_IDENTIFIER=Intel64 Family 6 Model 142 Stepping 11, GenuineIntel



---------------  S Y S T E M  ---------------

OS: Windows 10.0 , 64 bit Build 19041 (10.0.19041.1202)

CPU:total 8 (initial active 8) (4 cores per cpu, 2 threads per core) family 6 model 142 stepping 11, cmov, cx8, fxsr, mmx, sse, sse2, sse3, ssse3, sse4.1, sse4.2, popcnt, avx, avx2, aes, clmul, erms, 3dnowpref, lzcnt, ht, tsc, tscinvbit, bmi1, bmi2, adx

Memory: 4k page, physical 12392180k(2092700k free), swap 12392180k(5844k free)

vm_info: OpenJDK 64-Bit Server VM (25.242-b01) for windows-amd64 JRE (1.8.0_242-release-1644-b01), built by "builder" with MS VC++ 10.0 (VS2010)

time: Mon Nov 08 16:12:00 2021
timezone: SE Asia Standard Time
elapsed time: 3 seconds (0d 0h 0m 3s)

