#
# There is insufficient memory for the Java Runtime Environment to continue.
# Native memory allocation (malloc) failed to allocate 952496 bytes for Chunk::new
# Possible reasons:
#   The system is out of physical RAM or swap space
#   The process is running with CompressedOops enabled, and the Java Heap may be blocking the growth of the native heap
# Possible solutions:
#   Reduce memory load on the system
#   Increase physical memory or swap space
#   Check if swap backing store is full
#   Decrease Java heap size (-Xmx/-Xms)
#   Decrease number of Java threads
#   Decrease Java thread stack sizes (-Xss)
#   Set larger code cache with -XX:ReservedCodeCacheSize=
#   JVM is running with Unscaled Compressed Oops mode in which the Java heap is
#     placed in the first 4GB address space. The Java Heap base address is the
#     maximum limit for the native heap growth. Please use -XX:HeapBaseMinAddress
#     to set the Java Heap base and to place the Java Heap above 4GB virtual address.
# This output file may be truncated or incomplete.
#
#  Out of Memory Error (allocation.cpp:389), pid=15996, tid=0x0000000000000968
#
# JRE version: OpenJDK Runtime Environment (8.0_242-b01) (build 1.8.0_242-release-1644-b01)
# Java VM: OpenJDK 64-Bit Server VM (25.242-b01 mixed mode windows-amd64 compressed oops)
# Failed to write core dump. Minidumps are not enabled by default on client versions of Windows
#

---------------  T H R E A D  ---------------

Current thread (0x00000000194c3000):  JavaThread "C2 CompilerThread0" daemon [_thread_in_native, id=2408, stack(0x0000000019d90000,0x0000000019e90000)]

Stack: [0x0000000019d90000,0x0000000019e90000]
[error occurred during error reporting (printing stack bounds), id 0xc0000005]

Native frames: (J=compiled Java code, j=interpreted, Vv=VM code, C=native code)


Current CompileTask:
C2:   6778 5529   !   4       java.net.URLClassLoader$1::run (63 bytes)


---------------  P R O C E S S  ---------------

Java Threads: ( => current thread )
  0x00000000213a0800 JavaThread "Cache worker for file content cache (D:\semester-5\pemrograman-perangkat-bergerak\ets\.gradle\6.5\fileContent)" [_thread_blocked, id=16096, stack(0x000000002e480000,0x000000002e580000)]
  0x000000002139e800 JavaThread "Memory manager" [_thread_blocked, id=13380, stack(0x000000002c450000,0x000000002c550000)]
  0x0000000021ab5800 JavaThread "Cache worker for Build Output Cleanup Cache (D:\semester-5\pemrograman-perangkat-bergerak\ets\.gradle\buildOutputCleanup)" [_thread_blocked, id=19236, stack(0x000000002bcb0000,0x000000002bdb0000)]
  0x0000000021ab4800 JavaThread "jar transforms Thread 114" [_thread_blocked, id=5484, stack(0x000000002b9b0000,0x000000002bab0000)]
  0x0000000021ab1000 JavaThread "jar transforms Thread 113" [_thread_blocked, id=13640, stack(0x000000002b8b0000,0x000000002b9b0000)]
  0x0000000021ab1800 JavaThread "jar transforms Thread 112" [_thread_blocked, id=17360, stack(0x000000002b6b0000,0x000000002b7b0000)]
  0x0000000021ab4000 JavaThread "jar transforms Thread 111" [_thread_blocked, id=5268, stack(0x000000002b5b0000,0x000000002b6b0000)]
  0x0000000021ab0000 JavaThread "jar transforms Thread 110" [_thread_blocked, id=12064, stack(0x000000002b4b0000,0x000000002b5b0000)]
  0x0000000021ab3000 JavaThread "jar transforms Thread 109" [_thread_blocked, id=18028, stack(0x000000002b3b0000,0x000000002b4b0000)]
  0x0000000021ab2800 JavaThread "jar transforms Thread 108" [_thread_blocked, id=12252, stack(0x000000002b2b0000,0x000000002b3b0000)]
  0x0000000021aa8800 JavaThread "jar transforms Thread 107" [_thread_blocked, id=17920, stack(0x000000002b1b0000,0x000000002b2b0000)]
  0x0000000021aaf800 JavaThread "jar transforms Thread 106" [_thread_blocked, id=7328, stack(0x000000002b0b0000,0x000000002b1b0000)]
  0x0000000021aa7800 JavaThread "jar transforms Thread 105" [_thread_blocked, id=16236, stack(0x000000002afb0000,0x000000002b0b0000)]
  0x0000000021aae800 JavaThread "jar transforms Thread 104" [_thread_blocked, id=13112, stack(0x000000002aeb0000,0x000000002afb0000)]
  0x0000000021aae000 JavaThread "jar transforms Thread 103" [_thread_blocked, id=6200, stack(0x000000002adb0000,0x000000002aeb0000)]
  0x0000000021aaa000 JavaThread "jar transforms Thread 102" [_thread_blocked, id=11512, stack(0x000000002acb0000,0x000000002adb0000)]
  0x0000000021aa6000 JavaThread "jar transforms Thread 101" [_thread_blocked, id=17956, stack(0x000000002abb0000,0x000000002acb0000)]
  0x0000000021aa9800 JavaThread "jar transforms Thread 100" [_thread_blocked, id=11260, stack(0x000000002aab0000,0x000000002abb0000)]
  0x0000000021aad000 JavaThread "jar transforms Thread 99" [_thread_blocked, id=14156, stack(0x000000002a9b0000,0x000000002aab0000)]
  0x0000000021aa7000 JavaThread "jar transforms Thread 98" [_thread_blocked, id=3324, stack(0x000000002a8b0000,0x000000002a9b0000)]
  0x0000000021aab800 JavaThread "jar transforms Thread 97" [_thread_blocked, id=18640, stack(0x000000002a7b0000,0x000000002a8b0000)]
  0x0000000021aab000 JavaThread "jar transforms Thread 96" [_thread_blocked, id=2664, stack(0x000000002a6b0000,0x000000002a7b0000)]
  0x0000000021aac800 JavaThread "jar transforms Thread 95" [_thread_blocked, id=9728, stack(0x000000002a5b0000,0x000000002a6b0000)]
  0x000000001bb2b800 JavaThread "jar transforms Thread 94" [_thread_blocked, id=2976, stack(0x000000002a4b0000,0x000000002a5b0000)]
  0x000000001bb2b000 JavaThread "jar transforms Thread 93" [_thread_blocked, id=16320, stack(0x000000002a3b0000,0x000000002a4b0000)]
  0x000000001bb29800 JavaThread "jar transforms Thread 92" [_thread_blocked, id=8200, stack(0x000000002a2b0000,0x000000002a3b0000)]
  0x000000001bb2a000 JavaThread "jar transforms Thread 91" [_thread_blocked, id=18840, stack(0x000000002a1b0000,0x000000002a2b0000)]
  0x000000001bb22000 JavaThread "jar transforms Thread 90" [_thread_blocked, id=2660, stack(0x000000002a0b0000,0x000000002a1b0000)]
  0x000000001bb28800 JavaThread "jar transforms Thread 89" [_thread_blocked, id=17828, stack(0x0000000029fb0000,0x000000002a0b0000)]
  0x000000001bb21000 JavaThread "jar transforms Thread 88" [_thread_blocked, id=17556, stack(0x0000000029eb0000,0x0000000029fb0000)]
  0x000000001bb24000 JavaThread "jar transforms Thread 87" [_thread_blocked, id=1668, stack(0x0000000029db0000,0x0000000029eb0000)]
  0x000000001bb23800 JavaThread "jar transforms Thread 86" [_thread_blocked, id=13440, stack(0x0000000029cb0000,0x0000000029db0000)]
  0x000000001bb22800 JavaThread "jar transforms Thread 85" [_thread_blocked, id=1596, stack(0x0000000029bb0000,0x0000000029cb0000)]
  0x000000001bb28000 JavaThread "jar transforms Thread 84" [_thread_blocked, id=13572, stack(0x0000000029ab0000,0x0000000029bb0000)]
  0x000000001bb27000 JavaThread "jar transforms Thread 83" [_thread_blocked, id=13120, stack(0x00000000299b0000,0x0000000029ab0000)]
  0x000000001bb25000 JavaThread "jar transforms Thread 82" [_thread_blocked, id=3152, stack(0x00000000298b0000,0x00000000299b0000)]
  0x000000001bb25800 JavaThread "jar transforms Thread 81" [_thread_blocked, id=1884, stack(0x00000000297b0000,0x00000000298b0000)]
  0x000000001bb26800 JavaThread "jar transforms Thread 80" [_thread_blocked, id=9732, stack(0x00000000296b0000,0x00000000297b0000)]
  0x000000001bb1d000 JavaThread "jar transforms Thread 79" [_thread_blocked, id=12104, stack(0x00000000295b0000,0x00000000296b0000)]
  0x000000001bb20800 JavaThread "jar transforms Thread 78" [_thread_blocked, id=10652, stack(0x00000000294b0000,0x00000000295b0000)]
  0x000000001bb1f800 JavaThread "jar transforms Thread 77" [_thread_blocked, id=18060, stack(0x00000000293b0000,0x00000000294b0000)]
  0x000000001bb1e000 JavaThread "jar transforms Thread 76" [_thread_blocked, id=1956, stack(0x00000000292b0000,0x00000000293b0000)]
  0x000000001bb1c800 JavaThread "jar transforms Thread 75" [_thread_blocked, id=16828, stack(0x00000000291b0000,0x00000000292b0000)]
  0x000000001bb1e800 JavaThread "jar transforms Thread 74" [_thread_blocked, id=15896, stack(0x00000000290b0000,0x00000000291b0000)]
  0x000000001c931800 JavaThread "jar transforms Thread 73" [_thread_blocked, id=9044, stack(0x0000000028fb0000,0x00000000290b0000)]
  0x000000001c932000 JavaThread "jar transforms Thread 72" [_thread_blocked, id=18832, stack(0x0000000028eb0000,0x0000000028fb0000)]
  0x000000001c930800 JavaThread "jar transforms Thread 71" [_thread_blocked, id=16084, stack(0x0000000028db0000,0x0000000028eb0000)]
  0x000000001c933000 JavaThread "jar transforms Thread 70" [_thread_blocked, id=6928, stack(0x0000000028cb0000,0x0000000028db0000)]
  0x000000001c92d800 JavaThread "jar transforms Thread 69" [_thread_blocked, id=11760, stack(0x0000000028bb0000,0x0000000028cb0000)]
  0x000000001c930000 JavaThread "jar transforms Thread 68" [_thread_blocked, id=3200, stack(0x0000000028ab0000,0x0000000028bb0000)]
  0x000000001c92f000 JavaThread "jar transforms Thread 67" [_thread_blocked, id=18980, stack(0x00000000289b0000,0x0000000028ab0000)]
  0x000000001c933800 JavaThread "jar transforms Thread 66" [_thread_blocked, id=17272, stack(0x00000000288b0000,0x00000000289b0000)]
  0x000000001c934800 JavaThread "jar transforms Thread 65" [_thread_blocked, id=10648, stack(0x00000000287b0000,0x00000000288b0000)]
  0x000000001c927800 JavaThread "jar transforms Thread 64" [_thread_blocked, id=19252, stack(0x00000000286b0000,0x00000000287b0000)]
  0x000000001c92e000 JavaThread "jar transforms Thread 63" [_thread_blocked, id=7656, stack(0x00000000285b0000,0x00000000286b0000)]
  0x000000001c92c800 JavaThread "jar transforms Thread 62" [_thread_blocked, id=6540, stack(0x00000000284b0000,0x00000000285b0000)]
  0x000000001c926000 JavaThread "jar transforms Thread 61" [_thread_blocked, id=10332, stack(0x00000000283b0000,0x00000000284b0000)]
  0x000000001c925000 JavaThread "jar transforms Thread 60" [_thread_blocked, id=16800, stack(0x00000000282b0000,0x00000000283b0000)]
  0x000000001c92c000 JavaThread "jar transforms Thread 59" [_thread_blocked, id=10576, stack(0x00000000281b0000,0x00000000282b0000)]
  0x000000001c92a800 JavaThread "jar transforms Thread 58" [_thread_blocked, id=1828, stack(0x00000000280b0000,0x00000000281b0000)]
  0x000000001c92b000 JavaThread "jar transforms Thread 57" [_thread_blocked, id=19160, stack(0x0000000027fb0000,0x00000000280b0000)]
  0x000000001c929000 JavaThread "jar transforms Thread 56" [_thread_blocked, id=11120, stack(0x0000000027eb0000,0x0000000027fb0000)]
  0x000000001c926800 JavaThread "jar transforms Thread 55" [_thread_blocked, id=13624, stack(0x0000000027db0000,0x0000000027eb0000)]
  0x000000001c929800 JavaThread "jar transforms Thread 54" [_thread_blocked, id=13656, stack(0x0000000027cb0000,0x0000000027db0000)]
  0x000000001c928000 JavaThread "jar transforms Thread 53" [_thread_blocked, id=1000, stack(0x0000000027bb0000,0x0000000027cb0000)]
  0x000000001ee16800 JavaThread "jar transforms Thread 52" [_thread_blocked, id=16536, stack(0x0000000027ab0000,0x0000000027bb0000)]
  0x000000001ee16000 JavaThread "jar transforms Thread 51" [_thread_blocked, id=16844, stack(0x00000000279b0000,0x0000000027ab0000)]
  0x000000001ee15000 JavaThread "jar transforms Thread 50" [_thread_blocked, id=8420, stack(0x00000000278b0000,0x00000000279b0000)]
  0x000000001ee14800 JavaThread "jar transforms Thread 49" [_thread_blocked, id=16328, stack(0x00000000277b0000,0x00000000278b0000)]
  0x000000001ee13800 JavaThread "jar transforms Thread 48" [_thread_blocked, id=15196, stack(0x0000000024b20000,0x0000000024c20000)]
  0x000000001ee13000 JavaThread "jar transforms Thread 47" [_thread_blocked, id=11164, stack(0x0000000023f70000,0x0000000024070000)]
  0x000000001ee12000 JavaThread "jar transforms Thread 46" [_thread_blocked, id=1060, stack(0x0000000023e70000,0x0000000023f70000)]
  0x000000001ee0b800 JavaThread "jar transforms Thread 45" [_thread_blocked, id=3020, stack(0x00000000276b0000,0x00000000277b0000)]
  0x000000001ee0a800 JavaThread "jar transforms Thread 44" [_thread_blocked, id=9052, stack(0x00000000275b0000,0x00000000276b0000)]
  0x000000001ee11800 JavaThread "jar transforms Thread 43" [_thread_blocked, id=16644, stack(0x00000000274b0000,0x00000000275b0000)]
  0x000000001ee0a000 JavaThread "jar transforms Thread 42" [_thread_blocked, id=11024, stack(0x00000000273b0000,0x00000000274b0000)]
  0x000000001ee10800 JavaThread "jar transforms Thread 41" [_thread_blocked, id=18716, stack(0x00000000272b0000,0x00000000273b0000)]
  0x000000001ee09000 JavaThread "jar transforms Thread 40" [_thread_blocked, id=9468, stack(0x00000000271b0000,0x00000000272b0000)]
  0x000000001ee0c000 JavaThread "jar transforms Thread 39" [_thread_blocked, id=480, stack(0x00000000270b0000,0x00000000271b0000)]
  0x000000001ee10000 JavaThread "jar transforms Thread 38" [_thread_blocked, id=19108, stack(0x0000000026fb0000,0x00000000270b0000)]
  0x000000001ee08800 JavaThread "jar transforms Thread 37" [_thread_blocked, id=5064, stack(0x0000000026eb0000,0x0000000026fb0000)]
  0x000000001ee0d000 JavaThread "jar transforms Thread 36" [_thread_blocked, id=18740, stack(0x0000000026db0000,0x0000000026eb0000)]
  0x000000001ee0f000 JavaThread "jar transforms Thread 35" [_thread_blocked, id=17400, stack(0x0000000026cb0000,0x0000000026db0000)]
  0x000000001ee0e800 JavaThread "jar transforms Thread 34" [_thread_blocked, id=10376, stack(0x0000000026bb0000,0x0000000026cb0000)]
  0x000000001ee07800 JavaThread "jar transforms Thread 33" [_thread_blocked, id=7852, stack(0x0000000026ab0000,0x0000000026bb0000)]
  0x000000001ee0d800 JavaThread "jar transforms Thread 32" [_thread_blocked, id=13672, stack(0x00000000269b0000,0x0000000026ab0000)]
  0x00000000212eb800 JavaThread "jar transforms Thread 31" [_thread_blocked, id=12684, stack(0x00000000268b0000,0x00000000269b0000)]
  0x00000000212eb000 JavaThread "jar transforms Thread 30" [_thread_blocked, id=12160, stack(0x00000000267b0000,0x00000000268b0000)]
  0x00000000212e9800 JavaThread "jar transforms Thread 29" [_thread_blocked, id=14896, stack(0x00000000266b0000,0x00000000267b0000)]
  0x00000000212ee000 JavaThread "jar transforms Thread 28" [_thread_blocked, id=19048, stack(0x00000000265b0000,0x00000000266b0000)]
  0x00000000212ed000 JavaThread "jar transforms Thread 27" [_thread_blocked, id=9512, stack(0x00000000264b0000,0x00000000265b0000)]
  0x00000000212e8800 JavaThread "jar transforms Thread 26" [_thread_blocked, id=9552, stack(0x00000000263b0000,0x00000000264b0000)]
  0x00000000212ec800 JavaThread "jar transforms Thread 25" [_thread_blocked, id=3716, stack(0x00000000262b0000,0x00000000263b0000)]
  0x00000000212ea000 JavaThread "jar transforms Thread 24" [_thread_blocked, id=14788, stack(0x00000000261b0000,0x00000000262b0000)]
  0x00000000212e6800 JavaThread "jar transforms Thread 23" [_thread_blocked, id=7256, stack(0x00000000260b0000,0x00000000261b0000)]
  0x00000000212e8000 JavaThread "jar transforms Thread 22" [_thread_blocked, id=7000, stack(0x0000000025fb0000,0x00000000260b0000)]
  0x00000000212e7000 JavaThread "jar transforms Thread 21" [_thread_blocked, id=13984, stack(0x0000000025eb0000,0x0000000025fb0000)]
  0x00000000212e2000 JavaThread "jar transforms Thread 20" [_thread_blocked, id=14324, stack(0x0000000025db0000,0x0000000025eb0000)]
  0x00000000212e3800 JavaThread "jar transforms Thread 19" [_thread_blocked, id=14836, stack(0x0000000025cb0000,0x0000000025db0000)]
  0x00000000212df800 JavaThread "jar transforms Thread 18" [_thread_blocked, id=6784, stack(0x0000000025bb0000,0x0000000025cb0000)]
  0x00000000212e2800 JavaThread "jar transforms Thread 17" [_thread_blocked, id=10424, stack(0x0000000025ab0000,0x0000000025bb0000)]
  0x00000000212e5800 JavaThread "jar transforms Thread 16" [_thread_blocked, id=11960, stack(0x00000000259b0000,0x0000000025ab0000)]
  0x00000000212e1000 JavaThread "jar transforms Thread 15" [_thread_blocked, id=18844, stack(0x00000000258b0000,0x00000000259b0000)]
  0x00000000212e5000 JavaThread "jar transforms Thread 14" [_thread_blocked, id=14448, stack(0x00000000257b0000,0x00000000258b0000)]
  0x00000000212df000 JavaThread "jar transforms Thread 13" [_thread_blocked, id=16996, stack(0x00000000256b0000,0x00000000257b0000)]
  0x00000000212e0800 JavaThread "jar transforms Thread 12" [_thread_blocked, id=18848, stack(0x00000000255b0000,0x00000000256b0000)]
  0x00000000212e4000 JavaThread "jar transforms Thread 11" [_thread_blocked, id=8708, stack(0x00000000254b0000,0x00000000255b0000)]
  0x00000000215d0000 JavaThread "jar transforms Thread 10" [_thread_blocked, id=9568, stack(0x00000000253b0000,0x00000000254b0000)]
  0x00000000215cf800 JavaThread "jar transforms Thread 9" [_thread_blocked, id=17616, stack(0x00000000252b0000,0x00000000253b0000)]
  0x00000000215ce800 JavaThread "jar transforms Thread 8" [_thread_blocked, id=6552, stack(0x00000000251b0000,0x00000000252b0000)]
  0x00000000215cd000 JavaThread "jar transforms Thread 7" [_thread_blocked, id=7612, stack(0x00000000250b0000,0x00000000251b0000)]
  0x00000000215ce000 JavaThread "jar transforms Thread 6" [_thread_blocked, id=15016, stack(0x0000000024fb0000,0x00000000250b0000)]
  0x00000000215cc800 JavaThread "jar transforms Thread 5" [_thread_blocked, id=13060, stack(0x0000000024eb0000,0x0000000024fb0000)]
  0x00000000215c5000 JavaThread "jar transforms Thread 4" [_thread_blocked, id=16172, stack(0x0000000024db0000,0x0000000024eb0000)]
  0x00000000215c5800 JavaThread "jar transforms Thread 3" [_thread_blocked, id=11368, stack(0x0000000024cb0000,0x0000000024db0000)]
  0x00000000215c8000 JavaThread "jar transforms Thread 2" [_thread_blocked, id=3780, stack(0x00000000240a0000,0x00000000241a0000)]
  0x00000000215cb800 JavaThread "Build operations Thread 8" [_thread_blocked, id=16552, stack(0x0000000024920000,0x0000000024a20000)]
  0x00000000215cb000 JavaThread "Build operations Thread 7" [_thread_blocked, id=10588, stack(0x0000000024820000,0x0000000024920000)]
  0x00000000215c4000 JavaThread "Build operations Thread 6" [_thread_blocked, id=11904, stack(0x0000000024720000,0x0000000024820000)]
  0x00000000215c7000 JavaThread "Build operations Thread 5" [_thread_blocked, id=17008, stack(0x0000000024620000,0x0000000024720000)]
  0x00000000215c6800 JavaThread "Build operations Thread 4" [_thread_blocked, id=15288, stack(0x0000000024520000,0x0000000024620000)]
  0x00000000215c3800 JavaThread "Build operations Thread 3" [_thread_blocked, id=15028, stack(0x0000000024420000,0x0000000024520000)]
  0x00000000215ca000 JavaThread "Build operations Thread 2" [_thread_blocked, id=17000, stack(0x0000000024320000,0x0000000024420000)]
  0x00000000215c9800 JavaThread "Build operations" [_thread_blocked, id=17964, stack(0x0000000024220000,0x0000000024320000)]
  0x000000001c044800 JavaThread "Cache worker for file content cache (C:\Users\Lenovo\.gradle\caches\6.5\fileContent)" [_thread_blocked, id=14696, stack(0x00000000227a0000,0x00000000228a0000)]
  0x000000001c04b800 JavaThread "jar transforms" [_thread_blocked, id=2768, stack(0x00000000226a0000,0x00000000227a0000)]
  0x000000001c047000 JavaThread "Cache worker for execution history cache (C:\Users\Lenovo\.gradle\caches\6.5\executionHistory)" [_thread_blocked, id=12752, stack(0x0000000021fa0000,0x00000000220a0000)]
  0x000000001c047800 JavaThread "Cache worker for cache directory md-rule (C:\Users\Lenovo\.gradle\caches\6.5\md-rule)" [_thread_blocked, id=17504, stack(0x0000000021ea0000,0x0000000021fa0000)]
  0x000000001c04a000 JavaThread "Cache worker for cache directory md-supplier (C:\Users\Lenovo\.gradle\caches\6.5\md-supplier)" [_thread_blocked, id=17320, stack(0x0000000021da0000,0x0000000021ea0000)]
  0x000000001c045800 JavaThread "Cache worker for checksums cache (D:\semester-5\pemrograman-perangkat-bergerak\ets\.gradle\checksums)" [_thread_blocked, id=14252, stack(0x0000000020c00000,0x0000000020d00000)]
  0x000000001c049000 JavaThread "Cache worker for file hash cache (D:\semester-5\pemrograman-perangkat-bergerak\ets\.gradle\6.5\fileHashes)" [_thread_blocked, id=9548, stack(0x0000000020900000,0x0000000020a00000)]
  0x000000001c048800 JavaThread "Cache worker for file hash cache (C:\Users\Lenovo\.gradle\caches\6.5\fileHashes)" [_thread_blocked, id=7228, stack(0x000000001e3b0000,0x000000001e4b0000)]
  0x000000001c04a800 JavaThread "File lock request listener" [_thread_in_native, id=4180, stack(0x000000001e2b0000,0x000000001e3b0000)]
  0x000000001a63e000 JavaThread "Cache worker for journal cache (C:\Users\Lenovo\.gradle\caches\journal-1)" [_thread_blocked, id=2624, stack(0x000000001e1b0000,0x000000001e2b0000)]
  0x000000001a536800 JavaThread "Thread-9" [_thread_blocked, id=15276, stack(0x000000001deb0000,0x000000001dfb0000)]
  0x000000001a532000 JavaThread "Stdin handler" [_thread_blocked, id=16448, stack(0x000000001ddb0000,0x000000001deb0000)]
  0x000000001a4d0800 JavaThread "Asynchronous log dispatcher for DefaultDaemonConnection: socket connection from /127.0.0.1:58839 to /127.0.0.1:58840" [_thread_blocked, id=2584, stack(0x000000001dcb0000,0x000000001ddb0000)]
  0x000000001a646000 JavaThread "Daemon worker" [_thread_in_vm, id=19428, stack(0x000000001dbb0000,0x000000001dcb0000)]
  0x000000001a645800 JavaThread "Cancel handler" [_thread_blocked, id=7344, stack(0x000000001dab0000,0x000000001dbb0000)]
  0x00000000195f3800 JavaThread "Handler for socket connection from /127.0.0.1:58839 to /127.0.0.1:58840" [_thread_in_native, id=9640, stack(0x000000001d9b0000,0x000000001dab0000)]
  0x000000001a47f800 JavaThread "Daemon" [_thread_blocked, id=16216, stack(0x000000001d6b0000,0x000000001d7b0000)]
  0x000000001c028000 JavaThread "Daemon periodic checks" [_thread_blocked, id=3792, stack(0x000000001d5b0000,0x000000001d6b0000)]
  0x000000001bf82000 JavaThread "Incoming local TCP Connector on port 58839" [_thread_in_native, id=2184, stack(0x000000001d370000,0x000000001d470000)]
  0x000000001bf3a800 JavaThread "Daemon health stats" [_thread_blocked, id=12132, stack(0x000000001cd30000,0x000000001ce30000)]
  0x000000001954f000 JavaThread "Service Thread" daemon [_thread_blocked, id=15732, stack(0x000000001a190000,0x000000001a290000)]
  0x00000000194cb800 JavaThread "C1 CompilerThread3" daemon [_thread_blocked, id=5160, stack(0x000000001a090000,0x000000001a190000)]
  0x00000000194c7000 JavaThread "C2 CompilerThread2" daemon [_thread_in_native, id=4272, stack(0x0000000019f90000,0x000000001a090000)]
  0x00000000176db000 JavaThread "C2 CompilerThread1" daemon [_thread_in_native, id=1676, stack(0x0000000019e90000,0x0000000019f90000)]
=>0x00000000194c3000 JavaThread "C2 CompilerThread0" daemon [_thread_in_native, id=2408, stack(0x0000000019d90000,0x0000000019e90000)]
  0x00000000194c1800 JavaThread "Attach Listener" daemon [_thread_blocked, id=11472, stack(0x0000000019c90000,0x0000000019d90000)]
  0x00000000194c1000 JavaThread "Signal Dispatcher" daemon [_thread_blocked, id=12808, stack(0x0000000019b90000,0x0000000019c90000)]
  0x000000000265d800 JavaThread "Finalizer" daemon [_thread_blocked, id=6776, stack(0x0000000019990000,0x0000000019a90000)]
  0x0000000002657000 JavaThread "Reference Handler" daemon [_thread_blocked, id=1324, stack(0x0000000019890000,0x0000000019990000)]
  0x00000000006ce000 JavaThread "main" [_thread_blocked, id=13040, stack(0x0000000002380000,0x0000000002480000)]

Other Threads:
  0x00000000176c6000 VMThread [stack: 0x0000000019390000,0x0000000019490000] [id=18416]
  0x000000001954f800 WatcherThread [stack: 0x000000001a290000,0x000000001a390000] [id=17748]

VM state:not at safepoint (normal execution)

VM Mutex/Monitor currently owned by a thread: None

heap address: 0x0000000080000000, size: 2048 MB, Compressed Oops mode: 32-bit
Narrow klass base: 0x0000000000000000, Narrow klass shift: 3
Compressed class space size: 1073741824 Address: 0x0000000100000000

Heap:
 PSYoungGen      total 188928K, used 51480K [0x00000000d5580000, 0x00000000e2280000, 0x0000000100000000)
  eden space 171520K, 30% used [0x00000000d5580000,0x00000000d87c63e0,0x00000000dfd00000)
  from space 17408K, 0% used [0x00000000dfd00000,0x00000000dfd00000,0x00000000e0e00000)
  to   space 12288K, 0% used [0x00000000e0e00000,0x00000000e0e00000,0x00000000e1a00000)
 ParOldGen       total 115712K, used 33264K [0x0000000080000000, 0x0000000087100000, 0x00000000d5580000)
  object space 115712K, 28% used [0x0000000080000000,0x000000008207c368,0x0000000087100000)
 Metaspace       used 60124K, capacity 62416K, committed 62488K, reserved 1103872K
  class space    used 8201K, capacity 8707K, committed 8736K, reserved 1048576K

Card table byte_map: [0x0000000011a20000,0x0000000011e30000] byte_map_base: 0x0000000011620000

Marking Bits: (ParMarkBitMap*) 0x0000000066eff030
 Begin Bits: [0x00000000128e0000, 0x00000000148e0000)
 End Bits:   [0x00000000148e0000, 0x00000000168e0000)

Polling page: 0x0000000000b70000

CodeCache: size=245760Kb used=16928Kb max_used=16928Kb free=228831Kb
 bounds [0x0000000002660000, 0x0000000003700000, 0x0000000011660000]
 total_blobs=5766 nmethods=4988 adapters=690
 compilation: enabled

Compilation events (10 events):
Event: 6.705 Thread 0x00000000194cb800 nmethod 5531 0x00000000036bef90 code [0x00000000036bf120, 0x00000000036bf5c8]
Event: 6.713 Thread 0x00000000176db000 5533       4       java.net.URLClassLoader$1::run (5 bytes)
Event: 6.723 Thread 0x00000000194cb800 5534       3       java.util.logging.LogManager$LoggerContext::requiresDefaultLoggers (29 bytes)
Event: 6.724 Thread 0x00000000194cb800 nmethod 5534 0x00000000036be910 code [0x00000000036bea80, 0x00000000036beea8]
Event: 6.724 Thread 0x00000000194cb800 5535       3       java.util.logging.LogManager::access$100 (4 bytes)
Event: 6.724 Thread 0x00000000194cb800 nmethod 5535 0x00000000036c33d0 code [0x00000000036c3520, 0x00000000036c3650]
Event: 6.734 Thread 0x00000000194cb800 5536  s    3       java.util.Hashtable::containsKey (65 bytes)
Event: 6.735 Thread 0x00000000194cb800 nmethod 5536 0x00000000036bded0 code [0x00000000036be060, 0x00000000036be698]
Event: 6.738 Thread 0x00000000194cb800 5537       3       java.security.CodeSource::getCertificates (98 bytes)
Event: 6.740 Thread 0x00000000194cb800 nmethod 5537 0x00000000036bcc10 code [0x00000000036bce20, 0x00000000036bdb08]

GC Heap History (10 events):
Event: 3.522 GC heap before
{Heap before GC invocations=10 (full 2):
 PSYoungGen      total 158720K, used 8624K [0x00000000d5580000, 0x00000000e0a80000, 0x0000000100000000)
  eden space 145920K, 0% used [0x00000000d5580000,0x00000000d5580000,0x00000000de400000)
  from space 12800K, 67% used [0x00000000df080000,0x00000000df8ec2b0,0x00000000dfd00000)
  to   space 12800K, 0% used [0x00000000de400000,0x00000000de400000,0x00000000df080000)
 ParOldGen       total 71680K, used 7590K [0x0000000080000000, 0x0000000084600000, 0x00000000d5580000)
  object space 71680K, 10% used [0x0000000080000000,0x00000000807698e8,0x0000000084600000)
 Metaspace       used 34256K, capacity 35412K, committed 35496K, reserved 1079296K
  class space    used 4710K, capacity 5001K, committed 5040K, reserved 1048576K
Event: 3.613 GC heap after
Heap after GC invocations=10 (full 2):
 PSYoungGen      total 158720K, used 0K [0x00000000d5580000, 0x00000000e0a80000, 0x0000000100000000)
  eden space 145920K, 0% used [0x00000000d5580000,0x00000000d5580000,0x00000000de400000)
  from space 12800K, 0% used [0x00000000df080000,0x00000000df080000,0x00000000dfd00000)
  to   space 12800K, 0% used [0x00000000de400000,0x00000000de400000,0x00000000df080000)
 ParOldGen       total 115712K, used 14918K [0x0000000080000000, 0x0000000087100000, 0x00000000d5580000)
  object space 115712K, 12% used [0x0000000080000000,0x0000000080e91be0,0x0000000087100000)
 Metaspace       used 34256K, capacity 35412K, committed 35496K, reserved 1079296K
  class space    used 4710K, capacity 5001K, committed 5040K, reserved 1048576K
}
Event: 4.231 GC heap before
{Heap before GC invocations=11 (full 2):
 PSYoungGen      total 158720K, used 145920K [0x00000000d5580000, 0x00000000e0a80000, 0x0000000100000000)
  eden space 145920K, 100% used [0x00000000d5580000,0x00000000de400000,0x00000000de400000)
  from space 12800K, 0% used [0x00000000df080000,0x00000000df080000,0x00000000dfd00000)
  to   space 12800K, 0% used [0x00000000de400000,0x00000000de400000,0x00000000df080000)
 ParOldGen       total 115712K, used 14918K [0x0000000080000000, 0x0000000087100000, 0x00000000d5580000)
  object space 115712K, 12% used [0x0000000080000000,0x0000000080e91be0,0x0000000087100000)
 Metaspace       used 38083K, capacity 39698K, committed 39976K, reserved 1083392K
  class space    used 5243K, capacity 5587K, committed 5680K, reserved 1048576K
Event: 4.237 GC heap after
Heap after GC invocations=11 (full 2):
 PSYoungGen      total 158720K, used 8096K [0x00000000d5580000, 0x00000000e1a00000, 0x0000000100000000)
  eden space 145920K, 0% used [0x00000000d5580000,0x00000000d5580000,0x00000000de400000)
  from space 12800K, 63% used [0x00000000de400000,0x00000000debe80b8,0x00000000df080000)
  to   space 12288K, 0% used [0x00000000e0e00000,0x00000000e0e00000,0x00000000e1a00000)
 ParOldGen       total 115712K, used 14926K [0x0000000080000000, 0x0000000087100000, 0x00000000d5580000)
  object space 115712K, 12% used [0x0000000080000000,0x0000000080e93be0,0x0000000087100000)
 Metaspace       used 38083K, capacity 39698K, committed 39976K, reserved 1083392K
  class space    used 5243K, capacity 5587K, committed 5680K, reserved 1048576K
}
Event: 5.464 GC heap before
{Heap before GC invocations=12 (full 2):
 PSYoungGen      total 158720K, used 154016K [0x00000000d5580000, 0x00000000e1a00000, 0x0000000100000000)
  eden space 145920K, 100% used [0x00000000d5580000,0x00000000de400000,0x00000000de400000)
  from space 12800K, 63% used [0x00000000de400000,0x00000000debe80b8,0x00000000df080000)
  to   space 12288K, 0% used [0x00000000e0e00000,0x00000000e0e00000,0x00000000e1a00000)
 ParOldGen       total 115712K, used 14926K [0x0000000080000000, 0x0000000087100000, 0x00000000d5580000)
  object space 115712K, 12% used [0x0000000080000000,0x0000000080e93be0,0x0000000087100000)
 Metaspace       used 52499K, capacity 54460K, committed 54568K, reserved 1095680K
  class space    used 6989K, capacity 7424K, committed 7472K, reserved 1048576K
Event: 5.485 GC heap after
Heap after GC invocations=12 (full 2):
 PSYoungGen      total 183808K, used 12276K [0x00000000d5580000, 0x00000000e2280000, 0x0000000100000000)
  eden space 171520K, 0% used [0x00000000d5580000,0x00000000d5580000,0x00000000dfd00000)
  from space 12288K, 99% used [0x00000000e0e00000,0x00000000e19fd320,0x00000000e1a00000)
  to   space 17408K, 0% used [0x00000000dfd00000,0x00000000dfd00000,0x00000000e0e00000)
 ParOldGen       total 115712K, used 25368K [0x0000000080000000, 0x0000000087100000, 0x00000000d5580000)
  object space 115712K, 21% used [0x0000000080000000,0x00000000818c60d0,0x0000000087100000)
 Metaspace       used 52499K, capacity 54460K, committed 54568K, reserved 1095680K
  class space    used 6989K, capacity 7424K, committed 7472K, reserved 1048576K
}
Event: 6.088 GC heap before
{Heap before GC invocations=13 (full 2):
 PSYoungGen      total 183808K, used 82739K [0x00000000d5580000, 0x00000000e2280000, 0x0000000100000000)
  eden space 171520K, 41% used [0x00000000d5580000,0x00000000d9a4fb18,0x00000000dfd00000)
  from space 12288K, 99% used [0x00000000e0e00000,0x00000000e19fd320,0x00000000e1a00000)
  to   space 17408K, 0% used [0x00000000dfd00000,0x00000000dfd00000,0x00000000e0e00000)
 ParOldGen       total 115712K, used 25368K [0x0000000080000000, 0x0000000087100000, 0x00000000d5580000)
  object space 115712K, 21% used [0x0000000080000000,0x00000000818c60d0,0x0000000087100000)
 Metaspace       used 56802K, capacity 59058K, committed 59160K, reserved 1099776K
  class space    used 7700K, capacity 8158K, committed 8224K, reserved 1048576K
Event: 6.108 GC heap after
Heap after GC invocations=13 (full 2):
 PSYoungGen      total 188928K, used 17403K [0x00000000d5580000, 0x00000000e2280000, 0x0000000100000000)
  eden space 171520K, 0% used [0x00000000d5580000,0x00000000d5580000,0x00000000dfd00000)
  from space 17408K, 99% used [0x00000000dfd00000,0x00000000e0dfefc8,0x00000000e0e00000)
  to   space 12288K, 0% used [0x00000000e0e00000,0x00000000e0e00000,0x00000000e1a00000)
 ParOldGen       total 115712K, used 28031K [0x0000000080000000, 0x0000000087100000, 0x00000000d5580000)
  object space 115712K, 24% used [0x0000000080000000,0x0000000081b5fc00,0x0000000087100000)
 Metaspace       used 56802K, capacity 59058K, committed 59160K, reserved 1099776K
  class space    used 7700K, capacity 8158K, committed 8224K, reserved 1048576K
}
Event: 6.108 GC heap before
{Heap before GC invocations=14 (full 3):
 PSYoungGen      total 188928K, used 17403K [0x00000000d5580000, 0x00000000e2280000, 0x0000000100000000)
  eden space 171520K, 0% used [0x00000000d5580000,0x00000000d5580000,0x00000000dfd00000)
  from space 17408K, 99% used [0x00000000dfd00000,0x00000000e0dfefc8,0x00000000e0e00000)
  to   space 12288K, 0% used [0x00000000e0e00000,0x00000000e0e00000,0x00000000e1a00000)
 ParOldGen       total 115712K, used 28031K [0x0000000080000000, 0x0000000087100000, 0x00000000d5580000)
  object space 115712K, 24% used [0x0000000080000000,0x0000000081b5fc00,0x0000000087100000)
 Metaspace       used 56802K, capacity 59058K, committed 59160K, reserved 1099776K
  class space    used 7700K, capacity 8158K, committed 8224K, reserved 1048576K
Event: 6.294 GC heap after
Heap after GC invocations=14 (full 3):
 PSYoungGen      total 188928K, used 0K [0x00000000d5580000, 0x00000000e2280000, 0x0000000100000000)
  eden space 171520K, 0% used [0x00000000d5580000,0x00000000d5580000,0x00000000dfd00000)
  from space 17408K, 0% used [0x00000000dfd00000,0x00000000dfd00000,0x00000000e0e00000)
  to   space 12288K, 0% used [0x00000000e0e00000,0x00000000e0e00000,0x00000000e1a00000)
 ParOldGen       total 115712K, used 33264K [0x0000000080000000, 0x0000000087100000, 0x00000000d5580000)
  object space 115712K, 28% used [0x0000000080000000,0x000000008207c368,0x0000000087100000)
 Metaspace       used 56764K, capacity 58932K, committed 59160K, reserved 1099776K
  class space    used 7689K, capacity 8137K, committed 8224K, reserved 1048576K
}

Deoptimization events (10 events):
Event: 6.550 Thread 0x000000001a646000 Uncommon trap: reason=unstable_if action=reinterpret pc=0x000000000296fffc method=java.util.HashMap.resize()[Ljava/util/HashMap$Node; @ 206
Event: 6.550 Thread 0x000000001a646000 Uncommon trap: reason=unstable_if action=reinterpret pc=0x00000000033ec2dc method=java.util.HashMap.getNode(ILjava/lang/Object;)Ljava/util/HashMap$Node; @ 84
Event: 6.550 Thread 0x000000001a646000 Uncommon trap: reason=unstable_if action=reinterpret pc=0x000000000283c0f0 method=java.util.HashMap.getNode(ILjava/lang/Object;)Ljava/util/HashMap$Node; @ 84
Event: 6.567 Thread 0x000000001a646000 Uncommon trap: reason=unstable_if action=reinterpret pc=0x000000000310c980 method=java.io.WinNTFileSystem.normalize(Ljava/lang/String;)Ljava/lang/String; @ 74
Event: 6.567 Thread 0x000000001a646000 Uncommon trap: reason=unstable_if action=reinterpret pc=0x0000000002c34338 method=java.io.WinNTFileSystem.normalize(Ljava/lang/String;II)Ljava/lang/String; @ 103
Event: 6.655 Thread 0x000000001a646000 Uncommon trap: reason=unstable_if action=reinterpret pc=0x00000000028dd330 method=java.io.WinNTFileSystem.normalize(Ljava/lang/String;II)Ljava/lang/String; @ 90
Event: 6.700 Thread 0x000000001a646000 Uncommon trap: reason=bimorphic action=maybe_recompile pc=0x0000000002820494 method=java.util.regex.Pattern$5.isSatisfiedBy(I)Z @ 16
Event: 6.700 Thread 0x000000001a646000 Uncommon trap: reason=bimorphic action=maybe_recompile pc=0x0000000002820494 method=java.util.regex.Pattern$5.isSatisfiedBy(I)Z @ 16
Event: 6.700 Thread 0x000000001a646000 Uncommon trap: reason=bimorphic action=maybe_recompile pc=0x0000000002820494 method=java.util.regex.Pattern$5.isSatisfiedBy(I)Z @ 16
Event: 6.700 Thread 0x000000001a646000 Uncommon trap: reason=bimorphic action=maybe_recompile pc=0x0000000002820494 method=java.util.regex.Pattern$5.isSatisfiedBy(I)Z @ 16

Classes redefined (0 events):
No events

Internal exceptions (10 events):
Event: 6.482 Thread 0x000000001a646000 Exception <a 'java/lang/ClassNotFoundException': org/gradle/api/internal/file/CompositeFileTreeBeanInfo> (0x00000000d67f64c0) thrown at [C:\src\AOSP-openjdk-git\hotspot\src\share\vm\classfile\systemDictionary.cpp, line 210]
Event: 6.482 Thread 0x000000001a646000 Exception <a 'java/lang/ClassNotFoundException': org/gradle/api/internal/file/CompositeFileCollectionBeanInfo> (0x00000000d6812558) thrown at [C:\src\AOSP-openjdk-git\hotspot\src\share\vm\classfile\systemDictionary.cpp, line 210]
Event: 6.482 Thread 0x000000001a646000 Exception <a 'java/lang/ClassNotFoundException': org/gradle/api/internal/file/AbstractFileCollectionBeanInfo> (0x00000000d682e560) thrown at [C:\src\AOSP-openjdk-git\hotspot\src\share\vm\classfile\systemDictionary.cpp, line 210]
Event: 6.483 Thread 0x000000001a646000 Exception <a 'java/lang/ClassNotFoundException': org/gradle/api/internal/file/AbstractFileCollectionCustomizer> (0x00000000d684ab68) thrown at [C:\src\AOSP-openjdk-git\hotspot\src\share\vm\classfile\systemDictionary.cpp, line 210]
Event: 6.483 Thread 0x000000001a646000 Exception <a 'java/lang/ClassNotFoundException': org/gradle/api/internal/file/CompositeFileCollectionCustomizer> (0x00000000d6878788) thrown at [C:\src\AOSP-openjdk-git\hotspot\src\share\vm\classfile\systemDictionary.cpp, line 210]
Event: 6.483 Thread 0x000000001a646000 Exception <a 'java/lang/ClassNotFoundException': org/gradle/api/internal/file/CompositeFileTreeCustomizer> (0x00000000d689f870) thrown at [C:\src\AOSP-openjdk-git\hotspot\src\share\vm\classfile\systemDictionary.cpp, line 210]
Event: 6.484 Thread 0x000000001a646000 Exception <a 'java/lang/ClassNotFoundException': org/gradle/api/internal/file/collections/DefaultConfigurableFileTreeCustomizer> (0x00000000d68cd288) thrown at [C:\src\AOSP-openjdk-git\hotspot\src\share\vm\classfile\systemDictionary.cpp, line 210]
Event: 6.593 Thread 0x000000001a646000 Exception <a 'java/lang/NoSuchMethodError': java.lang.Object.lambda$static$0(Lorg/gradle/api/internal/tasks/TaskDependencyResolveContext;)V> (0x00000000d73ae408) thrown at [C:\src\AOSP-openjdk-git\hotspot\src\share\vm\interpreter\linkResolver.cpp, line 62
Event: 6.689 Thread 0x000000001a646000 Exception <a 'sun/nio/fs/WindowsException'> (0x00000000d7dcebf0) thrown at [C:\src\AOSP-openjdk-git\hotspot\src\share\vm\prims\jni.cpp, line 710]
Event: 6.724 Thread 0x000000001a646000 Exception <a 'java/lang/ClassNotFoundException': com/sun/org/glassfish/hk2/osgiresourcelocator/ServiceLoader> (0x00000000d81666d0) thrown at [C:\src\AOSP-openjdk-git\hotspot\src\share\vm\classfile\systemDictionary.cpp, line 210]

Events (10 events):
Event: 6.773 loading class com/sun/xml/bind/v2/model/impl/ClassInfoImpl
Event: 6.773 loading class com/sun/xml/bind/v2/model/impl/ClassInfoImpl done
Event: 6.775 loading class com/sun/xml/bind/v2/model/core/ClassInfo
Event: 6.775 loading class com/sun/xml/bind/v2/model/core/ClassInfo done
Event: 6.776 loading class com/sun/xml/bind/v2/model/impl/RuntimeClassInfoImpl
Event: 6.776 loading class com/sun/xml/bind/v2/model/impl/RuntimeClassInfoImpl done
Event: 6.776 loading class com/sun/xml/bind/v2/model/runtime/RuntimeClassInfo
Event: 6.776 loading class com/sun/xml/bind/v2/model/runtime/RuntimeClassInfo done
Event: 6.777 loading class com/sun/xml/bind/v2/model/impl/ArrayInfoImpl
Event: 6.777 loading class com/sun/xml/bind/v2/model/impl/ArrayInfoImpl done


Dynamic libraries:
0x00007ff66d160000 - 0x00007ff66d191000 	C:\Program Files\Android\Android Studio\jre\bin\java.exe
0x00007ffd3ba90000 - 0x00007ffd3bc85000 	C:\Windows\SYSTEM32\ntdll.dll
0x00007ffd3adb0000 - 0x00007ffd3ae6e000 	C:\Windows\System32\KERNEL32.DLL
0x00007ffd39580000 - 0x00007ffd39849000 	C:\Windows\System32\KERNELBASE.dll
0x00007ffd3a590000 - 0x00007ffd3a63c000 	C:\Windows\System32\ADVAPI32.dll
0x00007ffd3b5e0000 - 0x00007ffd3b67e000 	C:\Windows\System32\msvcrt.dll
0x00007ffd3b680000 - 0x00007ffd3b71b000 	C:\Windows\System32\sechost.dll
0x00007ffd3b4b0000 - 0x00007ffd3b5da000 	C:\Windows\System32\RPCRT4.dll
0x00007ffd3ae70000 - 0x00007ffd3b011000 	C:\Windows\System32\USER32.dll
0x00007ffd39a10000 - 0x00007ffd39a32000 	C:\Windows\System32\win32u.dll
0x00007ffd3a650000 - 0x00007ffd3a67b000 	C:\Windows\System32\GDI32.dll
0x00007ffd39900000 - 0x00007ffd39a0b000 	C:\Windows\System32\gdi32full.dll
0x00007ffd39a40000 - 0x00007ffd39add000 	C:\Windows\System32\msvcp_win.dll
0x00007ffd393d0000 - 0x00007ffd394d0000 	C:\Windows\System32\ucrtbase.dll
0x00007ffd1caa0000 - 0x00007ffd1cd3a000 	C:\Windows\WinSxS\amd64_microsoft.windows.common-controls_6595b64144ccf1df_6.0.19041.1110_none_60b5254171f9507e\COMCTL32.dll
0x00007ffd3abc0000 - 0x00007ffd3abf0000 	C:\Windows\System32\IMM32.DLL
0x0000000067520000 - 0x00000000675f2000 	C:\Program Files\Android\Android Studio\jre\jre\bin\msvcr100.dll
0x0000000066730000 - 0x0000000066f7b000 	C:\Program Files\Android\Android Studio\jre\jre\bin\server\jvm.dll
0x00007ffd39d80000 - 0x00007ffd39d88000 	C:\Windows\System32\PSAPI.DLL
0x00007ffd2f0f0000 - 0x00007ffd2f0fa000 	C:\Windows\SYSTEM32\VERSION.dll
0x00007ffd23a30000 - 0x00007ffd23a57000 	C:\Windows\SYSTEM32\WINMM.dll
0x00007ffd05860000 - 0x00007ffd05869000 	C:\Windows\SYSTEM32\WSOCK32.dll
0x00007ffd3b720000 - 0x00007ffd3b78b000 	C:\Windows\System32\WS2_32.dll
0x00007ffd304a0000 - 0x00007ffd304af000 	C:\Program Files\Android\Android Studio\jre\jre\bin\verify.dll
0x00007ffd2b8f0000 - 0x00007ffd2b919000 	C:\Program Files\Android\Android Studio\jre\jre\bin\java.dll
0x00007ffd2b850000 - 0x00007ffd2b866000 	C:\Program Files\Android\Android Studio\jre\jre\bin\zip.dll
0x00007ffd39d90000 - 0x00007ffd3a4cf000 	C:\Windows\System32\SHELL32.dll
0x00007ffd371a0000 - 0x00007ffd37930000 	C:\Windows\SYSTEM32\windows.storage.dll
0x00007ffd3b020000 - 0x00007ffd3b375000 	C:\Windows\System32\combase.dll
0x00007ffd38c00000 - 0x00007ffd38c2c000 	C:\Windows\SYSTEM32\Wldp.dll
0x00007ffd39bb0000 - 0x00007ffd39c5d000 	C:\Windows\System32\SHCORE.dll
0x00007ffd3a680000 - 0x00007ffd3a6d5000 	C:\Windows\System32\shlwapi.dll
0x00007ffd390f0000 - 0x00007ffd3910f000 	C:\Windows\SYSTEM32\profapi.dll
0x00007ffd2b830000 - 0x00007ffd2b84a000 	C:\Program Files\Android\Android Studio\jre\jre\bin\net.dll
0x00007ffd38960000 - 0x00007ffd389ca000 	C:\Windows\system32\mswsock.dll
0x00007ffd20000000 - 0x00007ffd20013000 	C:\Program Files\Android\Android Studio\jre\jre\bin\nio.dll
0x00007ffd0c770000 - 0x00007ffd0c797000 	C:\Users\Lenovo\.gradle\native\f6784746aeab05261644944871eae4fe03e0ef1612fff0a4a95f87b438bc6780\windows-amd64\native-platform.dll
0x00007ffd300e0000 - 0x00007ffd300ed000 	C:\Program Files\Android\Android Studio\jre\jre\bin\management.dll
0x00007ffd38b50000 - 0x00007ffd38b68000 	C:\Windows\SYSTEM32\CRYPTSP.dll
0x00007ffd38270000 - 0x00007ffd382a4000 	C:\Windows\system32\rsaenh.dll
0x00007ffd39240000 - 0x00007ffd39267000 	C:\Windows\System32\bcrypt.dll
0x00007ffd390b0000 - 0x00007ffd390de000 	C:\Windows\SYSTEM32\USERENV.dll
0x00007ffd391b0000 - 0x00007ffd39233000 	C:\Windows\System32\bcryptprimitives.dll
0x00007ffd38b70000 - 0x00007ffd38b7c000 	C:\Windows\SYSTEM32\CRYPTBASE.dll
0x00007ffd38600000 - 0x00007ffd3863b000 	C:\Windows\SYSTEM32\IPHLPAPI.DLL
0x00007ffd3a4d0000 - 0x00007ffd3a4d8000 	C:\Windows\System32\NSI.dll
0x00007ffd2ec20000 - 0x00007ffd2ec37000 	C:\Windows\SYSTEM32\dhcpcsvc6.DLL
0x00007ffd2eb80000 - 0x00007ffd2eb9d000 	C:\Windows\SYSTEM32\dhcpcsvc.DLL
0x00007ffd38640000 - 0x00007ffd3870c000 	C:\Windows\SYSTEM32\DNSAPI.dll
0x00007ffd2ec40000 - 0x00007ffd2ec4b000 	C:\Windows\SYSTEM32\WINNSI.DLL

VM Arguments:
jvm_args: -Xmx2048m -Dfile.encoding=UTF-8 -Duser.country=ID -Duser.language=en -Duser.variant 
java_command: org.gradle.launcher.daemon.bootstrap.GradleDaemon 6.5
java_class_path (initial): C:\Users\Lenovo\.gradle\wrapper\dists\gradle-6.5-bin\6nifqtx7604sqp1q6g8wikw7p\gradle-6.5\lib\gradle-launcher-6.5.jar
Launcher Type: SUN_STANDARD

Environment Variables:
PATH=C:\Program Files\ImageMagick-7.0.11-Q16-HDRI;C:\Program Files (x86)\VMware\VMware Player\bin\;C:\Windows\system32;C:\Windows;C:\Windows\System32\Wbem;C:\Windows\System32\WindowsPowerShell\v1.0\;C:\Windows\System32\OpenSSH\;C:\Program Files (x86)\NVIDIA Corporation\PhysX\Common;C:\Program Files\NVIDIA Corporation\NVIDIA NvDLISR;C:\src\flutter\bin;C:\Program Files\Git\cmd;C:\xampp\php;C:\ProgramData\ComposerSetup\bin;C:\Program Files\nodejs\;C:\Program Files\MongoDB\Server\4.4\bin;C:\MinGW\bin;C:\Program Files\dotnet\;C:\xampp\apache\bin;C:\Program Files\ImageMagick-7.0.11-Q16-HDRI;;C:\Program Files\Docker\Docker\resources\bin;C:\ProgramData\DockerDesktop\version-bin;C:\Users\Lenovo\AppData\Local\Programs\Python\Python39\Scripts\;C:\Users\Lenovo\AppData\Local\Programs\Python\Python39\;C:\Users\Lenovo\AppData\Local\Microsoft\WindowsApps;;C:\Users\Lenovo\AppData\Local\Programs\Microsoft VS Code\bin;C:\Users\Lenovo\AppData\Roaming\Composer\vendor\bin;C:\Program Files\heroku\bin;C:\Users\Lenovo\AppData\Roaming\npm
USERNAME=Lenovo
OS=Windows_NT
PROCESSOR_IDENTIFIER=Intel64 Family 6 Model 142 Stepping 11, GenuineIntel



---------------  S Y S T E M  ---------------

OS: Windows 10.0 , 64 bit Build 19041 (10.0.19041.1202)

CPU:total 8 (initial active 8) (4 cores per cpu, 2 threads per core) family 6 model 142 stepping 11, cmov, cx8, fxsr, mmx, sse, sse2, sse3, ssse3, sse4.1, sse4.2, popcnt, avx, avx2, aes, clmul, erms, 3dnowpref, lzcnt, ht, tsc, tscinvbit, bmi1, bmi2, adx

Memory: 4k page, physical 12392180k(2052108k free), swap 12392180k(5248k free)

vm_info: OpenJDK 64-Bit Server VM (25.242-b01) for windows-amd64 JRE (1.8.0_242-release-1644-b01), built by "builder" with MS VC++ 10.0 (VS2010)

time: Mon Nov 08 16:10:44 2021
timezone: SE Asia Standard Time
elapsed time: 6 seconds (0d 0h 0m 6s)

