#
# There is insufficient memory for the Java Runtime Environment to continue.
# Native memory allocation (malloc) failed to allocate 978976 bytes for Chunk::new
# Possible reasons:
#   The system is out of physical RAM or swap space
#   The process is running with CompressedOops enabled, and the Java Heap may be blocking the growth of the native heap
# Possible solutions:
#   Reduce memory load on the system
#   Increase physical memory or swap space
#   Check if swap backing store is full
#   Decrease Java heap size (-Xmx/-Xms)
#   Decrease number of Java threads
#   Decrease Java thread stack sizes (-Xss)
#   Set larger code cache with -XX:ReservedCodeCacheSize=
#   JVM is running with Unscaled Compressed Oops mode in which the Java heap is
#     placed in the first 4GB address space. The Java Heap base address is the
#     maximum limit for the native heap growth. Please use -XX:HeapBaseMinAddress
#     to set the Java Heap base and to place the Java Heap above 4GB virtual address.
# This output file may be truncated or incomplete.
#
#  Out of Memory Error (allocation.cpp:389), pid=11452, tid=0x0000000000000e30
#
# JRE version: OpenJDK Runtime Environment (8.0_242-b01) (build 1.8.0_242-release-1644-b01)
# Java VM: OpenJDK 64-Bit Server VM (25.242-b01 mixed mode windows-amd64 compressed oops)
# Failed to write core dump. Minidumps are not enabled by default on client versions of Windows
#

---------------  T H R E A D  ---------------

Current thread (0x000000001749b000):  JavaThread "C2 CompilerThread1" daemon [_thread_in_native, id=3632, stack(0x0000000019c70000,0x0000000019d70000)]

Stack: [0x0000000019c70000,0x0000000019d70000]
[error occurred during error reporting (printing stack bounds), id 0xc0000005]

Native frames: (J=compiled Java code, j=interpreted, Vv=VM code, C=native code)


Current CompileTask:
C2:   3844 2576       4       groovy.lang.MetaClassImpl$1MOPIter::methodNameAction (325 bytes)


---------------  P R O C E S S  ---------------

Java Threads: ( => current thread )
  0x000000001bf11000 JavaThread "Cache worker for file content cache (C:\Users\Lenovo\.gradle\caches\6.5\fileContent)" [_thread_blocked, id=9532, stack(0x0000000021d90000,0x0000000021e90000)]
  0x000000001bf13800 JavaThread "jar transforms" [_thread_blocked, id=11156, stack(0x0000000020730000,0x0000000020830000)]
  0x000000001bf12800 JavaThread "Cache worker for execution history cache (C:\Users\Lenovo\.gradle\caches\6.5\executionHistory)" [_thread_blocked, id=14136, stack(0x0000000020630000,0x0000000020730000)]
  0x000000001bf14000 JavaThread "Cache worker for cache directory md-rule (C:\Users\Lenovo\.gradle\caches\6.5\md-rule)" [_thread_blocked, id=5752, stack(0x0000000020530000,0x0000000020630000)]
  0x000000001bf0e000 JavaThread "Cache worker for cache directory md-supplier (C:\Users\Lenovo\.gradle\caches\6.5\md-supplier)" [_thread_blocked, id=10316, stack(0x0000000020430000,0x0000000020530000)]
  0x000000001bf10800 JavaThread "Cache worker for checksums cache (D:\semester-5\pemrograman-perangkat-bergerak\ets\.gradle\checksums)" [_thread_blocked, id=18732, stack(0x0000000021c90000,0x0000000021d90000)]
  0x000000001bf0f800 JavaThread "Cache worker for file hash cache (D:\semester-5\pemrograman-perangkat-bergerak\ets\.gradle\6.5\fileHashes)" [_thread_blocked, id=14920, stack(0x0000000021ea0000,0x0000000021fa0000)]
  0x000000001bf12000 JavaThread "Cache worker for file hash cache (C:\Users\Lenovo\.gradle\caches\6.5\fileHashes)" [_thread_blocked, id=11628, stack(0x000000001e190000,0x000000001e290000)]
  0x000000001bf0d800 JavaThread "File lock request listener" [_thread_in_native, id=16724, stack(0x000000001e090000,0x000000001e190000)]
  0x000000001bf0c000 JavaThread "Cache worker for journal cache (C:\Users\Lenovo\.gradle\caches\journal-1)" [_thread_blocked, id=11824, stack(0x000000001df90000,0x000000001e090000)]
  0x000000001a3d0000 JavaThread "Thread-9" [_thread_blocked, id=13220, stack(0x000000001dc90000,0x000000001dd90000)]
  0x000000001a3cd000 JavaThread "Stdin handler" [_thread_blocked, id=5832, stack(0x000000001db90000,0x000000001dc90000)]
  0x000000001a38e000 JavaThread "Asynchronous log dispatcher for DefaultDaemonConnection: socket connection from /127.0.0.1:64169 to /127.0.0.1:64170" [_thread_blocked, id=13160, stack(0x000000001da90000,0x000000001db90000)]
  0x000000001a38d000 JavaThread "Daemon worker" [_thread_in_Java, id=4700, stack(0x000000001d990000,0x000000001da90000)]
  0x000000001a285800 JavaThread "Cancel handler" [_thread_blocked, id=14720, stack(0x000000001d890000,0x000000001d990000)]
  0x000000001a236800 JavaThread "Handler for socket connection from /127.0.0.1:64169 to /127.0.0.1:64170" [_thread_in_native, id=3608, stack(0x000000001d790000,0x000000001d890000)]
  0x000000001a231000 JavaThread "Daemon" [_thread_blocked, id=10124, stack(0x000000001d690000,0x000000001d790000)]
  0x000000001bd30800 JavaThread "Daemon periodic checks" [_thread_blocked, id=5392, stack(0x000000001d390000,0x000000001d490000)]
  0x000000001bd2d800 JavaThread "Incoming local TCP Connector on port 64169" [_thread_in_native, id=18948, stack(0x000000001d150000,0x000000001d250000)]
  0x000000001bce6800 JavaThread "Daemon health stats" [_thread_blocked, id=10976, stack(0x000000001cb10000,0x000000001cc10000)]
  0x0000000019326800 JavaThread "Service Thread" daemon [_thread_blocked, id=7572, stack(0x0000000019f70000,0x000000001a070000)]
  0x000000001749e800 JavaThread "C1 CompilerThread3" daemon [_thread_blocked, id=19164, stack(0x0000000019e70000,0x0000000019f70000)]
  0x000000001749d000 JavaThread "C2 CompilerThread2" daemon [_thread_blocked, id=9768, stack(0x0000000019d70000,0x0000000019e70000)]
=>0x000000001749b000 JavaThread "C2 CompilerThread1" daemon [_thread_in_native, id=3632, stack(0x0000000019c70000,0x0000000019d70000)]
  0x00000000192a3000 JavaThread "C2 CompilerThread0" daemon [_thread_blocked, id=5244, stack(0x0000000019b70000,0x0000000019c70000)]
  0x00000000192a2000 JavaThread "Attach Listener" daemon [_thread_blocked, id=12996, stack(0x0000000019a70000,0x0000000019b70000)]
  0x00000000192a1000 JavaThread "Signal Dispatcher" daemon [_thread_blocked, id=14572, stack(0x0000000019970000,0x0000000019a70000)]
  0x000000000241e000 JavaThread "Finalizer" daemon [_thread_blocked, id=7464, stack(0x0000000019770000,0x0000000019870000)]
  0x0000000002417000 JavaThread "Reference Handler" daemon [_thread_blocked, id=17844, stack(0x0000000019670000,0x0000000019770000)]
  0x00000000022ce000 JavaThread "main" [_thread_blocked, id=8884, stack(0x0000000002160000,0x0000000002260000)]

Other Threads:
  0x0000000017486000 VMThread [stack: 0x0000000019170000,0x0000000019270000] [id=13636]
  0x000000001932f800 WatcherThread [stack: 0x000000001a070000,0x000000001a170000] [id=10836]

VM state:not at safepoint (normal execution)

VM Mutex/Monitor currently owned by a thread: None

heap address: 0x0000000080000000, size: 2048 MB, Compressed Oops mode: 32-bit
Narrow klass base: 0x0000000000000000, Narrow klass shift: 3
Compressed class space size: 1073741824 Address: 0x0000000100000000

Heap:
 PSYoungGen      total 105984K, used 28994K [0x00000000d5580000, 0x00000000e0f80000, 0x0000000100000000)
  eden space 93184K, 31% used [0x00000000d5580000,0x00000000d71d08e8,0x00000000db080000)
  from space 12800K, 0% used [0x00000000db080000,0x00000000db080000,0x00000000dbd00000)
  to   space 13312K, 0% used [0x00000000e0280000,0x00000000e0280000,0x00000000e0f80000)
 ParOldGen       total 69120K, used 16921K [0x0000000080000000, 0x0000000084380000, 0x00000000d5580000)
  object space 69120K, 24% used [0x0000000080000000,0x00000000810866c8,0x0000000084380000)
 Metaspace       used 35577K, capacity 36792K, committed 37032K, reserved 1081344K
  class space    used 4875K, capacity 5169K, committed 5296K, reserved 1048576K

Card table byte_map: [0x00000000117e0000,0x0000000011bf0000] byte_map_base: 0x00000000113e0000

Marking Bits: (ParMarkBitMap*) 0x0000000066eff030
 Begin Bits: [0x00000000126a0000, 0x00000000146a0000)
 End Bits:   [0x00000000146a0000, 0x00000000166a0000)

Polling page: 0x0000000000960000

CodeCache: size=245760Kb used=11292Kb max_used=11292Kb free=234467Kb
 bounds [0x0000000002420000, 0x0000000002f30000, 0x0000000011420000]
 total_blobs=3789 nmethods=3089 adapters=612
 compilation: enabled

Compilation events (10 events):
Event: 3.542 Thread 0x000000001749e800 2707       3       sun.reflect.annotation.AnnotationParser$1::run (5 bytes)
Event: 3.542 Thread 0x000000001749e800 nmethod 2707 0x0000000002e55a90 code [0x0000000002e55c00, 0x0000000002e55e08]
Event: 3.542 Thread 0x000000001749e800 2708       3       sun.reflect.annotation.AnnotationParser$1::run (40 bytes)
Event: 3.542 Thread 0x000000001749d000 2710       4       org.objectweb.asm.ByteVector::put12 (64 bytes)
Event: 3.543 Thread 0x000000001749e800 nmethod 2708 0x0000000002e55e90 code [0x0000000002e560c0, 0x0000000002e56ed8]
Event: 3.543 Thread 0x000000001749e800 2709       3       org.gradle.internal.instantiation.generator.AbstractClassGenerator$MethodMetadata::getName (8 bytes)
Event: 3.543 Thread 0x000000001749e800 nmethod 2709 0x0000000002e57490 code [0x0000000002e575e0, 0x0000000002e577d0]
Event: 3.543 Thread 0x000000001749e800 2711       3       org.objectweb.asm.Type::getSize (86 bytes)
Event: 3.543 Thread 0x000000001749e800 nmethod 2711 0x0000000002e57890 code [0x0000000002e57a00, 0x0000000002e57c88]
Event: 3.544 Thread 0x000000001749d000 nmethod 2710 0x0000000002e5ab10 code [0x0000000002e5ac60, 0x0000000002e5ae08]

GC Heap History (10 events):
Event: 2.121 GC heap before
{Heap before GC invocations=3 (full 0):
 PSYoungGen      total 56832K, used 55469K [0x00000000d5580000, 0x00000000d9480000, 0x0000000100000000)
  eden space 49152K, 100% used [0x00000000d5580000,0x00000000d8580000,0x00000000d8580000)
  from space 7680K, 82% used [0x00000000d8d00000,0x00000000d932b7e0,0x00000000d9480000)
  to   space 7680K, 0% used [0x00000000d8580000,0x00000000d8580000,0x00000000d8d00000)
 ParOldGen       total 130048K, used 24K [0x0000000080000000, 0x0000000087f00000, 0x00000000d5580000)
  object space 130048K, 0% used [0x0000000080000000,0x0000000080006000,0x0000000087f00000)
 Metaspace       used 16531K, capacity 17180K, committed 17280K, reserved 1064960K
  class space    used 2208K, capacity 2400K, committed 2432K, reserved 1048576K
Event: 2.128 GC heap after
Heap after GC invocations=3 (full 0):
 PSYoungGen      total 56832K, used 7669K [0x00000000d5580000, 0x00000000dc480000, 0x0000000100000000)
  eden space 49152K, 0% used [0x00000000d5580000,0x00000000d5580000,0x00000000d8580000)
  from space 7680K, 99% used [0x00000000d8580000,0x00000000d8cfd6c0,0x00000000d8d00000)
  to   space 7680K, 0% used [0x00000000dbd00000,0x00000000dbd00000,0x00000000dc480000)
 ParOldGen       total 130048K, used 1473K [0x0000000080000000, 0x0000000087f00000, 0x00000000d5580000)
  object space 130048K, 1% used [0x0000000080000000,0x0000000080170430,0x0000000087f00000)
 Metaspace       used 16531K, capacity 17180K, committed 17280K, reserved 1064960K
  class space    used 2208K, capacity 2400K, committed 2432K, reserved 1048576K
}
Event: 2.481 GC heap before
{Heap before GC invocations=4 (full 0):
 PSYoungGen      total 56832K, used 56821K [0x00000000d5580000, 0x00000000dc480000, 0x0000000100000000)
  eden space 49152K, 100% used [0x00000000d5580000,0x00000000d8580000,0x00000000d8580000)
  from space 7680K, 99% used [0x00000000d8580000,0x00000000d8cfd6c0,0x00000000d8d00000)
  to   space 7680K, 0% used [0x00000000dbd00000,0x00000000dbd00000,0x00000000dc480000)
 ParOldGen       total 130048K, used 1473K [0x0000000080000000, 0x0000000087f00000, 0x00000000d5580000)
  object space 130048K, 1% used [0x0000000080000000,0x0000000080170430,0x0000000087f00000)
 Metaspace       used 20225K, capacity 20904K, committed 20992K, reserved 1067008K
  class space    used 2820K, capacity 3012K, committed 3072K, reserved 1048576K
Event: 2.489 GC heap after
Heap after GC invocations=4 (full 0):
 PSYoungGen      total 105984K, used 7676K [0x00000000d5580000, 0x00000000dc480000, 0x0000000100000000)
  eden space 98304K, 0% used [0x00000000d5580000,0x00000000d5580000,0x00000000db580000)
  from space 7680K, 99% used [0x00000000dbd00000,0x00000000dc47f260,0x00000000dc480000)
  to   space 7680K, 0% used [0x00000000db580000,0x00000000db580000,0x00000000dbd00000)
 ParOldGen       total 130048K, used 4126K [0x0000000080000000, 0x0000000087f00000, 0x00000000d5580000)
  object space 130048K, 3% used [0x0000000080000000,0x0000000080407960,0x0000000087f00000)
 Metaspace       used 20225K, capacity 20904K, committed 20992K, reserved 1067008K
  class space    used 2820K, capacity 3012K, committed 3072K, reserved 1048576K
}
Event: 2.521 GC heap before
{Heap before GC invocations=5 (full 0):
 PSYoungGen      total 105984K, used 16657K [0x00000000d5580000, 0x00000000dc480000, 0x0000000100000000)
  eden space 98304K, 9% used [0x00000000d5580000,0x00000000d5e45520,0x00000000db580000)
  from space 7680K, 99% used [0x00000000dbd00000,0x00000000dc47f260,0x00000000dc480000)
  to   space 7680K, 0% used [0x00000000db580000,0x00000000db580000,0x00000000dbd00000)
 ParOldGen       total 130048K, used 4126K [0x0000000080000000, 0x0000000087f00000, 0x00000000d5580000)
  object space 130048K, 3% used [0x0000000080000000,0x0000000080407960,0x0000000087f00000)
 Metaspace       used 20571K, capacity 21224K, committed 21296K, reserved 1067008K
  class space    used 2873K, capacity 3076K, committed 3120K, reserved 1048576K
Event: 2.526 GC heap after
Heap after GC invocations=5 (full 0):
 PSYoungGen      total 105984K, used 7213K [0x00000000d5580000, 0x00000000dc480000, 0x0000000100000000)
  eden space 98304K, 0% used [0x00000000d5580000,0x00000000d5580000,0x00000000db580000)
  from space 7680K, 93% used [0x00000000db580000,0x00000000dbc8b4a0,0x00000000dbd00000)
  to   space 7680K, 0% used [0x00000000dbd00000,0x00000000dbd00000,0x00000000dc480000)
 ParOldGen       total 130048K, used 4134K [0x0000000080000000, 0x0000000087f00000, 0x00000000d5580000)
  object space 130048K, 3% used [0x0000000080000000,0x0000000080409960,0x0000000087f00000)
 Metaspace       used 20571K, capacity 21224K, committed 21296K, reserved 1067008K
  class space    used 2873K, capacity 3076K, committed 3120K, reserved 1048576K
}
Event: 2.526 GC heap before
{Heap before GC invocations=6 (full 1):
 PSYoungGen      total 105984K, used 7213K [0x00000000d5580000, 0x00000000dc480000, 0x0000000100000000)
  eden space 98304K, 0% used [0x00000000d5580000,0x00000000d5580000,0x00000000db580000)
  from space 7680K, 93% used [0x00000000db580000,0x00000000dbc8b4a0,0x00000000dbd00000)
  to   space 7680K, 0% used [0x00000000dbd00000,0x00000000dbd00000,0x00000000dc480000)
 ParOldGen       total 130048K, used 4134K [0x0000000080000000, 0x0000000087f00000, 0x00000000d5580000)
  object space 130048K, 3% used [0x0000000080000000,0x0000000080409960,0x0000000087f00000)
 Metaspace       used 20571K, capacity 21224K, committed 21296K, reserved 1067008K
  class space    used 2873K, capacity 3076K, committed 3120K, reserved 1048576K
Event: 2.552 GC heap after
Heap after GC invocations=6 (full 1):
 PSYoungGen      total 105984K, used 0K [0x00000000d5580000, 0x00000000dc480000, 0x0000000100000000)
  eden space 98304K, 0% used [0x00000000d5580000,0x00000000d5580000,0x00000000db580000)
  from space 7680K, 0% used [0x00000000db580000,0x00000000db580000,0x00000000dbd00000)
  to   space 7680K, 0% used [0x00000000dbd00000,0x00000000dbd00000,0x00000000dc480000)
 ParOldGen       total 69120K, used 7501K [0x0000000080000000, 0x0000000084380000, 0x00000000d5580000)
  object space 69120K, 10% used [0x0000000080000000,0x00000000807537c0,0x0000000084380000)
 Metaspace       used 20571K, capacity 21224K, committed 21296K, reserved 1067008K
  class space    used 2873K, capacity 3076K, committed 3120K, reserved 1048576K
}
Event: 3.240 GC heap before
{Heap before GC invocations=7 (full 1):
 PSYoungGen      total 105984K, used 98304K [0x00000000d5580000, 0x00000000dc480000, 0x0000000100000000)
  eden space 98304K, 100% used [0x00000000d5580000,0x00000000db580000,0x00000000db580000)
  from space 7680K, 0% used [0x00000000db580000,0x00000000db580000,0x00000000dbd00000)
  to   space 7680K, 0% used [0x00000000dbd00000,0x00000000dbd00000,0x00000000dc480000)
 ParOldGen       total 69120K, used 7501K [0x0000000080000000, 0x0000000084380000, 0x00000000d5580000)
  object space 69120K, 10% used [0x0000000080000000,0x00000000807537c0,0x0000000084380000)
 Metaspace       used 31133K, capacity 32078K, committed 32432K, reserved 1077248K
  class space    used 4213K, capacity 4434K, committed 4528K, reserved 1048576K
Event: 3.248 GC heap after
Heap after GC invocations=7 (full 1):
 PSYoungGen      total 100864K, used 7669K [0x00000000d5580000, 0x00000000e1a00000, 0x0000000100000000)
  eden space 93184K, 0% used [0x00000000d5580000,0x00000000d5580000,0x00000000db080000)
  from space 7680K, 99% used [0x00000000dbd00000,0x00000000dc47d780,0x00000000dc480000)
  to   space 12800K, 0% used [0x00000000db080000,0x00000000db080000,0x00000000dbd00000)
 ParOldGen       total 69120K, used 11074K [0x0000000080000000, 0x0000000084380000, 0x00000000d5580000)
  object space 69120K, 16% used [0x0000000080000000,0x0000000080ad0948,0x0000000084380000)
 Metaspace       used 31133K, capacity 32078K, committed 32432K, reserved 1077248K
  class space    used 4213K, capacity 4434K, committed 4528K, reserved 1048576K
}

Deoptimization events (10 events):
Event: 2.808 Thread 0x000000001a38d000 Uncommon trap: reason=unstable_if action=reinterpret pc=0x000000000298b690 method=java.util.HashMap.putVal(ILjava/lang/Object;Ljava/lang/Object;ZZ)Ljava/lang/Object; @ 162
Event: 3.046 Thread 0x000000001a38d000 Uncommon trap: reason=unstable_if action=reinterpret pc=0x0000000002a1d30c method=java.net.URLClassLoader.defineClass(Ljava/lang/String;Lsun/misc/Resource;)Ljava/lang/Class; @ 21
Event: 3.046 Thread 0x000000001a38d000 Uncommon trap: reason=unstable_if action=reinterpret pc=0x0000000002924874 method=java.lang.ClassLoader.getClassLoadingLock(Ljava/lang/String;)Ljava/lang/Object; @ 6
Event: 3.232 Thread 0x000000001a38d000 Uncommon trap: reason=unstable_if action=reinterpret pc=0x00000000029f72bc method=java.util.HashMap.getNode(ILjava/lang/Object;)Ljava/util/HashMap$Node; @ 53
Event: 3.249 Thread 0x0000000002417000 Uncommon trap: reason=unstable_if action=reinterpret pc=0x0000000002972fbc method=java.lang.ref.Reference.tryHandlePending(Z)Z @ 104
Event: 3.293 Thread 0x000000001a38d000 Uncommon trap: reason=unstable_if action=reinterpret pc=0x0000000002d36004 method=org.gradle.internal.reflect.PropertyAccessorType.isGetGetterName(Ljava/lang/String;)Z @ 14
Event: 3.309 Thread 0x000000001a38d000 Uncommon trap: reason=unstable_if action=reinterpret pc=0x0000000002b17140 method=org.objectweb.asm.ByteVector.putShort(I)Lorg/objectweb/asm/ByteVector; @ 13
Event: 3.359 Thread 0x000000001a38d000 Uncommon trap: reason=unstable_if action=reinterpret pc=0x0000000002a7f42c method=java.net.URLClassLoader.defineClass(Ljava/lang/String;Lsun/misc/Resource;)Ljava/lang/Class; @ 21
Event: 3.401 Thread 0x000000001a38d000 Uncommon trap: reason=unstable_if action=reinterpret pc=0x0000000002dd6044 method=org.codehaus.groovy.runtime.metaclass.MetaMethodIndex.addMethodToList(Ljava/lang/Object;Lgroovy/lang/MetaMethod;)Ljava/lang/Object; @ 226
Event: 3.466 Thread 0x000000001a38d000 Uncommon trap: reason=range_check action=make_not_entrant pc=0x0000000002dc6f78 method=java.lang.String.charAt(I)C @ 27

Classes redefined (0 events):
No events

Internal exceptions (10 events):
Event: 3.433 Thread 0x000000001a38d000 Exception <a 'java/lang/ClassNotFoundException': org/gradle/api/internal/DefaultNamedDomainObjectCollectionCustomizer> (0x00000000d745b4f8) thrown at [C:\src\AOSP-openjdk-git\hotspot\src\share\vm\classfile\systemDictionary.cpp, line 210]
Event: 3.435 Thread 0x000000001a38d000 Exception <a 'java/lang/ClassNotFoundException': org/gradle/api/internal/DefaultNamedDomainObjectListCustomizer> (0x00000000d74cfee8) thrown at [C:\src\AOSP-openjdk-git\hotspot\src\share\vm\classfile\systemDictionary.cpp, line 210]
Event: 3.437 Thread 0x000000001a38d000 Exception <a 'java/lang/ClassNotFoundException': org/gradle/api/internal/artifacts/DefaultArtifactRepositoryContainerCustomizer> (0x00000000d7544ce8) thrown at [C:\src\AOSP-openjdk-git\hotspot\src\share\vm\classfile\systemDictionary.cpp, line 210]
Event: 3.438 Thread 0x000000001a38d000 Exception <a 'java/lang/ClassNotFoundException': org/gradle/api/internal/artifacts/dsl/DefaultRepositoryHandlerCustomizer> (0x00000000d75aa270) thrown at [C:\src\AOSP-openjdk-git\hotspot\src\share\vm\classfile\systemDictionary.cpp, line 210]
Event: 3.440 Thread 0x000000001a38d000 Exception <a 'java/lang/ClassNotFoundException': org/gradle/api/internal/artifacts/dsl/DefaultRepositoryHandler_DecoratedCustomizer> (0x00000000d762d9c8) thrown at [C:\src\AOSP-openjdk-git\hotspot\src\share\vm\classfile\systemDictionary.cpp, line 210]
Event: 3.534 Thread 0x000000001a38d000 Exception <a 'java/lang/ClassNotFoundException': org/gradle/api/internal/artifacts/dsl/dependencies/DefaultDependencyHandler_DecoratedBeanInfo> (0x00000000d847bbb8) thrown at [C:\src\AOSP-openjdk-git\hotspot\src\share\vm\classfile\systemDictionary.cpp, li
Event: 3.535 Thread 0x000000001a38d000 Exception <a 'java/lang/ClassNotFoundException': org/gradle/api/internal/artifacts/dsl/dependencies/DefaultDependencyHandlerBeanInfo> (0x00000000d84d4530) thrown at [C:\src\AOSP-openjdk-git\hotspot\src\share\vm\classfile\systemDictionary.cpp, line 210]
Event: 3.535 Thread 0x000000001a38d000 Exception <a 'java/lang/ClassNotFoundException': org/gradle/api/internal/artifacts/dsl/dependencies/DefaultDependencyHandlerCustomizer> (0x00000000d852dec0) thrown at [C:\src\AOSP-openjdk-git\hotspot\src\share\vm\classfile\systemDictionary.cpp, line 210]
Event: 3.536 Thread 0x000000001a38d000 Exception <a 'java/lang/ClassNotFoundException': org/gradle/api/internal/artifacts/dsl/dependencies/DefaultDependencyHandler_DecoratedCustomizer> (0x00000000d85b8ea0) thrown at [C:\src\AOSP-openjdk-git\hotspot\src\share\vm\classfile\systemDictionary.cpp, 
Event: 3.548 Thread 0x000000001a38d000 Exception <a 'java/lang/ClassNotFoundException': groovy/lang/GString$1BeanInfo> (0x00000000d87a78d8) thrown at [C:\src\AOSP-openjdk-git\hotspot\src\share\vm\classfile\systemDictionary.cpp, line 210]

Events (10 events):
Event: 3.548 loading class groovy/lang/GString$1BeanInfo
Event: 3.548 loading class groovy/lang/GString$1BeanInfo done
Event: 3.548 loading class groovy/lang/GString$1BeanInfo
Event: 3.548 loading class groovy/lang/GString$1BeanInfo done
Event: 3.548 loading class groovy/lang/GString$1BeanInfo
Event: 3.548 loading class groovy/lang/GString$1BeanInfo done
Event: 3.548 loading class groovy/lang/GString$1BeanInfo
Event: 3.548 loading class groovy/lang/GString$1BeanInfo done
Event: 3.548 loading class groovy/lang/GStringBeanInfo
Event: 3.548 loading class groovy/lang/GStringBeanInfo done


Dynamic libraries:
0x00007ff66d160000 - 0x00007ff66d191000 	C:\Program Files\Android\Android Studio\jre\bin\java.exe
0x00007ffd3ba90000 - 0x00007ffd3bc85000 	C:\Windows\SYSTEM32\ntdll.dll
0x00007ffd3adb0000 - 0x00007ffd3ae6e000 	C:\Windows\System32\KERNEL32.DLL
0x00007ffd39580000 - 0x00007ffd39849000 	C:\Windows\System32\KERNELBASE.dll
0x00007ffd3a590000 - 0x00007ffd3a63c000 	C:\Windows\System32\ADVAPI32.dll
0x00007ffd3b5e0000 - 0x00007ffd3b67e000 	C:\Windows\System32\msvcrt.dll
0x00007ffd3b680000 - 0x00007ffd3b71b000 	C:\Windows\System32\sechost.dll
0x00007ffd3b4b0000 - 0x00007ffd3b5da000 	C:\Windows\System32\RPCRT4.dll
0x00007ffd3ae70000 - 0x00007ffd3b011000 	C:\Windows\System32\USER32.dll
0x00007ffd39a10000 - 0x00007ffd39a32000 	C:\Windows\System32\win32u.dll
0x00007ffd3a650000 - 0x00007ffd3a67b000 	C:\Windows\System32\GDI32.dll
0x00007ffd39900000 - 0x00007ffd39a0b000 	C:\Windows\System32\gdi32full.dll
0x00007ffd39a40000 - 0x00007ffd39add000 	C:\Windows\System32\msvcp_win.dll
0x00007ffd393d0000 - 0x00007ffd394d0000 	C:\Windows\System32\ucrtbase.dll
0x00007ffd1caa0000 - 0x00007ffd1cd3a000 	C:\Windows\WinSxS\amd64_microsoft.windows.common-controls_6595b64144ccf1df_6.0.19041.1110_none_60b5254171f9507e\COMCTL32.dll
0x00007ffd3abc0000 - 0x00007ffd3abf0000 	C:\Windows\System32\IMM32.DLL
0x0000000067520000 - 0x00000000675f2000 	C:\Program Files\Android\Android Studio\jre\jre\bin\msvcr100.dll
0x0000000066730000 - 0x0000000066f7b000 	C:\Program Files\Android\Android Studio\jre\jre\bin\server\jvm.dll
0x00007ffd39d80000 - 0x00007ffd39d88000 	C:\Windows\System32\PSAPI.DLL
0x00007ffd2f0f0000 - 0x00007ffd2f0fa000 	C:\Windows\SYSTEM32\VERSION.dll
0x00007ffd23a30000 - 0x00007ffd23a57000 	C:\Windows\SYSTEM32\WINMM.dll
0x00007ffd05860000 - 0x00007ffd05869000 	C:\Windows\SYSTEM32\WSOCK32.dll
0x00007ffd3b720000 - 0x00007ffd3b78b000 	C:\Windows\System32\WS2_32.dll
0x00007ffd304a0000 - 0x00007ffd304af000 	C:\Program Files\Android\Android Studio\jre\jre\bin\verify.dll
0x00007ffd2b8f0000 - 0x00007ffd2b919000 	C:\Program Files\Android\Android Studio\jre\jre\bin\java.dll
0x00007ffd2b850000 - 0x00007ffd2b866000 	C:\Program Files\Android\Android Studio\jre\jre\bin\zip.dll
0x00007ffd39d90000 - 0x00007ffd3a4cf000 	C:\Windows\System32\SHELL32.dll
0x00007ffd371a0000 - 0x00007ffd37930000 	C:\Windows\SYSTEM32\windows.storage.dll
0x00007ffd3b020000 - 0x00007ffd3b375000 	C:\Windows\System32\combase.dll
0x00007ffd38c00000 - 0x00007ffd38c2c000 	C:\Windows\SYSTEM32\Wldp.dll
0x00007ffd39bb0000 - 0x00007ffd39c5d000 	C:\Windows\System32\SHCORE.dll
0x00007ffd3a680000 - 0x00007ffd3a6d5000 	C:\Windows\System32\shlwapi.dll
0x00007ffd390f0000 - 0x00007ffd3910f000 	C:\Windows\SYSTEM32\profapi.dll
0x00007ffd2b830000 - 0x00007ffd2b84a000 	C:\Program Files\Android\Android Studio\jre\jre\bin\net.dll
0x00007ffd38960000 - 0x00007ffd389ca000 	C:\Windows\system32\mswsock.dll
0x00007ffd20000000 - 0x00007ffd20013000 	C:\Program Files\Android\Android Studio\jre\jre\bin\nio.dll
0x00007ffd0c770000 - 0x00007ffd0c797000 	C:\Users\Lenovo\.gradle\native\f6784746aeab05261644944871eae4fe03e0ef1612fff0a4a95f87b438bc6780\windows-amd64\native-platform.dll
0x00007ffd300e0000 - 0x00007ffd300ed000 	C:\Program Files\Android\Android Studio\jre\jre\bin\management.dll
0x00007ffd38b50000 - 0x00007ffd38b68000 	C:\Windows\SYSTEM32\CRYPTSP.dll
0x00007ffd38270000 - 0x00007ffd382a4000 	C:\Windows\system32\rsaenh.dll
0x00007ffd39240000 - 0x00007ffd39267000 	C:\Windows\System32\bcrypt.dll
0x00007ffd390b0000 - 0x00007ffd390de000 	C:\Windows\SYSTEM32\USERENV.dll
0x00007ffd391b0000 - 0x00007ffd39233000 	C:\Windows\System32\bcryptprimitives.dll
0x00007ffd38b70000 - 0x00007ffd38b7c000 	C:\Windows\SYSTEM32\CRYPTBASE.dll
0x00007ffd38600000 - 0x00007ffd3863b000 	C:\Windows\SYSTEM32\IPHLPAPI.DLL
0x00007ffd3a4d0000 - 0x00007ffd3a4d8000 	C:\Windows\System32\NSI.dll
0x00007ffd2ec20000 - 0x00007ffd2ec37000 	C:\Windows\SYSTEM32\dhcpcsvc6.DLL
0x00007ffd2eb80000 - 0x00007ffd2eb9d000 	C:\Windows\SYSTEM32\dhcpcsvc.DLL
0x00007ffd38640000 - 0x00007ffd3870c000 	C:\Windows\SYSTEM32\DNSAPI.dll
0x00007ffd2ec40000 - 0x00007ffd2ec4b000 	C:\Windows\SYSTEM32\WINNSI.DLL

VM Arguments:
jvm_args: -Xmx2048m -Dfile.encoding=UTF-8 -Duser.country=ID -Duser.language=en -Duser.variant 
java_command: org.gradle.launcher.daemon.bootstrap.GradleDaemon 6.5
java_class_path (initial): C:\Users\Lenovo\.gradle\wrapper\dists\gradle-6.5-bin\6nifqtx7604sqp1q6g8wikw7p\gradle-6.5\lib\gradle-launcher-6.5.jar
Launcher Type: SUN_STANDARD

Environment Variables:
PATH=C:\Program Files\ImageMagick-7.0.11-Q16-HDRI;C:\Program Files (x86)\VMware\VMware Player\bin\;C:\Windows\system32;C:\Windows;C:\Windows\System32\Wbem;C:\Windows\System32\WindowsPowerShell\v1.0\;C:\Windows\System32\OpenSSH\;C:\Program Files (x86)\NVIDIA Corporation\PhysX\Common;C:\Program Files\NVIDIA Corporation\NVIDIA NvDLISR;C:\src\flutter\bin;C:\Program Files\Git\cmd;C:\xampp\php;C:\ProgramData\ComposerSetup\bin;C:\Program Files\nodejs\;C:\Program Files\MongoDB\Server\4.4\bin;C:\MinGW\bin;C:\Program Files\dotnet\;C:\xampp\apache\bin;C:\Program Files\ImageMagick-7.0.11-Q16-HDRI;;C:\Program Files\Docker\Docker\resources\bin;C:\ProgramData\DockerDesktop\version-bin;C:\Users\Lenovo\AppData\Local\Programs\Python\Python39\Scripts\;C:\Users\Lenovo\AppData\Local\Programs\Python\Python39\;C:\Users\Lenovo\AppData\Local\Microsoft\WindowsApps;;C:\Users\Lenovo\AppData\Local\Programs\Microsoft VS Code\bin;C:\Users\Lenovo\AppData\Roaming\Composer\vendor\bin;C:\Program Files\heroku\bin;C:\Users\Lenovo\AppData\Roaming\npm
USERNAME=Lenovo
OS=Windows_NT
PROCESSOR_IDENTIFIER=Intel64 Family 6 Model 142 Stepping 11, GenuineIntel



---------------  S Y S T E M  ---------------

OS: Windows 10.0 , 64 bit Build 19041 (10.0.19041.1202)

CPU:total 8 (initial active 8) (4 cores per cpu, 2 threads per core) family 6 model 142 stepping 11, cmov, cx8, fxsr, mmx, sse, sse2, sse3, ssse3, sse4.1, sse4.2, popcnt, avx, avx2, aes, clmul, erms, 3dnowpref, lzcnt, ht, tsc, tscinvbit, bmi1, bmi2, adx

Memory: 4k page, physical 12392180k(2071204k free), swap 12392180k(12444k free)

vm_info: OpenJDK 64-Bit Server VM (25.242-b01) for windows-amd64 JRE (1.8.0_242-release-1644-b01), built by "builder" with MS VC++ 10.0 (VS2010)

time: Mon Nov 08 16:17:56 2021
timezone: SE Asia Standard Time
elapsed time: 3 seconds (0d 0h 0m 3s)

