#
# There is insufficient memory for the Java Runtime Environment to continue.
# Native memory allocation (malloc) failed to allocate 1082096 bytes for Chunk::new
# Possible reasons:
#   The system is out of physical RAM or swap space
#   The process is running with CompressedOops enabled, and the Java Heap may be blocking the growth of the native heap
# Possible solutions:
#   Reduce memory load on the system
#   Increase physical memory or swap space
#   Check if swap backing store is full
#   Decrease Java heap size (-Xmx/-Xms)
#   Decrease number of Java threads
#   Decrease Java thread stack sizes (-Xss)
#   Set larger code cache with -XX:ReservedCodeCacheSize=
#   JVM is running with Unscaled Compressed Oops mode in which the Java heap is
#     placed in the first 4GB address space. The Java Heap base address is the
#     maximum limit for the native heap growth. Please use -XX:HeapBaseMinAddress
#     to set the Java Heap base and to place the Java Heap above 4GB virtual address.
# This output file may be truncated or incomplete.
#
#  Out of Memory Error (allocation.cpp:389), pid=18896, tid=0x0000000000003590
#
# JRE version: OpenJDK Runtime Environment (8.0_242-b01) (build 1.8.0_242-release-1644-b01)
# Java VM: OpenJDK 64-Bit Server VM (25.242-b01 mixed mode windows-amd64 compressed oops)
# Failed to write core dump. Minidumps are not enabled by default on client versions of Windows
#

---------------  T H R E A D  ---------------

Current thread (0x0000000019723000):  JavaThread "C2 CompilerThread0" daemon [_thread_in_native, id=13712, stack(0x0000000019ff0000,0x000000001a0f0000)]

Stack: [0x0000000019ff0000,0x000000001a0f0000]
[error occurred during error reporting (printing stack bounds), id 0xc0000005]

Native frames: (J=compiled Java code, j=interpreted, Vv=VM code, C=native code)


Current CompileTask:
C2:   4614 4098   !   4       java.util.jar.Attributes::read (380 bytes)


---------------  P R O C E S S  ---------------

Java Threads: ( => current thread )
  0x000000001cbea800 JavaThread "Cache worker for Build Output Cleanup Cache (D:\semester-5\pemrograman-perangkat-bergerak\ets\.gradle\buildOutputCleanup)" [_thread_blocked, id=13060, stack(0x0000000024fe0000,0x00000000250e0000)]
  0x000000001cbea000 JavaThread "jar transforms Thread 114" [_thread_blocked, id=17516, stack(0x000000002bec0000,0x000000002bfc0000)]
  0x000000001cbe5800 JavaThread "jar transforms Thread 113" [_thread_blocked, id=3632, stack(0x000000002bdc0000,0x000000002bec0000)]
  0x000000001cbec000 JavaThread "jar transforms Thread 112" [_thread_blocked, id=18620, stack(0x000000002bbc0000,0x000000002bcc0000)]
  0x000000001cbe4800 JavaThread "jar transforms Thread 111" [_thread_blocked, id=15132, stack(0x000000002bac0000,0x000000002bbc0000)]
  0x000000001cbe8800 JavaThread "jar transforms Thread 110" [_thread_blocked, id=392, stack(0x000000002b9c0000,0x000000002bac0000)]
  0x000000001cbeb800 JavaThread "jar transforms Thread 109" [_thread_blocked, id=9532, stack(0x000000002b8c0000,0x000000002b9c0000)]
  0x000000001cbe6000 JavaThread "jar transforms Thread 108" [_thread_blocked, id=11156, stack(0x000000002b7c0000,0x000000002b8c0000)]
  0x000000001cbe7800 JavaThread "jar transforms Thread 107" [_thread_blocked, id=13220, stack(0x000000002b6c0000,0x000000002b7c0000)]
  0x000000001cbe7000 JavaThread "jar transforms Thread 106" [_thread_blocked, id=14136, stack(0x000000002b5c0000,0x000000002b6c0000)]
  0x000000001cbe9000 JavaThread "jar transforms Thread 105" [_thread_blocked, id=5752, stack(0x000000002b4c0000,0x000000002b5c0000)]
  0x000000001cbdd000 JavaThread "jar transforms Thread 104" [_thread_blocked, id=10316, stack(0x000000002b3c0000,0x000000002b4c0000)]
  0x000000001cbe4000 JavaThread "jar transforms Thread 103" [_thread_blocked, id=18732, stack(0x000000002b2c0000,0x000000002b3c0000)]
  0x000000001cbe0000 JavaThread "jar transforms Thread 102" [_thread_blocked, id=13160, stack(0x000000002b1c0000,0x000000002b2c0000)]
  0x000000001cbe2800 JavaThread "jar transforms Thread 101" [_thread_blocked, id=14920, stack(0x000000002b0c0000,0x000000002b1c0000)]
  0x000000001cbde800 JavaThread "jar transforms Thread 100" [_thread_blocked, id=11628, stack(0x000000002afc0000,0x000000002b0c0000)]
  0x000000001cbe1800 JavaThread "jar transforms Thread 99" [_thread_blocked, id=16724, stack(0x000000002aec0000,0x000000002afc0000)]
  0x000000001cbe3000 JavaThread "jar transforms Thread 98" [_thread_blocked, id=11824, stack(0x0000000024ee0000,0x0000000024fe0000)]
  0x000000001cbe0800 JavaThread "jar transforms Thread 97" [_thread_blocked, id=5832, stack(0x000000002ac30000,0x000000002ad30000)]
  0x000000001cbdf000 JavaThread "jar transforms Thread 96" [_thread_blocked, id=4700, stack(0x000000002ab30000,0x000000002ac30000)]
  0x000000001cbdd800 JavaThread "jar transforms Thread 95" [_thread_blocked, id=14720, stack(0x000000002aa30000,0x000000002ab30000)]
  0x000000001fc08800 JavaThread "jar transforms Thread 94" [_thread_blocked, id=3608, stack(0x000000002a930000,0x000000002aa30000)]
  0x000000001fc07000 JavaThread "jar transforms Thread 93" [_thread_blocked, id=10124, stack(0x000000002a830000,0x000000002a930000)]
  0x000000001fc05800 JavaThread "jar transforms Thread 92" [_thread_blocked, id=18948, stack(0x000000002a730000,0x000000002a830000)]
  0x000000001fc0b800 JavaThread "jar transforms Thread 91" [_thread_blocked, id=5392, stack(0x000000002a630000,0x000000002a730000)]
  0x000000001fc0a000 JavaThread "jar transforms Thread 90" [_thread_blocked, id=8884, stack(0x000000002a530000,0x000000002a630000)]
  0x000000001fc06000 JavaThread "jar transforms Thread 89" [_thread_blocked, id=1828, stack(0x000000002a430000,0x000000002a530000)]
  0x000000001fc0a800 JavaThread "jar transforms Thread 88" [_thread_blocked, id=10284, stack(0x000000002a330000,0x000000002a430000)]
  0x000000001fc07800 JavaThread "jar transforms Thread 87" [_thread_blocked, id=10976, stack(0x000000002a230000,0x000000002a330000)]
  0x000000001fc04800 JavaThread "jar transforms Thread 86" [_thread_blocked, id=10836, stack(0x000000002a130000,0x000000002a230000)]
  0x000000001fc09000 JavaThread "jar transforms Thread 85" [_thread_blocked, id=19164, stack(0x000000002a030000,0x000000002a130000)]
  0x000000001fc04000 JavaThread "jar transforms Thread 84" [_thread_blocked, id=9768, stack(0x0000000029f30000,0x000000002a030000)]
  0x000000001fbfc800 JavaThread "jar transforms Thread 83" [_thread_blocked, id=5244, stack(0x0000000029e30000,0x0000000029f30000)]
  0x000000001fc03000 JavaThread "jar transforms Thread 82" [_thread_blocked, id=12996, stack(0x0000000029d30000,0x0000000029e30000)]
  0x000000001fbfe800 JavaThread "jar transforms Thread 81" [_thread_blocked, id=14572, stack(0x0000000029c30000,0x0000000029d30000)]
  0x000000001fbfe000 JavaThread "jar transforms Thread 80" [_thread_blocked, id=7572, stack(0x0000000029b30000,0x0000000029c30000)]
  0x000000001fc02800 JavaThread "jar transforms Thread 79" [_thread_blocked, id=7464, stack(0x0000000029a30000,0x0000000029b30000)]
  0x000000001fc01800 JavaThread "jar transforms Thread 78" [_thread_blocked, id=17844, stack(0x0000000029930000,0x0000000029a30000)]
  0x000000001fc00000 JavaThread "jar transforms Thread 77" [_thread_blocked, id=13636, stack(0x0000000029830000,0x0000000029930000)]
  0x000000001fc01000 JavaThread "jar transforms Thread 76" [_thread_blocked, id=7260, stack(0x0000000029730000,0x0000000029830000)]
  0x000000001fbff800 JavaThread "jar transforms Thread 75" [_thread_blocked, id=17372, stack(0x0000000029630000,0x0000000029730000)]
  0x000000001fbfd000 JavaThread "jar transforms Thread 74" [_thread_blocked, id=2160, stack(0x0000000029530000,0x0000000029630000)]
  0x000000001cb79000 JavaThread "jar transforms Thread 73" [_thread_blocked, id=2872, stack(0x0000000029430000,0x0000000029530000)]
  0x000000001cb78800 JavaThread "jar transforms Thread 72" [_thread_blocked, id=18548, stack(0x0000000029330000,0x0000000029430000)]
  0x000000001cb77800 JavaThread "jar transforms Thread 71" [_thread_blocked, id=13376, stack(0x0000000029230000,0x0000000029330000)]
  0x000000001cb7a000 JavaThread "jar transforms Thread 70" [_thread_blocked, id=16668, stack(0x0000000029130000,0x0000000029230000)]
  0x000000001cb7d800 JavaThread "jar transforms Thread 69" [_thread_blocked, id=3424, stack(0x0000000029030000,0x0000000029130000)]
  0x000000001cb7e800 JavaThread "jar transforms Thread 68" [_thread_blocked, id=4784, stack(0x0000000028f30000,0x0000000029030000)]
  0x000000001cb77000 JavaThread "jar transforms Thread 67" [_thread_blocked, id=13196, stack(0x0000000028e30000,0x0000000028f30000)]
  0x000000001cb7a800 JavaThread "jar transforms Thread 66" [_thread_blocked, id=18088, stack(0x0000000028d30000,0x0000000028e30000)]
  0x000000001cb7d000 JavaThread "jar transforms Thread 65" [_thread_blocked, id=14912, stack(0x0000000028c30000,0x0000000028d30000)]
  0x000000001cb7c000 JavaThread "jar transforms Thread 64" [_thread_blocked, id=14052, stack(0x0000000028b30000,0x0000000028c30000)]
  0x000000001cb7b800 JavaThread "jar transforms Thread 63" [_thread_blocked, id=14928, stack(0x0000000028a30000,0x0000000028b30000)]
  0x000000001cb6f800 JavaThread "jar transforms Thread 62" [_thread_blocked, id=5164, stack(0x0000000028930000,0x0000000028a30000)]
  0x000000001cb76000 JavaThread "jar transforms Thread 61" [_thread_blocked, id=13612, stack(0x0000000028830000,0x0000000028930000)]
  0x000000001cb75800 JavaThread "jar transforms Thread 60" [_thread_blocked, id=5332, stack(0x0000000028730000,0x0000000028830000)]
  0x000000001cb74800 JavaThread "jar transforms Thread 59" [_thread_blocked, id=11304, stack(0x0000000028630000,0x0000000028730000)]
  0x000000001cb74000 JavaThread "jar transforms Thread 58" [_thread_blocked, id=17544, stack(0x0000000028530000,0x0000000028630000)]
  0x000000001cb71000 JavaThread "jar transforms Thread 57" [_thread_blocked, id=10708, stack(0x0000000028430000,0x0000000028530000)]
  0x000000001cb70000 JavaThread "jar transforms Thread 56" [_thread_blocked, id=4296, stack(0x0000000028330000,0x0000000028430000)]
  0x000000001cb72800 JavaThread "jar transforms Thread 55" [_thread_blocked, id=18252, stack(0x0000000028230000,0x0000000028330000)]
  0x000000001cb73000 JavaThread "jar transforms Thread 54" [_thread_blocked, id=7980, stack(0x0000000028130000,0x0000000028230000)]
  0x000000001cb71800 JavaThread "jar transforms Thread 53" [_thread_blocked, id=16996, stack(0x0000000028030000,0x0000000028130000)]
  0x000000001cb6d800 JavaThread "jar transforms Thread 52" [_thread_blocked, id=12752, stack(0x0000000027f30000,0x0000000028030000)]
  0x000000001cb6b800 JavaThread "jar transforms Thread 51" [_thread_blocked, id=15104, stack(0x0000000027e30000,0x0000000027f30000)]
  0x000000001cb6a800 JavaThread "jar transforms Thread 50" [_thread_blocked, id=14212, stack(0x0000000027d30000,0x0000000027e30000)]
  0x000000001cb69000 JavaThread "jar transforms Thread 49" [_thread_blocked, id=11984, stack(0x0000000027c30000,0x0000000027d30000)]
  0x000000001cb6c000 JavaThread "jar transforms Thread 48" [_thread_blocked, id=15200, stack(0x0000000027b30000,0x0000000027c30000)]
  0x000000001cb6a000 JavaThread "jar transforms Thread 47" [_thread_blocked, id=16144, stack(0x0000000027a30000,0x0000000027b30000)]
  0x000000001cb6e800 JavaThread "jar transforms Thread 46" [_thread_blocked, id=17148, stack(0x0000000027930000,0x0000000027a30000)]
  0x000000001cb6d000 JavaThread "jar transforms Thread 45" [_thread_blocked, id=15520, stack(0x0000000027830000,0x0000000027930000)]
  0x000000001cb61800 JavaThread "jar transforms Thread 44" [_thread_blocked, id=18008, stack(0x0000000027730000,0x0000000027830000)]
  0x000000001cb68800 JavaThread "jar transforms Thread 43" [_thread_blocked, id=10412, stack(0x0000000027630000,0x0000000027730000)]
  0x000000001cb67800 JavaThread "jar transforms Thread 42" [_thread_blocked, id=18840, stack(0x0000000027530000,0x0000000027630000)]
  0x000000001cb65800 JavaThread "jar transforms Thread 41" [_thread_blocked, id=12796, stack(0x0000000027430000,0x0000000027530000)]
  0x000000001cb61000 JavaThread "jar transforms Thread 40" [_thread_blocked, id=9648, stack(0x0000000027330000,0x0000000027430000)]
  0x000000001cb64800 JavaThread "jar transforms Thread 39" [_thread_blocked, id=19024, stack(0x0000000027230000,0x0000000027330000)]
  0x000000001cb64000 JavaThread "jar transforms Thread 38" [_thread_blocked, id=16064, stack(0x0000000027130000,0x0000000027230000)]
  0x000000001cb63000 JavaThread "jar transforms Thread 37" [_thread_blocked, id=18632, stack(0x0000000027030000,0x0000000027130000)]
  0x000000001cb60000 JavaThread "jar transforms Thread 36" [_thread_blocked, id=19340, stack(0x0000000026f30000,0x0000000027030000)]
  0x000000001cb67000 JavaThread "jar transforms Thread 35" [_thread_blocked, id=6616, stack(0x0000000026e30000,0x0000000026f30000)]
  0x000000001cb66000 JavaThread "jar transforms Thread 34" [_thread_blocked, id=2728, stack(0x0000000026d30000,0x0000000026e30000)]
  0x000000001cb62800 JavaThread "jar transforms Thread 33" [_thread_blocked, id=2380, stack(0x0000000026c30000,0x0000000026d30000)]
  0x000000001cb5f800 JavaThread "jar transforms Thread 32" [_thread_blocked, id=11640, stack(0x0000000026b30000,0x0000000026c30000)]
  0x00000000219c0800 JavaThread "jar transforms Thread 31" [_thread_blocked, id=2892, stack(0x0000000026a30000,0x0000000026b30000)]
  0x00000000219c0000 JavaThread "jar transforms Thread 30" [_thread_blocked, id=12604, stack(0x0000000026930000,0x0000000026a30000)]
  0x00000000219c3000 JavaThread "jar transforms Thread 29" [_thread_blocked, id=11028, stack(0x0000000026830000,0x0000000026930000)]
  0x00000000219c1800 JavaThread "jar transforms Thread 28" [_thread_blocked, id=3316, stack(0x0000000026730000,0x0000000026830000)]
  0x00000000219bf000 JavaThread "jar transforms Thread 27" [_thread_blocked, id=10148, stack(0x0000000026630000,0x0000000026730000)]
  0x00000000219c2000 JavaThread "jar transforms Thread 26" [_thread_blocked, id=18132, stack(0x0000000026530000,0x0000000026630000)]
  0x00000000219b7800 JavaThread "jar transforms Thread 25" [_thread_blocked, id=16024, stack(0x0000000026430000,0x0000000026530000)]
  0x00000000219ba800 JavaThread "jar transforms Thread 24" [_thread_blocked, id=14168, stack(0x0000000026330000,0x0000000026430000)]
  0x00000000219be800 JavaThread "jar transforms Thread 23" [_thread_blocked, id=14080, stack(0x0000000026230000,0x0000000026330000)]
  0x00000000219b9000 JavaThread "jar transforms Thread 22" [_thread_blocked, id=3144, stack(0x0000000026130000,0x0000000026230000)]
  0x00000000219bd800 JavaThread "jar transforms Thread 21" [_thread_blocked, id=9696, stack(0x0000000026030000,0x0000000026130000)]
  0x00000000219b6000 JavaThread "jar transforms Thread 20" [_thread_blocked, id=10796, stack(0x0000000025f30000,0x0000000026030000)]
  0x00000000219b7000 JavaThread "jar transforms Thread 19" [_thread_blocked, id=13972, stack(0x0000000025e30000,0x0000000025f30000)]
  0x00000000219bd000 JavaThread "jar transforms Thread 18" [_thread_blocked, id=10472, stack(0x0000000025d30000,0x0000000025e30000)]
  0x00000000219b5800 JavaThread "jar transforms Thread 17" [_thread_blocked, id=2668, stack(0x0000000025c30000,0x0000000025d30000)]
  0x00000000219bb800 JavaThread "jar transforms Thread 16" [_thread_blocked, id=10988, stack(0x0000000025b30000,0x0000000025c30000)]
  0x00000000219ba000 JavaThread "jar transforms Thread 15" [_thread_blocked, id=14300, stack(0x0000000025a30000,0x0000000025b30000)]
  0x00000000219bc000 JavaThread "jar transforms Thread 14" [_thread_blocked, id=18868, stack(0x0000000025930000,0x0000000025a30000)]
  0x00000000219b4800 JavaThread "jar transforms Thread 13" [_thread_blocked, id=7984, stack(0x0000000025830000,0x0000000025930000)]
  0x00000000219b4000 JavaThread "jar transforms Thread 12" [_thread_blocked, id=8172, stack(0x0000000025730000,0x0000000025830000)]
  0x00000000219b8800 JavaThread "jar transforms Thread 11" [_thread_blocked, id=8024, stack(0x0000000025630000,0x0000000025730000)]
  0x000000001c544000 JavaThread "jar transforms Thread 10" [_thread_blocked, id=3596, stack(0x0000000025530000,0x0000000025630000)]
  0x000000001c543800 JavaThread "jar transforms Thread 9" [_thread_blocked, id=1676, stack(0x0000000025430000,0x0000000025530000)]
  0x000000001c542800 JavaThread "jar transforms Thread 8" [_thread_blocked, id=14892, stack(0x0000000025330000,0x0000000025430000)]
  0x000000001c542000 JavaThread "jar transforms Thread 7" [_thread_blocked, id=13452, stack(0x0000000025230000,0x0000000025330000)]
  0x000000001c53a800 JavaThread "jar transforms Thread 6" [_thread_blocked, id=18264, stack(0x0000000024de0000,0x0000000024ee0000)]
  0x000000001c541000 JavaThread "jar transforms Thread 5" [_thread_blocked, id=788, stack(0x0000000024ce0000,0x0000000024de0000)]
  0x000000001c540800 JavaThread "jar transforms Thread 4" [_thread_blocked, id=18576, stack(0x0000000024be0000,0x0000000024ce0000)]
  0x000000001c53f000 JavaThread "jar transforms Thread 3" [_thread_blocked, id=5540, stack(0x0000000024ae0000,0x0000000024be0000)]
  0x000000001c53e000 JavaThread "jar transforms Thread 2" [_thread_blocked, id=252, stack(0x00000000249e0000,0x0000000024ae0000)]
  0x000000001c53d800 JavaThread "Build operations Thread 8" [_thread_blocked, id=13420, stack(0x00000000247e0000,0x00000000248e0000)]
  0x000000001c53c800 JavaThread "Build operations Thread 7" [_thread_blocked, id=5000, stack(0x00000000246e0000,0x00000000247e0000)]
  0x000000001c53f800 JavaThread "Build operations Thread 6" [_thread_blocked, id=2428, stack(0x00000000245e0000,0x00000000246e0000)]
  0x000000001c53c000 JavaThread "Build operations Thread 5" [_thread_blocked, id=10012, stack(0x00000000244e0000,0x00000000245e0000)]
  0x000000001c535000 JavaThread "Build operations Thread 4" [_thread_blocked, id=13324, stack(0x00000000243e0000,0x00000000244e0000)]
  0x000000001c539800 JavaThread "Build operations Thread 3" [_thread_blocked, id=1920, stack(0x00000000242e0000,0x00000000243e0000)]
  0x000000001c539000 JavaThread "Build operations Thread 2" [_thread_blocked, id=2808, stack(0x00000000241e0000,0x00000000242e0000)]
  0x000000001c537800 JavaThread "Build operations" [_thread_blocked, id=19440, stack(0x00000000240e0000,0x00000000241e0000)]
  0x000000001c557800 JavaThread "Cache worker for file content cache (C:\Users\Lenovo\.gradle\caches\6.5\fileContent)" [_thread_blocked, id=15272, stack(0x0000000022a10000,0x0000000022b10000)]
  0x000000001c55c800 JavaThread "jar transforms" [_thread_blocked, id=148, stack(0x0000000022910000,0x0000000022a10000)]
  0x000000001c55a800 JavaThread "Cache worker for execution history cache (C:\Users\Lenovo\.gradle\caches\6.5\executionHistory)" [_thread_blocked, id=13892, stack(0x0000000022210000,0x0000000022310000)]
  0x000000001c55d800 JavaThread "Cache worker for cache directory md-rule (C:\Users\Lenovo\.gradle\caches\6.5\md-rule)" [_thread_blocked, id=19108, stack(0x0000000020e60000,0x0000000020f60000)]
  0x000000001c559800 JavaThread "Cache worker for cache directory md-supplier (C:\Users\Lenovo\.gradle\caches\6.5\md-supplier)" [_thread_blocked, id=17100, stack(0x00000000209b0000,0x0000000020ab0000)]
  0x000000001c55c000 JavaThread "Cache worker for checksums cache (D:\semester-5\pemrograman-perangkat-bergerak\ets\.gradle\checksums)" [_thread_blocked, id=2156, stack(0x00000000208b0000,0x00000000209b0000)]
  0x000000001c559000 JavaThread "Cache worker for file hash cache (D:\semester-5\pemrograman-perangkat-bergerak\ets\.gradle\6.5\fileHashes)" [_thread_blocked, id=8912, stack(0x0000000020b60000,0x0000000020c60000)]
  0x000000001c556800 JavaThread "Cache worker for file hash cache (C:\Users\Lenovo\.gradle\caches\6.5\fileHashes)" [_thread_blocked, id=13992, stack(0x000000001e610000,0x000000001e710000)]
  0x000000001c55b000 JavaThread "File lock request listener" [_thread_in_native, id=17972, stack(0x000000001e510000,0x000000001e610000)]
  0x000000001aa1b000 JavaThread "Cache worker for journal cache (C:\Users\Lenovo\.gradle\caches\journal-1)" [_thread_blocked, id=8176, stack(0x000000001e410000,0x000000001e510000)]
  0x000000001a764800 JavaThread "Thread-9" [_thread_blocked, id=10644, stack(0x000000001e110000,0x000000001e210000)]
  0x000000001a728800 JavaThread "Stdin handler" [_thread_blocked, id=19128, stack(0x000000001e010000,0x000000001e110000)]
  0x000000001a70b800 JavaThread "Asynchronous log dispatcher for DefaultDaemonConnection: socket connection from /127.0.0.1:64287 to /127.0.0.1:64288" [_thread_blocked, id=16756, stack(0x000000001df10000,0x000000001e010000)]
  0x000000001a70b000 JavaThread "Daemon worker" [_thread_in_vm, id=17648, stack(0x000000001de10000,0x000000001df10000)]
  0x000000001a705800 JavaThread "Cancel handler" [_thread_blocked, id=4468, stack(0x000000001dd10000,0x000000001de10000)]
  0x000000001c1a3800 JavaThread "Handler for socket connection from /127.0.0.1:64287 to /127.0.0.1:64288" [_thread_in_native, id=12044, stack(0x000000001dc10000,0x000000001dd10000)]
  0x000000001a6c3800 JavaThread "Daemon" [_thread_blocked, id=2484, stack(0x000000001d910000,0x000000001da10000)]
  0x000000001c19a000 JavaThread "Daemon periodic checks" [_thread_blocked, id=13100, stack(0x000000001d810000,0x000000001d910000)]
  0x000000001c1a5000 JavaThread "Incoming local TCP Connector on port 64287" [_thread_in_native, id=16640, stack(0x000000001d5d0000,0x000000001d6d0000)]
  0x000000001c119000 JavaThread "Daemon health stats" [_thread_blocked, id=16832, stack(0x000000001cf90000,0x000000001d090000)]
  0x00000000197b3800 JavaThread "Service Thread" daemon [_thread_blocked, id=8692, stack(0x000000001a3f0000,0x000000001a4f0000)]
  0x000000001972b800 JavaThread "C1 CompilerThread3" daemon [_thread_blocked, id=7568, stack(0x000000001a2f0000,0x000000001a3f0000)]
  0x0000000019727000 JavaThread "C2 CompilerThread2" daemon [_thread_in_native, id=4172, stack(0x000000001a1f0000,0x000000001a2f0000)]
  0x000000001791b000 JavaThread "C2 CompilerThread1" daemon [_thread_in_native, id=10632, stack(0x000000001a0f0000,0x000000001a1f0000)]
=>0x0000000019723000 JavaThread "C2 CompilerThread0" daemon [_thread_in_native, id=13712, stack(0x0000000019ff0000,0x000000001a0f0000)]
  0x0000000019721800 JavaThread "Attach Listener" daemon [_thread_blocked, id=2584, stack(0x0000000019ef0000,0x0000000019ff0000)]
  0x0000000019721000 JavaThread "Signal Dispatcher" daemon [_thread_blocked, id=2088, stack(0x0000000019df0000,0x0000000019ef0000)]
  0x000000000289d800 JavaThread "Finalizer" daemon [_thread_blocked, id=18020, stack(0x0000000019bf0000,0x0000000019cf0000)]
  0x0000000002897000 JavaThread "Reference Handler" daemon [_thread_blocked, id=16524, stack(0x0000000019af0000,0x0000000019bf0000)]
  0x00000000025ae000 JavaThread "main" [_thread_blocked, id=18032, stack(0x00000000026a0000,0x00000000027a0000)]

Other Threads:
  0x0000000017906000 VMThread [stack: 0x00000000195f0000,0x00000000196f0000] [id=13224]
  0x000000001973f000 WatcherThread [stack: 0x000000001a4f0000,0x000000001a5f0000] [id=18472]

VM state:not at safepoint (normal execution)

VM Mutex/Monitor currently owned by a thread: None

heap address: 0x0000000080000000, size: 2048 MB, Compressed Oops mode: 32-bit
Narrow klass base: 0x0000000000000000, Narrow klass shift: 3
Compressed class space size: 1073741824 Address: 0x0000000100000000

Heap:
 PSYoungGen      total 105984K, used 98384K [0x00000000d5580000, 0x00000000dc480000, 0x0000000100000000)
  eden space 98304K, 93% used [0x00000000d5580000,0x00000000daf9d1f0,0x00000000db580000)
  from space 7680K, 79% used [0x00000000dbd00000,0x00000000dc2f6ee8,0x00000000dc480000)
  to   space 7680K, 0% used [0x00000000db580000,0x00000000db580000,0x00000000dbd00000)
 ParOldGen       total 105984K, used 16931K [0x0000000080000000, 0x0000000086780000, 0x00000000d5580000)
  object space 105984K, 15% used [0x0000000080000000,0x0000000081088f30,0x0000000086780000)
 Metaspace       used 45787K, capacity 47648K, committed 47784K, reserved 1091584K
  class space    used 6202K, capacity 6562K, committed 6576K, reserved 1048576K

Card table byte_map: [0x0000000011c60000,0x0000000012070000] byte_map_base: 0x0000000011860000

Marking Bits: (ParMarkBitMap*) 0x0000000066eff030
 Begin Bits: [0x0000000012b20000, 0x0000000014b20000)
 End Bits:   [0x0000000014b20000, 0x0000000016b20000)

Polling page: 0x0000000000820000

CodeCache: size=245760Kb used=14267Kb max_used=14267Kb free=231492Kb
 bounds [0x00000000028a0000, 0x00000000036a0000, 0x00000000118a0000]
 total_blobs=4950 nmethods=4209 adapters=653
 compilation: enabled

Compilation events (10 events):
Event: 4.601 Thread 0x000000001972b800 4209       3       java.lang.ClassLoader::compareCerts (149 bytes)
Event: 4.601 Thread 0x000000001972b800 nmethod 4209 0x000000000368ed10 code [0x000000000368eee0, 0x000000000368f778]
Event: 4.607 Thread 0x000000001972b800 4210       3       sun.reflect.annotation.AnnotationParser::parseMemberValue (162 bytes)
Event: 4.610 Thread 0x000000001972b800 nmethod 4210 0x000000000368ccd0 code [0x000000000368cfa0, 0x000000000368e3f8]
Event: 4.610 Thread 0x000000001972b800 4211       3       java.util.LinkedHashMap$LinkedValues::size (8 bytes)
Event: 4.610 Thread 0x000000001972b800 nmethod 4211 0x000000000367fa90 code [0x000000000367fbe0, 0x000000000367fd30]
Event: 4.610 Thread 0x000000001972b800 4212       3       java.security.CodeSource::getCertificates (98 bytes)
Event: 4.611 Thread 0x000000001972b800 nmethod 4212 0x0000000003694990 code [0x0000000003694ba0, 0x0000000003695708]
Event: 4.612 Thread 0x000000001972b800 4213       3       org.gradle.internal.instantiation.generator.AbstractClassGenerator$PropertyMetadata::field (6 bytes)
Event: 4.612 Thread 0x000000001972b800 nmethod 4213 0x000000000368c990 code [0x000000000368cae0, 0x000000000368cc50]

GC Heap History (10 events):
Event: 2.300 GC heap before
{Heap before GC invocations=6 (full 1):
 PSYoungGen      total 105984K, used 7256K [0x00000000d5580000, 0x00000000dc480000, 0x0000000100000000)
  eden space 98304K, 0% used [0x00000000d5580000,0x00000000d5580000,0x00000000db580000)
  from space 7680K, 94% used [0x00000000db580000,0x00000000dbc96050,0x00000000dbd00000)
  to   space 7680K, 0% used [0x00000000dbd00000,0x00000000dbd00000,0x00000000dc480000)
 ParOldGen       total 130048K, used 4072K [0x0000000080000000, 0x0000000087f00000, 0x00000000d5580000)
  object space 130048K, 3% used [0x0000000080000000,0x00000000803fa020,0x0000000087f00000)
 Metaspace       used 20578K, capacity 21224K, committed 21296K, reserved 1067008K
  class space    used 2877K, capacity 3076K, committed 3120K, reserved 1048576K
Event: 2.326 GC heap after
Heap after GC invocations=6 (full 1):
 PSYoungGen      total 105984K, used 0K [0x00000000d5580000, 0x00000000dc480000, 0x0000000100000000)
  eden space 98304K, 0% used [0x00000000d5580000,0x00000000d5580000,0x00000000db580000)
  from space 7680K, 0% used [0x00000000db580000,0x00000000db580000,0x00000000dbd00000)
  to   space 7680K, 0% used [0x00000000dbd00000,0x00000000dbd00000,0x00000000dc480000)
 ParOldGen       total 70144K, used 7561K [0x0000000080000000, 0x0000000084480000, 0x00000000d5580000)
  object space 70144K, 10% used [0x0000000080000000,0x00000000807626b8,0x0000000084480000)
 Metaspace       used 20578K, capacity 21224K, committed 21296K, reserved 1067008K
  class space    used 2877K, capacity 3076K, committed 3120K, reserved 1048576K
}
Event: 3.028 GC heap before
{Heap before GC invocations=7 (full 1):
 PSYoungGen      total 105984K, used 98304K [0x00000000d5580000, 0x00000000dc480000, 0x0000000100000000)
  eden space 98304K, 100% used [0x00000000d5580000,0x00000000db580000,0x00000000db580000)
  from space 7680K, 0% used [0x00000000db580000,0x00000000db580000,0x00000000dbd00000)
  to   space 7680K, 0% used [0x00000000dbd00000,0x00000000dbd00000,0x00000000dc480000)
 ParOldGen       total 70144K, used 7561K [0x0000000080000000, 0x0000000084480000, 0x00000000d5580000)
  object space 70144K, 10% used [0x0000000080000000,0x00000000807626b8,0x0000000084480000)
 Metaspace       used 31155K, capacity 32078K, committed 32432K, reserved 1077248K
  class space    used 4223K, capacity 4434K, committed 4528K, reserved 1048576K
Event: 3.036 GC heap after
Heap after GC invocations=7 (full 1):
 PSYoungGen      total 105984K, used 7668K [0x00000000d5580000, 0x00000000dc480000, 0x0000000100000000)
  eden space 98304K, 0% used [0x00000000d5580000,0x00000000d5580000,0x00000000db580000)
  from space 7680K, 99% used [0x00000000dbd00000,0x00000000dc47d0c8,0x00000000dc480000)
  to   space 7680K, 0% used [0x00000000db580000,0x00000000db580000,0x00000000dbd00000)
 ParOldGen       total 70144K, used 11164K [0x0000000080000000, 0x0000000084480000, 0x00000000d5580000)
  object space 70144K, 15% used [0x0000000080000000,0x0000000080ae7308,0x0000000084480000)
 Metaspace       used 31155K, capacity 32078K, committed 32432K, reserved 1077248K
  class space    used 4223K, capacity 4434K, committed 4528K, reserved 1048576K
}
Event: 3.396 GC heap before
{Heap before GC invocations=8 (full 1):
 PSYoungGen      total 105984K, used 76090K [0x00000000d5580000, 0x00000000dc480000, 0x0000000100000000)
  eden space 98304K, 69% used [0x00000000d5580000,0x00000000d9851768,0x00000000db580000)
  from space 7680K, 99% used [0x00000000dbd00000,0x00000000dc47d0c8,0x00000000dc480000)
  to   space 7680K, 0% used [0x00000000db580000,0x00000000db580000,0x00000000dbd00000)
 ParOldGen       total 70144K, used 11164K [0x0000000080000000, 0x0000000084480000, 0x00000000d5580000)
  object space 70144K, 15% used [0x0000000080000000,0x0000000080ae7308,0x0000000084480000)
 Metaspace       used 34254K, capacity 35412K, committed 35496K, reserved 1079296K
  class space    used 4719K, capacity 5001K, committed 5040K, reserved 1048576K
Event: 3.405 GC heap after
Heap after GC invocations=8 (full 1):
 PSYoungGen      total 105984K, used 7666K [0x00000000d5580000, 0x00000000dc480000, 0x0000000100000000)
  eden space 98304K, 0% used [0x00000000d5580000,0x00000000d5580000,0x00000000db580000)
  from space 7680K, 99% used [0x00000000db580000,0x00000000dbcfcbf8,0x00000000dbd00000)
  to   space 7680K, 0% used [0x00000000dbd00000,0x00000000dbd00000,0x00000000dc480000)
 ParOldGen       total 70144K, used 13529K [0x0000000080000000, 0x0000000084480000, 0x00000000d5580000)
  object space 70144K, 19% used [0x0000000080000000,0x0000000080d36588,0x0000000084480000)
 Metaspace       used 34254K, capacity 35412K, committed 35496K, reserved 1079296K
  class space    used 4719K, capacity 5001K, committed 5040K, reserved 1048576K
}
Event: 3.405 GC heap before
{Heap before GC invocations=9 (full 2):
 PSYoungGen      total 105984K, used 7666K [0x00000000d5580000, 0x00000000dc480000, 0x0000000100000000)
  eden space 98304K, 0% used [0x00000000d5580000,0x00000000d5580000,0x00000000db580000)
  from space 7680K, 99% used [0x00000000db580000,0x00000000dbcfcbf8,0x00000000dbd00000)
  to   space 7680K, 0% used [0x00000000dbd00000,0x00000000dbd00000,0x00000000dc480000)
 ParOldGen       total 70144K, used 13529K [0x0000000080000000, 0x0000000084480000, 0x00000000d5580000)
  object space 70144K, 19% used [0x0000000080000000,0x0000000080d36588,0x0000000084480000)
 Metaspace       used 34254K, capacity 35412K, committed 35496K, reserved 1079296K
  class space    used 4719K, capacity 5001K, committed 5040K, reserved 1048576K
Event: 3.443 GC heap after
Heap after GC invocations=9 (full 2):
 PSYoungGen      total 105984K, used 0K [0x00000000d5580000, 0x00000000dc480000, 0x0000000100000000)
  eden space 98304K, 0% used [0x00000000d5580000,0x00000000d5580000,0x00000000db580000)
  from space 7680K, 0% used [0x00000000db580000,0x00000000db580000,0x00000000dbd00000)
  to   space 7680K, 0% used [0x00000000dbd00000,0x00000000dbd00000,0x00000000dc480000)
 ParOldGen       total 105984K, used 16923K [0x0000000080000000, 0x0000000086780000, 0x00000000d5580000)
  object space 105984K, 15% used [0x0000000080000000,0x0000000081086f30,0x0000000086780000)
 Metaspace       used 34254K, capacity 35412K, committed 35496K, reserved 1079296K
  class space    used 4719K, capacity 5001K, committed 5040K, reserved 1048576K
}
Event: 3.914 GC heap before
{Heap before GC invocations=10 (full 2):
 PSYoungGen      total 105984K, used 98304K [0x00000000d5580000, 0x00000000dc480000, 0x0000000100000000)
  eden space 98304K, 100% used [0x00000000d5580000,0x00000000db580000,0x00000000db580000)
  from space 7680K, 0% used [0x00000000db580000,0x00000000db580000,0x00000000dbd00000)
  to   space 7680K, 0% used [0x00000000dbd00000,0x00000000dbd00000,0x00000000dc480000)
 ParOldGen       total 105984K, used 16923K [0x0000000080000000, 0x0000000086780000, 0x00000000d5580000)
  object space 105984K, 15% used [0x0000000080000000,0x0000000081086f30,0x0000000086780000)
 Metaspace       used 36759K, capacity 38320K, committed 38440K, reserved 1083392K
  class space    used 5059K, capacity 5353K, committed 5424K, reserved 1048576K
Event: 3.919 GC heap after
Heap after GC invocations=10 (full 2):
 PSYoungGen      total 105984K, used 6107K [0x00000000d5580000, 0x00000000dc480000, 0x0000000100000000)
  eden space 98304K, 0% used [0x00000000d5580000,0x00000000d5580000,0x00000000db580000)
  from space 7680K, 79% used [0x00000000dbd00000,0x00000000dc2f6ee8,0x00000000dc480000)
  to   space 7680K, 0% used [0x00000000db580000,0x00000000db580000,0x00000000dbd00000)
 ParOldGen       total 105984K, used 16931K [0x0000000080000000, 0x0000000086780000, 0x00000000d5580000)
  object space 105984K, 15% used [0x0000000080000000,0x0000000081088f30,0x0000000086780000)
 Metaspace       used 36759K, capacity 38320K, committed 38440K, reserved 1083392K
  class space    used 5059K, capacity 5353K, committed 5424K, reserved 1048576K
}

Deoptimization events (10 events):
Event: 4.477 Thread 0x000000001a70b000 Uncommon trap: reason=unstable_if action=reinterpret pc=0x00000000035987cc method=java.util.jar.JarFile.maybeInstantiateVerifier()V @ 75
Event: 4.478 Thread 0x000000001a70b000 Uncommon trap: reason=unstable_if action=reinterpret pc=0x0000000002b4cf48 method=java.util.jar.Manifest$FastInputStream.readLine([BII)I @ 87
Event: 4.483 Thread 0x000000001a70b000 Uncommon trap: reason=unstable_if action=reinterpret pc=0x0000000003591140 method=java.lang.ThreadLocal.get()Ljava/lang/Object; @ 11
Event: 4.507 Thread 0x000000001a70b000 Uncommon trap: reason=unstable_if action=reinterpret pc=0x0000000002d3a83c method=java.lang.CharacterDataLatin1.isWhitespace(I)Z @ 14
Event: 4.533 Thread 0x000000001a70b000 Uncommon trap: reason=unstable_if action=reinterpret pc=0x000000000340d76c method=java.util.jar.JarFile.maybeInstantiateVerifier()V @ 4
Event: 4.534 Thread 0x000000001a70b000 Uncommon trap: reason=unstable_if action=reinterpret pc=0x0000000002db9db0 method=java.util.jar.JarFile.maybeInstantiateVerifier()V @ 4
Event: 4.534 Thread 0x000000001a70b000 Uncommon trap: reason=unstable_if action=reinterpret pc=0x0000000002ecc0ec method=java.security.CodeSource.getCertificates()[Ljava/security/cert/Certificate; @ 22
Event: 4.535 Thread 0x000000001a70b000 Uncommon trap: reason=unstable_if action=reinterpret pc=0x00000000032e4528 method=java.util.jar.JarFile.maybeInstantiateVerifier()V @ 4
Event: 4.535 Thread 0x000000001a70b000 Uncommon trap: reason=unstable_if action=reinterpret pc=0x000000000331f494 method=java.security.CodeSource.matchCerts(Ljava/security/CodeSource;Z)Z @ 11
Event: 4.548 Thread 0x000000001a70b000 Uncommon trap: reason=unstable_if action=reinterpret pc=0x0000000003285138 method=java.util.LinkedHashMap.get(Ljava/lang/Object;)Ljava/lang/Object; @ 20

Classes redefined (0 events):
No events

Internal exceptions (10 events):
Event: 3.938 Thread 0x000000001a764800 Exception <a 'java/lang/NoSuchMethodError': <clinit>> (0x00000000d571f208) thrown at [C:\src\AOSP-openjdk-git\hotspot\src\share\vm\prims\jni.cpp, line 1615]
Event: 3.939 Thread 0x000000001a764800 Exception <a 'java/lang/NoSuchMethodError': <clinit>> (0x00000000d5a13740) thrown at [C:\src\AOSP-openjdk-git\hotspot\src\share\vm\prims\jni.cpp, line 1615]
Event: 3.940 Thread 0x000000001a764800 Exception <a 'java/lang/NoSuchMethodError': <clinit>> (0x00000000d5a26b10) thrown at [C:\src\AOSP-openjdk-git\hotspot\src\share\vm\prims\jni.cpp, line 1615]
Event: 3.945 Thread 0x000000001a70b000 Exception <a 'java/lang/ClassNotFoundException': build_b9k17wvhln9k5719xjlkkt6q6BeanInfo> (0x00000000d5950ab8) thrown at [C:\src\AOSP-openjdk-git\hotspot\src\share\vm\classfile\systemDictionary.cpp, line 210]
Event: 3.945 Thread 0x000000001a70b000 Exception <a 'java/lang/ClassNotFoundException': build_b9k17wvhln9k5719xjlkkt6q6Customizer> (0x00000000d595c6f8) thrown at [C:\src\AOSP-openjdk-git\hotspot\src\share\vm\classfile\systemDictionary.cpp, line 210]
Event: 3.950 Thread 0x000000001a70b000 Exception <a 'java/lang/ClassNotFoundException': org/gradle/plugin/use/internal/PluginRequestCollector$PluginDependenciesSpecImplBeanInfo> (0x00000000d59fc460) thrown at [C:\src\AOSP-openjdk-git\hotspot\src\share\vm\classfile\systemDictionary.cpp, line 21
Event: 3.951 Thread 0x000000001a70b000 Exception <a 'java/lang/ClassNotFoundException': org/gradle/plugin/use/internal/PluginRequestCollector$PluginDependenciesSpecImplCustomizer> (0x00000000d5ad09d0) thrown at [C:\src\AOSP-openjdk-git\hotspot\src\share\vm\classfile\systemDictionary.cpp, line 
Event: 3.976 Thread 0x000000001a70b000 Exception <a 'java/lang/ClassNotFoundException': org/gradle/api/internal/plugins/DefaultObjectConfigurationActionBeanInfo> (0x00000000d5e26010) thrown at [C:\src\AOSP-openjdk-git\hotspot\src\share\vm\classfile\systemDictionary.cpp, line 210]
Event: 3.977 Thread 0x000000001a70b000 Exception <a 'java/lang/ClassNotFoundException': org/gradle/api/internal/plugins/DefaultObjectConfigurationActionCustomizer> (0x00000000d5e6d0d0) thrown at [C:\src\AOSP-openjdk-git\hotspot\src\share\vm\classfile\systemDictionary.cpp, line 210]
Event: 4.483 Thread 0x000000001a70b000 Implicit null exception at 0x0000000003590be8 to 0x0000000003591129

Events (10 events):
Event: 4.600 loading class com/android/build/api/dsl/ExternalNativeCmakeOptions
Event: 4.600 loading class com/android/build/api/dsl/ExternalNativeCmakeOptions done
Event: 4.600 loading class com/android/build/api/dsl/ExternalNativeNdkBuildOptions
Event: 4.600 loading class com/android/build/api/dsl/ExternalNativeNdkBuildOptions done
Event: 4.600 loading class com/android/build/gradle/internal/dsl/ExternalNativeNdkBuildOptions
Event: 4.600 loading class com/android/build/gradle/internal/dsl/ExternalNativeNdkBuildOptions done
Event: 4.600 loading class com/android/build/gradle/internal/dsl/CoreExternalNativeNdkBuildOptions
Event: 4.600 loading class com/android/build/gradle/internal/dsl/CoreExternalNativeNdkBuildOptions done
Event: 4.602 loading class com/google/common/annotations/VisibleForTesting
Event: 4.602 loading class com/google/common/annotations/VisibleForTesting done


Dynamic libraries:
0x00007ff66d160000 - 0x00007ff66d191000 	C:\Program Files\Android\Android Studio\jre\bin\java.exe
0x00007ffd3ba90000 - 0x00007ffd3bc85000 	C:\Windows\SYSTEM32\ntdll.dll
0x00007ffd3adb0000 - 0x00007ffd3ae6e000 	C:\Windows\System32\KERNEL32.DLL
0x00007ffd39580000 - 0x00007ffd39849000 	C:\Windows\System32\KERNELBASE.dll
0x00007ffd3a590000 - 0x00007ffd3a63c000 	C:\Windows\System32\ADVAPI32.dll
0x00007ffd3b5e0000 - 0x00007ffd3b67e000 	C:\Windows\System32\msvcrt.dll
0x00007ffd3b680000 - 0x00007ffd3b71b000 	C:\Windows\System32\sechost.dll
0x00007ffd3b4b0000 - 0x00007ffd3b5da000 	C:\Windows\System32\RPCRT4.dll
0x00007ffd3ae70000 - 0x00007ffd3b011000 	C:\Windows\System32\USER32.dll
0x00007ffd39a10000 - 0x00007ffd39a32000 	C:\Windows\System32\win32u.dll
0x00007ffd3a650000 - 0x00007ffd3a67b000 	C:\Windows\System32\GDI32.dll
0x00007ffd39900000 - 0x00007ffd39a0b000 	C:\Windows\System32\gdi32full.dll
0x00007ffd39a40000 - 0x00007ffd39add000 	C:\Windows\System32\msvcp_win.dll
0x00007ffd393d0000 - 0x00007ffd394d0000 	C:\Windows\System32\ucrtbase.dll
0x00007ffd1caa0000 - 0x00007ffd1cd3a000 	C:\Windows\WinSxS\amd64_microsoft.windows.common-controls_6595b64144ccf1df_6.0.19041.1110_none_60b5254171f9507e\COMCTL32.dll
0x00007ffd3abc0000 - 0x00007ffd3abf0000 	C:\Windows\System32\IMM32.DLL
0x0000000067520000 - 0x00000000675f2000 	C:\Program Files\Android\Android Studio\jre\jre\bin\msvcr100.dll
0x0000000066730000 - 0x0000000066f7b000 	C:\Program Files\Android\Android Studio\jre\jre\bin\server\jvm.dll
0x00007ffd39d80000 - 0x00007ffd39d88000 	C:\Windows\System32\PSAPI.DLL
0x00007ffd23a30000 - 0x00007ffd23a57000 	C:\Windows\SYSTEM32\WINMM.dll
0x00007ffd05860000 - 0x00007ffd05869000 	C:\Windows\SYSTEM32\WSOCK32.dll
0x00007ffd2f0f0000 - 0x00007ffd2f0fa000 	C:\Windows\SYSTEM32\VERSION.dll
0x00007ffd3b720000 - 0x00007ffd3b78b000 	C:\Windows\System32\WS2_32.dll
0x00007ffd304a0000 - 0x00007ffd304af000 	C:\Program Files\Android\Android Studio\jre\jre\bin\verify.dll
0x00007ffd2b8f0000 - 0x00007ffd2b919000 	C:\Program Files\Android\Android Studio\jre\jre\bin\java.dll
0x00007ffd2b850000 - 0x00007ffd2b866000 	C:\Program Files\Android\Android Studio\jre\jre\bin\zip.dll
0x00007ffd39d90000 - 0x00007ffd3a4cf000 	C:\Windows\System32\SHELL32.dll
0x00007ffd371a0000 - 0x00007ffd37930000 	C:\Windows\SYSTEM32\windows.storage.dll
0x00007ffd3b020000 - 0x00007ffd3b375000 	C:\Windows\System32\combase.dll
0x00007ffd38c00000 - 0x00007ffd38c2c000 	C:\Windows\SYSTEM32\Wldp.dll
0x00007ffd39bb0000 - 0x00007ffd39c5d000 	C:\Windows\System32\SHCORE.dll
0x00007ffd3a680000 - 0x00007ffd3a6d5000 	C:\Windows\System32\shlwapi.dll
0x00007ffd390f0000 - 0x00007ffd3910f000 	C:\Windows\SYSTEM32\profapi.dll
0x00007ffd2b830000 - 0x00007ffd2b84a000 	C:\Program Files\Android\Android Studio\jre\jre\bin\net.dll
0x00007ffd38960000 - 0x00007ffd389ca000 	C:\Windows\system32\mswsock.dll
0x00007ffd20000000 - 0x00007ffd20013000 	C:\Program Files\Android\Android Studio\jre\jre\bin\nio.dll
0x00007ffd0c770000 - 0x00007ffd0c797000 	C:\Users\Lenovo\.gradle\native\f6784746aeab05261644944871eae4fe03e0ef1612fff0a4a95f87b438bc6780\windows-amd64\native-platform.dll
0x00007ffd300e0000 - 0x00007ffd300ed000 	C:\Program Files\Android\Android Studio\jre\jre\bin\management.dll
0x00007ffd38b50000 - 0x00007ffd38b68000 	C:\Windows\SYSTEM32\CRYPTSP.dll
0x00007ffd38270000 - 0x00007ffd382a4000 	C:\Windows\system32\rsaenh.dll
0x00007ffd39240000 - 0x00007ffd39267000 	C:\Windows\System32\bcrypt.dll
0x00007ffd390b0000 - 0x00007ffd390de000 	C:\Windows\SYSTEM32\USERENV.dll
0x00007ffd391b0000 - 0x00007ffd39233000 	C:\Windows\System32\bcryptprimitives.dll
0x00007ffd38b70000 - 0x00007ffd38b7c000 	C:\Windows\SYSTEM32\CRYPTBASE.dll
0x00007ffd38600000 - 0x00007ffd3863b000 	C:\Windows\SYSTEM32\IPHLPAPI.DLL
0x00007ffd3a4d0000 - 0x00007ffd3a4d8000 	C:\Windows\System32\NSI.dll
0x00007ffd2ec20000 - 0x00007ffd2ec37000 	C:\Windows\SYSTEM32\dhcpcsvc6.DLL
0x00007ffd2eb80000 - 0x00007ffd2eb9d000 	C:\Windows\SYSTEM32\dhcpcsvc.DLL
0x00007ffd38640000 - 0x00007ffd3870c000 	C:\Windows\SYSTEM32\DNSAPI.dll
0x00007ffd2ec40000 - 0x00007ffd2ec4b000 	C:\Windows\SYSTEM32\WINNSI.DLL

VM Arguments:
jvm_args: -Xmx2048m -Dfile.encoding=UTF-8 -Duser.country=ID -Duser.language=en -Duser.variant 
java_command: org.gradle.launcher.daemon.bootstrap.GradleDaemon 6.5
java_class_path (initial): C:\Users\Lenovo\.gradle\wrapper\dists\gradle-6.5-bin\6nifqtx7604sqp1q6g8wikw7p\gradle-6.5\lib\gradle-launcher-6.5.jar
Launcher Type: SUN_STANDARD

Environment Variables:
PATH=C:\Program Files\ImageMagick-7.0.11-Q16-HDRI;C:\Program Files (x86)\VMware\VMware Player\bin\;C:\Windows\system32;C:\Windows;C:\Windows\System32\Wbem;C:\Windows\System32\WindowsPowerShell\v1.0\;C:\Windows\System32\OpenSSH\;C:\Program Files (x86)\NVIDIA Corporation\PhysX\Common;C:\Program Files\NVIDIA Corporation\NVIDIA NvDLISR;C:\src\flutter\bin;C:\Program Files\Git\cmd;C:\xampp\php;C:\ProgramData\ComposerSetup\bin;C:\Program Files\nodejs\;C:\Program Files\MongoDB\Server\4.4\bin;C:\MinGW\bin;C:\Program Files\dotnet\;C:\xampp\apache\bin;C:\Program Files\ImageMagick-7.0.11-Q16-HDRI;;C:\Program Files\Docker\Docker\resources\bin;C:\ProgramData\DockerDesktop\version-bin;C:\Users\Lenovo\AppData\Local\Programs\Python\Python39\Scripts\;C:\Users\Lenovo\AppData\Local\Programs\Python\Python39\;C:\Users\Lenovo\AppData\Local\Microsoft\WindowsApps;;C:\Users\Lenovo\AppData\Local\Programs\Microsoft VS Code\bin;C:\Users\Lenovo\AppData\Roaming\Composer\vendor\bin;C:\Program Files\heroku\bin;C:\Users\Lenovo\AppData\Roaming\npm
USERNAME=Lenovo
OS=Windows_NT
PROCESSOR_IDENTIFIER=Intel64 Family 6 Model 142 Stepping 11, GenuineIntel



---------------  S Y S T E M  ---------------

OS: Windows 10.0 , 64 bit Build 19041 (10.0.19041.1202)

CPU:total 8 (initial active 8) (4 cores per cpu, 2 threads per core) family 6 model 142 stepping 11, cmov, cx8, fxsr, mmx, sse, sse2, sse3, ssse3, sse4.1, sse4.2, popcnt, avx, avx2, aes, clmul, erms, 3dnowpref, lzcnt, ht, tsc, tscinvbit, bmi1, bmi2, adx

Memory: 4k page, physical 12392180k(2042684k free), swap 12392180k(5264k free)

vm_info: OpenJDK 64-Bit Server VM (25.242-b01) for windows-amd64 JRE (1.8.0_242-release-1644-b01), built by "builder" with MS VC++ 10.0 (VS2010)

time: Mon Nov 08 16:18:39 2021
timezone: SE Asia Standard Time
elapsed time: 4 seconds (0d 0h 0m 4s)

