#
# There is insufficient memory for the Java Runtime Environment to continue.
# Native memory allocation (malloc) failed to allocate 919056 bytes for Chunk::new
# Possible reasons:
#   The system is out of physical RAM or swap space
#   The process is running with CompressedOops enabled, and the Java Heap may be blocking the growth of the native heap
# Possible solutions:
#   Reduce memory load on the system
#   Increase physical memory or swap space
#   Check if swap backing store is full
#   Decrease Java heap size (-Xmx/-Xms)
#   Decrease number of Java threads
#   Decrease Java thread stack sizes (-Xss)
#   Set larger code cache with -XX:ReservedCodeCacheSize=
#   JVM is running with Unscaled Compressed Oops mode in which the Java heap is
#     placed in the first 4GB address space. The Java Heap base address is the
#     maximum limit for the native heap growth. Please use -XX:HeapBaseMinAddress
#     to set the Java Heap base and to place the Java Heap above 4GB virtual address.
# This output file may be truncated or incomplete.
#
#  Out of Memory Error (allocation.cpp:389), pid=9680, tid=0x0000000000001f9c
#
# JRE version: OpenJDK Runtime Environment (8.0_242-b01) (build 1.8.0_242-release-1644-b01)
# Java VM: OpenJDK 64-Bit Server VM (25.242-b01 mixed mode windows-amd64 compressed oops)
# Failed to write core dump. Minidumps are not enabled by default on client versions of Windows
#

---------------  T H R E A D  ---------------

Current thread (0x000000001829b000):  JavaThread "C2 CompilerThread1" daemon [_thread_in_native, id=8092, stack(0x000000001aa50000,0x000000001ab50000)]

Stack: [0x000000001aa50000,0x000000001ab50000]
[error occurred during error reporting (printing stack bounds), id 0xc0000005]

Native frames: (J=compiled Java code, j=interpreted, Vv=VM code, C=native code)


Current CompileTask:
C2:   6375 5041       4       groovy.lang.MetaClassImpl::addMetaMethodToIndex (65 bytes)


---------------  P R O C E S S  ---------------

Java Threads: ( => current thread )
  0x0000000022a86000 JavaThread "Cache worker for Build Output Cleanup Cache (D:\semester-5\pemrograman-perangkat-bergerak\ets\.gradle\buildOutputCleanup)" [_thread_blocked, id=1572, stack(0x00000000256b0000,0x00000000257b0000)]
  0x0000000022a7a000 JavaThread "jar transforms Thread 114" [_thread_blocked, id=9284, stack(0x000000002c740000,0x000000002c840000)]
  0x0000000022a7a800 JavaThread "jar transforms Thread 113" [_thread_blocked, id=14660, stack(0x000000002c640000,0x000000002c740000)]
  0x0000000022a80800 JavaThread "jar transforms Thread 112" [_thread_blocked, id=12016, stack(0x000000002c540000,0x000000002c640000)]
  0x0000000022a7e800 JavaThread "jar transforms Thread 111" [_thread_blocked, id=10480, stack(0x000000002c440000,0x000000002c540000)]
  0x0000000022a7d000 JavaThread "jar transforms Thread 110" [_thread_blocked, id=13172, stack(0x000000002c340000,0x000000002c440000)]
  0x0000000022a80000 JavaThread "jar transforms Thread 109" [_thread_blocked, id=18988, stack(0x000000002c240000,0x000000002c340000)]
  0x0000000022a7c000 JavaThread "jar transforms Thread 108" [_thread_blocked, id=14716, stack(0x000000002c140000,0x000000002c240000)]
  0x0000000022a79000 JavaThread "jar transforms Thread 107" [_thread_blocked, id=15532, stack(0x000000002c040000,0x000000002c140000)]
  0x0000000022a7f000 JavaThread "jar transforms Thread 106" [_thread_blocked, id=1788, stack(0x000000002bf40000,0x000000002c040000)]
  0x0000000022a7b800 JavaThread "jar transforms Thread 105" [_thread_blocked, id=1776, stack(0x000000002be40000,0x000000002bf40000)]
  0x0000000022a7d800 JavaThread "jar transforms Thread 104" [_thread_blocked, id=18824, stack(0x000000002bd40000,0x000000002be40000)]
  0x000000001ce40000 JavaThread "jar transforms Thread 103" [_thread_blocked, id=19044, stack(0x000000002bc40000,0x000000002bd40000)]
  0x000000001ce3f000 JavaThread "jar transforms Thread 102" [_thread_blocked, id=13240, stack(0x000000002bb40000,0x000000002bc40000)]
  0x000000001ce43800 JavaThread "jar transforms Thread 101" [_thread_blocked, id=14880, stack(0x000000002ba40000,0x000000002bb40000)]
  0x000000001ce42000 JavaThread "jar transforms Thread 100" [_thread_blocked, id=17892, stack(0x000000002b940000,0x000000002ba40000)]
  0x000000001ce41800 JavaThread "jar transforms Thread 99" [_thread_blocked, id=14612, stack(0x000000002b840000,0x000000002b940000)]
  0x000000001ce40800 JavaThread "jar transforms Thread 98" [_thread_blocked, id=18968, stack(0x000000002b740000,0x000000002b840000)]
  0x000000001ce3d000 JavaThread "jar transforms Thread 97" [_thread_blocked, id=8796, stack(0x000000002b640000,0x000000002b740000)]
  0x000000001ce3e800 JavaThread "jar transforms Thread 96" [_thread_blocked, id=11044, stack(0x000000002b540000,0x000000002b640000)]
  0x000000001ce43000 JavaThread "jar transforms Thread 95" [_thread_blocked, id=13220, stack(0x000000002b440000,0x000000002b540000)]
  0x000000001ce3d800 JavaThread "jar transforms Thread 94" [_thread_blocked, id=5832, stack(0x000000002b340000,0x000000002b440000)]
  0x000000001ce35800 JavaThread "jar transforms Thread 93" [_thread_blocked, id=3400, stack(0x000000002b240000,0x000000002b340000)]
  0x000000001ce3c000 JavaThread "jar transforms Thread 92" [_thread_blocked, id=18924, stack(0x000000002b140000,0x000000002b240000)]
  0x000000001ce34800 JavaThread "jar transforms Thread 91" [_thread_blocked, id=5540, stack(0x000000002b040000,0x000000002b140000)]
  0x000000001ce3b800 JavaThread "jar transforms Thread 90" [_thread_blocked, id=14636, stack(0x000000002af40000,0x000000002b040000)]
  0x000000001ce36000 JavaThread "jar transforms Thread 89" [_thread_blocked, id=15776, stack(0x000000002ae40000,0x000000002af40000)]
  0x000000001ce37000 JavaThread "jar transforms Thread 88" [_thread_blocked, id=14132, stack(0x000000002ad40000,0x000000002ae40000)]
  0x000000001ce3a800 JavaThread "jar transforms Thread 87" [_thread_blocked, id=2540, stack(0x000000002ac40000,0x000000002ad40000)]
  0x000000001ce39000 JavaThread "jar transforms Thread 86" [_thread_blocked, id=11800, stack(0x000000002ab40000,0x000000002ac40000)]
  0x000000001ce37800 JavaThread "jar transforms Thread 85" [_thread_blocked, id=15072, stack(0x000000002aa40000,0x000000002ab40000)]
  0x000000001ce3a000 JavaThread "jar transforms Thread 84" [_thread_blocked, id=18608, stack(0x000000002a940000,0x000000002aa40000)]
  0x000000001ce38800 JavaThread "jar transforms Thread 83" [_thread_blocked, id=17316, stack(0x000000002a840000,0x000000002a940000)]
  0x000000001ccb0800 JavaThread "jar transforms Thread 82" [_thread_blocked, id=8632, stack(0x000000002a740000,0x000000002a840000)]
  0x000000001ccaf800 JavaThread "jar transforms Thread 81" [_thread_blocked, id=18784, stack(0x000000002a640000,0x000000002a740000)]
  0x000000001ccaf000 JavaThread "jar transforms Thread 80" [_thread_blocked, id=8896, stack(0x000000002a540000,0x000000002a640000)]
  0x000000001ccb1000 JavaThread "jar transforms Thread 79" [_thread_blocked, id=12164, stack(0x000000002a440000,0x000000002a540000)]
  0x000000001ccae000 JavaThread "jar transforms Thread 78" [_thread_blocked, id=16420, stack(0x000000002a340000,0x000000002a440000)]
  0x000000001cca6800 JavaThread "jar transforms Thread 77" [_thread_blocked, id=6872, stack(0x000000002a240000,0x000000002a340000)]
  0x000000001ccad800 JavaThread "jar transforms Thread 76" [_thread_blocked, id=17196, stack(0x000000002a140000,0x000000002a240000)]
  0x000000001cca6000 JavaThread "jar transforms Thread 75" [_thread_blocked, id=15900, stack(0x000000002a040000,0x000000002a140000)]
  0x000000001ccac000 JavaThread "jar transforms Thread 74" [_thread_blocked, id=15204, stack(0x0000000029f40000,0x000000002a040000)]
  0x000000001ccac800 JavaThread "jar transforms Thread 73" [_thread_blocked, id=3100, stack(0x0000000029e40000,0x0000000029f40000)]
  0x000000001cca4800 JavaThread "jar transforms Thread 72" [_thread_blocked, id=6972, stack(0x0000000029d40000,0x0000000029e40000)]
  0x000000001ccab000 JavaThread "jar transforms Thread 71" [_thread_blocked, id=4688, stack(0x0000000029c40000,0x0000000029d40000)]
  0x000000001cca3800 JavaThread "jar transforms Thread 70" [_thread_blocked, id=19112, stack(0x0000000029b40000,0x0000000029c40000)]
  0x000000001cca5000 JavaThread "jar transforms Thread 69" [_thread_blocked, id=13752, stack(0x0000000029a40000,0x0000000029b40000)]
  0x000000001ccaa800 JavaThread "jar transforms Thread 68" [_thread_blocked, id=14288, stack(0x0000000029940000,0x0000000029a40000)]
  0x000000001cca9800 JavaThread "jar transforms Thread 67" [_thread_blocked, id=8068, stack(0x0000000029840000,0x0000000029940000)]
  0x000000001cca3000 JavaThread "jar transforms Thread 66" [_thread_blocked, id=2244, stack(0x0000000029740000,0x0000000029840000)]
  0x000000001cca8000 JavaThread "jar transforms Thread 65" [_thread_blocked, id=15944, stack(0x0000000029640000,0x0000000029740000)]
  0x000000001cca9000 JavaThread "jar transforms Thread 64" [_thread_blocked, id=17100, stack(0x0000000029540000,0x0000000029640000)]
  0x000000001cca2000 JavaThread "jar transforms Thread 63" [_thread_blocked, id=10100, stack(0x0000000029440000,0x0000000029540000)]
  0x000000001cca7800 JavaThread "jar transforms Thread 62" [_thread_blocked, id=372, stack(0x0000000029340000,0x0000000029440000)]
  0x0000000022839000 JavaThread "jar transforms Thread 61" [_thread_blocked, id=17544, stack(0x0000000029240000,0x0000000029340000)]
  0x0000000022838000 JavaThread "jar transforms Thread 60" [_thread_blocked, id=7796, stack(0x0000000029140000,0x0000000029240000)]
  0x000000002283a800 JavaThread "jar transforms Thread 59" [_thread_blocked, id=11464, stack(0x0000000029040000,0x0000000029140000)]
  0x0000000022835000 JavaThread "jar transforms Thread 58" [_thread_blocked, id=7672, stack(0x0000000028f40000,0x0000000029040000)]
  0x0000000022836000 JavaThread "jar transforms Thread 57" [_thread_blocked, id=5716, stack(0x0000000028e40000,0x0000000028f40000)]
  0x0000000022834800 JavaThread "jar transforms Thread 56" [_thread_blocked, id=1492, stack(0x0000000028d40000,0x0000000028e40000)]
  0x0000000022837800 JavaThread "jar transforms Thread 55" [_thread_blocked, id=1144, stack(0x0000000028c40000,0x0000000028d40000)]
  0x0000000022836800 JavaThread "jar transforms Thread 54" [_thread_blocked, id=7764, stack(0x0000000028b40000,0x0000000028c40000)]
  0x0000000022839800 JavaThread "jar transforms Thread 53" [_thread_blocked, id=13828, stack(0x0000000028a40000,0x0000000028b40000)]
  0x000000002282d000 JavaThread "jar transforms Thread 52" [_thread_blocked, id=11076, stack(0x0000000028940000,0x0000000028a40000)]
  0x0000000022833800 JavaThread "jar transforms Thread 51" [_thread_blocked, id=11952, stack(0x0000000028840000,0x0000000028940000)]
  0x000000002282c000 JavaThread "jar transforms Thread 50" [_thread_blocked, id=17680, stack(0x0000000028740000,0x0000000028840000)]
  0x0000000022833000 JavaThread "jar transforms Thread 49" [_thread_blocked, id=2512, stack(0x0000000028640000,0x0000000028740000)]
  0x0000000022830800 JavaThread "jar transforms Thread 48" [_thread_blocked, id=2700, stack(0x0000000028540000,0x0000000028640000)]
  0x000000002282f000 JavaThread "jar transforms Thread 47" [_thread_blocked, id=2516, stack(0x0000000028440000,0x0000000028540000)]
  0x000000002282e800 JavaThread "jar transforms Thread 46" [_thread_blocked, id=9596, stack(0x0000000028340000,0x0000000028440000)]
  0x0000000022832000 JavaThread "jar transforms Thread 45" [_thread_blocked, id=9924, stack(0x0000000028240000,0x0000000028340000)]
  0x000000002282b800 JavaThread "jar transforms Thread 44" [_thread_blocked, id=3572, stack(0x0000000024b70000,0x0000000024c70000)]
  0x0000000022831800 JavaThread "jar transforms Thread 43" [_thread_blocked, id=9488, stack(0x0000000024a70000,0x0000000024b70000)]
  0x0000000022830000 JavaThread "jar transforms Thread 42" [_thread_blocked, id=11408, stack(0x0000000027f30000,0x0000000028030000)]
  0x000000002282d800 JavaThread "jar transforms Thread 41" [_thread_blocked, id=13468, stack(0x0000000027e30000,0x0000000027f30000)]
  0x000000001cca0800 JavaThread "jar transforms Thread 40" [_thread_blocked, id=11508, stack(0x0000000027d30000,0x0000000027e30000)]
  0x000000001cc9f000 JavaThread "jar transforms Thread 39" [_thread_blocked, id=10676, stack(0x0000000027c30000,0x0000000027d30000)]
  0x000000001cc9f800 JavaThread "jar transforms Thread 38" [_thread_blocked, id=17560, stack(0x0000000027b30000,0x0000000027c30000)]
  0x000000001cca1000 JavaThread "jar transforms Thread 37" [_thread_blocked, id=2588, stack(0x0000000027a30000,0x0000000027b30000)]
  0x000000001cc97800 JavaThread "jar transforms Thread 36" [_thread_blocked, id=11876, stack(0x0000000027930000,0x0000000027a30000)]
  0x000000001cc9d800 JavaThread "jar transforms Thread 35" [_thread_blocked, id=14988, stack(0x0000000027830000,0x0000000027930000)]
  0x000000001cc9c000 JavaThread "jar transforms Thread 34" [_thread_blocked, id=7312, stack(0x0000000027730000,0x0000000027830000)]
  0x000000001cc9c800 JavaThread "jar transforms Thread 33" [_thread_blocked, id=10624, stack(0x0000000027630000,0x0000000027730000)]
  0x000000001cc9e000 JavaThread "jar transforms Thread 32" [_thread_blocked, id=9952, stack(0x0000000027530000,0x0000000027630000)]
  0x000000001cc9b000 JavaThread "jar transforms Thread 31" [_thread_blocked, id=13636, stack(0x0000000027430000,0x0000000027530000)]
  0x000000001cc9a800 JavaThread "jar transforms Thread 30" [_thread_blocked, id=13808, stack(0x0000000027330000,0x0000000027430000)]
  0x000000001cc98000 JavaThread "jar transforms Thread 29" [_thread_blocked, id=13568, stack(0x0000000027230000,0x0000000027330000)]
  0x000000001cc93000 JavaThread "jar transforms Thread 28" [_thread_blocked, id=8672, stack(0x0000000027130000,0x0000000027230000)]
  0x000000001cc99800 JavaThread "jar transforms Thread 27" [_thread_blocked, id=15884, stack(0x0000000027030000,0x0000000027130000)]
  0x000000001cc92000 JavaThread "jar transforms Thread 26" [_thread_blocked, id=952, stack(0x0000000026f30000,0x0000000027030000)]
  0x000000001cc96000 JavaThread "jar transforms Thread 25" [_thread_blocked, id=16336, stack(0x0000000026e30000,0x0000000026f30000)]
  0x000000001cc99000 JavaThread "jar transforms Thread 24" [_thread_blocked, id=2720, stack(0x0000000026d30000,0x0000000026e30000)]
  0x000000001cc95000 JavaThread "jar transforms Thread 23" [_thread_blocked, id=6988, stack(0x0000000026c30000,0x0000000026d30000)]
  0x000000001cc96800 JavaThread "jar transforms Thread 22" [_thread_blocked, id=15544, stack(0x0000000026b30000,0x0000000026c30000)]
  0x000000001cc94800 JavaThread "jar transforms Thread 21" [_thread_blocked, id=4948, stack(0x0000000026a30000,0x0000000026b30000)]
  0x000000001cc93800 JavaThread "jar transforms Thread 20" [_thread_blocked, id=15892, stack(0x0000000026930000,0x0000000026a30000)]
  0x000000001b150800 JavaThread "jar transforms Thread 19" [_thread_blocked, id=9268, stack(0x0000000026830000,0x0000000026930000)]
  0x000000001b156800 JavaThread "jar transforms Thread 18" [_thread_blocked, id=18620, stack(0x0000000026730000,0x0000000026830000)]
  0x000000001b155800 JavaThread "jar transforms Thread 17" [_thread_blocked, id=10696, stack(0x0000000026630000,0x0000000026730000)]
  0x000000001b14f800 JavaThread "jar transforms Thread 16" [_thread_blocked, id=9528, stack(0x0000000026530000,0x0000000026630000)]
  0x000000001b155000 JavaThread "jar transforms Thread 15" [_thread_blocked, id=4172, stack(0x0000000026430000,0x0000000026530000)]
  0x000000001b154000 JavaThread "jar transforms Thread 14" [_thread_blocked, id=13712, stack(0x0000000026330000,0x0000000026430000)]
  0x000000001b152000 JavaThread "jar transforms Thread 13" [_thread_blocked, id=15364, stack(0x0000000026230000,0x0000000026330000)]
  0x000000001b153800 JavaThread "jar transforms Thread 12" [_thread_blocked, id=1176, stack(0x0000000026130000,0x0000000026230000)]
  0x000000001b152800 JavaThread "jar transforms Thread 11" [_thread_blocked, id=19132, stack(0x0000000026030000,0x0000000026130000)]
  0x000000001b151000 JavaThread "jar transforms Thread 10" [_thread_blocked, id=3776, stack(0x0000000025f30000,0x0000000026030000)]
  0x00000000208c8800 JavaThread "jar transforms Thread 9" [_thread_blocked, id=1440, stack(0x0000000025e30000,0x0000000025f30000)]
  0x00000000208c6000 JavaThread "jar transforms Thread 8" [_thread_blocked, id=5228, stack(0x0000000025d30000,0x0000000025e30000)]
  0x00000000208c4800 JavaThread "jar transforms Thread 7" [_thread_blocked, id=11104, stack(0x0000000025c30000,0x0000000025d30000)]
  0x00000000208c3000 JavaThread "jar transforms Thread 6" [_thread_blocked, id=2712, stack(0x0000000025b30000,0x0000000025c30000)]
  0x00000000208c7000 JavaThread "jar transforms Thread 5" [_thread_blocked, id=7128, stack(0x0000000025a30000,0x0000000025b30000)]
  0x00000000208c2800 JavaThread "jar transforms Thread 4" [_thread_blocked, id=18472, stack(0x0000000025930000,0x0000000025a30000)]
  0x00000000208c4000 JavaThread "jar transforms Thread 3" [_thread_blocked, id=17884, stack(0x0000000025830000,0x0000000025930000)]
  0x00000000208c7800 JavaThread "jar transforms Thread 2" [_thread_blocked, id=6456, stack(0x0000000024c80000,0x0000000024d80000)]
  0x00000000208c9000 JavaThread "Build operations Thread 8" [_thread_blocked, id=8176, stack(0x00000000254b0000,0x00000000255b0000)]
  0x00000000208c5800 JavaThread "Build operations Thread 7" [_thread_blocked, id=3252, stack(0x00000000253b0000,0x00000000254b0000)]
  0x00000000208ba800 JavaThread "Build operations Thread 6" [_thread_blocked, id=16756, stack(0x00000000252b0000,0x00000000253b0000)]
  0x00000000208c0000 JavaThread "Build operations Thread 5" [_thread_blocked, id=14028, stack(0x00000000251b0000,0x00000000252b0000)]
  0x00000000208bf800 JavaThread "Build operations Thread 4" [_thread_blocked, id=2088, stack(0x00000000250b0000,0x00000000251b0000)]
  0x00000000208bd000 JavaThread "Build operations Thread 3" [_thread_blocked, id=18020, stack(0x0000000024fb0000,0x00000000250b0000)]
  0x00000000208bc000 JavaThread "Build operations Thread 2" [_thread_blocked, id=2740, stack(0x0000000024eb0000,0x0000000024fb0000)]
  0x00000000208c1800 JavaThread "Build operations" [_thread_blocked, id=10268, stack(0x0000000024db0000,0x0000000024eb0000)]
  0x000000001b23d800 JavaThread "Cache worker for file content cache (C:\Users\Lenovo\.gradle\caches\6.5\fileContent)" [_thread_blocked, id=16524, stack(0x00000000233a0000,0x00000000234a0000)]
  0x000000001b239800 JavaThread "jar transforms" [_thread_blocked, id=6992, stack(0x00000000232a0000,0x00000000233a0000)]
  0x000000001b239000 JavaThread "Cache worker for execution history cache (C:\Users\Lenovo\.gradle\caches\6.5\executionHistory)" [_thread_blocked, id=11492, stack(0x0000000022ba0000,0x0000000022ca0000)]
  0x000000001b23c000 JavaThread "Cache worker for cache directory md-rule (C:\Users\Lenovo\.gradle\caches\6.5\md-rule)" [_thread_blocked, id=15960, stack(0x0000000022aa0000,0x0000000022ba0000)]
  0x000000001b23c800 JavaThread "Cache worker for cache directory md-supplier (C:\Users\Lenovo\.gradle\caches\6.5\md-supplier)" [_thread_blocked, id=15352, stack(0x0000000021900000,0x0000000021a00000)]
  0x000000001b23b000 JavaThread "Cache worker for checksums cache (D:\semester-5\pemrograman-perangkat-bergerak\ets\.gradle\checksums)" [_thread_blocked, id=10820, stack(0x0000000021540000,0x0000000021640000)]
  0x000000001b240000 JavaThread "Cache worker for file hash cache (D:\semester-5\pemrograman-perangkat-bergerak\ets\.gradle\6.5\fileHashes)" [_thread_blocked, id=6924, stack(0x000000001f070000,0x000000001f170000)]
  0x000000001b23f000 JavaThread "Cache worker for file hash cache (C:\Users\Lenovo\.gradle\caches\6.5\fileHashes)" [_thread_blocked, id=14596, stack(0x000000001ef70000,0x000000001f070000)]
  0x000000001b23e800 JavaThread "File lock request listener" [_thread_in_native, id=15844, stack(0x000000001ee70000,0x000000001ef70000)]
  0x000000001cbcc800 JavaThread "Cache worker for journal cache (C:\Users\Lenovo\.gradle\caches\journal-1)" [_thread_blocked, id=3364, stack(0x000000001ed70000,0x000000001ee70000)]
  0x000000001b053000 JavaThread "Thread-9" [_thread_blocked, id=5112, stack(0x000000001ea70000,0x000000001eb70000)]
  0x000000001b01c800 JavaThread "Stdin handler" [_thread_blocked, id=17080, stack(0x000000001e970000,0x000000001ea70000)]
  0x000000001b01a000 JavaThread "Asynchronous log dispatcher for DefaultDaemonConnection: socket connection from /127.0.0.1:58832 to /127.0.0.1:58833" [_thread_blocked, id=13264, stack(0x000000001e870000,0x000000001e970000)]
  0x000000001af84000 JavaThread "Daemon worker" [_thread_in_Java, id=7984, stack(0x000000001e770000,0x000000001e870000)]
  0x000000001af9f000 JavaThread "Cancel handler" [_thread_blocked, id=14792, stack(0x000000001e670000,0x000000001e770000)]
  0x000000001af8c800 JavaThread "Handler for socket connection from /127.0.0.1:58832 to /127.0.0.1:58833" [_thread_in_native, id=13424, stack(0x000000001e570000,0x000000001e670000)]
  0x000000001a1ae000 JavaThread "Daemon" [_thread_blocked, id=11964, stack(0x000000001e270000,0x000000001e370000)]
  0x000000001cb1b800 JavaThread "Daemon periodic checks" [_thread_blocked, id=8644, stack(0x000000001e170000,0x000000001e270000)]
  0x000000001cb0c000 JavaThread "Incoming local TCP Connector on port 58832" [_thread_in_native, id=11452, stack(0x000000001df30000,0x000000001e030000)]
  0x000000001ca6d800 JavaThread "Daemon health stats" [_thread_blocked, id=15256, stack(0x000000001d8f0000,0x000000001d9f0000)]
  0x000000001a110000 JavaThread "Service Thread" daemon [_thread_blocked, id=10796, stack(0x000000001ad50000,0x000000001ae50000)]
  0x000000001a08f000 JavaThread "C1 CompilerThread3" daemon [_thread_blocked, id=3144, stack(0x000000001ac50000,0x000000001ad50000)]
  0x000000001a087800 JavaThread "C2 CompilerThread2" daemon [_thread_in_native, id=2556, stack(0x000000001ab50000,0x000000001ac50000)]
=>0x000000001829b000 JavaThread "C2 CompilerThread1" daemon [_thread_in_native, id=8092, stack(0x000000001aa50000,0x000000001ab50000)]
  0x000000001a083000 JavaThread "C2 CompilerThread0" daemon [_thread_in_native, id=14052, stack(0x000000001a950000,0x000000001aa50000)]
  0x000000001a082000 JavaThread "Attach Listener" daemon [_thread_blocked, id=8712, stack(0x000000001a850000,0x000000001a950000)]
  0x000000001a081000 JavaThread "Signal Dispatcher" daemon [_thread_blocked, id=17972, stack(0x000000001a750000,0x000000001a850000)]
  0x000000000321e000 JavaThread "Finalizer" daemon [_thread_blocked, id=19028, stack(0x000000001a550000,0x000000001a650000)]
  0x0000000003217000 JavaThread "Reference Handler" daemon [_thread_blocked, id=2264, stack(0x000000001a450000,0x000000001a550000)]
  0x0000000002f7e000 JavaThread "main" [_thread_blocked, id=8740, stack(0x0000000003020000,0x0000000003120000)]

Other Threads:
  0x0000000018286000 VMThread [stack: 0x0000000019f50000,0x000000001a050000] [id=13416]
  0x000000001a111000 WatcherThread [stack: 0x000000001ae50000,0x000000001af50000] [id=18356]

VM state:not at safepoint (normal execution)

VM Mutex/Monitor currently owned by a thread: None

heap address: 0x0000000080000000, size: 2048 MB, Compressed Oops mode: 32-bit
Narrow klass base: 0x0000000000000000, Narrow klass shift: 3
Compressed class space size: 1073741824 Address: 0x0000000100000000

Heap:
 PSYoungGen      total 184320K, used 162571K [0x00000000d5580000, 0x00000000e2b80000, 0x0000000100000000)
  eden space 173056K, 87% used [0x00000000d5580000,0x00000000de949a28,0x00000000dfe80000)
  from space 11264K, 99% used [0x00000000e2080000,0x00000000e2b795a0,0x00000000e2b80000)
  to   space 12800K, 0% used [0x00000000e1280000,0x00000000e1280000,0x00000000e1f00000)
 ParOldGen       total 114688K, used 17429K [0x0000000080000000, 0x0000000087000000, 0x00000000d5580000)
  object space 114688K, 15% used [0x0000000080000000,0x0000000081105720,0x0000000087000000)
 Metaspace       used 55915K, capacity 58018K, committed 58280K, reserved 1099776K
  class space    used 7341K, capacity 7766K, committed 7856K, reserved 1048576K

Card table byte_map: [0x00000000125e0000,0x00000000129f0000] byte_map_base: 0x00000000121e0000

Marking Bits: (ParMarkBitMap*) 0x0000000066eff030
 Begin Bits: [0x00000000134a0000, 0x00000000154a0000)
 End Bits:   [0x00000000154a0000, 0x00000000174a0000)

Polling page: 0x00000000012b0000

CodeCache: size=245760Kb used=16534Kb max_used=16534Kb free=229225Kb
 bounds [0x0000000003220000, 0x0000000004260000, 0x0000000012220000]
 total_blobs=5681 nmethods=4891 adapters=702
 compilation: enabled

Compilation events (10 events):
Event: 6.366 Thread 0x000000001a08f000 nmethod 5314 0x000000000423aa10 code [0x000000000423ab80, 0x000000000423ae68]
Event: 6.367 Thread 0x000000001a08f000 5315       3       java.beans.MethodDescriptor::resolve (32 bytes)
Event: 6.367 Thread 0x000000001a08f000 nmethod 5315 0x000000000423af10 code [0x000000000423b0c0, 0x000000000423b750]
Event: 6.367 Thread 0x000000001a08f000 5316       3       java.beans.MethodDescriptor::<init> (111 bytes)
Event: 6.368 Thread 0x000000001a08f000 nmethod 5316 0x000000000423fe50 code [0x0000000004240060, 0x0000000004240c98]
Event: 6.369 Thread 0x000000001a08f000 5318   !   3       java.beans.PropertyDescriptor::<init> (347 bytes)
Event: 6.369 Thread 0x000000001a083000 nmethod 5308 0x0000000004241150 code [0x0000000004241480, 0x0000000004242cf8]
Event: 6.369 Thread 0x000000001a083000 5309       4       org.codehaus.groovy.runtime.metaclass.MetaMethodIndex::addMethodToList (298 bytes)
Event: 6.372 Thread 0x000000001a08f000 nmethod 5318 0x0000000004245c90 code [0x00000000042462c0, 0x000000000424ac18]
Event: 6.372 Thread 0x000000001a08f000 5319       3       java.beans.PropertyDescriptor::isAssignable (148 bytes)

GC Heap History (10 events):
Event: 2.477 GC heap before
{Heap before GC invocations=6 (full 1):
 PSYoungGen      total 105984K, used 7261K [0x00000000d5580000, 0x00000000e2b80000, 0x0000000100000000)
  eden space 98304K, 0% used [0x00000000d5580000,0x00000000d5580000,0x00000000db580000)
  from space 7680K, 94% used [0x00000000db580000,0x00000000dbc97490,0x00000000dbd00000)
  to   space 11264K, 0% used [0x00000000e2080000,0x00000000e2080000,0x00000000e2b80000)
 ParOldGen       total 130048K, used 4129K [0x0000000080000000, 0x0000000087f00000, 0x00000000d5580000)
  object space 130048K, 3% used [0x0000000080000000,0x00000000804084c0,0x0000000087f00000)
 Metaspace       used 20585K, capacity 21224K, committed 21296K, reserved 1067008K
  class space    used 2876K, capacity 3076K, committed 3120K, reserved 1048576K
Event: 2.502 GC heap after
Heap after GC invocations=6 (full 1):
 PSYoungGen      total 105984K, used 0K [0x00000000d5580000, 0x00000000e2b80000, 0x0000000100000000)
  eden space 98304K, 0% used [0x00000000d5580000,0x00000000d5580000,0x00000000db580000)
  from space 7680K, 0% used [0x00000000db580000,0x00000000db580000,0x00000000dbd00000)
  to   space 11264K, 0% used [0x00000000e2080000,0x00000000e2080000,0x00000000e2b80000)
 ParOldGen       total 70656K, used 7562K [0x0000000080000000, 0x0000000084500000, 0x00000000d5580000)
  object space 70656K, 10% used [0x0000000080000000,0x0000000080762908,0x0000000084500000)
 Metaspace       used 20585K, capacity 21224K, committed 21296K, reserved 1067008K
  class space    used 2876K, capacity 3076K, committed 3120K, reserved 1048576K
}
Event: 3.260 GC heap before
{Heap before GC invocations=7 (full 1):
 PSYoungGen      total 105984K, used 98304K [0x00000000d5580000, 0x00000000e2b80000, 0x0000000100000000)
  eden space 98304K, 100% used [0x00000000d5580000,0x00000000db580000,0x00000000db580000)
  from space 7680K, 0% used [0x00000000db580000,0x00000000db580000,0x00000000dbd00000)
  to   space 11264K, 0% used [0x00000000e2080000,0x00000000e2080000,0x00000000e2b80000)
 ParOldGen       total 70656K, used 7562K [0x0000000080000000, 0x0000000084500000, 0x00000000d5580000)
  object space 70656K, 10% used [0x0000000080000000,0x0000000080762908,0x0000000084500000)
 Metaspace       used 31163K, capacity 32084K, committed 32432K, reserved 1077248K
  class space    used 4225K, capacity 4435K, committed 4528K, reserved 1048576K
Event: 3.270 GC heap after
Heap after GC invocations=7 (full 1):
 PSYoungGen      total 184320K, used 11252K [0x00000000d5580000, 0x00000000e2b80000, 0x0000000100000000)
  eden space 173056K, 0% used [0x00000000d5580000,0x00000000d5580000,0x00000000dfe80000)
  from space 11264K, 99% used [0x00000000e2080000,0x00000000e2b7d138,0x00000000e2b80000)
  to   space 12800K, 0% used [0x00000000e1280000,0x00000000e1280000,0x00000000e1f00000)
 ParOldGen       total 70656K, used 7602K [0x0000000080000000, 0x0000000084500000, 0x00000000d5580000)
  object space 70656K, 10% used [0x0000000080000000,0x000000008076cb70,0x0000000084500000)
 Metaspace       used 31163K, capacity 32084K, committed 32432K, reserved 1077248K
  class space    used 4225K, capacity 4435K, committed 4528K, reserved 1048576K
}
Event: 3.767 GC heap before
{Heap before GC invocations=8 (full 1):
 PSYoungGen      total 184320K, used 80798K [0x00000000d5580000, 0x00000000e2b80000, 0x0000000100000000)
  eden space 173056K, 40% used [0x00000000d5580000,0x00000000d996aa30,0x00000000dfe80000)
  from space 11264K, 99% used [0x00000000e2080000,0x00000000e2b7d138,0x00000000e2b80000)
  to   space 12800K, 0% used [0x00000000e1280000,0x00000000e1280000,0x00000000e1f00000)
 ParOldGen       total 70656K, used 7602K [0x0000000080000000, 0x0000000084500000, 0x00000000d5580000)
  object space 70656K, 10% used [0x0000000080000000,0x000000008076cb70,0x0000000084500000)
 Metaspace       used 34255K, capacity 35408K, committed 35496K, reserved 1079296K
  class space    used 4719K, capacity 5001K, committed 5040K, reserved 1048576K
Event: 3.780 GC heap after
Heap after GC invocations=8 (full 1):
 PSYoungGen      total 185856K, used 10092K [0x00000000d5580000, 0x00000000e2b80000, 0x0000000100000000)
  eden space 173056K, 0% used [0x00000000d5580000,0x00000000d5580000,0x00000000dfe80000)
  from space 12800K, 78% used [0x00000000e1280000,0x00000000e1c5b130,0x00000000e1f00000)
  to   space 11264K, 0% used [0x00000000e2080000,0x00000000e2080000,0x00000000e2b80000)
 ParOldGen       total 70656K, used 7610K [0x0000000080000000, 0x0000000084500000, 0x00000000d5580000)
  object space 70656K, 10% used [0x0000000080000000,0x000000008076eb70,0x0000000084500000)
 Metaspace       used 34255K, capacity 35408K, committed 35496K, reserved 1079296K
  class space    used 4719K, capacity 5001K, committed 5040K, reserved 1048576K
}
Event: 3.780 GC heap before
{Heap before GC invocations=9 (full 2):
 PSYoungGen      total 185856K, used 10092K [0x00000000d5580000, 0x00000000e2b80000, 0x0000000100000000)
  eden space 173056K, 0% used [0x00000000d5580000,0x00000000d5580000,0x00000000dfe80000)
  from space 12800K, 78% used [0x00000000e1280000,0x00000000e1c5b130,0x00000000e1f00000)
  to   space 11264K, 0% used [0x00000000e2080000,0x00000000e2080000,0x00000000e2b80000)
 ParOldGen       total 70656K, used 7610K [0x0000000080000000, 0x0000000084500000, 0x00000000d5580000)
  object space 70656K, 10% used [0x0000000080000000,0x000000008076eb70,0x0000000084500000)
 Metaspace       used 34255K, capacity 35408K, committed 35496K, reserved 1079296K
  class space    used 4719K, capacity 5001K, committed 5040K, reserved 1048576K
Event: 3.879 GC heap after
Heap after GC invocations=9 (full 2):
 PSYoungGen      total 185856K, used 0K [0x00000000d5580000, 0x00000000e2b80000, 0x0000000100000000)
  eden space 173056K, 0% used [0x00000000d5580000,0x00000000d5580000,0x00000000dfe80000)
  from space 12800K, 0% used [0x00000000e1280000,0x00000000e1280000,0x00000000e1f00000)
  to   space 11264K, 0% used [0x00000000e2080000,0x00000000e2080000,0x00000000e2b80000)
 ParOldGen       total 114688K, used 16359K [0x0000000080000000, 0x0000000087000000, 0x00000000d5580000)
  object space 114688K, 14% used [0x0000000080000000,0x0000000080ff9fe0,0x0000000087000000)
 Metaspace       used 34255K, capacity 35408K, committed 35496K, reserved 1079296K
  class space    used 4719K, capacity 5001K, committed 5040K, reserved 1048576K
}
Event: 4.974 GC heap before
{Heap before GC invocations=10 (full 2):
 PSYoungGen      total 185856K, used 173056K [0x00000000d5580000, 0x00000000e2b80000, 0x0000000100000000)
  eden space 173056K, 100% used [0x00000000d5580000,0x00000000dfe80000,0x00000000dfe80000)
  from space 12800K, 0% used [0x00000000e1280000,0x00000000e1280000,0x00000000e1f00000)
  to   space 11264K, 0% used [0x00000000e2080000,0x00000000e2080000,0x00000000e2b80000)
 ParOldGen       total 114688K, used 16359K [0x0000000080000000, 0x0000000087000000, 0x00000000d5580000)
  object space 114688K, 14% used [0x0000000080000000,0x0000000080ff9fe0,0x0000000087000000)
 Metaspace       used 41632K, capacity 43326K, committed 43432K, reserved 1087488K
  class space    used 5660K, capacity 6011K, committed 6064K, reserved 1048576K
Event: 4.982 GC heap after
Heap after GC invocations=10 (full 2):
 PSYoungGen      total 184320K, used 11237K [0x00000000d5580000, 0x00000000e2b80000, 0x0000000100000000)
  eden space 173056K, 0% used [0x00000000d5580000,0x00000000d5580000,0x00000000dfe80000)
  from space 11264K, 99% used [0x00000000e2080000,0x00000000e2b795a0,0x00000000e2b80000)
  to   space 12800K, 0% used [0x00000000e1280000,0x00000000e1280000,0x00000000e1f00000)
 ParOldGen       total 114688K, used 17429K [0x0000000080000000, 0x0000000087000000, 0x00000000d5580000)
  object space 114688K, 15% used [0x0000000080000000,0x0000000081105720,0x0000000087000000)
 Metaspace       used 41632K, capacity 43326K, committed 43432K, reserved 1087488K
  class space    used 5660K, capacity 6011K, committed 6064K, reserved 1048576K
}

Deoptimization events (10 events):
Event: 6.311 Thread 0x0000000022a7a000 Uncommon trap: reason=class_check action=maybe_recompile pc=0x0000000003dd079c method=java.util.regex.Matcher.search(I)Z @ 86
Event: 6.311 Thread 0x0000000022a7a000 Uncommon trap: reason=class_check action=maybe_recompile pc=0x0000000003dd079c method=java.util.regex.Matcher.search(I)Z @ 86
Event: 6.311 Thread 0x0000000022a7a000 Uncommon trap: reason=class_check action=maybe_recompile pc=0x0000000003dd079c method=java.util.regex.Matcher.search(I)Z @ 86
Event: 6.311 Thread 0x0000000022a7a000 Uncommon trap: reason=unstable_if action=reinterpret pc=0x00000000036a4db0 method=org.objectweb.asm.MethodWriter.visitLabel(Lorg/objectweb/asm/Label;)V @ 312
Event: 6.311 Thread 0x0000000022a7a000 Uncommon trap: reason=unstable_if action=reinterpret pc=0x00000000040e9e64 method=org.objectweb.asm.MethodWriter.visitInsn(I)V @ 32
Event: 6.312 Thread 0x0000000022a7a000 Uncommon trap: reason=unstable_if action=reinterpret pc=0x00000000033deacc method=org.objectweb.asm.MethodWriter.visitMethodInsn(ILjava/lang/String;Ljava/lang/String;Ljava/lang/String;Z)V @ 89
Event: 6.312 Thread 0x0000000022a7a000 Uncommon trap: reason=unstable_if action=reinterpret pc=0x000000000340c4b0 method=org.objectweb.asm.MethodWriter.visitVarInsn(II)V @ 116
Event: 6.319 Thread 0x0000000022a7a000 Uncommon trap: reason=unstable_if action=reinterpret pc=0x0000000003cc3620 method=org.objectweb.asm.ByteVector.putInt(I)Lorg/objectweb/asm/ByteVector; @ 13
Event: 6.320 Thread 0x0000000022a7a000 Uncommon trap: reason=unstable_if action=reinterpret pc=0x00000000041fb8d0 method=java.io.BufferedOutputStream.write([BII)V @ 35
Event: 6.333 Thread 0x000000001cbcc800 Uncommon trap: reason=unstable_if action=reinterpret pc=0x00000000041fb0c0 method=java.io.BufferedOutputStream.write([BII)V @ 35

Classes redefined (0 events):
No events

Internal exceptions (10 events):
Event: 6.362 Thread 0x000000001af84000 Exception <a 'java/lang/ClassNotFoundException': com/android/build/gradle/AppExtensionBeanInfo> (0x00000000de401670) thrown at [C:\src\AOSP-openjdk-git\hotspot\src\share\vm\classfile\systemDictionary.cpp, line 210]
Event: 6.363 Thread 0x000000001af84000 Exception <a 'java/lang/ClassNotFoundException': com/android/build/gradle/AbstractAppExtensionBeanInfo> (0x00000000de41f948) thrown at [C:\src\AOSP-openjdk-git\hotspot\src\share\vm\classfile\systemDictionary.cpp, line 210]
Event: 6.363 Thread 0x000000001af84000 Exception <a 'java/lang/ClassNotFoundException': com/android/build/gradle/TestedExtensionBeanInfo> (0x00000000de43be50) thrown at [C:\src\AOSP-openjdk-git\hotspot\src\share\vm\classfile\systemDictionary.cpp, line 210]
Event: 6.363 Thread 0x000000001af84000 Exception <a 'java/lang/ClassNotFoundException': com/android/build/gradle/BaseExtensionBeanInfo> (0x00000000de457460) thrown at [C:\src\AOSP-openjdk-git\hotspot\src\share\vm\classfile\systemDictionary.cpp, line 210]
Event: 6.363 Thread 0x000000001af84000 Exception <a 'java/lang/ClassNotFoundException': com/android/build/gradle/BaseExtensionCustomizer> (0x00000000de473898) thrown at [C:\src\AOSP-openjdk-git\hotspot\src\share\vm\classfile\systemDictionary.cpp, line 210]
Event: 6.365 Thread 0x000000001af84000 Exception <a 'java/lang/ClassNotFoundException': com/android/build/gradle/TestedExtensionCustomizer> (0x00000000de50b100) thrown at [C:\src\AOSP-openjdk-git\hotspot\src\share\vm\classfile\systemDictionary.cpp, line 210]
Event: 6.366 Thread 0x000000001af84000 Exception <a 'java/lang/ClassNotFoundException': com/android/build/gradle/AbstractAppExtensionCustomizer> (0x00000000de546fa0) thrown at [C:\src\AOSP-openjdk-git\hotspot\src\share\vm\classfile\systemDictionary.cpp, line 210]
Event: 6.366 Thread 0x000000001af84000 Exception <a 'java/lang/ClassNotFoundException': com/android/build/gradle/AppExtensionCustomizer> (0x00000000de57bf70) thrown at [C:\src\AOSP-openjdk-git\hotspot\src\share\vm\classfile\systemDictionary.cpp, line 210]
Event: 6.367 Thread 0x000000001af84000 Exception <a 'java/lang/ClassNotFoundException': com/android/build/gradle/internal/dsl/BaseAppModuleExtensionCustomizer> (0x00000000de5b69d8) thrown at [C:\src\AOSP-openjdk-git\hotspot\src\share\vm\classfile\systemDictionary.cpp, line 210]
Event: 6.369 Thread 0x000000001af84000 Exception <a 'java/lang/ClassNotFoundException': com/android/build/gradle/internal/dsl/BaseAppModuleExtension_DecoratedCustomizer> (0x00000000de6d1220) thrown at [C:\src\AOSP-openjdk-git\hotspot\src\share\vm\classfile\systemDictionary.cpp, line 210]

Events (10 events):
Event: 6.367 loading class com/android/build/gradle/internal/dsl/BaseAppModuleExtensionCustomizer
Event: 6.367 loading class com/android/build/gradle/internal/dsl/BaseAppModuleExtensionCustomizer done
Event: 6.369 loading class com/android/build/gradle/internal/dsl/BaseAppModuleExtension_DecoratedCustomizer
Event: 6.369 loading class com/android/build/gradle/internal/dsl/BaseAppModuleExtension_DecoratedCustomizer done
Event: 6.369 loading class com/android/build/gradle/internal/dsl/BaseAppModuleExtension_DecoratedCustomizer
Event: 6.369 loading class com/android/build/gradle/internal/dsl/BaseAppModuleExtension_DecoratedCustomizer done
Event: 6.373 loading class groovy/runtime/metaclass/build_b9k17wvhln9k5719xjlkkt6q6$_run_closure1$_closure3MetaClass
Event: 6.373 loading class groovy/runtime/metaclass/build_b9k17wvhln9k5719xjlkkt6q6$_run_closure1$_closure3MetaClass done
Event: 6.374 loading class org/gradle/util/ConfigureUtil
Event: 6.374 loading class org/gradle/util/ConfigureUtil done


Dynamic libraries:
0x00007ff66d160000 - 0x00007ff66d191000 	C:\Program Files\Android\Android Studio\jre\bin\java.exe
0x00007ffd3ba90000 - 0x00007ffd3bc85000 	C:\Windows\SYSTEM32\ntdll.dll
0x00007ffd3adb0000 - 0x00007ffd3ae6e000 	C:\Windows\System32\KERNEL32.DLL
0x00007ffd39580000 - 0x00007ffd39849000 	C:\Windows\System32\KERNELBASE.dll
0x00007ffd3a590000 - 0x00007ffd3a63c000 	C:\Windows\System32\ADVAPI32.dll
0x00007ffd3b5e0000 - 0x00007ffd3b67e000 	C:\Windows\System32\msvcrt.dll
0x00007ffd3b680000 - 0x00007ffd3b71b000 	C:\Windows\System32\sechost.dll
0x00007ffd3b4b0000 - 0x00007ffd3b5da000 	C:\Windows\System32\RPCRT4.dll
0x00007ffd3ae70000 - 0x00007ffd3b011000 	C:\Windows\System32\USER32.dll
0x00007ffd39a10000 - 0x00007ffd39a32000 	C:\Windows\System32\win32u.dll
0x00007ffd3a650000 - 0x00007ffd3a67b000 	C:\Windows\System32\GDI32.dll
0x00007ffd39900000 - 0x00007ffd39a0b000 	C:\Windows\System32\gdi32full.dll
0x00007ffd39a40000 - 0x00007ffd39add000 	C:\Windows\System32\msvcp_win.dll
0x00007ffd393d0000 - 0x00007ffd394d0000 	C:\Windows\System32\ucrtbase.dll
0x00007ffd1caa0000 - 0x00007ffd1cd3a000 	C:\Windows\WinSxS\amd64_microsoft.windows.common-controls_6595b64144ccf1df_6.0.19041.1110_none_60b5254171f9507e\COMCTL32.dll
0x00007ffd3abc0000 - 0x00007ffd3abf0000 	C:\Windows\System32\IMM32.DLL
0x0000000067520000 - 0x00000000675f2000 	C:\Program Files\Android\Android Studio\jre\jre\bin\msvcr100.dll
0x0000000066730000 - 0x0000000066f7b000 	C:\Program Files\Android\Android Studio\jre\jre\bin\server\jvm.dll
0x00007ffd39d80000 - 0x00007ffd39d88000 	C:\Windows\System32\PSAPI.DLL
0x00007ffd23a30000 - 0x00007ffd23a57000 	C:\Windows\SYSTEM32\WINMM.dll
0x00007ffd2f0f0000 - 0x00007ffd2f0fa000 	C:\Windows\SYSTEM32\VERSION.dll
0x00007ffd05860000 - 0x00007ffd05869000 	C:\Windows\SYSTEM32\WSOCK32.dll
0x00007ffd3b720000 - 0x00007ffd3b78b000 	C:\Windows\System32\WS2_32.dll
0x00007ffd304a0000 - 0x00007ffd304af000 	C:\Program Files\Android\Android Studio\jre\jre\bin\verify.dll
0x00007ffd2b8f0000 - 0x00007ffd2b919000 	C:\Program Files\Android\Android Studio\jre\jre\bin\java.dll
0x00007ffd2b850000 - 0x00007ffd2b866000 	C:\Program Files\Android\Android Studio\jre\jre\bin\zip.dll
0x00007ffd39d90000 - 0x00007ffd3a4cf000 	C:\Windows\System32\SHELL32.dll
0x00007ffd371a0000 - 0x00007ffd37930000 	C:\Windows\SYSTEM32\windows.storage.dll
0x00007ffd3b020000 - 0x00007ffd3b375000 	C:\Windows\System32\combase.dll
0x00007ffd38c00000 - 0x00007ffd38c2c000 	C:\Windows\SYSTEM32\Wldp.dll
0x00007ffd39bb0000 - 0x00007ffd39c5d000 	C:\Windows\System32\SHCORE.dll
0x00007ffd3a680000 - 0x00007ffd3a6d5000 	C:\Windows\System32\shlwapi.dll
0x00007ffd390f0000 - 0x00007ffd3910f000 	C:\Windows\SYSTEM32\profapi.dll
0x00007ffd2b830000 - 0x00007ffd2b84a000 	C:\Program Files\Android\Android Studio\jre\jre\bin\net.dll
0x00007ffd38960000 - 0x00007ffd389ca000 	C:\Windows\system32\mswsock.dll
0x00007ffd20000000 - 0x00007ffd20013000 	C:\Program Files\Android\Android Studio\jre\jre\bin\nio.dll
0x00007ffd0c770000 - 0x00007ffd0c797000 	C:\Users\Lenovo\.gradle\native\f6784746aeab05261644944871eae4fe03e0ef1612fff0a4a95f87b438bc6780\windows-amd64\native-platform.dll
0x00007ffd300e0000 - 0x00007ffd300ed000 	C:\Program Files\Android\Android Studio\jre\jre\bin\management.dll
0x00007ffd38b50000 - 0x00007ffd38b68000 	C:\Windows\SYSTEM32\CRYPTSP.dll
0x00007ffd38270000 - 0x00007ffd382a4000 	C:\Windows\system32\rsaenh.dll
0x00007ffd39240000 - 0x00007ffd39267000 	C:\Windows\System32\bcrypt.dll
0x00007ffd390b0000 - 0x00007ffd390de000 	C:\Windows\SYSTEM32\USERENV.dll
0x00007ffd391b0000 - 0x00007ffd39233000 	C:\Windows\System32\bcryptprimitives.dll
0x00007ffd38b70000 - 0x00007ffd38b7c000 	C:\Windows\SYSTEM32\CRYPTBASE.dll
0x00007ffd38600000 - 0x00007ffd3863b000 	C:\Windows\SYSTEM32\IPHLPAPI.DLL
0x00007ffd3a4d0000 - 0x00007ffd3a4d8000 	C:\Windows\System32\NSI.dll
0x00007ffd2ec20000 - 0x00007ffd2ec37000 	C:\Windows\SYSTEM32\dhcpcsvc6.DLL
0x00007ffd2eb80000 - 0x00007ffd2eb9d000 	C:\Windows\SYSTEM32\dhcpcsvc.DLL
0x00007ffd38640000 - 0x00007ffd3870c000 	C:\Windows\SYSTEM32\DNSAPI.dll
0x00007ffd2ec40000 - 0x00007ffd2ec4b000 	C:\Windows\SYSTEM32\WINNSI.DLL

VM Arguments:
jvm_args: -Xmx2048m -Dfile.encoding=UTF-8 -Duser.country=ID -Duser.language=en -Duser.variant 
java_command: org.gradle.launcher.daemon.bootstrap.GradleDaemon 6.5
java_class_path (initial): C:\Users\Lenovo\.gradle\wrapper\dists\gradle-6.5-bin\6nifqtx7604sqp1q6g8wikw7p\gradle-6.5\lib\gradle-launcher-6.5.jar
Launcher Type: SUN_STANDARD

Environment Variables:
PATH=C:\Program Files\ImageMagick-7.0.11-Q16-HDRI;C:\Program Files (x86)\VMware\VMware Player\bin\;C:\Windows\system32;C:\Windows;C:\Windows\System32\Wbem;C:\Windows\System32\WindowsPowerShell\v1.0\;C:\Windows\System32\OpenSSH\;C:\Program Files (x86)\NVIDIA Corporation\PhysX\Common;C:\Program Files\NVIDIA Corporation\NVIDIA NvDLISR;C:\src\flutter\bin;C:\Program Files\Git\cmd;C:\xampp\php;C:\ProgramData\ComposerSetup\bin;C:\Program Files\nodejs\;C:\Program Files\MongoDB\Server\4.4\bin;C:\MinGW\bin;C:\Program Files\dotnet\;C:\xampp\apache\bin;C:\Program Files\ImageMagick-7.0.11-Q16-HDRI;;C:\Program Files\Docker\Docker\resources\bin;C:\ProgramData\DockerDesktop\version-bin;C:\Users\Lenovo\AppData\Local\Programs\Python\Python39\Scripts\;C:\Users\Lenovo\AppData\Local\Programs\Python\Python39\;C:\Users\Lenovo\AppData\Local\Microsoft\WindowsApps;;C:\Users\Lenovo\AppData\Local\Programs\Microsoft VS Code\bin;C:\Users\Lenovo\AppData\Roaming\Composer\vendor\bin;C:\Program Files\heroku\bin;C:\Users\Lenovo\AppData\Roaming\npm
USERNAME=Lenovo
OS=Windows_NT
PROCESSOR_IDENTIFIER=Intel64 Family 6 Model 142 Stepping 11, GenuineIntel



---------------  S Y S T E M  ---------------

OS: Windows 10.0 , 64 bit Build 19041 (10.0.19041.1202)

CPU:total 8 (initial active 8) (4 cores per cpu, 2 threads per core) family 6 model 142 stepping 11, cmov, cx8, fxsr, mmx, sse, sse2, sse3, ssse3, sse4.1, sse4.2, popcnt, avx, avx2, aes, clmul, erms, 3dnowpref, lzcnt, ht, tsc, tscinvbit, bmi1, bmi2, adx

Memory: 4k page, physical 12392180k(2064176k free), swap 12392180k(5284k free)

vm_info: OpenJDK 64-Bit Server VM (25.242-b01) for windows-amd64 JRE (1.8.0_242-release-1644-b01), built by "builder" with MS VC++ 10.0 (VS2010)

time: Mon Nov 08 16:10:20 2021
timezone: SE Asia Standard Time
elapsed time: 6 seconds (0d 0h 0m 6s)

