#
# There is insufficient memory for the Java Runtime Environment to continue.
# Native memory allocation (malloc) failed to allocate 347408 bytes for Chunk::new
# Possible reasons:
#   The system is out of physical RAM or swap space
#   The process is running with CompressedOops enabled, and the Java Heap may be blocking the growth of the native heap
# Possible solutions:
#   Reduce memory load on the system
#   Increase physical memory or swap space
#   Check if swap backing store is full
#   Decrease Java heap size (-Xmx/-Xms)
#   Decrease number of Java threads
#   Decrease Java thread stack sizes (-Xss)
#   Set larger code cache with -XX:ReservedCodeCacheSize=
#   JVM is running with Unscaled Compressed Oops mode in which the Java heap is
#     placed in the first 4GB address space. The Java Heap base address is the
#     maximum limit for the native heap growth. Please use -XX:HeapBaseMinAddress
#     to set the Java Heap base and to place the Java Heap above 4GB virtual address.
# This output file may be truncated or incomplete.
#
#  Out of Memory Error (allocation.cpp:389), pid=13988, tid=0x00000000000009f4
#
# JRE version: OpenJDK Runtime Environment (8.0_242-b01) (build 1.8.0_242-release-1644-b01)
# Java VM: OpenJDK 64-Bit Server VM (25.242-b01 mixed mode windows-amd64 compressed oops)
# Failed to write core dump. Minidumps are not enabled by default on client versions of Windows
#

---------------  T H R E A D  ---------------

Current thread (0x00000000194e7000):  JavaThread "C2 CompilerThread2" daemon [_thread_in_native, id=2548, stack(0x0000000019fb0000,0x000000001a0b0000)]

Stack: [0x0000000019fb0000,0x000000001a0b0000]
[error occurred during error reporting (printing stack bounds), id 0xc0000005]

Native frames: (J=compiled Java code, j=interpreted, Vv=VM code, C=native code)


Current CompileTask:
C2:  11111 2763       4       java.net.URLClassLoader$1::run (5 bytes)


---------------  P R O C E S S  ---------------

Java Threads: ( => current thread )
  0x00000000197cb800 JavaThread "Cache worker for file content cache (C:\Users\Lenovo\.gradle\caches\7.0.2\fileContent)" [_thread_blocked, id=17472, stack(0x00000000240c0000,0x00000000241c0000)]
  0x00000000197c3800 JavaThread "Cache worker for execution history cache (C:\Users\Lenovo\.gradle\caches\7.0.2\executionHistory)" [_thread_blocked, id=12304, stack(0x00000000238c0000,0x00000000239c0000)]
  0x00000000197c9000 JavaThread "Cache worker for cache directory md-rule (C:\Users\Lenovo\.gradle\caches\7.0.2\md-rule)" [_thread_blocked, id=9556, stack(0x00000000237c0000,0x00000000238c0000)]
  0x00000000197ca800 JavaThread "Cache worker for cache directory md-supplier (C:\Users\Lenovo\.gradle\caches\7.0.2\md-supplier)" [_thread_blocked, id=13632, stack(0x00000000234c0000,0x00000000235c0000)]
  0x00000000197c7800 JavaThread "Cache worker for checksums cache (D:\semester-5\pemrograman-perangkat-bergerak\ListViewAndInputDialog\.gradle\checksums)" [_thread_blocked, id=17436, stack(0x00000000233c0000,0x00000000234c0000)]
  0x00000000197c5800 JavaThread "jar transforms Thread 8" [_thread_blocked, id=16404, stack(0x00000000230c0000,0x00000000231c0000)]
  0x00000000197ca000 JavaThread "jar transforms Thread 7" [_thread_blocked, id=4668, stack(0x0000000022fc0000,0x00000000230c0000)]
  0x00000000197c7000 JavaThread "jar transforms Thread 6" [_thread_blocked, id=17308, stack(0x0000000021ef0000,0x0000000021ff0000)]
  0x00000000197c4800 JavaThread "jar transforms Thread 5" [_thread_blocked, id=3304, stack(0x0000000021df0000,0x0000000021ef0000)]
  0x00000000197c8800 JavaThread "jar transforms Thread 4" [_thread_blocked, id=13048, stack(0x0000000020aa0000,0x0000000020ba0000)]
  0x00000000197c2000 JavaThread "jar transforms Thread 3" [_thread_blocked, id=4032, stack(0x00000000209a0000,0x0000000020aa0000)]
  0x00000000197c6000 JavaThread "jar transforms Thread 2" [_thread_blocked, id=14304, stack(0x00000000208a0000,0x00000000209a0000)]
  0x00000000197c3000 JavaThread "jar transforms" [_thread_blocked, id=15204, stack(0x00000000207a0000,0x00000000208a0000)]
  0x000000001aefb000 JavaThread "File watcher consumer" daemon [_thread_blocked, id=18052, stack(0x00000000206a0000,0x00000000207a0000)]
  0x000000001aefa800 JavaThread "File watcher server" daemon [_thread_in_native, id=5320, stack(0x00000000205a0000,0x00000000206a0000)]
  0x000000001aef9000 JavaThread "Cache worker for file hash cache (D:\semester-5\pemrograman-perangkat-bergerak\ListViewAndInputDialog\.gradle\7.0.2\fileHashes)" [_thread_blocked, id=4988, stack(0x00000000204a0000,0x00000000205a0000)]
  0x000000001aef9800 JavaThread "Cache worker for journal cache (C:\Users\Lenovo\.gradle\caches\journal-1)" [_thread_blocked, id=9316, stack(0x000000001e400000,0x000000001e500000)]
  0x000000001aef8000 JavaThread "File lock request listener" [_thread_in_native, id=6280, stack(0x000000001e100000,0x000000001e200000)]
  0x000000001ba42800 JavaThread "Cache worker for file hash cache (C:\Users\Lenovo\.gradle\caches\7.0.2\fileHashes)" [_thread_blocked, id=4288, stack(0x000000001e000000,0x000000001e100000)]
  0x000000001aa62000 JavaThread "Daemon client event forwarder" [_thread_blocked, id=13984, stack(0x000000001dd00000,0x000000001de00000)]
  0x000000001aa79000 JavaThread "Stdin handler" [_thread_blocked, id=12208, stack(0x000000001dc00000,0x000000001dd00000)]
  0x000000001aefc000 JavaThread "Asynchronous log dispatcher for DefaultDaemonConnection: socket connection from /127.0.0.1:53631 to /127.0.0.1:53632" [_thread_blocked, id=5376, stack(0x000000001db00000,0x000000001dc00000)]
  0x000000001b94b000 JavaThread "Daemon worker" [_thread_in_vm, id=3512, stack(0x000000001da00000,0x000000001db00000)]
  0x000000001ab15800 JavaThread "Cancel handler" [_thread_blocked, id=17988, stack(0x000000001d900000,0x000000001da00000)]
  0x000000001b3d3000 JavaThread "Handler for socket connection from /127.0.0.1:53631 to /127.0.0.1:53632" [_thread_in_native, id=3572, stack(0x000000001d800000,0x000000001d900000)]
  0x000000001a3fd800 JavaThread "Daemon" [_thread_blocked, id=13084, stack(0x000000001d700000,0x000000001d800000)]
  0x000000001c3b3800 JavaThread "Daemon periodic checks" [_thread_blocked, id=7116, stack(0x000000001d400000,0x000000001d500000)]
  0x000000001c3b2800 JavaThread "Incoming local TCP Connector on port 53631" [_thread_in_native, id=16572, stack(0x000000001d1b0000,0x000000001d2b0000)]
  0x000000001c491000 JavaThread "Daemon health stats" [_thread_blocked, id=13332, stack(0x000000001bb80000,0x000000001bc80000)]
  0x0000000019585800 JavaThread "Service Thread" daemon [_thread_blocked, id=17320, stack(0x000000001a1b0000,0x000000001a2b0000)]
  0x00000000194f7800 JavaThread "C1 CompilerThread3" daemon [_thread_blocked, id=15124, stack(0x000000001a0b0000,0x000000001a1b0000)]
=>0x00000000194e7000 JavaThread "C2 CompilerThread2" daemon [_thread_in_native, id=2548, stack(0x0000000019fb0000,0x000000001a0b0000)]
  0x00000000194e5000 JavaThread "C2 CompilerThread1" daemon [_thread_in_native, id=12988, stack(0x0000000019eb0000,0x0000000019fb0000)]
  0x00000000194e2000 JavaThread "C2 CompilerThread0" daemon [_thread_in_native, id=5396, stack(0x0000000019db0000,0x0000000019eb0000)]
  0x00000000194e1000 JavaThread "Attach Listener" daemon [_thread_blocked, id=3908, stack(0x0000000019cb0000,0x0000000019db0000)]
  0x00000000194de000 JavaThread "Signal Dispatcher" daemon [_thread_blocked, id=1624, stack(0x0000000019bb0000,0x0000000019cb0000)]
  0x00000000194d1000 JavaThread "Finalizer" daemon [_thread_blocked, id=5860, stack(0x00000000199b0000,0x0000000019ab0000)]
  0x00000000176bc800 JavaThread "Reference Handler" daemon [_thread_blocked, id=4772, stack(0x00000000198b0000,0x00000000199b0000)]
  0x000000000254e000 JavaThread "main" [_thread_blocked, id=13200, stack(0x00000000023b0000,0x00000000024b0000)]

Other Threads:
  0x00000000176b7800 VMThread [stack: 0x00000000193b0000,0x00000000194b0000] [id=11516]
  0x0000000019538800 WatcherThread [stack: 0x000000001a2b0000,0x000000001a3b0000] [id=5644]

VM state:not at safepoint (normal execution)

VM Mutex/Monitor currently owned by a thread: None

heap address: 0x0000000080000000, size: 2048 MB, Compressed Oops mode: 32-bit
Narrow klass base: 0x0000000000000000, Narrow klass shift: 3
Compressed class space size: 1073741824 Address: 0x0000000100000000

Heap:
 PSYoungGen      total 100864K, used 42847K [0x00000000d5580000, 0x00000000e1280000, 0x0000000100000000)
  eden space 93184K, 37% used [0x00000000d5580000,0x00000000d77d8b60,0x00000000db080000)
  from space 7680K, 99% used [0x00000000dbd00000,0x00000000dc47f1c8,0x00000000dc480000)
  to   space 12800K, 0% used [0x00000000db080000,0x00000000db080000,0x00000000dbd00000)
 ParOldGen       total 74240K, used 11862K [0x0000000080000000, 0x0000000084880000, 0x00000000d5580000)
  object space 74240K, 15% used [0x0000000080000000,0x0000000080b95b10,0x0000000084880000)
 Metaspace       used 32543K, capacity 33972K, committed 34048K, reserved 1079296K
  class space    used 4530K, capacity 4863K, committed 4864K, reserved 1048576K

Card table byte_map: [0x0000000011a10000,0x0000000011e20000] byte_map_base: 0x0000000011610000

Marking Bits: (ParMarkBitMap*) 0x00000000529ef030
 Begin Bits: [0x00000000128d0000, 0x00000000148d0000)
 End Bits:   [0x00000000148d0000, 0x00000000168d0000)

Polling page: 0x0000000000670000

CodeCache: size=245760Kb used=9536Kb max_used=9536Kb free=236223Kb
 bounds [0x0000000002650000, 0x0000000002fb0000, 0x0000000011650000]
 total_blobs=3214 nmethods=2517 adapters=609
 compilation: enabled

Compilation events (10 events):
Event: 11.004 Thread 0x00000000194f7800 2793       1       java.lang.Boolean::booleanValue (5 bytes)
Event: 11.004 Thread 0x00000000194f7800 nmethod 2793 0x0000000002fa3a90 code [0x0000000002fa3be0, 0x0000000002fa3cf0]
Event: 11.004 Thread 0x00000000194f7800 2794       3       org.codehaus.groovy.util.LockableObject::lock (25 bytes)
Event: 11.005 Thread 0x00000000194f7800 nmethod 2794 0x0000000002fa3d50 code [0x0000000002fa3f00, 0x0000000002fa4618]
Event: 11.005 Thread 0x00000000194f7800 2795       3       org.codehaus.groovy.util.LockableObject::unlock (7 bytes)
Event: 11.005 Thread 0x00000000194f7800 nmethod 2795 0x0000000002fa4810 code [0x0000000002fa49a0, 0x0000000002fa4d98]
Event: 11.099 Thread 0x00000000194f7800 2796       3       org.gradle.internal.reflect.MutableClassDetails::property (41 bytes)
Event: 11.100 Thread 0x00000000194f7800 nmethod 2796 0x0000000002fa4ed0 code [0x0000000002fa50e0, 0x0000000002fa5d38]
Event: 11.100 Thread 0x00000000194f7800 2797       3       java.util.ArrayDeque::isEmpty (17 bytes)
Event: 11.100 Thread 0x00000000194f7800 nmethod 2797 0x0000000002fa65d0 code [0x0000000002fa6720, 0x0000000002fa68d0]

GC Heap History (10 events):
Event: 7.151 GC heap before
{Heap before GC invocations=3 (full 0):
 PSYoungGen      total 56832K, used 54776K [0x00000000d5580000, 0x00000000d9480000, 0x0000000100000000)
  eden space 49152K, 100% used [0x00000000d5580000,0x00000000d8580000,0x00000000d8580000)
  from space 7680K, 73% used [0x00000000d8d00000,0x00000000d927e3e0,0x00000000d9480000)
  to   space 7680K, 0% used [0x00000000d8580000,0x00000000d8580000,0x00000000d8d00000)
 ParOldGen       total 130048K, used 24K [0x0000000080000000, 0x0000000087f00000, 0x00000000d5580000)
  object space 130048K, 0% used [0x0000000080000000,0x0000000080006000,0x0000000087f00000)
 Metaspace       used 14571K, capacity 15052K, committed 15232K, reserved 1062912K
  class space    used 2005K, capacity 2170K, committed 2176K, reserved 1048576K
Event: 7.181 GC heap after
Heap after GC invocations=3 (full 0):
 PSYoungGen      total 56832K, used 7663K [0x00000000d5580000, 0x00000000dc480000, 0x0000000100000000)
  eden space 49152K, 0% used [0x00000000d5580000,0x00000000d5580000,0x00000000d8580000)
  from space 7680K, 99% used [0x00000000d8580000,0x00000000d8cfbc80,0x00000000d8d00000)
  to   space 7680K, 0% used [0x00000000dbd00000,0x00000000dbd00000,0x00000000dc480000)
 ParOldGen       total 130048K, used 994K [0x0000000080000000, 0x0000000087f00000, 0x00000000d5580000)
  object space 130048K, 0% used [0x0000000080000000,0x00000000800f8898,0x0000000087f00000)
 Metaspace       used 14571K, capacity 15052K, committed 15232K, reserved 1062912K
  class space    used 2005K, capacity 2170K, committed 2176K, reserved 1048576K
}
Event: 8.091 GC heap before
{Heap before GC invocations=4 (full 0):
 PSYoungGen      total 56832K, used 56815K [0x00000000d5580000, 0x00000000dc480000, 0x0000000100000000)
  eden space 49152K, 100% used [0x00000000d5580000,0x00000000d8580000,0x00000000d8580000)
  from space 7680K, 99% used [0x00000000d8580000,0x00000000d8cfbc80,0x00000000d8d00000)
  to   space 7680K, 0% used [0x00000000dbd00000,0x00000000dbd00000,0x00000000dc480000)
 ParOldGen       total 130048K, used 994K [0x0000000080000000, 0x0000000087f00000, 0x00000000d5580000)
  object space 130048K, 0% used [0x0000000080000000,0x00000000800f8898,0x0000000087f00000)
 Metaspace       used 18192K, capacity 18960K, committed 19200K, reserved 1064960K
  class space    used 2562K, capacity 2794K, committed 2816K, reserved 1048576K
Event: 8.106 GC heap after
Heap after GC invocations=4 (full 0):
 PSYoungGen      total 105984K, used 7678K [0x00000000d5580000, 0x00000000dc480000, 0x0000000100000000)
  eden space 98304K, 0% used [0x00000000d5580000,0x00000000d5580000,0x00000000db580000)
  from space 7680K, 99% used [0x00000000dbd00000,0x00000000dc47f8a0,0x00000000dc480000)
  to   space 7680K, 0% used [0x00000000db580000,0x00000000db580000,0x00000000dbd00000)
 ParOldGen       total 130048K, used 2923K [0x0000000080000000, 0x0000000087f00000, 0x00000000d5580000)
  object space 130048K, 2% used [0x0000000080000000,0x00000000802dae90,0x0000000087f00000)
 Metaspace       used 18192K, capacity 18960K, committed 19200K, reserved 1064960K
  class space    used 2562K, capacity 2794K, committed 2816K, reserved 1048576K
}
Event: 8.806 GC heap before
{Heap before GC invocations=5 (full 0):
 PSYoungGen      total 105984K, used 41766K [0x00000000d5580000, 0x00000000dc480000, 0x0000000100000000)
  eden space 98304K, 34% used [0x00000000d5580000,0x00000000d76ca190,0x00000000db580000)
  from space 7680K, 99% used [0x00000000dbd00000,0x00000000dc47f8a0,0x00000000dc480000)
  to   space 7680K, 0% used [0x00000000db580000,0x00000000db580000,0x00000000dbd00000)
 ParOldGen       total 130048K, used 2923K [0x0000000080000000, 0x0000000087f00000, 0x00000000d5580000)
  object space 130048K, 2% used [0x0000000080000000,0x00000000802dae90,0x0000000087f00000)
 Metaspace       used 20392K, capacity 21220K, committed 21296K, reserved 1067008K
  class space    used 2945K, capacity 3184K, committed 3200K, reserved 1048576K
Event: 8.816 GC heap after
Heap after GC invocations=5 (full 0):
 PSYoungGen      total 105984K, used 7668K [0x00000000d5580000, 0x00000000dc480000, 0x0000000100000000)
  eden space 98304K, 0% used [0x00000000d5580000,0x00000000d5580000,0x00000000db580000)
  from space 7680K, 99% used [0x00000000db580000,0x00000000dbcfd3a0,0x00000000dbd00000)
  to   space 7680K, 0% used [0x00000000dbd00000,0x00000000dbd00000,0x00000000dc480000)
 ParOldGen       total 130048K, used 4789K [0x0000000080000000, 0x0000000087f00000, 0x00000000d5580000)
  object space 130048K, 3% used [0x0000000080000000,0x00000000804ad600,0x0000000087f00000)
 Metaspace       used 20392K, capacity 21220K, committed 21296K, reserved 1067008K
  class space    used 2945K, capacity 3184K, committed 3200K, reserved 1048576K
}
Event: 8.816 GC heap before
{Heap before GC invocations=6 (full 1):
 PSYoungGen      total 105984K, used 7668K [0x00000000d5580000, 0x00000000dc480000, 0x0000000100000000)
  eden space 98304K, 0% used [0x00000000d5580000,0x00000000d5580000,0x00000000db580000)
  from space 7680K, 99% used [0x00000000db580000,0x00000000dbcfd3a0,0x00000000dbd00000)
  to   space 7680K, 0% used [0x00000000dbd00000,0x00000000dbd00000,0x00000000dc480000)
 ParOldGen       total 130048K, used 4789K [0x0000000080000000, 0x0000000087f00000, 0x00000000d5580000)
  object space 130048K, 3% used [0x0000000080000000,0x00000000804ad600,0x0000000087f00000)
 Metaspace       used 20392K, capacity 21220K, committed 21296K, reserved 1067008K
  class space    used 2945K, capacity 3184K, committed 3200K, reserved 1048576K
Event: 8.866 GC heap after
Heap after GC invocations=6 (full 1):
 PSYoungGen      total 105984K, used 0K [0x00000000d5580000, 0x00000000dc480000, 0x0000000100000000)
  eden space 98304K, 0% used [0x00000000d5580000,0x00000000d5580000,0x00000000db580000)
  from space 7680K, 0% used [0x00000000db580000,0x00000000db580000,0x00000000dbd00000)
  to   space 7680K, 0% used [0x00000000dbd00000,0x00000000dbd00000,0x00000000dc480000)
 ParOldGen       total 74240K, used 9212K [0x0000000080000000, 0x0000000084880000, 0x00000000d5580000)
  object space 74240K, 12% used [0x0000000080000000,0x00000000808ff050,0x0000000084880000)
 Metaspace       used 20392K, capacity 21220K, committed 21296K, reserved 1067008K
  class space    used 2945K, capacity 3184K, committed 3200K, reserved 1048576K
}
Event: 10.639 GC heap before
{Heap before GC invocations=7 (full 1):
 PSYoungGen      total 105984K, used 98304K [0x00000000d5580000, 0x00000000dc480000, 0x0000000100000000)
  eden space 98304K, 100% used [0x00000000d5580000,0x00000000db580000,0x00000000db580000)
  from space 7680K, 0% used [0x00000000db580000,0x00000000db580000,0x00000000dbd00000)
  to   space 7680K, 0% used [0x00000000dbd00000,0x00000000dbd00000,0x00000000dc480000)
 ParOldGen       total 74240K, used 9212K [0x0000000080000000, 0x0000000084880000, 0x00000000d5580000)
  object space 74240K, 12% used [0x0000000080000000,0x00000000808ff050,0x0000000084880000)
 Metaspace       used 29744K, capacity 31088K, committed 31232K, reserved 1075200K
  class space    used 4233K, capacity 4551K, committed 4608K, reserved 1048576K
Event: 10.647 GC heap after
Heap after GC invocations=7 (full 1):
 PSYoungGen      total 100864K, used 7676K [0x00000000d5580000, 0x00000000e1280000, 0x0000000100000000)
  eden space 93184K, 0% used [0x00000000d5580000,0x00000000d5580000,0x00000000db080000)
  from space 7680K, 99% used [0x00000000dbd00000,0x00000000dc47f1c8,0x00000000dc480000)
  to   space 12800K, 0% used [0x00000000db080000,0x00000000db080000,0x00000000dbd00000)
 ParOldGen       total 74240K, used 11862K [0x0000000080000000, 0x0000000084880000, 0x00000000d5580000)
  object space 74240K, 15% used [0x0000000080000000,0x0000000080b95b10,0x0000000084880000)
 Metaspace       used 29744K, capacity 31088K, committed 31232K, reserved 1075200K
  class space    used 4233K, capacity 4551K, committed 4608K, reserved 1048576K
}

Deoptimization events (10 events):
Event: 9.944 Thread 0x00000000197c6000 Uncommon trap: reason=unstable_if action=reinterpret pc=0x0000000002a94830 method=java.lang.String.regionMatches(ZILjava/lang/String;II)Z @ 123
Event: 9.944 Thread 0x00000000197c6000 Uncommon trap: reason=unstable_if action=reinterpret pc=0x0000000002b7be64 method=java.lang.String.regionMatches(ZILjava/lang/String;II)Z @ 123
Event: 9.976 Thread 0x000000001b94b000 Uncommon trap: reason=unstable_if action=reinterpret pc=0x00000000027ea58c method=java.lang.ClassLoader.getClassLoadingLock(Ljava/lang/String;)Ljava/lang/Object; @ 6
Event: 10.028 Thread 0x000000001b94b000 Uncommon trap: reason=class_check action=maybe_recompile pc=0x0000000002cf1e18 method=java.io.BufferedInputStream.read([BII)I @ 101
Event: 10.029 Thread 0x000000001b94b000 Uncommon trap: reason=class_check action=maybe_recompile pc=0x0000000002cf1e18 method=java.io.BufferedInputStream.read([BII)I @ 101
Event: 10.030 Thread 0x000000001b94b000 Uncommon trap: reason=class_check action=maybe_recompile pc=0x0000000002cf1e18 method=java.io.BufferedInputStream.read([BII)I @ 101
Event: 10.030 Thread 0x000000001b94b000 Uncommon trap: reason=class_check action=maybe_recompile pc=0x0000000002cf1e18 method=java.io.BufferedInputStream.read([BII)I @ 101
Event: 10.093 Thread 0x000000001b94b000 Uncommon trap: reason=unstable_if action=reinterpret pc=0x0000000002995ed8 method=sun.misc.MetaIndex.mayContain(Ljava/lang/String;)Z @ 38
Event: 10.599 Thread 0x000000001b94b000 Uncommon trap: reason=unstable_if action=reinterpret pc=0x0000000002a758bc method=sun.misc.URLClassPath$JarLoader.getResource(Ljava/lang/String;ZLjava/util/Set;)Lsun/misc/Resource; @ 17
Event: 10.650 Thread 0x00000000176bc800 Uncommon trap: reason=unstable_if action=reinterpret pc=0x0000000002baf3bc method=java.lang.ref.Reference.tryHandlePending(Z)Z @ 104

Classes redefined (0 events):
No events

Internal exceptions (10 events):
Event: 10.729 Thread 0x000000001b94b000 Exception <a 'java/lang/ClassNotFoundException': groovy/lang/ClosureCustomizer> (0x00000000d5ef2ca8) thrown at [C:\src\AOSP-openjdk-git\hotspot\src\share\vm\classfile\systemDictionary.cpp, line 210]
Event: 10.731 Thread 0x000000001b94b000 Exception <a 'java/lang/ClassNotFoundException': groovy/lang/Closure$1Customizer> (0x00000000d5fb8318) thrown at [C:\src\AOSP-openjdk-git\hotspot\src\share\vm\classfile\systemDictionary.cpp, line 210]
Event: 10.818 Thread 0x000000001b94b000 Exception <a 'java/lang/ClassNotFoundException': org/gradle/internal/metaobject/ConfigureDelegateBeanInfo> (0x00000000d6529048) thrown at [C:\src\AOSP-openjdk-git\hotspot\src\share\vm\classfile\systemDictionary.cpp, line 210]
Event: 10.818 Thread 0x000000001b94b000 Exception <a 'java/lang/ClassNotFoundException': org/gradle/internal/metaobject/ConfigureDelegateCustomizer> (0x00000000d655f320) thrown at [C:\src\AOSP-openjdk-git\hotspot\src\share\vm\classfile\systemDictionary.cpp, line 210]
Event: 10.824 Thread 0x000000001b94b000 Exception <a 'java/lang/ClassNotFoundException': org/gradle/api/internal/initialization/DefaultScriptHandlerBeanInfo> (0x00000000d66044d0) thrown at [C:\src\AOSP-openjdk-git\hotspot\src\share\vm\classfile\systemDictionary.cpp, line 210]
Event: 10.824 Thread 0x000000001b94b000 Exception <a 'java/lang/ClassNotFoundException': org/gradle/api/internal/initialization/DefaultScriptHandlerCustomizer> (0x00000000d6643c70) thrown at [C:\src\AOSP-openjdk-git\hotspot\src\share\vm\classfile\systemDictionary.cpp, line 210]
Event: 10.950 Thread 0x000000001b94b000 Exception <a 'java/lang/ClassNotFoundException': org/gradle/api/internal/artifacts/dsl/dependencies/DefaultDependencyHandler_DecoratedBeanInfo> (0x00000000d7256168) thrown at [C:\src\AOSP-openjdk-git\hotspot\src\share\vm\classfile\systemDictionary.cpp, li
Event: 10.952 Thread 0x000000001b94b000 Exception <a 'java/lang/ClassNotFoundException': org/gradle/api/internal/artifacts/dsl/dependencies/DefaultDependencyHandlerBeanInfo> (0x00000000d72b8918) thrown at [C:\src\AOSP-openjdk-git\hotspot\src\share\vm\classfile\systemDictionary.cpp, line 210]
Event: 10.954 Thread 0x000000001b94b000 Exception <a 'java/lang/ClassNotFoundException': org/gradle/api/internal/artifacts/dsl/dependencies/DefaultDependencyHandlerCustomizer> (0x00000000d731c088) thrown at [C:\src\AOSP-openjdk-git\hotspot\src\share\vm\classfile\systemDictionary.cpp, line 210]
Event: 10.958 Thread 0x000000001b94b000 Exception <a 'java/lang/ClassNotFoundException': org/gradle/api/internal/artifacts/dsl/dependencies/DefaultDependencyHandler_DecoratedCustomizer> (0x00000000d73bf4b0) thrown at [C:\src\AOSP-openjdk-git\hotspot\src\share\vm\classfile\systemDictionary.cpp, 

Events (10 events):
Event: 11.106 loading class org/gradle/api/internal/plugins/ImperativeOnlyPluginTarget
Event: 11.107 loading class org/gradle/api/internal/plugins/ImperativeOnlyPluginTarget done
Event: 11.107 loading class org/gradle/api/internal/plugins/PluginTarget
Event: 11.107 loading class org/gradle/api/internal/plugins/PluginTarget done
Event: 11.107 loading class org/gradle/api/internal/plugins/DefaultPluginManager
Event: 11.107 loading class org/gradle/api/internal/plugins/DefaultPluginManager done
Event: 11.109 loading class org/gradle/api/internal/plugins/ApplyPluginBuildOperationType$Result
Event: 11.109 loading class org/gradle/api/internal/plugins/ApplyPluginBuildOperationType$Result done
Event: 11.110 loading class org/gradle/api/internal/plugins/PluginApplicationException
Event: 11.110 loading class org/gradle/api/internal/plugins/PluginApplicationException done


Dynamic libraries:
0x00007ff7fa060000 - 0x00007ff7fa091000 	C:\Program Files\Android\Android Studio\jre\bin\java.exe
0x00007ffdf5e40000 - 0x00007ffdf6047000 	C:\WINDOWS\SYSTEM32\ntdll.dll
0x00007ffdf5630000 - 0x00007ffdf56ed000 	C:\WINDOWS\System32\KERNEL32.DLL
0x00007ffdf35b0000 - 0x00007ffdf3924000 	C:\WINDOWS\System32\KERNELBASE.dll
0x00007ffdf3e30000 - 0x00007ffdf3edc000 	C:\WINDOWS\System32\ADVAPI32.dll
0x00007ffdf56f0000 - 0x00007ffdf5793000 	C:\WINDOWS\System32\msvcrt.dll
0x00007ffdf46f0000 - 0x00007ffdf478d000 	C:\WINDOWS\System32\sechost.dll
0x00007ffdf5b00000 - 0x00007ffdf5c21000 	C:\WINDOWS\System32\RPCRT4.dll
0x00007ffdf4ae0000 - 0x00007ffdf4c8c000 	C:\WINDOWS\System32\USER32.dll
0x00007ffdf3320000 - 0x00007ffdf3346000 	C:\WINDOWS\System32\win32u.dll
0x00007ffdf5550000 - 0x00007ffdf5579000 	C:\WINDOWS\System32\GDI32.dll
0x00007ffdf3930000 - 0x00007ffdf3a42000 	C:\WINDOWS\System32\gdi32full.dll
0x00007ffdf3c30000 - 0x00007ffdf3ccd000 	C:\WINDOWS\System32\msvcp_win.dll
0x00007ffdf3490000 - 0x00007ffdf35a1000 	C:\WINDOWS\System32\ucrtbase.dll
0x00007ffdd8180000 - 0x00007ffdd8425000 	C:\WINDOWS\WinSxS\amd64_microsoft.windows.common-controls_6595b64144ccf1df_6.0.22000.120_none_9d947278b86cc467\COMCTL32.dll
0x00007ffdf4c90000 - 0x00007ffdf4cc1000 	C:\WINDOWS\System32\IMM32.DLL
0x0000000053f20000 - 0x0000000053ff2000 	C:\Program Files\Android\Android Studio\jre\jre\bin\msvcr100.dll
0x0000000052220000 - 0x0000000052a6b000 	C:\Program Files\Android\Android Studio\jre\jre\bin\server\jvm.dll
0x00007ffdf3e20000 - 0x00007ffdf3e28000 	C:\WINDOWS\System32\PSAPI.DLL
0x00007ffdeaf30000 - 0x00007ffdeaf63000 	C:\WINDOWS\SYSTEM32\WINMM.dll
0x00007ffdd7a20000 - 0x00007ffdd7a29000 	C:\WINDOWS\SYSTEM32\WSOCK32.dll
0x00007ffdeae20000 - 0x00007ffdeae2a000 	C:\WINDOWS\SYSTEM32\VERSION.dll
0x00007ffdf5d90000 - 0x00007ffdf5dff000 	C:\WINDOWS\System32\WS2_32.dll
0x00007ffdb7710000 - 0x00007ffdb771f000 	C:\Program Files\Android\Android Studio\jre\jre\bin\verify.dll
0x00007ffdb76e0000 - 0x00007ffdb7709000 	C:\Program Files\Android\Android Studio\jre\jre\bin\java.dll
0x00007ffdb76c0000 - 0x00007ffdb76d6000 	C:\Program Files\Android\Android Studio\jre\jre\bin\zip.dll
0x00007ffdf3f40000 - 0x00007ffdf46e9000 	C:\WINDOWS\System32\SHELL32.dll
0x00007ffdf14a0000 - 0x00007ffdf1d02000 	C:\WINDOWS\SYSTEM32\windows.storage.dll
0x00007ffdf4cd0000 - 0x00007ffdf5048000 	C:\WINDOWS\System32\combase.dll
0x00007ffdf1330000 - 0x00007ffdf1496000 	C:\WINDOWS\SYSTEM32\wintypes.dll
0x00007ffdf4820000 - 0x00007ffdf490a000 	C:\WINDOWS\System32\SHCORE.dll
0x00007ffdf3dc0000 - 0x00007ffdf3e1d000 	C:\WINDOWS\System32\shlwapi.dll
0x00007ffdf3250000 - 0x00007ffdf3271000 	C:\WINDOWS\SYSTEM32\profapi.dll
0x00007ffdb4840000 - 0x00007ffdb485a000 	C:\Program Files\Android\Android Studio\jre\jre\bin\net.dll
0x00007ffdf2930000 - 0x00007ffdf2997000 	C:\WINDOWS\system32\mswsock.dll
0x00007ffdb7720000 - 0x00007ffdb7733000 	C:\Program Files\Android\Android Studio\jre\jre\bin\nio.dll
0x00007ffdd6900000 - 0x00007ffdd6927000 	C:\Users\Lenovo\.gradle\native\8bec1ad78214c89d9ad589b4d07fe93259594b29d510b10fafb7a158f7737e5d\windows-amd64\native-platform.dll
0x00007ffd88600000 - 0x00007ffd8873d000 	C:\Users\Lenovo\.gradle\native\53dbd7edfb1c66fb8903c78663c9afc45aea4f116125fa6feffd364cf09443e8\windows-amd64\native-platform-file-events.dll
0x00007ffdb4460000 - 0x00007ffdb446d000 	C:\Program Files\Android\Android Studio\jre\jre\bin\management.dll
0x00007ffdf2b90000 - 0x00007ffdf2ba8000 	C:\WINDOWS\SYSTEM32\CRYPTSP.dll
0x00007ffdf2460000 - 0x00007ffdf2495000 	C:\WINDOWS\system32\rsaenh.dll
0x00007ffdf2a40000 - 0x00007ffdf2a69000 	C:\WINDOWS\SYSTEM32\USERENV.dll
0x00007ffdf2d10000 - 0x00007ffdf2d37000 	C:\WINDOWS\SYSTEM32\bcrypt.dll
0x00007ffdf3350000 - 0x00007ffdf33d0000 	C:\WINDOWS\System32\bcryptprimitives.dll
0x00007ffdf2bb0000 - 0x00007ffdf2bbc000 	C:\WINDOWS\SYSTEM32\CRYPTBASE.dll
0x00007ffdf1fb0000 - 0x00007ffdf1fdd000 	C:\WINDOWS\SYSTEM32\IPHLPAPI.DLL
0x00007ffdf5050000 - 0x00007ffdf5059000 	C:\WINDOWS\System32\NSI.dll
0x00007ffdeb3f0000 - 0x00007ffdeb409000 	C:\WINDOWS\SYSTEM32\dhcpcsvc6.DLL
0x00007ffdeb840000 - 0x00007ffdeb85e000 	C:\WINDOWS\SYSTEM32\dhcpcsvc.DLL
0x00007ffdf1fe0000 - 0x00007ffdf20c7000 	C:\WINDOWS\SYSTEM32\DNSAPI.dll

VM Arguments:
jvm_args: -Xmx2048m -Dfile.encoding=UTF-8 -Duser.country=ID -Duser.language=en -Duser.variant 
java_command: org.gradle.launcher.daemon.bootstrap.GradleDaemon 7.0.2
java_class_path (initial): C:\Users\Lenovo\.gradle\wrapper\dists\gradle-7.0.2-all\7era6s5ay7zsbhuvl0oc9g94s\gradle-7.0.2\lib\gradle-launcher-7.0.2.jar
Launcher Type: SUN_STANDARD

Environment Variables:
PATH=C:\Program Files\ImageMagick-7.0.11-Q16-HDRI;C:\Program Files (x86)\VMware\VMware Player\bin\;C:\Windows\system32;C:\Windows;C:\Windows\System32\Wbem;C:\Windows\System32\WindowsPowerShell\v1.0\;C:\Windows\System32\OpenSSH\;C:\Program Files (x86)\NVIDIA Corporation\PhysX\Common;C:\Program Files\NVIDIA Corporation\NVIDIA NvDLISR;C:\src\flutter\bin;C:\Program Files\Git\cmd;C:\xampp\php;C:\ProgramData\ComposerSetup\bin;C:\Program Files\nodejs\;C:\Program Files\Docker\Docker\resources\bin;C:\ProgramData\DockerDesktop\version-bin;C:\Program Files\MongoDB\Server\4.4\bin;C:\MinGW\bin;C:\Program Files\dotnet\;C:\xampp\apache\bin;;%SystemRoot%\system32;%SystemRoot%;%SystemRoot%\System32\Wbem;%SYSTEMROOT%\System32\WindowsPowerShell\v1.0\;%SYSTEMROOT%\System32\OpenSSH\;C:\Users\Lenovo\AppData\Local\Programs\Python\Python39\Scripts\;C:\Users\Lenovo\AppData\Local\Programs\Python\Python39\;C:\Users\Lenovo\AppData\Local\Microsoft\WindowsApps;;C:\Users\Lenovo\AppData\Local\Programs\Microsoft VS Code\bin;C:\Users\Lenovo\AppData\Roaming\Composer\vendor\bin;C:\Program Files\heroku\bin;C:\Users\Lenovo\AppData\Roaming\npm
USERNAME=Lenovo
OS=Windows_NT
PROCESSOR_IDENTIFIER=Intel64 Family 6 Model 142 Stepping 11, GenuineIntel



---------------  S Y S T E M  ---------------

OS: Windows 10.0 , 64 bit Build 22000 (10.0.22000.120)

CPU:total 8 (initial active 8) (4 cores per cpu, 2 threads per core) family 6 model 142 stepping 11, cmov, cx8, fxsr, mmx, sse, sse2, sse3, ssse3, sse4.1, sse4.2, popcnt, avx, avx2, aes, clmul, erms, 3dnowpref, lzcnt, ht, tsc, tscinvbit, bmi1, bmi2, adx

Memory: 4k page, physical 12392180k(438516k free), swap 12392180k(5140k free)

vm_info: OpenJDK 64-Bit Server VM (25.242-b01) for windows-amd64 JRE (1.8.0_242-release-1644-b01), built by "builder" with MS VC++ 10.0 (VS2010)

time: Thu Nov 04 10:23:38 2021
timezone: SE Asia Standard Time
elapsed time: 11 seconds (0d 0h 0m 11s)

